
Dataset Validation
======================================================================

  Split: train    STATUS: OK
    orange wine                       147 images
    rose wine                         412 images
    Sauvignon blanc                   137 images
    Chardonnay                        144 images
    Cabernet Sauvignon                131 images
    Pinot Noir                        102 images
    Malbec                            108 images

  Split: val    STATUS: OK
    orange wine                       31 images
    rose wine                         88 images
    Sauvignon blanc                   29 images
    Chardonnay                        31 images
    Cabernet Sauvignon                28 images
    Pinot Noir                        22 images
    Malbec                            23 images

  Split: test    STATUS: OK
    orange wine                       33 images
    rose wine                         89 images
    Sauvignon blanc                   31 images
    Chardonnay                        32 images
    Cabernet Sauvignon                29 images
    Pinot Noir                        23 images
    Malbec                            24 images

======================================================================
VALIDATION RESULT: PASSED   (all splits and classes found)
======================================================================

  Class weights (inverse-frequency):
    orange wine                      147 samples  weight: 0.9491
    rose wine                        412 samples  weight: 0.3387
    Sauvignon blanc                  137 samples  weight: 1.0184
    Chardonnay                       144 samples  weight: 0.9689
    Cabernet Sauvignon               131 samples  weight: 1.0651
    Pinot Noir                       102 samples  weight: 1.3679
    Malbec                           108 samples  weight: 1.2919

Using pretrained backbone: resnet50
  Config snapshot saved to results/v24/config_snapshot.json
======================================================================
Cross-Validation  (5 folds)
======================================================================

Fold [1 / 5]
----------------------------------------------------------------------
  Epoch [1/500]  loss: 1.7183  accuracy: 33.30%  val_loss: 1.8876
  Epoch [2/500]  loss: 1.6221  accuracy: 34.97%  val_loss: 1.7686
  Epoch [3/500]  loss: 1.5425  accuracy: 37.06%  val_loss: 1.6960
  Epoch [4/500]  loss: 1.4746  accuracy: 40.38%  val_loss: 1.6427
  Epoch [5/500]  loss: 1.4233  accuracy: 43.09%  val_loss: 1.5853
  Epoch [6/500]  loss: 1.3699  accuracy: 46.68%  val_loss: 1.5380
  Epoch [7/500]  loss: 1.3543  accuracy: 46.42%  val_loss: 1.4910
  Epoch [8/500]  loss: 1.3015  accuracy: 49.48%  val_loss: 1.4702
  Epoch [9/500]  loss: 1.2719  accuracy: 52.71%  val_loss: 1.4224
  Backbone unfrozen at epoch 10 with lr=5e-06.
  Epoch [10/500]  loss: 1.2059  accuracy: 55.33%  val_loss: 1.2670
  Epoch [11/500]  loss: 1.0777  accuracy: 61.01%  val_loss: 1.1673
  Epoch [12/500]  loss: 1.0043  accuracy: 63.29%  val_loss: 1.1121
  Epoch [13/500]  loss: 0.9375  accuracy: 65.65%  val_loss: 1.0729
  Epoch [14/500]  loss: 0.8930  accuracy: 67.31%  val_loss: 1.0636
  Epoch [15/500]  loss: 0.8636  accuracy: 69.67%  val_loss: 1.0443
  Epoch [16/500]  loss: 0.8571  accuracy: 68.18%  val_loss: 1.0222
  Epoch [17/500]  loss: 0.8434  accuracy: 69.58%  val_loss: 1.0132
  Epoch [18/500]  loss: 0.8223  accuracy: 73.43%  val_loss: 0.9871
  Epoch [19/500]  loss: 0.7941  accuracy: 73.60%  val_loss: 0.9931
  Epoch [20/500]  loss: 0.7952  accuracy: 73.78%  val_loss: 1.0194
  Epoch [21/500]  loss: 0.7479  accuracy: 76.57%  val_loss: 0.9579
  Epoch [22/500]  loss: 0.7700  accuracy: 75.17%  val_loss: 0.9784
  Epoch [23/500]  loss: 0.7293  accuracy: 77.19%  val_loss: 0.9813
  Epoch [24/500]  loss: 0.7275  accuracy: 79.11%  val_loss: 0.9876
  Epoch [25/500]  loss: 0.7245  accuracy: 78.23%  val_loss: 0.9989
  Epoch [26/500]  loss: 0.6957  accuracy: 81.29%  val_loss: 1.0117
  Epoch [27/500]  loss: 0.6686  accuracy: 82.60%  val_loss: 0.9792
  Epoch [28/500]  loss: 0.6640  accuracy: 82.95%  val_loss: 1.0306
  Epoch [29/500]  loss: 0.6258  accuracy: 86.54%  val_loss: 1.0517
  Epoch [30/500]  loss: 0.6429  accuracy: 84.00%  val_loss: 1.0647
  Epoch [31/500]  loss: 0.6198  accuracy: 86.36%  val_loss: 1.0565
  Epoch [32/500]  loss: 0.6075  accuracy: 86.98%  val_loss: 1.0631
  Epoch [33/500]  loss: 0.6023  accuracy: 87.50%  val_loss: 1.0863
  Epoch [34/500]  loss: 0.5812  accuracy: 89.16%  val_loss: 1.0946
  Epoch [35/500]  loss: 0.5802  accuracy: 89.69%  val_loss: 1.0793
  Epoch [36/500]  loss: 0.5760  accuracy: 90.12%  val_loss: 1.0979
  Epoch [37/500]  loss: 0.5758  accuracy: 89.34%  val_loss: 1.1082
  Epoch [38/500]  loss: 0.5547  accuracy: 91.35%  val_loss: 1.0829
  Epoch [39/500]  loss: 0.5448  accuracy: 93.18%  val_loss: 1.1059
  Epoch [40/500]  loss: 0.5525  accuracy: 92.13%  val_loss: 1.1025
  Epoch [41/500]  loss: 0.5460  accuracy: 92.66%  val_loss: 1.1120
  Epoch [42/500]  loss: 0.5327  accuracy: 94.41%  val_loss: 1.1574
  Epoch [43/500]  loss: 0.5316  accuracy: 94.06%  val_loss: 1.1539
  Epoch [44/500]  loss: 0.5331  accuracy: 92.66%  val_loss: 1.1204
  Epoch [45/500]  loss: 0.5284  accuracy: 94.06%  val_loss: 1.1517
  Epoch [46/500]  loss: 0.5175  accuracy: 95.80%  val_loss: 1.1616
  Epoch [47/500]  loss: 0.5159  accuracy: 95.19%  val_loss: 1.1368
  Epoch [48/500]  loss: 0.5206  accuracy: 94.84%  val_loss: 1.1511
  Epoch [49/500]  loss: 0.5135  accuracy: 95.45%  val_loss: 1.1447
  Epoch [50/500]  loss: 0.5143  accuracy: 95.80%  val_loss: 1.1177
  Epoch [51/500]  loss: 0.5027  accuracy: 96.33%  val_loss: 1.1392
  Early stopping triggered after 51 epochs (no improvement for 30 epochs).

  Fold 1 result: val_loss: 0.9579  val_accuracy: 73.01%

Fold [2 / 5]
----------------------------------------------------------------------
  Epoch [1/500]  loss: 1.7454  accuracy: 32.81%  val_loss: 1.8602
  Epoch [2/500]  loss: 1.6215  accuracy: 35.08%  val_loss: 1.7696
  Epoch [3/500]  loss: 1.5638  accuracy: 37.00%  val_loss: 1.7183
  Epoch [4/500]  loss: 1.4963  accuracy: 39.01%  val_loss: 1.6420
  Epoch [5/500]  loss: 1.4297  accuracy: 44.07%  val_loss: 1.6219
  Epoch [6/500]  loss: 1.3958  accuracy: 43.19%  val_loss: 1.5520
  Epoch [7/500]  loss: 1.3602  accuracy: 47.29%  val_loss: 1.5170
  Epoch [8/500]  loss: 1.2954  accuracy: 51.75%  val_loss: 1.4682
  Epoch [9/500]  loss: 1.2966  accuracy: 51.75%  val_loss: 1.4562
  Backbone unfrozen at epoch 10 with lr=5e-06.
  Epoch [10/500]  loss: 1.2184  accuracy: 53.58%  val_loss: 1.2822
  Epoch [11/500]  loss: 1.0623  accuracy: 61.34%  val_loss: 1.1868
  Epoch [12/500]  loss: 0.9895  accuracy: 63.61%  val_loss: 1.1082
  Epoch [13/500]  loss: 0.9322  accuracy: 65.10%  val_loss: 1.0618
  Epoch [14/500]  loss: 0.9011  accuracy: 67.80%  val_loss: 1.0357
  Epoch [15/500]  loss: 0.8842  accuracy: 66.84%  val_loss: 1.0013
  Epoch [16/500]  loss: 0.8571  accuracy: 69.55%  val_loss: 1.0028
  Epoch [17/500]  loss: 0.8296  accuracy: 72.16%  val_loss: 0.9995
  Epoch [18/500]  loss: 0.8120  accuracy: 71.38%  val_loss: 0.9841
  Epoch [19/500]  loss: 0.8110  accuracy: 72.34%  val_loss: 0.9955
  Epoch [20/500]  loss: 0.7790  accuracy: 74.08%  val_loss: 0.9631
  Epoch [21/500]  loss: 0.7611  accuracy: 76.79%  val_loss: 0.9550
  Epoch [22/500]  loss: 0.7443  accuracy: 76.96%  val_loss: 0.9489
  Epoch [23/500]  loss: 0.7330  accuracy: 77.84%  val_loss: 0.9389
  Epoch [24/500]  loss: 0.7284  accuracy: 77.14%  val_loss: 0.9668
  Epoch [25/500]  loss: 0.7187  accuracy: 79.32%  val_loss: 0.9428
  Epoch [26/500]  loss: 0.6972  accuracy: 79.84%  val_loss: 0.9450
  Epoch [27/500]  loss: 0.6790  accuracy: 80.89%  val_loss: 0.9522
  Epoch [28/500]  loss: 0.6784  accuracy: 82.46%  val_loss: 0.9522
  Epoch [29/500]  loss: 0.6468  accuracy: 83.68%  val_loss: 0.9413
  Epoch [30/500]  loss: 0.6471  accuracy: 84.12%  val_loss: 0.9728
  Epoch [31/500]  loss: 0.6295  accuracy: 84.29%  val_loss: 0.9782
  Epoch [32/500]  loss: 0.6303  accuracy: 85.25%  val_loss: 0.9659
  Epoch [33/500]  loss: 0.6104  accuracy: 86.74%  val_loss: 0.9753
  Epoch [34/500]  loss: 0.5924  accuracy: 89.44%  val_loss: 0.9638
  Epoch [35/500]  loss: 0.5880  accuracy: 89.62%  val_loss: 0.9678
  Epoch [36/500]  loss: 0.5713  accuracy: 89.97%  val_loss: 1.0041
  Epoch [37/500]  loss: 0.5704  accuracy: 91.54%  val_loss: 1.0067
  Epoch [38/500]  loss: 0.5608  accuracy: 90.84%  val_loss: 0.9871
  Epoch [39/500]  loss: 0.5568  accuracy: 92.06%  val_loss: 1.0141
  Epoch [40/500]  loss: 0.5635  accuracy: 90.40%  val_loss: 1.0043
  Epoch [41/500]  loss: 0.5443  accuracy: 92.23%  val_loss: 1.0167
  Epoch [42/500]  loss: 0.5409  accuracy: 92.84%  val_loss: 1.0388
  Epoch [43/500]  loss: 0.5369  accuracy: 93.98%  val_loss: 1.0489
  Epoch [44/500]  loss: 0.5415  accuracy: 93.46%  val_loss: 1.0511
  Epoch [45/500]  loss: 0.5259  accuracy: 94.24%  val_loss: 1.0250
  Epoch [46/500]  loss: 0.5326  accuracy: 93.37%  val_loss: 1.0713
  Epoch [47/500]  loss: 0.5173  accuracy: 95.03%  val_loss: 1.0223
  Epoch [48/500]  loss: 0.5118  accuracy: 95.90%  val_loss: 1.0388
  Epoch [49/500]  loss: 0.5130  accuracy: 95.11%  val_loss: 1.0431
  Epoch [50/500]  loss: 0.5157  accuracy: 95.55%  val_loss: 1.0557
  Epoch [51/500]  loss: 0.5058  accuracy: 96.16%  val_loss: 1.0743
  Epoch [52/500]  loss: 0.5110  accuracy: 96.42%  val_loss: 1.0594
  Epoch [53/500]  loss: 0.5003  accuracy: 96.77%  val_loss: 1.0551
  Early stopping triggered after 53 epochs (no improvement for 30 epochs).

  Fold 2 result: val_loss: 0.9389  val_accuracy: 72.13%

Fold [3 / 5]
----------------------------------------------------------------------
  Epoch [1/500]  loss: 1.7216  accuracy: 33.07%  val_loss: 1.8406
  Epoch [2/500]  loss: 1.6072  accuracy: 35.86%  val_loss: 1.7765
  Epoch [3/500]  loss: 1.5402  accuracy: 37.43%  val_loss: 1.7038
  Epoch [4/500]  loss: 1.4810  accuracy: 40.23%  val_loss: 1.6635
  Epoch [5/500]  loss: 1.4448  accuracy: 42.76%  val_loss: 1.5889
  Epoch [6/500]  loss: 1.3685  accuracy: 47.12%  val_loss: 1.5513
  Epoch [7/500]  loss: 1.3290  accuracy: 50.09%  val_loss: 1.5381
  Epoch [8/500]  loss: 1.3057  accuracy: 50.35%  val_loss: 1.5101
  Epoch [9/500]  loss: 1.2672  accuracy: 52.36%  val_loss: 1.4792
  Backbone unfrozen at epoch 10 with lr=5e-06.
  Epoch [10/500]  loss: 1.1868  accuracy: 56.72%  val_loss: 1.3301
  Epoch [11/500]  loss: 1.0640  accuracy: 62.57%  val_loss: 1.2186
  Epoch [12/500]  loss: 0.9512  accuracy: 67.19%  val_loss: 1.1472
  Epoch [13/500]  loss: 0.9121  accuracy: 67.19%  val_loss: 1.1055
  Epoch [14/500]  loss: 0.8854  accuracy: 67.89%  val_loss: 1.0613
  Epoch [15/500]  loss: 0.8537  accuracy: 69.37%  val_loss: 1.0526
  Epoch [16/500]  loss: 0.8484  accuracy: 70.16%  val_loss: 1.0293
  Epoch [17/500]  loss: 0.8206  accuracy: 71.38%  val_loss: 1.0182
  Epoch [18/500]  loss: 0.8028  accuracy: 71.47%  val_loss: 0.9962
  Epoch [19/500]  loss: 0.7724  accuracy: 74.96%  val_loss: 0.9976
  Epoch [20/500]  loss: 0.7770  accuracy: 73.91%  val_loss: 0.9744
  Epoch [21/500]  loss: 0.7491  accuracy: 76.61%  val_loss: 0.9773
  Epoch [22/500]  loss: 0.7383  accuracy: 76.70%  val_loss: 0.9795
  Epoch [23/500]  loss: 0.7275  accuracy: 77.57%  val_loss: 0.9664
  Epoch [24/500]  loss: 0.7177  accuracy: 78.36%  val_loss: 0.9579
  Epoch [25/500]  loss: 0.6962  accuracy: 79.41%  val_loss: 0.9613
  Epoch [26/500]  loss: 0.6989  accuracy: 79.41%  val_loss: 0.9597
  Epoch [27/500]  loss: 0.6725  accuracy: 81.06%  val_loss: 0.9525
  Epoch [28/500]  loss: 0.6585  accuracy: 82.72%  val_loss: 0.9706
  Epoch [29/500]  loss: 0.6447  accuracy: 82.55%  val_loss: 0.9504
  Epoch [30/500]  loss: 0.6429  accuracy: 84.12%  val_loss: 0.9582
  Epoch [31/500]  loss: 0.6349  accuracy: 83.86%  val_loss: 0.9567
  Epoch [32/500]  loss: 0.6136  accuracy: 86.30%  val_loss: 0.9650
  Epoch [33/500]  loss: 0.6055  accuracy: 85.78%  val_loss: 0.9458
  Epoch [34/500]  loss: 0.6015  accuracy: 85.95%  val_loss: 0.9678
  Epoch [35/500]  loss: 0.5872  accuracy: 87.70%  val_loss: 0.9457
  Epoch [36/500]  loss: 0.5792  accuracy: 88.22%  val_loss: 0.9349
  Epoch [37/500]  loss: 0.5754  accuracy: 89.18%  val_loss: 0.9503
  Epoch [38/500]  loss: 0.5670  accuracy: 89.35%  val_loss: 0.9359
  Epoch [39/500]  loss: 0.5669  accuracy: 89.88%  val_loss: 0.9548
  Epoch [40/500]  loss: 0.5497  accuracy: 90.92%  val_loss: 0.9521
  Epoch [41/500]  loss: 0.5551  accuracy: 90.84%  val_loss: 0.9321
  Epoch [42/500]  loss: 0.5479  accuracy: 91.71%  val_loss: 0.9355
  Epoch [43/500]  loss: 0.5357  accuracy: 92.58%  val_loss: 0.9306
  Epoch [44/500]  loss: 0.5370  accuracy: 93.11%  val_loss: 0.9329
  Epoch [45/500]  loss: 0.5329  accuracy: 92.58%  val_loss: 0.9462
  Epoch [46/500]  loss: 0.5388  accuracy: 93.72%  val_loss: 0.9300
  Epoch [47/500]  loss: 0.5264  accuracy: 93.72%  val_loss: 0.9256
  Epoch [48/500]  loss: 0.5268  accuracy: 93.63%  val_loss: 0.9349
  Epoch [49/500]  loss: 0.5258  accuracy: 94.24%  val_loss: 0.9469
  Epoch [50/500]  loss: 0.5193  accuracy: 95.03%  val_loss: 0.9436
  Epoch [51/500]  loss: 0.5112  accuracy: 95.46%  val_loss: 0.9390
  Epoch [52/500]  loss: 0.5102  accuracy: 95.64%  val_loss: 0.9482
  Epoch [53/500]  loss: 0.5075  accuracy: 96.42%  val_loss: 0.9462
  Epoch [54/500]  loss: 0.5135  accuracy: 96.07%  val_loss: 0.9403
  Epoch [55/500]  loss: 0.4991  accuracy: 96.51%  val_loss: 0.9361
  Epoch [56/500]  loss: 0.4973  accuracy: 97.47%  val_loss: 0.9479
  Epoch [57/500]  loss: 0.4988  accuracy: 97.21%  val_loss: 0.9451
  Epoch [58/500]  loss: 0.5010  accuracy: 96.86%  val_loss: 0.9628
  Epoch [59/500]  loss: 0.4999  accuracy: 96.51%  val_loss: 0.9726
  Epoch [60/500]  loss: 0.4912  accuracy: 97.12%  val_loss: 0.9725
  Epoch [61/500]  loss: 0.4845  accuracy: 97.56%  val_loss: 0.9517
  Epoch [62/500]  loss: 0.4872  accuracy: 97.56%  val_loss: 0.9669
  Epoch [63/500]  loss: 0.4908  accuracy: 97.82%  val_loss: 0.9513
  Epoch [64/500]  loss: 0.4840  accuracy: 97.38%  val_loss: 0.9514
  Epoch [65/500]  loss: 0.4825  accuracy: 98.25%  val_loss: 0.9735
  Epoch [66/500]  loss: 0.4900  accuracy: 97.56%  val_loss: 0.9758
  Epoch [67/500]  loss: 0.4836  accuracy: 98.25%  val_loss: 0.9408
  Epoch [68/500]  loss: 0.4850  accuracy: 98.43%  val_loss: 0.9670
  Epoch [69/500]  loss: 0.4811  accuracy: 98.43%  val_loss: 0.9552
  Epoch [70/500]  loss: 0.4840  accuracy: 98.25%  val_loss: 0.9616
  Epoch [71/500]  loss: 0.4761  accuracy: 97.99%  val_loss: 0.9507
  Epoch [72/500]  loss: 0.4751  accuracy: 99.04%  val_loss: 0.9389
  Epoch [73/500]  loss: 0.4705  accuracy: 99.04%  val_loss: 0.9583
  Epoch [74/500]  loss: 0.4782  accuracy: 98.69%  val_loss: 0.9553
  Epoch [75/500]  loss: 0.4719  accuracy: 98.95%  val_loss: 0.9663
  Epoch [76/500]  loss: 0.4706  accuracy: 99.04%  val_loss: 0.9935
  Epoch [77/500]  loss: 0.4765  accuracy: 98.43%  val_loss: 0.9643
  Early stopping triggered after 77 epochs (no improvement for 30 epochs).

  Fold 3 result: val_loss: 0.9256  val_accuracy: 79.44%

Fold [4 / 5]
----------------------------------------------------------------------
  Epoch [1/500]  loss: 1.7118  accuracy: 33.57%  val_loss: 1.8981
  Epoch [2/500]  loss: 1.6356  accuracy: 35.05%  val_loss: 1.7668
  Epoch [3/500]  loss: 1.5474  accuracy: 36.18%  val_loss: 1.7298
  Epoch [4/500]  loss: 1.4757  accuracy: 38.97%  val_loss: 1.6296
  Epoch [5/500]  loss: 1.4379  accuracy: 42.20%  val_loss: 1.5850
  Epoch [6/500]  loss: 1.3922  accuracy: 46.12%  val_loss: 1.5664
  Epoch [7/500]  loss: 1.3363  accuracy: 47.60%  val_loss: 1.5276
  Epoch [8/500]  loss: 1.3223  accuracy: 48.82%  val_loss: 1.4632
  Epoch [9/500]  loss: 1.2726  accuracy: 51.53%  val_loss: 1.4562
  Backbone unfrozen at epoch 10 with lr=5e-06.
  Epoch [10/500]  loss: 1.1971  accuracy: 56.06%  val_loss: 1.3152
  Epoch [11/500]  loss: 1.0398  accuracy: 61.99%  val_loss: 1.2012
  Epoch [12/500]  loss: 0.9686  accuracy: 65.30%  val_loss: 1.1459
  Epoch [13/500]  loss: 0.9338  accuracy: 65.65%  val_loss: 1.0934
  Epoch [14/500]  loss: 0.8840  accuracy: 68.53%  val_loss: 1.0799
  Epoch [15/500]  loss: 0.8759  accuracy: 68.44%  val_loss: 1.0571
  Epoch [16/500]  loss: 0.8540  accuracy: 70.18%  val_loss: 1.0466
  Epoch [17/500]  loss: 0.8293  accuracy: 72.54%  val_loss: 1.0407
  Epoch [18/500]  loss: 0.8047  accuracy: 72.97%  val_loss: 1.0396
  Epoch [19/500]  loss: 0.7776  accuracy: 74.54%  val_loss: 1.0332
  Epoch [20/500]  loss: 0.7833  accuracy: 73.84%  val_loss: 1.0394
  Epoch [21/500]  loss: 0.7503  accuracy: 76.29%  val_loss: 1.0510
  Epoch [22/500]  loss: 0.7488  accuracy: 76.72%  val_loss: 1.0193
  Epoch [23/500]  loss: 0.7275  accuracy: 77.68%  val_loss: 1.0586
  Epoch [24/500]  loss: 0.7098  accuracy: 78.12%  val_loss: 1.0330
  Epoch [25/500]  loss: 0.6925  accuracy: 79.60%  val_loss: 1.0335
  Epoch [26/500]  loss: 0.6871  accuracy: 80.82%  val_loss: 1.0178
  Epoch [27/500]  loss: 0.6662  accuracy: 81.43%  val_loss: 1.0135
  Epoch [28/500]  loss: 0.6762  accuracy: 81.43%  val_loss: 1.0380
  Epoch [29/500]  loss: 0.6586  accuracy: 84.22%  val_loss: 1.0339
  Epoch [30/500]  loss: 0.6300  accuracy: 85.44%  val_loss: 1.0363
  Epoch [31/500]  loss: 0.6123  accuracy: 86.31%  val_loss: 1.0391
  Epoch [32/500]  loss: 0.6357  accuracy: 84.74%  val_loss: 1.0529
  Epoch [33/500]  loss: 0.6025  accuracy: 88.49%  val_loss: 1.0595
  Epoch [34/500]  loss: 0.6073  accuracy: 88.06%  val_loss: 1.0847
  Epoch [35/500]  loss: 0.5893  accuracy: 88.58%  val_loss: 1.0480
  Epoch [36/500]  loss: 0.5776  accuracy: 88.93%  val_loss: 1.0332
  Epoch [37/500]  loss: 0.5944  accuracy: 89.97%  val_loss: 1.0507
  Epoch [38/500]  loss: 0.5820  accuracy: 89.45%  val_loss: 1.0519
  Epoch [39/500]  loss: 0.5747  accuracy: 90.50%  val_loss: 1.0532
  Epoch [40/500]  loss: 0.5510  accuracy: 92.59%  val_loss: 1.0652
  Epoch [41/500]  loss: 0.5476  accuracy: 92.33%  val_loss: 1.0560
  Epoch [42/500]  loss: 0.5408  accuracy: 93.03%  val_loss: 1.1123
  Epoch [43/500]  loss: 0.5403  accuracy: 93.11%  val_loss: 1.1155
  Epoch [44/500]  loss: 0.5323  accuracy: 93.55%  val_loss: 1.1002
  Epoch [45/500]  loss: 0.5249  accuracy: 94.77%  val_loss: 1.0931
  Epoch [46/500]  loss: 0.5344  accuracy: 94.33%  val_loss: 1.1134
  Epoch [47/500]  loss: 0.5263  accuracy: 95.64%  val_loss: 1.0746
  Epoch [48/500]  loss: 0.5070  accuracy: 96.25%  val_loss: 1.0972
  Epoch [49/500]  loss: 0.5199  accuracy: 94.86%  val_loss: 1.0761
  Epoch [50/500]  loss: 0.5197  accuracy: 95.82%  val_loss: 1.1161
  Epoch [51/500]  loss: 0.5064  accuracy: 95.47%  val_loss: 1.1096
  Epoch [52/500]  loss: 0.5116  accuracy: 95.47%  val_loss: 1.1215
  Epoch [53/500]  loss: 0.5190  accuracy: 94.94%  val_loss: 1.1043
  Epoch [54/500]  loss: 0.5173  accuracy: 95.99%  val_loss: 1.1324
  Epoch [55/500]  loss: 0.4997  accuracy: 96.69%  val_loss: 1.1275
  Epoch [56/500]  loss: 0.5002  accuracy: 97.21%  val_loss: 1.0960
  Epoch [57/500]  loss: 0.4925  accuracy: 97.12%  val_loss: 1.0891
  Early stopping triggered after 57 epochs (no improvement for 30 epochs).

  Fold 4 result: val_loss: 1.0135  val_accuracy: 73.43%

Fold [5 / 5]
----------------------------------------------------------------------
  Epoch [1/500]  loss: 1.7366  accuracy: 33.25%  val_loss: 1.8270
  Epoch [2/500]  loss: 1.6309  accuracy: 34.99%  val_loss: 1.7486
  Epoch [3/500]  loss: 1.5587  accuracy: 36.99%  val_loss: 1.7239
  Epoch [4/500]  loss: 1.4923  accuracy: 39.60%  val_loss: 1.6395
  Epoch [5/500]  loss: 1.4484  accuracy: 43.34%  val_loss: 1.5978
  Epoch [6/500]  loss: 1.3940  accuracy: 44.82%  val_loss: 1.5435
  Epoch [7/500]  loss: 1.3410  accuracy: 48.48%  val_loss: 1.5014
  Epoch [8/500]  loss: 1.3198  accuracy: 49.70%  val_loss: 1.4504
  Epoch [9/500]  loss: 1.2836  accuracy: 51.00%  val_loss: 1.4165
  Backbone unfrozen at epoch 10 with lr=5e-06.
  Epoch [10/500]  loss: 1.1868  accuracy: 54.22%  val_loss: 1.2668
  Epoch [11/500]  loss: 1.0901  accuracy: 60.57%  val_loss: 1.1512
  Epoch [12/500]  loss: 0.9854  accuracy: 64.40%  val_loss: 1.0840
  Epoch [13/500]  loss: 0.9324  accuracy: 67.36%  val_loss: 1.0576
  Epoch [14/500]  loss: 0.8984  accuracy: 66.84%  val_loss: 1.0361
  Epoch [15/500]  loss: 0.8616  accuracy: 69.28%  val_loss: 1.0109
  Epoch [16/500]  loss: 0.8673  accuracy: 67.71%  val_loss: 1.0014
  Epoch [17/500]  loss: 0.8216  accuracy: 71.63%  val_loss: 0.9917
  Epoch [18/500]  loss: 0.8175  accuracy: 71.19%  val_loss: 0.9863
  Epoch [19/500]  loss: 0.7827  accuracy: 73.98%  val_loss: 0.9557
  Epoch [20/500]  loss: 0.7740  accuracy: 75.37%  val_loss: 0.9624
  Epoch [21/500]  loss: 0.7673  accuracy: 75.28%  val_loss: 0.9573
  Epoch [22/500]  loss: 0.7505  accuracy: 75.89%  val_loss: 0.9756
  Epoch [23/500]  loss: 0.7434  accuracy: 75.37%  val_loss: 0.9482
  Epoch [24/500]  loss: 0.7274  accuracy: 75.89%  val_loss: 0.9554
  Epoch [25/500]  loss: 0.7120  accuracy: 77.63%  val_loss: 0.9363
  Epoch [26/500]  loss: 0.7051  accuracy: 78.42%  val_loss: 0.9338
  Epoch [27/500]  loss: 0.6889  accuracy: 79.72%  val_loss: 0.9508
  Epoch [28/500]  loss: 0.6721  accuracy: 81.29%  val_loss: 0.9373
  Epoch [29/500]  loss: 0.6702  accuracy: 81.29%  val_loss: 0.9461
  Epoch [30/500]  loss: 0.6534  accuracy: 82.25%  val_loss: 0.9353
  Epoch [31/500]  loss: 0.6264  accuracy: 83.29%  val_loss: 0.9320
  Epoch [32/500]  loss: 0.6325  accuracy: 85.20%  val_loss: 0.9291
  Epoch [33/500]  loss: 0.6017  accuracy: 87.03%  val_loss: 0.9190
  Epoch [34/500]  loss: 0.6011  accuracy: 86.77%  val_loss: 0.9559
  Epoch [35/500]  loss: 0.6124  accuracy: 86.34%  val_loss: 0.9326
  Epoch [36/500]  loss: 0.6024  accuracy: 87.47%  val_loss: 0.9427
  Epoch [37/500]  loss: 0.5820  accuracy: 88.25%  val_loss: 0.9457
  Epoch [38/500]  loss: 0.5868  accuracy: 88.42%  val_loss: 0.9519
  Epoch [39/500]  loss: 0.5671  accuracy: 90.08%  val_loss: 0.9507
  Epoch [40/500]  loss: 0.5623  accuracy: 91.73%  val_loss: 0.9392
  Epoch [41/500]  loss: 0.5560  accuracy: 91.38%  val_loss: 0.9876
  Epoch [42/500]  loss: 0.5525  accuracy: 90.69%  val_loss: 0.9583
  Epoch [43/500]  loss: 0.5445  accuracy: 92.86%  val_loss: 0.9797
  Epoch [44/500]  loss: 0.5447  accuracy: 91.30%  val_loss: 0.9566
  Epoch [45/500]  loss: 0.5413  accuracy: 92.95%  val_loss: 0.9752
  Epoch [46/500]  loss: 0.5310  accuracy: 93.47%  val_loss: 0.9954
  Epoch [47/500]  loss: 0.5260  accuracy: 92.78%  val_loss: 0.9592
  Epoch [48/500]  loss: 0.5336  accuracy: 93.21%  val_loss: 0.9744
  Epoch [49/500]  loss: 0.5328  accuracy: 94.34%  val_loss: 1.0096
  Epoch [50/500]  loss: 0.5156  accuracy: 95.21%  val_loss: 0.9894
  Epoch [51/500]  loss: 0.5156  accuracy: 95.30%  val_loss: 0.9872
  Epoch [52/500]  loss: 0.5150  accuracy: 95.30%  val_loss: 1.0026
  Epoch [53/500]  loss: 0.5083  accuracy: 95.82%  val_loss: 1.0008
  Epoch [54/500]  loss: 0.5154  accuracy: 95.82%  val_loss: 0.9952
  Epoch [55/500]  loss: 0.5062  accuracy: 96.43%  val_loss: 0.9870
  Epoch [56/500]  loss: 0.4986  accuracy: 96.43%  val_loss: 0.9783
  Epoch [57/500]  loss: 0.5026  accuracy: 97.74%  val_loss: 1.0159
  Epoch [58/500]  loss: 0.4945  accuracy: 97.13%  val_loss: 1.0127
  Epoch [59/500]  loss: 0.4888  accuracy: 97.74%  val_loss: 0.9835
  Epoch [60/500]  loss: 0.4902  accuracy: 98.00%  val_loss: 1.0072
  Epoch [61/500]  loss: 0.4890  accuracy: 97.91%  val_loss: 0.9833
  Epoch [62/500]  loss: 0.4861  accuracy: 98.43%  val_loss: 1.0042
  Epoch [63/500]  loss: 0.4844  accuracy: 97.82%  val_loss: 1.0114
  Early stopping triggered after 63 epochs (no improvement for 30 epochs).

  Fold 5 result: val_loss: 0.9190  val_accuracy: 73.94%

======================================================================
Cross-Validation Summary
======================================================================
    Fold      Val Loss      Val Accuracy
  ----------------------------------------
       1        0.9579            73.01%
       2        0.9389            72.13%
       3        0.9256            79.44%
       4        1.0135            73.43%
       5        0.9190            73.94%
  ----------------------------------------
    Mean        0.9510 ± 0.0380        74.39% ± 2.90%
======================================================================

Training final model on the full train+val pool...
----------------------------------------------------------------------
  Epoch [1/500]  loss: 1.7176  accuracy: 33.57%
  Epoch [2/500]  loss: 1.5918  accuracy: 35.94%
  Epoch [3/500]  loss: 1.5054  accuracy: 38.24%
  Epoch [4/500]  loss: 1.4150  accuracy: 45.15%
  Epoch [5/500]  loss: 1.3714  accuracy: 47.73%
  Epoch [6/500]  loss: 1.3125  accuracy: 50.31%
  Epoch [7/500]  loss: 1.2826  accuracy: 51.43%
  Epoch [8/500]  loss: 1.2465  accuracy: 52.34%
  Epoch [9/500]  loss: 1.2325  accuracy: 52.90%
  Backbone unfrozen at epoch 10 with lr=5e-06.
  Epoch [10/500]  loss: 1.1308  accuracy: 56.66%
  Epoch [11/500]  loss: 1.0244  accuracy: 61.97%
  Epoch [12/500]  loss: 0.9476  accuracy: 65.11%
  Epoch [13/500]  loss: 0.9030  accuracy: 66.85%
  Epoch [14/500]  loss: 0.8637  accuracy: 67.62%
  Epoch [15/500]  loss: 0.8326  accuracy: 70.90%
  Epoch [16/500]  loss: 0.8266  accuracy: 71.04%
  Epoch [17/500]  loss: 0.8220  accuracy: 71.04%
  Epoch [18/500]  loss: 0.7884  accuracy: 74.53%
  Epoch [19/500]  loss: 0.7788  accuracy: 75.30%
  Epoch [20/500]  loss: 0.7614  accuracy: 75.30%
  Epoch [21/500]  loss: 0.7449  accuracy: 76.69%
  Epoch [22/500]  loss: 0.7251  accuracy: 77.60%
  Epoch [23/500]  loss: 0.7010  accuracy: 78.79%
  Epoch [24/500]  loss: 0.6992  accuracy: 79.48%
  Epoch [25/500]  loss: 0.6795  accuracy: 81.30%
  Epoch [26/500]  loss: 0.6800  accuracy: 80.81%
  Epoch [27/500]  loss: 0.6695  accuracy: 81.86%
  Epoch [28/500]  loss: 0.6593  accuracy: 82.27%
  Epoch [29/500]  loss: 0.6427  accuracy: 84.02%
  Epoch [30/500]  loss: 0.6250  accuracy: 84.72%
  Epoch [31/500]  loss: 0.6186  accuracy: 85.97%
  Epoch [32/500]  loss: 0.6152  accuracy: 85.69%
  Epoch [33/500]  loss: 0.6209  accuracy: 86.18%
  Epoch [34/500]  loss: 0.5917  accuracy: 87.51%
  Epoch [35/500]  loss: 0.5759  accuracy: 89.32%
  Epoch [36/500]  loss: 0.5820  accuracy: 89.18%
  Epoch [37/500]  loss: 0.5668  accuracy: 89.74%
  Epoch [38/500]  loss: 0.5703  accuracy: 89.67%
  Epoch [39/500]  loss: 0.5596  accuracy: 90.86%
  Epoch [40/500]  loss: 0.5584  accuracy: 91.56%
  Epoch [41/500]  loss: 0.5505  accuracy: 92.32%
  Epoch [42/500]  loss: 0.5452  accuracy: 92.95%
  Epoch [43/500]  loss: 0.5330  accuracy: 93.58%
  Epoch [44/500]  loss: 0.5330  accuracy: 93.86%
  Epoch [45/500]  loss: 0.5257  accuracy: 93.16%
  Epoch [46/500]  loss: 0.5265  accuracy: 94.21%
  Epoch [47/500]  loss: 0.5253  accuracy: 94.56%
  Epoch [48/500]  loss: 0.5163  accuracy: 93.86%
  Epoch [49/500]  loss: 0.5145  accuracy: 95.32%
  Epoch [50/500]  loss: 0.5067  accuracy: 96.30%
  Epoch [51/500]  loss: 0.5085  accuracy: 95.81%
  Epoch [52/500]  loss: 0.5134  accuracy: 95.46%
  Epoch [53/500]  loss: 0.4983  accuracy: 96.58%
  Epoch [54/500]  loss: 0.4873  accuracy: 96.51%
  Epoch [55/500]  loss: 0.4984  accuracy: 96.86%
  Epoch [56/500]  loss: 0.5015  accuracy: 96.30%
  Epoch [57/500]  loss: 0.4970  accuracy: 97.28%
  Epoch [58/500]  loss: 0.4945  accuracy: 97.07%
  Epoch [59/500]  loss: 0.4866  accuracy: 97.98%
  Epoch [60/500]  loss: 0.4903  accuracy: 97.42%
  Epoch [61/500]  loss: 0.4891  accuracy: 97.84%
  Epoch [62/500]  loss: 0.4861  accuracy: 98.05%
  Epoch [63/500]  loss: 0.4815  accuracy: 97.98%
  Epoch [64/500]  loss: 0.4800  accuracy: 97.98%
  Epoch [65/500]  loss: 0.4871  accuracy: 97.56%
  Epoch [66/500]  loss: 0.4841  accuracy: 98.19%
  Epoch [67/500]  loss: 0.4842  accuracy: 98.05%
  Epoch [68/500]  loss: 0.4758  accuracy: 98.39%
  Epoch [69/500]  loss: 0.4801  accuracy: 98.67%
  Epoch [70/500]  loss: 0.4843  accuracy: 98.05%
  Epoch [71/500]  loss: 0.4761  accuracy: 98.67%
  Epoch [72/500]  loss: 0.4686  accuracy: 98.81%
  Epoch [73/500]  loss: 0.4683  accuracy: 98.95%
  Epoch [74/500]  loss: 0.4662  accuracy: 99.16%
  Epoch [75/500]  loss: 0.4711  accuracy: 98.95%
  Epoch [76/500]  loss: 0.4707  accuracy: 98.88%
  Epoch [77/500]  loss: 0.4619  accuracy: 99.23%
  Epoch [78/500]  loss: 0.4707  accuracy: 98.67%
  Epoch [79/500]  loss: 0.4633  accuracy: 99.02%
  Epoch [80/500]  loss: 0.4662  accuracy: 98.53%
  Epoch [81/500]  loss: 0.4639  accuracy: 99.23%
  Epoch [82/500]  loss: 0.4587  accuracy: 99.58%
  Epoch [83/500]  loss: 0.4641  accuracy: 99.23%
  Epoch [84/500]  loss: 0.4698  accuracy: 98.81%
  Epoch [85/500]  loss: 0.4620  accuracy: 99.02%
  Epoch [86/500]  loss: 0.4609  accuracy: 99.30%
  Epoch [87/500]  loss: 0.4598  accuracy: 99.44%
  Epoch [88/500]  loss: 0.4653  accuracy: 98.74%
  Epoch [89/500]  loss: 0.4642  accuracy: 99.23%
  Epoch [90/500]  loss: 0.4668  accuracy: 98.95%
  Epoch [91/500]  loss: 0.4637  accuracy: 98.95%
  Epoch [92/500]  loss: 0.4592  accuracy: 99.37%
  Epoch [93/500]  loss: 0.4551  accuracy: 99.72%
  Epoch [94/500]  loss: 0.4574  accuracy: 99.37%
  Epoch [95/500]  loss: 0.4601  accuracy: 99.58%
  Epoch [96/500]  loss: 0.4620  accuracy: 99.09%
  Epoch [97/500]  loss: 0.4625  accuracy: 99.16%
  Epoch [98/500]  loss: 0.4639  accuracy: 99.23%
  Epoch [99/500]  loss: 0.4554  accuracy: 99.16%
  Epoch [100/500]  loss: 0.4610  accuracy: 99.16%
  Epoch [101/500]  loss: 0.4560  accuracy: 99.23%
  Epoch [102/500]  loss: 0.4578  accuracy: 99.23%
  Epoch [103/500]  loss: 0.4577  accuracy: 99.37%
  Epoch [104/500]  loss: 0.4542  accuracy: 99.30%
  Epoch [105/500]  loss: 0.4528  accuracy: 99.51%
  Epoch [106/500]  loss: 0.4506  accuracy: 99.79%
  Epoch [107/500]  loss: 0.4586  accuracy: 99.44%
  Epoch [108/500]  loss: 0.4518  accuracy: 99.72%
  Epoch [109/500]  loss: 0.4511  accuracy: 99.44%
  Epoch [110/500]  loss: 0.4453  accuracy: 99.86%
  Epoch [111/500]  loss: 0.4512  accuracy: 99.65%
  Epoch [112/500]  loss: 0.4485  accuracy: 99.72%
  Epoch [113/500]  loss: 0.4515  accuracy: 99.58%
  Epoch [114/500]  loss: 0.4485  accuracy: 99.72%
  Epoch [115/500]  loss: 0.4525  accuracy: 99.44%
  Epoch [116/500]  loss: 0.4491  accuracy: 99.51%
  Epoch [117/500]  loss: 0.4527  accuracy: 99.30%
  Epoch [118/500]  loss: 0.4518  accuracy: 99.72%
  Epoch [119/500]  loss: 0.4468  accuracy: 99.65%
  Epoch [120/500]  loss: 0.4500  accuracy: 99.65%
  Epoch [121/500]  loss: 0.4500  accuracy: 99.51%
  Epoch [122/500]  loss: 0.4459  accuracy: 99.51%
  Epoch [123/500]  loss: 0.4486  accuracy: 99.58%
  Epoch [124/500]  loss: 0.4517  accuracy: 99.65%
  Epoch [125/500]  loss: 0.4488  accuracy: 99.51%
  Epoch [126/500]  loss: 0.4461  accuracy: 99.79%
  Epoch [127/500]  loss: 0.4441  accuracy: 99.72%
  Epoch [128/500]  loss: 0.4487  accuracy: 99.72%
  Epoch [129/500]  loss: 0.4463  accuracy: 99.65%
  Epoch [130/500]  loss: 0.4487  accuracy: 99.58%
  Epoch [131/500]  loss: 0.4475  accuracy: 99.65%
  Epoch [132/500]  loss: 0.4499  accuracy: 99.65%
  Epoch [133/500]  loss: 0.4468  accuracy: 99.79%
  Epoch [134/500]  loss: 0.4463  accuracy: 99.65%
  Epoch [135/500]  loss: 0.4509  accuracy: 99.44%
  Epoch [136/500]  loss: 0.4451  accuracy: 99.79%
  Epoch [137/500]  loss: 0.4472  accuracy: 99.72%
  Epoch [138/500]  loss: 0.4431  accuracy: 99.72%
  Epoch [139/500]  loss: 0.4514  accuracy: 99.65%
  Epoch [140/500]  loss: 0.4442  accuracy: 99.65%
  Epoch [141/500]  loss: 0.4425  accuracy: 99.79%
  Epoch [142/500]  loss: 0.4436  accuracy: 99.79%
  Epoch [143/500]  loss: 0.4434  accuracy: 99.72%
  Epoch [144/500]  loss: 0.4421  accuracy: 99.79%
  Epoch [145/500]  loss: 0.4434  accuracy: 99.58%
  Epoch [146/500]  loss: 0.4441  accuracy: 99.58%
  Epoch [147/500]  loss: 0.4420  accuracy: 99.79%
  Epoch [148/500]  loss: 0.4410  accuracy: 99.65%
  Epoch [149/500]  loss: 0.4440  accuracy: 99.58%
  Epoch [150/500]  loss: 0.4411  accuracy: 99.58%
  Epoch [151/500]  loss: 0.4420  accuracy: 99.58%
  Epoch [152/500]  loss: 0.4413  accuracy: 99.72%
  Epoch [153/500]  loss: 0.4399  accuracy: 99.86%
  Epoch [154/500]  loss: 0.4422  accuracy: 99.86%
  Epoch [155/500]  loss: 0.4420  accuracy: 99.72%
  Epoch [156/500]  loss: 0.4431  accuracy: 99.65%
  Epoch [157/500]  loss: 0.4432  accuracy: 99.44%
  Epoch [158/500]  loss: 0.4391  accuracy: 99.58%
  Epoch [159/500]  loss: 0.4417  accuracy: 99.79%
  Epoch [160/500]  loss: 0.4427  accuracy: 99.65%
  Epoch [161/500]  loss: 0.4376  accuracy: 99.86%
  Epoch [162/500]  loss: 0.4395  accuracy: 99.79%
  Epoch [163/500]  loss: 0.4430  accuracy: 99.86%
  Epoch [164/500]  loss: 0.4409  accuracy: 99.79%
  Epoch [165/500]  loss: 0.4392  accuracy: 99.65%
  Epoch [166/500]  loss: 0.4398  accuracy: 99.65%
  Epoch [167/500]  loss: 0.4403  accuracy: 99.72%
  Epoch [168/500]  loss: 0.4404  accuracy: 99.86%
  Epoch [169/500]  loss: 0.4403  accuracy: 99.86%
  Epoch [170/500]  loss: 0.4428  accuracy: 99.65%
  Epoch [171/500]  loss: 0.4395  accuracy: 99.65%
  Epoch [172/500]  loss: 0.4378  accuracy: 99.86%
  Epoch [173/500]  loss: 0.4406  accuracy: 99.65%
  Epoch [174/500]  loss: 0.4406  accuracy: 99.72%
  Epoch [175/500]  loss: 0.4480  accuracy: 99.58%
  Epoch [176/500]  loss: 0.4406  accuracy: 99.79%
  Epoch [177/500]  loss: 0.4366  accuracy: 99.86%
  Epoch [178/500]  loss: 0.4388  accuracy: 99.79%
  Epoch [179/500]  loss: 0.4363  accuracy: 99.79%
  Epoch [180/500]  loss: 0.4351  accuracy: 99.86%
  Epoch [181/500]  loss: 0.4378  accuracy: 99.79%
  Epoch [182/500]  loss: 0.4358  accuracy: 99.86%
  Epoch [183/500]  loss: 0.4378  accuracy: 99.65%
  Epoch [184/500]  loss: 0.4344  accuracy: 99.79%
  Epoch [185/500]  loss: 0.4370  accuracy: 99.86%
  Epoch [186/500]  loss: 0.4388  accuracy: 99.65%
  Epoch [187/500]  loss: 0.4373  accuracy: 99.79%
  Epoch [188/500]  loss: 0.4344  accuracy: 99.86%
  Epoch [189/500]  loss: 0.4380  accuracy: 99.79%
  Epoch [190/500]  loss: 0.4362  accuracy: 99.86%
  Epoch [191/500]  loss: 0.4360  accuracy: 99.79%
  Epoch [192/500]  loss: 0.4374  accuracy: 99.79%
  Epoch [193/500]  loss: 0.4344  accuracy: 99.79%
  Epoch [194/500]  loss: 0.4380  accuracy: 99.79%
  Epoch [195/500]  loss: 0.4349  accuracy: 99.65%
  Epoch [196/500]  loss: 0.4354  accuracy: 99.79%
  Epoch [197/500]  loss: 0.4353  accuracy: 99.86%
  Epoch [198/500]  loss: 0.4344  accuracy: 99.72%
  Epoch [199/500]  loss: 0.4356  accuracy: 99.79%
  Epoch [200/500]  loss: 0.4372  accuracy: 99.86%
  Epoch [201/500]  loss: 0.4341  accuracy: 99.86%
  Epoch [202/500]  loss: 0.4364  accuracy: 99.72%
  Epoch [203/500]  loss: 0.4347  accuracy: 99.86%
  Epoch [204/500]  loss: 0.4349  accuracy: 99.86%
  Epoch [205/500]  loss: 0.4335  accuracy: 99.79%
  Epoch [206/500]  loss: 0.4366  accuracy: 99.58%
  Epoch [207/500]  loss: 0.4353  accuracy: 99.79%
  Epoch [208/500]  loss: 0.4348  accuracy: 99.79%
  Epoch [209/500]  loss: 0.4334  accuracy: 99.79%
  Epoch [210/500]  loss: 0.4329  accuracy: 99.79%
  Epoch [211/500]  loss: 0.4336  accuracy: 99.79%
  Epoch [212/500]  loss: 0.4359  accuracy: 99.65%
  Epoch [213/500]  loss: 0.4364  accuracy: 99.79%
  Epoch [214/500]  loss: 0.4337  accuracy: 99.72%
  Epoch [215/500]  loss: 0.4328  accuracy: 99.79%
  Epoch [216/500]  loss: 0.4323  accuracy: 99.86%
  Epoch [217/500]  loss: 0.4341  accuracy: 99.86%
  Epoch [218/500]  loss: 0.4319  accuracy: 99.86%
  Epoch [219/500]  loss: 0.4320  accuracy: 99.72%
  Epoch [220/500]  loss: 0.4304  accuracy: 99.86%
  Epoch [221/500]  loss: 0.4324  accuracy: 99.86%
  Epoch [222/500]  loss: 0.4330  accuracy: 99.86%
  Epoch [223/500]  loss: 0.4323  accuracy: 99.86%
  Epoch [224/500]  loss: 0.4320  accuracy: 99.79%
  Epoch [225/500]  loss: 0.4326  accuracy: 99.79%
  Epoch [226/500]  loss: 0.4331  accuracy: 99.86%
  Epoch [227/500]  loss: 0.4313  accuracy: 99.86%
  Epoch [228/500]  loss: 0.4314  accuracy: 99.86%
  Epoch [229/500]  loss: 0.4328  accuracy: 99.79%
  Epoch [230/500]  loss: 0.4317  accuracy: 99.79%
  Epoch [231/500]  loss: 0.4345  accuracy: 99.79%
  Epoch [232/500]  loss: 0.4326  accuracy: 99.86%
  Epoch [233/500]  loss: 0.4317  accuracy: 99.86%
  Epoch [234/500]  loss: 0.4310  accuracy: 99.79%
  Epoch [235/500]  loss: 0.4313  accuracy: 99.93%
  Epoch [236/500]  loss: 0.4328  accuracy: 99.86%
  Epoch [237/500]  loss: 0.4323  accuracy: 99.79%
  Epoch [238/500]  loss: 0.4332  accuracy: 99.86%
  Epoch [239/500]  loss: 0.4321  accuracy: 99.72%
  Epoch [240/500]  loss: 0.4340  accuracy: 99.79%
  Epoch [241/500]  loss: 0.4322  accuracy: 99.79%
  Epoch [242/500]  loss: 0.4320  accuracy: 99.65%
  Epoch [243/500]  loss: 0.4301  accuracy: 99.79%
  Epoch [244/500]  loss: 0.4318  accuracy: 99.79%
  Epoch [245/500]  loss: 0.4320  accuracy: 99.79%
  Epoch [246/500]  loss: 0.4329  accuracy: 99.86%
  Epoch [247/500]  loss: 0.4315  accuracy: 99.79%
  Epoch [248/500]  loss: 0.4303  accuracy: 99.79%
  Epoch [249/500]  loss: 0.4314  accuracy: 99.86%
  Epoch [250/500]  loss: 0.4329  accuracy: 99.65%
  Epoch [251/500]  loss: 0.4316  accuracy: 99.79%
  Epoch [252/500]  loss: 0.4307  accuracy: 99.86%
  Epoch [253/500]  loss: 0.4304  accuracy: 99.86%
  Epoch [254/500]  loss: 0.4312  accuracy: 99.79%
  Epoch [255/500]  loss: 0.4316  accuracy: 99.65%
  Epoch [256/500]  loss: 0.4305  accuracy: 99.72%
  Epoch [257/500]  loss: 0.4293  accuracy: 99.86%
  Epoch [258/500]  loss: 0.4306  accuracy: 99.86%
  Epoch [259/500]  loss: 0.4313  accuracy: 99.86%
  Epoch [260/500]  loss: 0.4304  accuracy: 99.79%
  Epoch [261/500]  loss: 0.4306  accuracy: 99.79%
  Epoch [262/500]  loss: 0.4306  accuracy: 99.93%
  Epoch [263/500]  loss: 0.4298  accuracy: 99.86%
  Epoch [264/500]  loss: 0.4295  accuracy: 99.79%
  Epoch [265/500]  loss: 0.4318  accuracy: 99.86%
  Epoch [266/500]  loss: 0.4290  accuracy: 99.86%
  Epoch [267/500]  loss: 0.4307  accuracy: 99.79%
  Epoch [268/500]  loss: 0.4297  accuracy: 99.86%
  Epoch [269/500]  loss: 0.4299  accuracy: 99.86%
  Epoch [270/500]  loss: 0.4295  accuracy: 99.79%
  Epoch [271/500]  loss: 0.4325  accuracy: 99.79%
  Epoch [272/500]  loss: 0.4315  accuracy: 99.86%
  Epoch [273/500]  loss: 0.4300  accuracy: 99.86%
  Epoch [274/500]  loss: 0.4296  accuracy: 99.86%
  Epoch [275/500]  loss: 0.4313  accuracy: 99.86%
  Epoch [276/500]  loss: 0.4313  accuracy: 99.72%
  Epoch [277/500]  loss: 0.4295  accuracy: 99.86%
  Epoch [278/500]  loss: 0.4302  accuracy: 99.86%
  Epoch [279/500]  loss: 0.4290  accuracy: 99.86%
  Epoch [280/500]  loss: 0.4308  accuracy: 99.86%
  Epoch [281/500]  loss: 0.4291  accuracy: 99.86%
  Epoch [282/500]  loss: 0.4295  accuracy: 99.79%
  Epoch [283/500]  loss: 0.4303  accuracy: 99.86%
  Epoch [284/500]  loss: 0.4293  accuracy: 99.86%
  Epoch [285/500]  loss: 0.4303  accuracy: 99.86%
  Epoch [286/500]  loss: 0.4292  accuracy: 99.79%
  Epoch [287/500]  loss: 0.4317  accuracy: 99.79%
  Epoch [288/500]  loss: 0.4313  accuracy: 99.86%
  Epoch [289/500]  loss: 0.4285  accuracy: 99.86%
  Epoch [290/500]  loss: 0.4293  accuracy: 99.86%
  Epoch [291/500]  loss: 0.4325  accuracy: 99.86%
  Epoch [292/500]  loss: 0.4287  accuracy: 99.86%
  Epoch [293/500]  loss: 0.4294  accuracy: 99.86%
  Epoch [294/500]  loss: 0.4287  accuracy: 99.79%
  Epoch [295/500]  loss: 0.4289  accuracy: 99.86%
  Epoch [296/500]  loss: 0.4287  accuracy: 99.86%
  Epoch [297/500]  loss: 0.4292  accuracy: 99.86%
  Epoch [298/500]  loss: 0.4292  accuracy: 99.86%
  Epoch [299/500]  loss: 0.4285  accuracy: 99.86%
  Epoch [300/500]  loss: 0.4276  accuracy: 99.86%
  Epoch [301/500]  loss: 0.4285  accuracy: 99.86%
  Epoch [302/500]  loss: 0.4276  accuracy: 99.86%
  Epoch [303/500]  loss: 0.4284  accuracy: 99.79%
  Epoch [304/500]  loss: 0.4286  accuracy: 99.86%
  Epoch [305/500]  loss: 0.4292  accuracy: 99.86%
  Epoch [306/500]  loss: 0.4285  accuracy: 99.86%
  Epoch [307/500]  loss: 0.4296  accuracy: 99.79%
  Epoch [308/500]  loss: 0.4290  accuracy: 99.86%
  Epoch [309/500]  loss: 0.4301  accuracy: 99.72%
  Epoch [310/500]  loss: 0.4298  accuracy: 99.79%
  Epoch [311/500]  loss: 0.4294  accuracy: 99.86%
  Epoch [312/500]  loss: 0.4289  accuracy: 99.86%
  Epoch [313/500]  loss: 0.4283  accuracy: 99.86%
  Epoch [314/500]  loss: 0.4305  accuracy: 99.86%
  Epoch [315/500]  loss: 0.4284  accuracy: 99.86%
  Epoch [316/500]  loss: 0.4277  accuracy: 99.86%
  Epoch [317/500]  loss: 0.4285  accuracy: 99.86%
  Epoch [318/500]  loss: 0.4279  accuracy: 99.86%
  Epoch [319/500]  loss: 0.4285  accuracy: 99.86%
  Epoch [320/500]  loss: 0.4279  accuracy: 99.86%
  Epoch [321/500]  loss: 0.4311  accuracy: 99.72%
  Epoch [322/500]  loss: 0.4287  accuracy: 99.86%
  Epoch [323/500]  loss: 0.4272  accuracy: 99.86%
  Epoch [324/500]  loss: 0.4286  accuracy: 99.86%
  Epoch [325/500]  loss: 0.4284  accuracy: 99.86%
  Epoch [326/500]  loss: 0.4288  accuracy: 99.79%
  Epoch [327/500]  loss: 0.4279  accuracy: 99.86%
  Epoch [328/500]  loss: 0.4293  accuracy: 99.86%
  Epoch [329/500]  loss: 0.4284  accuracy: 99.86%
  Epoch [330/500]  loss: 0.4279  accuracy: 99.86%
  Epoch [331/500]  loss: 0.4282  accuracy: 99.86%
  Epoch [332/500]  loss: 0.4291  accuracy: 99.72%
  Epoch [333/500]  loss: 0.4271  accuracy: 99.86%
  Epoch [334/500]  loss: 0.4300  accuracy: 99.79%
  Epoch [335/500]  loss: 0.4283  accuracy: 99.79%
  Epoch [336/500]  loss: 0.4277  accuracy: 99.79%
  Epoch [337/500]  loss: 0.4287  accuracy: 99.79%
  Epoch [338/500]  loss: 0.4284  accuracy: 99.86%
  Epoch [339/500]  loss: 0.4281  accuracy: 99.86%
  Epoch [340/500]  loss: 0.4272  accuracy: 99.86%
  Epoch [341/500]  loss: 0.4338  accuracy: 99.44%
  Epoch [342/500]  loss: 0.4318  accuracy: 99.79%
  Epoch [343/500]  loss: 0.4285  accuracy: 99.86%
  Epoch [344/500]  loss: 0.4281  accuracy: 99.86%
  Epoch [345/500]  loss: 0.4293  accuracy: 99.79%
  Epoch [346/500]  loss: 0.4292  accuracy: 99.86%
  Epoch [347/500]  loss: 0.4282  accuracy: 99.86%
  Epoch [348/500]  loss: 0.4291  accuracy: 99.79%
  Epoch [349/500]  loss: 0.4308  accuracy: 99.72%
  Epoch [350/500]  loss: 0.4277  accuracy: 99.86%
  Epoch [351/500]  loss: 0.4298  accuracy: 99.86%
  Epoch [352/500]  loss: 0.4292  accuracy: 99.79%
  Epoch [353/500]  loss: 0.4279  accuracy: 99.86%
  Epoch [354/500]  loss: 0.4299  accuracy: 99.79%
  Epoch [355/500]  loss: 0.4292  accuracy: 99.86%
  Epoch [356/500]  loss: 0.4266  accuracy: 99.86%
  Epoch [357/500]  loss: 0.4275  accuracy: 99.86%
  Epoch [358/500]  loss: 0.4274  accuracy: 99.86%
  Epoch [359/500]  loss: 0.4302  accuracy: 99.79%
  Epoch [360/500]  loss: 0.4294  accuracy: 99.72%
  Epoch [361/500]  loss: 0.4293  accuracy: 99.72%
  Epoch [362/500]  loss: 0.4286  accuracy: 99.86%
  Epoch [363/500]  loss: 0.4281  accuracy: 99.86%
  Epoch [364/500]  loss: 0.4263  accuracy: 99.86%
  Epoch [365/500]  loss: 0.4287  accuracy: 99.86%
  Epoch [366/500]  loss: 0.4271  accuracy: 99.86%
  Epoch [367/500]  loss: 0.4288  accuracy: 99.65%
  Epoch [368/500]  loss: 0.4271  accuracy: 99.86%
  Epoch [369/500]  loss: 0.4263  accuracy: 99.86%
  Epoch [370/500]  loss: 0.4278  accuracy: 99.86%
  Epoch [371/500]  loss: 0.4273  accuracy: 99.86%
  Epoch [372/500]  loss: 0.4272  accuracy: 99.79%
  Epoch [373/500]  loss: 0.4283  accuracy: 99.79%
  Epoch [374/500]  loss: 0.4279  accuracy: 99.86%
  Epoch [375/500]  loss: 0.4276  accuracy: 99.86%
  Epoch [376/500]  loss: 0.4269  accuracy: 99.86%
  Epoch [377/500]  loss: 0.4278  accuracy: 99.79%
  Epoch [378/500]  loss: 0.4275  accuracy: 99.86%
  Epoch [379/500]  loss: 0.4280  accuracy: 99.86%
  Epoch [380/500]  loss: 0.4274  accuracy: 99.86%
  Epoch [381/500]  loss: 0.4298  accuracy: 99.79%
  Epoch [382/500]  loss: 0.4276  accuracy: 99.72%
  Epoch [383/500]  loss: 0.4278  accuracy: 99.79%
  Epoch [384/500]  loss: 0.4278  accuracy: 99.86%
  Epoch [385/500]  loss: 0.4266  accuracy: 99.86%
  Epoch [386/500]  loss: 0.4280  accuracy: 99.86%
  Epoch [387/500]  loss: 0.4289  accuracy: 99.65%
  Epoch [388/500]  loss: 0.4281  accuracy: 99.86%
  Epoch [389/500]  loss: 0.4264  accuracy: 99.86%
  Epoch [390/500]  loss: 0.4273  accuracy: 99.86%
  Epoch [391/500]  loss: 0.4274  accuracy: 99.86%
  Epoch [392/500]  loss: 0.4277  accuracy: 99.86%
  Epoch [393/500]  loss: 0.4277  accuracy: 99.86%
  Epoch [394/500]  loss: 0.4279  accuracy: 99.79%
  Epoch [395/500]  loss: 0.4267  accuracy: 99.79%
  Epoch [396/500]  loss: 0.4268  accuracy: 99.86%
  Epoch [397/500]  loss: 0.4281  accuracy: 99.79%
  Epoch [398/500]  loss: 0.4274  accuracy: 99.86%
  Epoch [399/500]  loss: 0.4283  accuracy: 99.86%
  Epoch [400/500]  loss: 0.4268  accuracy: 99.86%
  Epoch [401/500]  loss: 0.4292  accuracy: 99.79%
  Epoch [402/500]  loss: 0.4274  accuracy: 99.79%
  Epoch [403/500]  loss: 0.4265  accuracy: 99.86%
  Epoch [404/500]  loss: 0.4269  accuracy: 99.86%
  Epoch [405/500]  loss: 0.4272  accuracy: 99.86%
  Epoch [406/500]  loss: 0.4272  accuracy: 99.86%
  Epoch [407/500]  loss: 0.4277  accuracy: 99.86%
  Epoch [408/500]  loss: 0.4261  accuracy: 99.79%
  Epoch [409/500]  loss: 0.4268  accuracy: 99.86%
  Epoch [410/500]  loss: 0.4270  accuracy: 99.86%
  Epoch [411/500]  loss: 0.4268  accuracy: 99.86%
  Epoch [412/500]  loss: 0.4276  accuracy: 99.86%
  Epoch [413/500]  loss: 0.4273  accuracy: 99.86%
  Epoch [414/500]  loss: 0.4279  accuracy: 99.86%
  Epoch [415/500]  loss: 0.4302  accuracy: 99.79%
  Epoch [416/500]  loss: 0.4284  accuracy: 99.79%
  Epoch [417/500]  loss: 0.4299  accuracy: 99.72%
  Epoch [418/500]  loss: 0.4297  accuracy: 99.79%
  Epoch [419/500]  loss: 0.4278  accuracy: 99.86%
  Epoch [420/500]  loss: 0.4291  accuracy: 99.79%
  Epoch [421/500]  loss: 0.4273  accuracy: 99.79%
  Epoch [422/500]  loss: 0.4269  accuracy: 99.86%
  Epoch [423/500]  loss: 0.4276  accuracy: 99.79%
  Epoch [424/500]  loss: 0.4267  accuracy: 99.93%
  Epoch [425/500]  loss: 0.4268  accuracy: 99.86%
  Epoch [426/500]  loss: 0.4264  accuracy: 99.86%
  Epoch [427/500]  loss: 0.4277  accuracy: 99.86%
  Epoch [428/500]  loss: 0.4278  accuracy: 99.86%
  Epoch [429/500]  loss: 0.4276  accuracy: 99.86%
  Epoch [430/500]  loss: 0.4264  accuracy: 99.86%
  Epoch [431/500]  loss: 0.4264  accuracy: 99.86%
  Epoch [432/500]  loss: 0.4269  accuracy: 99.86%
  Epoch [433/500]  loss: 0.4270  accuracy: 99.86%
  Epoch [434/500]  loss: 0.4271  accuracy: 99.86%
  Epoch [435/500]  loss: 0.4271  accuracy: 99.86%
  Epoch [436/500]  loss: 0.4267  accuracy: 99.79%
  Epoch [437/500]  loss: 0.4274  accuracy: 99.86%
  Epoch [438/500]  loss: 0.4266  accuracy: 99.86%
  Epoch [439/500]  loss: 0.4271  accuracy: 99.86%
  Epoch [440/500]  loss: 0.4268  accuracy: 99.86%
  Epoch [441/500]  loss: 0.4266  accuracy: 99.86%
  Epoch [442/500]  loss: 0.4260  accuracy: 99.86%
  Epoch [443/500]  loss: 0.4272  accuracy: 99.86%
  Epoch [444/500]  loss: 0.4261  accuracy: 99.86%
  Epoch [445/500]  loss: 0.4276  accuracy: 99.86%
  Epoch [446/500]  loss: 0.4259  accuracy: 99.86%
  Epoch [447/500]  loss: 0.4277  accuracy: 99.86%
  Epoch [448/500]  loss: 0.4268  accuracy: 99.86%
  Epoch [449/500]  loss: 0.4279  accuracy: 99.72%
  Epoch [450/500]  loss: 0.4270  accuracy: 99.86%
  Epoch [451/500]  loss: 0.4255  accuracy: 99.86%
  Epoch [452/500]  loss: 0.4261  accuracy: 99.86%
  Epoch [453/500]  loss: 0.4257  accuracy: 99.79%
  Epoch [454/500]  loss: 0.4292  accuracy: 99.65%
  Epoch [455/500]  loss: 0.4284  accuracy: 99.79%
  Epoch [456/500]  loss: 0.4282  accuracy: 99.79%
  Epoch [457/500]  loss: 0.4270  accuracy: 99.79%
  Epoch [458/500]  loss: 0.4267  accuracy: 99.86%
  Epoch [459/500]  loss: 0.4272  accuracy: 99.86%
  Epoch [460/500]  loss: 0.4261  accuracy: 99.86%
  Epoch [461/500]  loss: 0.4273  accuracy: 99.86%
  Epoch [462/500]  loss: 0.4269  accuracy: 99.86%
  Epoch [463/500]  loss: 0.4264  accuracy: 99.86%
  Epoch [464/500]  loss: 0.4262  accuracy: 99.86%
  Epoch [465/500]  loss: 0.4259  accuracy: 99.86%
  Epoch [466/500]  loss: 0.4284  accuracy: 99.79%
  Epoch [467/500]  loss: 0.4289  accuracy: 99.72%
  Epoch [468/500]  loss: 0.4262  accuracy: 99.86%
  Epoch [469/500]  loss: 0.4267  accuracy: 99.86%
  Epoch [470/500]  loss: 0.4260  accuracy: 99.86%
  Epoch [471/500]  loss: 0.4263  accuracy: 99.86%
  Epoch [472/500]  loss: 0.4270  accuracy: 99.79%
  Epoch [473/500]  loss: 0.4275  accuracy: 99.79%
  Epoch [474/500]  loss: 0.4287  accuracy: 99.79%
  Epoch [475/500]  loss: 0.4262  accuracy: 99.86%
  Epoch [476/500]  loss: 0.4262  accuracy: 99.86%
  Epoch [477/500]  loss: 0.4269  accuracy: 99.86%
  Epoch [478/500]  loss: 0.4269  accuracy: 99.86%
  Epoch [479/500]  loss: 0.4267  accuracy: 99.86%
  Epoch [480/500]  loss: 0.4264  accuracy: 99.79%
  Epoch [481/500]  loss: 0.4255  accuracy: 99.86%
  Epoch [482/500]  loss: 0.4263  accuracy: 99.86%
  Epoch [483/500]  loss: 0.4269  accuracy: 99.86%
  Epoch [484/500]  loss: 0.4265  accuracy: 99.86%
  Epoch [485/500]  loss: 0.4268  accuracy: 99.86%
  Epoch [486/500]  loss: 0.4275  accuracy: 99.86%
  Epoch [487/500]  loss: 0.4268  accuracy: 99.86%
  Epoch [488/500]  loss: 0.4273  accuracy: 99.86%
  Epoch [489/500]  loss: 0.4260  accuracy: 99.86%
  Epoch [490/500]  loss: 0.4267  accuracy: 99.86%
  Epoch [491/500]  loss: 0.4260  accuracy: 99.86%
  Epoch [492/500]  loss: 0.4256  accuracy: 99.86%
  Epoch [493/500]  loss: 0.4267  accuracy: 99.86%
  Epoch [494/500]  loss: 0.4267  accuracy: 99.86%
  Epoch [495/500]  loss: 0.4282  accuracy: 99.86%
  Epoch [496/500]  loss: 0.4258  accuracy: 99.86%
  Epoch [497/500]  loss: 0.4278  accuracy: 99.79%
  Epoch [498/500]  loss: 0.4277  accuracy: 99.72%
  Epoch [499/500]  loss: 0.4293  accuracy: 99.72%
  Epoch [500/500]  loss: 0.4278  accuracy: 99.79%

======================================================================
Testing
======================================================================
  Test accuracy: 78.54%

  Class                      Samples  Precision   Recall       F1
  ---------------------------------------------------------------
  Cabernet Sauvignon             29     0.5625   0.6207   0.5902
  Chardonnay                     32     0.7407   0.6250   0.6780
  Malbec                         24     0.5625   0.3750   0.4500
  Pinot Noir                     23     0.5833   0.6087   0.5957
  Sauvignon blanc                31     0.6757   0.8065   0.7353
  orange wine                    33     0.9688   0.9394   0.9538
  rose wine                      89     0.9462   0.9888   0.9670

  Checkpoint saved to results/v24/checkpoint.pth
  Results saved to results/v24/results.json
Parsing log: results/v24/slurm_364838.out
Mode: cross_validation  |  Folds: 5  |  Total epochs parsed: 301
Plot saved to: results/v24/training_curves.png

================================================================================
  RESULTS — 2026-04-21T18:10:21.020497
  Model: AdamW lr=5e-05  epochs=500  batch=16
  Val accuracy: 0.7439   Test accuracy: 0.7854   Val loss: 0.9510
================================================================================
                 Class   Samples     TP     FN     FP      TN   Precision    Recall        F1       IoU       AUC
-----------------------------------------------------------------------------------------------------------------
orange wine                   33     31      2      1     227      0.9688    0.9394    0.9538    0.9117    0.9774
rose wine                     89     88      1      5     167      0.9462    0.9888    0.9670    0.9361    0.9961
Sauvignon blanc               31     25      6     12     218      0.6757    0.8065    0.7353    0.5814    0.9396
Chardonnay                    32     20     12      7     222      0.7407    0.6250    0.6780    0.5129    0.8962
Cabernet Sauvignon            29     18     11     14     218      0.5625    0.6207    0.5902    0.4186    0.8692
Pinot Noir                    23     14      9     10     228      0.5833    0.6087    0.5957    0.4242    0.8813
Malbec                        24      9     15      7     230      0.5625    0.3750    0.4500    0.2903    0.7795
-----------------------------------------------------------------------------------------------------------------

  Macro Avg  — Precision: 0.7200  Recall: 0.7092  F1: 0.7100  IoU: 0.5822

Saved: per_class_metrics.csv
Saved: plot_1_metrics_bar_chart.png
Saved: plot_2_summary_scorecards.png
Saved: plot_3_iou_vs_f1_scatter.png
Saved: plot_4_experiment_config.png
Saved: plot_5_confusion_matrix.png

Done.
