
Dataset Validation
======================================================================

  Split: train    STATUS: OK
    orange wine                       147 images
    rose wine                         412 images
    Sauvignon blanc                   137 images
    Chardonnay                        144 images
    Cabernet Sauvignon                131 images
    Pinot Noir                        102 images
    Malbec                            108 images

  Split: val    STATUS: OK
    orange wine                       31 images
    rose wine                         88 images
    Sauvignon blanc                   29 images
    Chardonnay                        31 images
    Cabernet Sauvignon                28 images
    Pinot Noir                        22 images
    Malbec                            23 images

  Split: test    STATUS: OK
    orange wine                       33 images
    rose wine                         89 images
    Sauvignon blanc                   31 images
    Chardonnay                        32 images
    Cabernet Sauvignon                29 images
    Pinot Noir                        23 images
    Malbec                            24 images

======================================================================
VALIDATION RESULT: PASSED   (all splits and classes found)
======================================================================

  Class weights (inverse-frequency):
    orange wine                      147 samples  weight: 0.9491
    rose wine                        412 samples  weight: 0.3387
    Sauvignon blanc                  137 samples  weight: 1.0184
    Chardonnay                       144 samples  weight: 0.9689
    Cabernet Sauvignon               131 samples  weight: 1.0651
    Pinot Noir                       102 samples  weight: 1.3679
    Malbec                           108 samples  weight: 1.2919
  Loss function: FocalLoss  (gamma=2.0)
  Config snapshot saved to results/v14/config_snapshot.json
======================================================================
Cross-Validation  (5 folds)
======================================================================

Fold [1 / 5]
----------------------------------------------------------------------
  Epoch [1/1000]  loss: 1.5944  accuracy: 27.97%  val_loss: 0.9250  val_accuracy: 45.67%
  Epoch [2/1000]  loss: 1.0895  accuracy: 37.67%  val_loss: 0.8365  val_accuracy: 50.52%
  Epoch [3/1000]  loss: 1.0493  accuracy: 40.03%  val_loss: 0.7535  val_accuracy: 56.40%
  Epoch [4/1000]  loss: 0.9939  accuracy: 44.76%  val_loss: 0.7232  val_accuracy: 53.98%
  Epoch [5/1000]  loss: 0.9231  accuracy: 46.85%  val_loss: 0.6477  val_accuracy: 56.40%
  Epoch [6/1000]  loss: 0.8910  accuracy: 47.81%  val_loss: 0.6333  val_accuracy: 55.36%
  Epoch [7/1000]  loss: 0.8562  accuracy: 49.48%  val_loss: 0.6066  val_accuracy: 57.44%
  Epoch [8/1000]  loss: 0.8246  accuracy: 49.56%  val_loss: 0.6176  val_accuracy: 59.86%
  Epoch [9/1000]  loss: 0.7836  accuracy: 50.87%  val_loss: 0.5485  val_accuracy: 60.21%
  Epoch [10/1000]  loss: 0.7895  accuracy: 50.79%  val_loss: 0.5306  val_accuracy: 59.17%
  Epoch [11/1000]  loss: 0.8140  accuracy: 49.56%  val_loss: 0.6058  val_accuracy: 55.71%
  Epoch [12/1000]  loss: 0.7575  accuracy: 52.80%  val_loss: 0.4972  val_accuracy: 60.55%
  Epoch [13/1000]  loss: 0.7477  accuracy: 50.87%  val_loss: 0.4842  val_accuracy: 60.21%
  Epoch [14/1000]  loss: 0.7552  accuracy: 51.57%  val_loss: 0.4998  val_accuracy: 60.21%
  Epoch [15/1000]  loss: 0.6792  accuracy: 54.72%  val_loss: 0.5158  val_accuracy: 60.90%
  Epoch [16/1000]  loss: 0.6928  accuracy: 56.03%  val_loss: 0.4621  val_accuracy: 61.94%
  Epoch [17/1000]  loss: 0.7006  accuracy: 54.20%  val_loss: 0.4916  val_accuracy: 62.63%
  Epoch [18/1000]  loss: 0.6879  accuracy: 51.57%  val_loss: 0.4878  val_accuracy: 62.63%
  Epoch [19/1000]  loss: 0.7292  accuracy: 52.10%  val_loss: 0.5690  val_accuracy: 59.17%
  Epoch [20/1000]  loss: 0.6771  accuracy: 54.55%  val_loss: 0.4992  val_accuracy: 60.55%
  Epoch [21/1000]  loss: 0.6299  accuracy: 57.08%  val_loss: 0.4769  val_accuracy: 60.90%
  Epoch [22/1000]  loss: 0.6575  accuracy: 54.02%  val_loss: 0.4826  val_accuracy: 59.17%
  Epoch [23/1000]  loss: 0.6119  accuracy: 57.43%  val_loss: 0.4945  val_accuracy: 60.55%
  Epoch [24/1000]  loss: 0.6342  accuracy: 56.38%  val_loss: 0.4911  val_accuracy: 60.90%
  Epoch [25/1000]  loss: 0.6532  accuracy: 56.03%  val_loss: 0.4691  val_accuracy: 60.90%
  Epoch [26/1000]  loss: 0.6228  accuracy: 57.95%  val_loss: 0.4873  val_accuracy: 62.98%
  Epoch [27/1000]  loss: 0.6459  accuracy: 56.82%  val_loss: 0.4865  val_accuracy: 61.94%
  Epoch [28/1000]  loss: 0.6096  accuracy: 56.64%  val_loss: 0.4903  val_accuracy: 60.21%
  Epoch [29/1000]  loss: 0.5995  accuracy: 58.74%  val_loss: 0.4799  val_accuracy: 59.86%
  Epoch [30/1000]  loss: 0.6042  accuracy: 55.86%  val_loss: 0.4332  val_accuracy: 63.67%
  Epoch [31/1000]  loss: 0.5604  accuracy: 56.82%  val_loss: 0.4479  val_accuracy: 61.94%
  Epoch [32/1000]  loss: 0.6215  accuracy: 56.03%  val_loss: 0.5103  val_accuracy: 62.63%
  Epoch [33/1000]  loss: 0.5817  accuracy: 57.60%  val_loss: 0.4346  val_accuracy: 61.59%
  Epoch [34/1000]  loss: 0.5844  accuracy: 59.00%  val_loss: 0.4496  val_accuracy: 60.21%
  Epoch [35/1000]  loss: 0.5833  accuracy: 59.18%  val_loss: 0.4908  val_accuracy: 61.94%
  Epoch [36/1000]  loss: 0.5630  accuracy: 57.69%  val_loss: 0.4406  val_accuracy: 64.01%
  Epoch [37/1000]  loss: 0.5448  accuracy: 57.52%  val_loss: 0.4542  val_accuracy: 61.59%
  Epoch [38/1000]  loss: 0.5632  accuracy: 58.57%  val_loss: 0.4299  val_accuracy: 62.63%
  Epoch [39/1000]  loss: 0.5518  accuracy: 59.09%  val_loss: 0.4622  val_accuracy: 61.25%
  Epoch [40/1000]  loss: 0.5389  accuracy: 59.53%  val_loss: 0.4813  val_accuracy: 60.21%
  Epoch [41/1000]  loss: 0.5598  accuracy: 60.58%  val_loss: 0.4394  val_accuracy: 62.63%
  Epoch [42/1000]  loss: 0.5813  accuracy: 59.44%  val_loss: 0.5023  val_accuracy: 61.25%
  Epoch [43/1000]  loss: 0.5847  accuracy: 58.74%  val_loss: 0.4598  val_accuracy: 60.90%
  Epoch [44/1000]  loss: 0.5058  accuracy: 60.93%  val_loss: 0.4303  val_accuracy: 61.59%
  Epoch [45/1000]  loss: 0.5278  accuracy: 59.97%  val_loss: 0.4176  val_accuracy: 63.67%
  Epoch [46/1000]  loss: 0.5380  accuracy: 59.97%  val_loss: 0.4275  val_accuracy: 65.05%
  Epoch [47/1000]  loss: 0.5096  accuracy: 61.45%  val_loss: 0.4707  val_accuracy: 59.52%
  Epoch [48/1000]  loss: 0.5341  accuracy: 60.05%  val_loss: 0.4105  val_accuracy: 62.28%
  Epoch [49/1000]  loss: 0.5451  accuracy: 57.87%  val_loss: 0.4209  val_accuracy: 62.63%
  Epoch [50/1000]  loss: 0.5050  accuracy: 61.28%  val_loss: 0.4501  val_accuracy: 61.59%
  Epoch [51/1000]  loss: 0.5240  accuracy: 59.70%  val_loss: 0.4074  val_accuracy: 63.32%
  Epoch [52/1000]  loss: 0.4786  accuracy: 62.50%  val_loss: 0.4300  val_accuracy: 61.94%
  Epoch [53/1000]  loss: 0.4844  accuracy: 60.84%  val_loss: 0.4492  val_accuracy: 61.94%
  Epoch [54/1000]  loss: 0.4933  accuracy: 61.28%  val_loss: 0.4323  val_accuracy: 62.63%
  Epoch [55/1000]  loss: 0.4900  accuracy: 60.93%  val_loss: 0.4440  val_accuracy: 61.25%
  Epoch [56/1000]  loss: 0.4820  accuracy: 61.10%  val_loss: 0.4289  val_accuracy: 63.67%
  Epoch [57/1000]  loss: 0.4601  accuracy: 63.11%  val_loss: 0.4082  val_accuracy: 65.74%
  Epoch [58/1000]  loss: 0.4731  accuracy: 62.67%  val_loss: 0.4092  val_accuracy: 62.63%
  Epoch [59/1000]  loss: 0.4981  accuracy: 61.28%  val_loss: 0.4481  val_accuracy: 62.63%
  Epoch [60/1000]  loss: 0.4720  accuracy: 62.06%  val_loss: 0.3953  val_accuracy: 62.63%
  Epoch [61/1000]  loss: 0.4707  accuracy: 61.45%  val_loss: 0.4168  val_accuracy: 61.59%
  Epoch [62/1000]  loss: 0.4749  accuracy: 62.94%  val_loss: 0.3926  val_accuracy: 60.55%
  Epoch [63/1000]  loss: 0.4605  accuracy: 61.71%  val_loss: 0.4900  val_accuracy: 62.28%
  Epoch [64/1000]  loss: 0.4840  accuracy: 61.10%  val_loss: 0.3902  val_accuracy: 66.09%
  Epoch [65/1000]  loss: 0.4673  accuracy: 61.80%  val_loss: 0.4209  val_accuracy: 60.55%
  Epoch [66/1000]  loss: 0.4600  accuracy: 61.89%  val_loss: 0.3876  val_accuracy: 66.78%
  Epoch [67/1000]  loss: 0.4897  accuracy: 61.10%  val_loss: 0.4087  val_accuracy: 65.05%
  Epoch [68/1000]  loss: 0.4717  accuracy: 60.58%  val_loss: 0.4247  val_accuracy: 62.63%
  Epoch [69/1000]  loss: 0.4647  accuracy: 62.85%  val_loss: 0.4071  val_accuracy: 63.67%
  Epoch [70/1000]  loss: 0.4665  accuracy: 61.98%  val_loss: 0.4263  val_accuracy: 64.01%
  Epoch [71/1000]  loss: 0.4723  accuracy: 62.59%  val_loss: 0.3929  val_accuracy: 66.44%
  Epoch [72/1000]  loss: 0.4686  accuracy: 61.10%  val_loss: 0.4068  val_accuracy: 65.05%
  Epoch [73/1000]  loss: 0.4756  accuracy: 62.15%  val_loss: 0.4251  val_accuracy: 60.55%
  Epoch [74/1000]  loss: 0.4692  accuracy: 61.54%  val_loss: 0.3700  val_accuracy: 61.59%
  Epoch [75/1000]  loss: 0.4404  accuracy: 63.81%  val_loss: 0.3810  val_accuracy: 64.01%
  Epoch [76/1000]  loss: 0.4597  accuracy: 63.46%  val_loss: 0.3901  val_accuracy: 63.32%
  Epoch [77/1000]  loss: 0.4409  accuracy: 63.55%  val_loss: 0.3509  val_accuracy: 62.98%
  Epoch [78/1000]  loss: 0.4347  accuracy: 63.29%  val_loss: 0.3796  val_accuracy: 65.05%
  Epoch [79/1000]  loss: 0.4235  accuracy: 63.37%  val_loss: 0.3970  val_accuracy: 64.36%
  Epoch [80/1000]  loss: 0.4097  accuracy: 64.86%  val_loss: 0.4097  val_accuracy: 61.59%
  Epoch [81/1000]  loss: 0.4286  accuracy: 63.55%  val_loss: 0.3786  val_accuracy: 63.67%
  Epoch [82/1000]  loss: 0.4460  accuracy: 62.41%  val_loss: 0.3938  val_accuracy: 65.40%
  Epoch [83/1000]  loss: 0.4429  accuracy: 62.41%  val_loss: 0.4674  val_accuracy: 62.98%
  Epoch [84/1000]  loss: 0.4385  accuracy: 64.25%  val_loss: 0.4181  val_accuracy: 62.98%
  Epoch [85/1000]  loss: 0.4409  accuracy: 62.06%  val_loss: 0.3494  val_accuracy: 62.28%
  Epoch [86/1000]  loss: 0.4258  accuracy: 62.41%  val_loss: 0.3842  val_accuracy: 62.98%
  Epoch [87/1000]  loss: 0.4247  accuracy: 64.69%  val_loss: 0.3716  val_accuracy: 63.67%
  Epoch [88/1000]  loss: 0.4141  accuracy: 64.16%  val_loss: 0.3973  val_accuracy: 65.74%
  Epoch [89/1000]  loss: 0.4001  accuracy: 64.69%  val_loss: 0.3802  val_accuracy: 66.09%
  Epoch [90/1000]  loss: 0.4224  accuracy: 62.94%  val_loss: 0.3899  val_accuracy: 65.74%
  Epoch [91/1000]  loss: 0.4399  accuracy: 63.99%  val_loss: 0.4011  val_accuracy: 62.98%
  Epoch [92/1000]  loss: 0.4356  accuracy: 62.59%  val_loss: 0.4153  val_accuracy: 61.94%
  Epoch [93/1000]  loss: 0.4451  accuracy: 63.72%  val_loss: 0.3858  val_accuracy: 64.01%
  Epoch [94/1000]  loss: 0.4307  accuracy: 62.41%  val_loss: 0.3765  val_accuracy: 65.40%
  Epoch [95/1000]  loss: 0.4182  accuracy: 64.16%  val_loss: 0.3641  val_accuracy: 64.71%
  Epoch [96/1000]  loss: 0.4390  accuracy: 63.64%  val_loss: 0.3941  val_accuracy: 64.01%
  Epoch [97/1000]  loss: 0.3860  accuracy: 64.69%  val_loss: 0.4051  val_accuracy: 65.05%
  Epoch [98/1000]  loss: 0.4232  accuracy: 63.99%  val_loss: 0.3827  val_accuracy: 65.05%
  Epoch [99/1000]  loss: 0.3996  accuracy: 64.51%  val_loss: 0.3637  val_accuracy: 66.09%
  Epoch [100/1000]  loss: 0.3814  accuracy: 66.52%  val_loss: 0.3460  val_accuracy: 66.09%
  Epoch [101/1000]  loss: 0.3623  accuracy: 66.00%  val_loss: 0.3913  val_accuracy: 64.36%
  Epoch [102/1000]  loss: 0.3916  accuracy: 65.30%  val_loss: 0.4133  val_accuracy: 64.36%
  Epoch [103/1000]  loss: 0.4199  accuracy: 66.61%  val_loss: 0.4822  val_accuracy: 60.55%
  Epoch [104/1000]  loss: 0.4031  accuracy: 65.12%  val_loss: 0.3808  val_accuracy: 64.71%
  Epoch [105/1000]  loss: 0.4018  accuracy: 64.86%  val_loss: 0.4081  val_accuracy: 61.59%
  Epoch [106/1000]  loss: 0.4036  accuracy: 64.34%  val_loss: 0.3955  val_accuracy: 62.98%
  Epoch [107/1000]  loss: 0.3766  accuracy: 65.38%  val_loss: 0.4016  val_accuracy: 64.01%
  Epoch [108/1000]  loss: 0.3850  accuracy: 65.65%  val_loss: 0.4013  val_accuracy: 63.67%
  Epoch [109/1000]  loss: 0.3863  accuracy: 65.73%  val_loss: 0.3886  val_accuracy: 65.74%
  Epoch [110/1000]  loss: 0.3801  accuracy: 66.43%  val_loss: 0.4237  val_accuracy: 62.28%
  Epoch [111/1000]  loss: 0.3981  accuracy: 65.03%  val_loss: 0.3978  val_accuracy: 66.09%
  Epoch [112/1000]  loss: 0.3730  accuracy: 64.16%  val_loss: 0.3845  val_accuracy: 65.40%
  Epoch [113/1000]  loss: 0.3905  accuracy: 64.51%  val_loss: 0.4122  val_accuracy: 62.63%
  Epoch [114/1000]  loss: 0.3677  accuracy: 66.08%  val_loss: 0.3964  val_accuracy: 64.01%
  Epoch [115/1000]  loss: 0.3989  accuracy: 63.81%  val_loss: 0.3724  val_accuracy: 65.40%
  Epoch [116/1000]  loss: 0.3891  accuracy: 65.56%  val_loss: 0.4368  val_accuracy: 63.32%
  Epoch [117/1000]  loss: 0.3659  accuracy: 66.70%  val_loss: 0.3910  val_accuracy: 64.71%
  Epoch [118/1000]  loss: 0.3992  accuracy: 64.95%  val_loss: 0.3492  val_accuracy: 65.05%
  Epoch [119/1000]  loss: 0.3930  accuracy: 66.70%  val_loss: 0.3667  val_accuracy: 66.78%
  Epoch [120/1000]  loss: 0.3734  accuracy: 65.12%  val_loss: 0.3969  val_accuracy: 63.67%
  Early stopping triggered after 120 epochs (no improvement for 20 epochs).

  Fold 1 result: val_loss: 0.3460  val_accuracy: 66.09%

Fold [2 / 5]
----------------------------------------------------------------------
  Epoch [1/1000]  loss: 1.4592  accuracy: 30.80%  val_loss: 0.8773  val_accuracy: 49.83%
  Epoch [2/1000]  loss: 0.9898  accuracy: 42.76%  val_loss: 0.8067  val_accuracy: 52.96%
  Epoch [3/1000]  loss: 0.9275  accuracy: 46.34%  val_loss: 0.7153  val_accuracy: 55.05%
  Epoch [4/1000]  loss: 0.8736  accuracy: 48.34%  val_loss: 0.7326  val_accuracy: 56.45%
  Epoch [5/1000]  loss: 0.8630  accuracy: 48.87%  val_loss: 0.6911  val_accuracy: 56.79%
  Epoch [6/1000]  loss: 0.8203  accuracy: 50.17%  val_loss: 0.6872  val_accuracy: 52.96%
  Epoch [7/1000]  loss: 0.8045  accuracy: 51.05%  val_loss: 0.6464  val_accuracy: 59.58%
  Epoch [8/1000]  loss: 0.7683  accuracy: 51.40%  val_loss: 0.6565  val_accuracy: 56.10%
  Epoch [9/1000]  loss: 0.7377  accuracy: 51.22%  val_loss: 0.6396  val_accuracy: 57.49%
  Epoch [10/1000]  loss: 0.7627  accuracy: 52.01%  val_loss: 0.6309  val_accuracy: 59.58%
  Epoch [11/1000]  loss: 0.7185  accuracy: 52.27%  val_loss: 0.6483  val_accuracy: 55.05%
  Epoch [12/1000]  loss: 0.7218  accuracy: 51.92%  val_loss: 0.6397  val_accuracy: 59.58%
  Epoch [13/1000]  loss: 0.7063  accuracy: 54.19%  val_loss: 0.5834  val_accuracy: 55.40%
  Epoch [14/1000]  loss: 0.6994  accuracy: 52.01%  val_loss: 0.6049  val_accuracy: 57.49%
  Epoch [15/1000]  loss: 0.6819  accuracy: 54.36%  val_loss: 0.6349  val_accuracy: 59.58%
  Epoch [16/1000]  loss: 0.6529  accuracy: 55.15%  val_loss: 0.6067  val_accuracy: 61.67%
  Epoch [17/1000]  loss: 0.6899  accuracy: 55.58%  val_loss: 0.5653  val_accuracy: 58.54%
  Epoch [18/1000]  loss: 0.6725  accuracy: 54.45%  val_loss: 0.5618  val_accuracy: 59.93%
  Epoch [19/1000]  loss: 0.6283  accuracy: 56.37%  val_loss: 0.5382  val_accuracy: 61.32%
  Epoch [20/1000]  loss: 0.6443  accuracy: 58.12%  val_loss: 0.5506  val_accuracy: 58.54%
  Epoch [21/1000]  loss: 0.6297  accuracy: 57.07%  val_loss: 0.5533  val_accuracy: 59.93%
  Epoch [22/1000]  loss: 0.6330  accuracy: 56.11%  val_loss: 0.5484  val_accuracy: 59.23%
  Epoch [23/1000]  loss: 0.6437  accuracy: 54.28%  val_loss: 0.5791  val_accuracy: 57.49%
  Epoch [24/1000]  loss: 0.6167  accuracy: 57.59%  val_loss: 0.5524  val_accuracy: 61.67%
  Epoch [25/1000]  loss: 0.6250  accuracy: 57.16%  val_loss: 0.6132  val_accuracy: 58.19%
  Epoch [26/1000]  loss: 0.6098  accuracy: 57.59%  val_loss: 0.5340  val_accuracy: 61.32%
  Epoch [27/1000]  loss: 0.5724  accuracy: 58.73%  val_loss: 0.5306  val_accuracy: 60.63%
  Epoch [28/1000]  loss: 0.5851  accuracy: 56.72%  val_loss: 0.5297  val_accuracy: 61.67%
  Epoch [29/1000]  loss: 0.5719  accuracy: 57.59%  val_loss: 0.5207  val_accuracy: 59.23%
  Epoch [30/1000]  loss: 0.5744  accuracy: 57.50%  val_loss: 0.5307  val_accuracy: 60.28%
  Epoch [31/1000]  loss: 0.6042  accuracy: 58.99%  val_loss: 0.5476  val_accuracy: 61.67%
  Epoch [32/1000]  loss: 0.5769  accuracy: 58.55%  val_loss: 0.5480  val_accuracy: 61.67%
  Epoch [33/1000]  loss: 0.5847  accuracy: 59.25%  val_loss: 0.5584  val_accuracy: 60.98%
  Epoch [34/1000]  loss: 0.5539  accuracy: 59.95%  val_loss: 0.5532  val_accuracy: 59.93%
  Epoch [35/1000]  loss: 0.5547  accuracy: 58.29%  val_loss: 0.5930  val_accuracy: 60.28%
  Epoch [36/1000]  loss: 0.5029  accuracy: 61.61%  val_loss: 0.5466  val_accuracy: 60.28%
  Epoch [37/1000]  loss: 0.5604  accuracy: 58.81%  val_loss: 0.5306  val_accuracy: 62.72%
  Epoch [38/1000]  loss: 0.5376  accuracy: 59.95%  val_loss: 0.5074  val_accuracy: 62.72%
  Epoch [39/1000]  loss: 0.5374  accuracy: 60.30%  val_loss: 0.5482  val_accuracy: 62.37%
  Epoch [40/1000]  loss: 0.5378  accuracy: 58.03%  val_loss: 0.5244  val_accuracy: 62.72%
  Epoch [41/1000]  loss: 0.5017  accuracy: 61.34%  val_loss: 0.5093  val_accuracy: 62.02%
  Epoch [42/1000]  loss: 0.5371  accuracy: 59.25%  val_loss: 0.5313  val_accuracy: 62.72%
  Epoch [43/1000]  loss: 0.5111  accuracy: 60.38%  val_loss: 0.5049  val_accuracy: 62.37%
  Epoch [44/1000]  loss: 0.5448  accuracy: 59.77%  val_loss: 0.5583  val_accuracy: 58.19%
  Epoch [45/1000]  loss: 0.5263  accuracy: 61.26%  val_loss: 0.5555  val_accuracy: 62.02%
  Epoch [46/1000]  loss: 0.5176  accuracy: 58.90%  val_loss: 0.5607  val_accuracy: 61.67%
  Epoch [47/1000]  loss: 0.5162  accuracy: 61.34%  val_loss: 0.5798  val_accuracy: 60.63%
  Epoch [48/1000]  loss: 0.5012  accuracy: 61.43%  val_loss: 0.5282  val_accuracy: 59.93%
  Epoch [49/1000]  loss: 0.4601  accuracy: 61.95%  val_loss: 0.5366  val_accuracy: 63.07%
  Epoch [50/1000]  loss: 0.4949  accuracy: 60.99%  val_loss: 0.5060  val_accuracy: 63.41%
  Epoch [51/1000]  loss: 0.4818  accuracy: 61.52%  val_loss: 0.5385  val_accuracy: 63.07%
  Epoch [52/1000]  loss: 0.4889  accuracy: 61.34%  val_loss: 0.5486  val_accuracy: 62.02%
  Epoch [53/1000]  loss: 0.4883  accuracy: 63.26%  val_loss: 0.5215  val_accuracy: 63.76%
  Epoch [54/1000]  loss: 0.4978  accuracy: 60.91%  val_loss: 0.5038  val_accuracy: 62.37%
  Epoch [55/1000]  loss: 0.5591  accuracy: 58.12%  val_loss: 0.5182  val_accuracy: 62.37%
  Epoch [56/1000]  loss: 0.4810  accuracy: 62.65%  val_loss: 0.5181  val_accuracy: 65.85%
  Epoch [57/1000]  loss: 0.4797  accuracy: 61.52%  val_loss: 0.5036  val_accuracy: 63.76%
  Epoch [58/1000]  loss: 0.4702  accuracy: 61.69%  val_loss: 0.5079  val_accuracy: 63.76%
  Epoch [59/1000]  loss: 0.4837  accuracy: 61.26%  val_loss: 0.4655  val_accuracy: 65.85%
  Epoch [60/1000]  loss: 0.4844  accuracy: 63.00%  val_loss: 0.4736  val_accuracy: 64.81%
  Epoch [61/1000]  loss: 0.4447  accuracy: 62.30%  val_loss: 0.5323  val_accuracy: 64.46%
  Epoch [62/1000]  loss: 0.4650  accuracy: 62.74%  val_loss: 0.5235  val_accuracy: 63.76%
  Epoch [63/1000]  loss: 0.4492  accuracy: 63.61%  val_loss: 0.5107  val_accuracy: 61.67%
  Epoch [64/1000]  loss: 0.4549  accuracy: 63.61%  val_loss: 0.5296  val_accuracy: 63.76%
  Epoch [65/1000]  loss: 0.4392  accuracy: 65.27%  val_loss: 0.5933  val_accuracy: 62.02%
  Epoch [66/1000]  loss: 0.4811  accuracy: 63.26%  val_loss: 0.5766  val_accuracy: 58.54%
  Epoch [67/1000]  loss: 0.4502  accuracy: 63.87%  val_loss: 0.5206  val_accuracy: 62.02%
  Epoch [68/1000]  loss: 0.4434  accuracy: 63.53%  val_loss: 0.5472  val_accuracy: 62.02%
  Epoch [69/1000]  loss: 0.4549  accuracy: 63.09%  val_loss: 0.5400  val_accuracy: 63.07%
  Epoch [70/1000]  loss: 0.4860  accuracy: 62.13%  val_loss: 0.5130  val_accuracy: 62.72%
  Epoch [71/1000]  loss: 0.4753  accuracy: 61.78%  val_loss: 0.5560  val_accuracy: 64.11%
  Epoch [72/1000]  loss: 0.4798  accuracy: 61.52%  val_loss: 0.5364  val_accuracy: 62.02%
  Epoch [73/1000]  loss: 0.4361  accuracy: 62.39%  val_loss: 0.5232  val_accuracy: 64.46%
  Epoch [74/1000]  loss: 0.4238  accuracy: 64.49%  val_loss: 0.5036  val_accuracy: 65.16%
  Epoch [75/1000]  loss: 0.4607  accuracy: 63.70%  val_loss: 0.4951  val_accuracy: 62.02%
  Epoch [76/1000]  loss: 0.4315  accuracy: 63.44%  val_loss: 0.5165  val_accuracy: 63.41%
  Epoch [77/1000]  loss: 0.4448  accuracy: 62.91%  val_loss: 0.4831  val_accuracy: 65.16%
  Epoch [78/1000]  loss: 0.4233  accuracy: 62.65%  val_loss: 0.5002  val_accuracy: 64.46%
  Epoch [79/1000]  loss: 0.4290  accuracy: 65.10%  val_loss: 0.5622  val_accuracy: 62.72%
  Early stopping triggered after 79 epochs (no improvement for 20 epochs).

  Fold 2 result: val_loss: 0.4655  val_accuracy: 65.85%

Fold [3 / 5]
----------------------------------------------------------------------
  Epoch [1/1000]  loss: 1.5348  accuracy: 29.14%  val_loss: 0.8702  val_accuracy: 47.39%
  Epoch [2/1000]  loss: 1.0689  accuracy: 41.19%  val_loss: 0.7806  val_accuracy: 52.26%
  Epoch [3/1000]  loss: 1.0097  accuracy: 43.63%  val_loss: 0.7548  val_accuracy: 55.05%
  Epoch [4/1000]  loss: 0.9792  accuracy: 44.50%  val_loss: 0.6708  val_accuracy: 58.89%
  Epoch [5/1000]  loss: 0.8665  accuracy: 48.69%  val_loss: 0.6200  val_accuracy: 58.54%
  Epoch [6/1000]  loss: 0.8719  accuracy: 49.48%  val_loss: 0.6365  val_accuracy: 57.84%
  Epoch [7/1000]  loss: 0.8182  accuracy: 52.44%  val_loss: 0.6126  val_accuracy: 55.05%
  Epoch [8/1000]  loss: 0.8417  accuracy: 50.87%  val_loss: 0.5907  val_accuracy: 58.89%
  Epoch [9/1000]  loss: 0.7723  accuracy: 52.88%  val_loss: 0.5649  val_accuracy: 59.58%
  Epoch [10/1000]  loss: 0.7571  accuracy: 53.05%  val_loss: 0.6238  val_accuracy: 56.79%
  Epoch [11/1000]  loss: 0.7686  accuracy: 53.23%  val_loss: 0.5718  val_accuracy: 58.89%
  Epoch [12/1000]  loss: 0.7487  accuracy: 53.75%  val_loss: 0.5498  val_accuracy: 59.93%
  Epoch [13/1000]  loss: 0.7425  accuracy: 56.20%  val_loss: 0.6246  val_accuracy: 57.14%
  Epoch [14/1000]  loss: 0.7005  accuracy: 53.75%  val_loss: 0.5465  val_accuracy: 58.89%
  Epoch [15/1000]  loss: 0.7082  accuracy: 54.89%  val_loss: 0.5232  val_accuracy: 59.93%
  Epoch [16/1000]  loss: 0.6796  accuracy: 55.76%  val_loss: 0.5002  val_accuracy: 59.93%
  Epoch [17/1000]  loss: 0.6847  accuracy: 55.24%  val_loss: 0.5546  val_accuracy: 58.54%
  Epoch [18/1000]  loss: 0.6626  accuracy: 55.58%  val_loss: 0.5283  val_accuracy: 61.32%
  Epoch [19/1000]  loss: 0.6549  accuracy: 55.50%  val_loss: 0.5043  val_accuracy: 62.72%
  Epoch [20/1000]  loss: 0.6330  accuracy: 56.81%  val_loss: 0.4862  val_accuracy: 61.32%
  Epoch [21/1000]  loss: 0.6571  accuracy: 57.77%  val_loss: 0.4831  val_accuracy: 62.37%
  Epoch [22/1000]  loss: 0.6739  accuracy: 55.93%  val_loss: 0.5166  val_accuracy: 62.72%
  Epoch [23/1000]  loss: 0.6498  accuracy: 57.07%  val_loss: 0.4994  val_accuracy: 59.93%
  Epoch [24/1000]  loss: 0.6415  accuracy: 55.32%  val_loss: 0.4923  val_accuracy: 62.37%
  Epoch [25/1000]  loss: 0.6565  accuracy: 56.20%  val_loss: 0.4853  val_accuracy: 64.11%
  Epoch [26/1000]  loss: 0.5920  accuracy: 58.03%  val_loss: 0.4867  val_accuracy: 60.28%
  Epoch [27/1000]  loss: 0.6122  accuracy: 57.68%  val_loss: 0.5086  val_accuracy: 58.54%
  Epoch [28/1000]  loss: 0.5869  accuracy: 58.90%  val_loss: 0.4901  val_accuracy: 61.32%
  Epoch [29/1000]  loss: 0.5985  accuracy: 55.67%  val_loss: 0.4850  val_accuracy: 60.63%
  Epoch [30/1000]  loss: 0.6235  accuracy: 57.16%  val_loss: 0.5293  val_accuracy: 62.02%
  Epoch [31/1000]  loss: 0.6077  accuracy: 57.24%  val_loss: 0.5134  val_accuracy: 60.98%
  Epoch [32/1000]  loss: 0.5670  accuracy: 57.94%  val_loss: 0.4686  val_accuracy: 64.11%
  Epoch [33/1000]  loss: 0.5979  accuracy: 57.94%  val_loss: 0.4744  val_accuracy: 63.41%
  Epoch [34/1000]  loss: 0.5859  accuracy: 58.55%  val_loss: 0.4769  val_accuracy: 61.32%
  Epoch [35/1000]  loss: 0.5571  accuracy: 58.55%  val_loss: 0.4520  val_accuracy: 63.07%
  Epoch [36/1000]  loss: 0.5675  accuracy: 58.55%  val_loss: 0.5450  val_accuracy: 58.19%
  Epoch [37/1000]  loss: 0.5914  accuracy: 58.12%  val_loss: 0.4954  val_accuracy: 62.72%
  Epoch [38/1000]  loss: 0.5598  accuracy: 60.30%  val_loss: 0.4919  val_accuracy: 61.67%
  Epoch [39/1000]  loss: 0.5602  accuracy: 58.55%  val_loss: 0.4610  val_accuracy: 62.72%
  Epoch [40/1000]  loss: 0.5826  accuracy: 57.85%  val_loss: 0.4792  val_accuracy: 61.32%
  Epoch [41/1000]  loss: 0.5422  accuracy: 60.38%  val_loss: 0.4732  val_accuracy: 59.93%
  Epoch [42/1000]  loss: 0.5416  accuracy: 59.08%  val_loss: 0.4496  val_accuracy: 62.72%
  Epoch [43/1000]  loss: 0.5187  accuracy: 61.17%  val_loss: 0.4818  val_accuracy: 61.67%
  Epoch [44/1000]  loss: 0.5324  accuracy: 59.34%  val_loss: 0.4759  val_accuracy: 62.72%
  Epoch [45/1000]  loss: 0.5537  accuracy: 61.08%  val_loss: 0.4687  val_accuracy: 62.02%
  Epoch [46/1000]  loss: 0.5160  accuracy: 61.52%  val_loss: 0.4946  val_accuracy: 60.63%
  Epoch [47/1000]  loss: 0.5366  accuracy: 58.81%  val_loss: 0.4599  val_accuracy: 62.72%
  Epoch [48/1000]  loss: 0.5264  accuracy: 60.47%  val_loss: 0.4679  val_accuracy: 64.11%
  Epoch [49/1000]  loss: 0.5342  accuracy: 58.73%  val_loss: 0.4893  val_accuracy: 63.76%
  Epoch [50/1000]  loss: 0.5199  accuracy: 60.99%  val_loss: 0.4574  val_accuracy: 63.76%
  Epoch [51/1000]  loss: 0.4974  accuracy: 59.42%  val_loss: 0.5096  val_accuracy: 61.67%
  Epoch [52/1000]  loss: 0.5135  accuracy: 61.52%  val_loss: 0.4808  val_accuracy: 63.41%
  Epoch [53/1000]  loss: 0.5381  accuracy: 59.77%  val_loss: 0.4741  val_accuracy: 61.67%
  Epoch [54/1000]  loss: 0.5268  accuracy: 60.91%  val_loss: 0.4828  val_accuracy: 64.11%
  Epoch [55/1000]  loss: 0.5111  accuracy: 60.73%  val_loss: 0.4817  val_accuracy: 63.41%
  Epoch [56/1000]  loss: 0.4992  accuracy: 60.99%  val_loss: 0.4726  val_accuracy: 64.81%
  Epoch [57/1000]  loss: 0.5305  accuracy: 59.34%  val_loss: 0.5048  val_accuracy: 64.46%
  Epoch [58/1000]  loss: 0.5238  accuracy: 60.73%  val_loss: 0.4757  val_accuracy: 59.58%
  Epoch [59/1000]  loss: 0.5098  accuracy: 60.91%  val_loss: 0.4908  val_accuracy: 60.98%
  Epoch [60/1000]  loss: 0.4908  accuracy: 62.13%  val_loss: 0.5005  val_accuracy: 61.32%
  Epoch [61/1000]  loss: 0.4761  accuracy: 62.22%  val_loss: 0.4813  val_accuracy: 58.89%
  Epoch [62/1000]  loss: 0.4971  accuracy: 61.78%  val_loss: 0.4663  val_accuracy: 62.72%
  Early stopping triggered after 62 epochs (no improvement for 20 epochs).

  Fold 3 result: val_loss: 0.4496  val_accuracy: 62.72%

Fold [4 / 5]
----------------------------------------------------------------------
  Epoch [1/1000]  loss: 1.4927  accuracy: 29.64%  val_loss: 0.8995  val_accuracy: 45.10%
  Epoch [2/1000]  loss: 1.1356  accuracy: 38.71%  val_loss: 0.9019  val_accuracy: 52.10%
  Epoch [3/1000]  loss: 1.0389  accuracy: 42.72%  val_loss: 0.8373  val_accuracy: 52.80%
  Epoch [4/1000]  loss: 0.9840  accuracy: 44.81%  val_loss: 0.7749  val_accuracy: 53.85%
  Epoch [5/1000]  loss: 0.9007  accuracy: 47.25%  val_loss: 0.7155  val_accuracy: 53.85%
  Epoch [6/1000]  loss: 0.8715  accuracy: 49.17%  val_loss: 0.6565  val_accuracy: 56.29%
  Epoch [7/1000]  loss: 0.8234  accuracy: 50.22%  val_loss: 0.6593  val_accuracy: 56.29%
  Epoch [8/1000]  loss: 0.8594  accuracy: 49.78%  val_loss: 0.6254  val_accuracy: 60.14%
  Epoch [9/1000]  loss: 0.7617  accuracy: 52.31%  val_loss: 0.5674  val_accuracy: 59.79%
  Epoch [10/1000]  loss: 0.7748  accuracy: 52.14%  val_loss: 0.5782  val_accuracy: 57.34%
  Epoch [11/1000]  loss: 0.7302  accuracy: 52.22%  val_loss: 0.5957  val_accuracy: 58.74%
  Epoch [12/1000]  loss: 0.7106  accuracy: 55.19%  val_loss: 0.5902  val_accuracy: 60.49%
  Epoch [13/1000]  loss: 0.7099  accuracy: 54.32%  val_loss: 0.5322  val_accuracy: 59.79%
  Epoch [14/1000]  loss: 0.7095  accuracy: 54.23%  val_loss: 0.5488  val_accuracy: 58.39%
  Epoch [15/1000]  loss: 0.6890  accuracy: 55.88%  val_loss: 0.5496  val_accuracy: 58.39%
  Epoch [16/1000]  loss: 0.6658  accuracy: 54.66%  val_loss: 0.5824  val_accuracy: 58.74%
  Epoch [17/1000]  loss: 0.6808  accuracy: 55.97%  val_loss: 0.5503  val_accuracy: 59.79%
  Epoch [18/1000]  loss: 0.6522  accuracy: 55.71%  val_loss: 0.5144  val_accuracy: 59.44%
  Epoch [19/1000]  loss: 0.6565  accuracy: 56.76%  val_loss: 0.5109  val_accuracy: 60.14%
  Epoch [20/1000]  loss: 0.6537  accuracy: 56.32%  val_loss: 0.5025  val_accuracy: 61.54%
  Epoch [21/1000]  loss: 0.6333  accuracy: 55.88%  val_loss: 0.4878  val_accuracy: 61.19%
  Epoch [22/1000]  loss: 0.6186  accuracy: 56.15%  val_loss: 0.4945  val_accuracy: 59.79%
  Epoch [23/1000]  loss: 0.6199  accuracy: 57.89%  val_loss: 0.5134  val_accuracy: 57.69%
  Epoch [24/1000]  loss: 0.6250  accuracy: 56.67%  val_loss: 0.5230  val_accuracy: 59.44%
  Epoch [25/1000]  loss: 0.6118  accuracy: 57.89%  val_loss: 0.5043  val_accuracy: 59.09%
  Epoch [26/1000]  loss: 0.5890  accuracy: 60.16%  val_loss: 0.4929  val_accuracy: 60.84%
  Epoch [27/1000]  loss: 0.6191  accuracy: 57.80%  val_loss: 0.5237  val_accuracy: 59.44%
  Epoch [28/1000]  loss: 0.6040  accuracy: 57.98%  val_loss: 0.5253  val_accuracy: 63.29%
  Epoch [29/1000]  loss: 0.6394  accuracy: 56.58%  val_loss: 0.5378  val_accuracy: 58.74%
  Epoch [30/1000]  loss: 0.5729  accuracy: 58.76%  val_loss: 0.5452  val_accuracy: 58.04%
  Epoch [31/1000]  loss: 0.5698  accuracy: 58.67%  val_loss: 0.5499  val_accuracy: 58.04%
  Epoch [32/1000]  loss: 0.5686  accuracy: 58.59%  val_loss: 0.5042  val_accuracy: 59.79%
  Epoch [33/1000]  loss: 0.5426  accuracy: 57.89%  val_loss: 0.5555  val_accuracy: 61.19%
  Epoch [34/1000]  loss: 0.5746  accuracy: 59.55%  val_loss: 0.5001  val_accuracy: 62.24%
  Epoch [35/1000]  loss: 0.5663  accuracy: 58.06%  val_loss: 0.5356  val_accuracy: 59.09%
  Epoch [36/1000]  loss: 0.5616  accuracy: 57.80%  val_loss: 0.5168  val_accuracy: 59.79%
  Epoch [37/1000]  loss: 0.5722  accuracy: 58.24%  val_loss: 0.5064  val_accuracy: 62.59%
  Epoch [38/1000]  loss: 0.5442  accuracy: 59.11%  val_loss: 0.5295  val_accuracy: 62.94%
  Epoch [39/1000]  loss: 0.5105  accuracy: 60.33%  val_loss: 0.5021  val_accuracy: 59.44%
  Epoch [40/1000]  loss: 0.5319  accuracy: 59.02%  val_loss: 0.5324  val_accuracy: 59.09%
  Epoch [41/1000]  loss: 0.5149  accuracy: 60.07%  val_loss: 0.6116  val_accuracy: 58.74%
  Early stopping triggered after 41 epochs (no improvement for 20 epochs).

  Fold 4 result: val_loss: 0.4878  val_accuracy: 61.19%

Fold [5 / 5]
----------------------------------------------------------------------
  Epoch [1/1000]  loss: 1.6022  accuracy: 28.72%  val_loss: 0.9651  val_accuracy: 40.14%
  Epoch [2/1000]  loss: 1.1167  accuracy: 36.90%  val_loss: 0.8536  val_accuracy: 49.30%
  Epoch [3/1000]  loss: 1.0230  accuracy: 41.60%  val_loss: 0.7731  val_accuracy: 52.11%
  Epoch [4/1000]  loss: 0.9214  accuracy: 45.00%  val_loss: 0.7230  val_accuracy: 54.58%
  Epoch [5/1000]  loss: 0.9005  accuracy: 48.22%  val_loss: 0.7200  val_accuracy: 53.17%
  Epoch [6/1000]  loss: 0.9004  accuracy: 46.74%  val_loss: 0.6973  val_accuracy: 53.87%
  Epoch [7/1000]  loss: 0.8182  accuracy: 48.22%  val_loss: 0.6444  val_accuracy: 54.58%
  Epoch [8/1000]  loss: 0.8281  accuracy: 51.09%  val_loss: 0.6110  val_accuracy: 58.80%
  Epoch [9/1000]  loss: 0.7832  accuracy: 49.17%  val_loss: 0.5956  val_accuracy: 56.69%
  Epoch [10/1000]  loss: 0.7852  accuracy: 50.39%  val_loss: 0.6014  val_accuracy: 57.75%
  Epoch [11/1000]  loss: 0.8105  accuracy: 49.87%  val_loss: 0.6086  val_accuracy: 57.04%
  Epoch [12/1000]  loss: 0.7270  accuracy: 52.74%  val_loss: 0.5956  val_accuracy: 57.39%
  Epoch [13/1000]  loss: 0.7133  accuracy: 53.61%  val_loss: 0.5999  val_accuracy: 57.75%
  Epoch [14/1000]  loss: 0.7396  accuracy: 52.83%  val_loss: 0.5804  val_accuracy: 59.51%
  Epoch [15/1000]  loss: 0.6744  accuracy: 55.09%  val_loss: 0.5413  val_accuracy: 61.27%
  Epoch [16/1000]  loss: 0.6916  accuracy: 54.40%  val_loss: 0.5268  val_accuracy: 59.51%
  Epoch [17/1000]  loss: 0.6949  accuracy: 53.00%  val_loss: 0.5080  val_accuracy: 59.51%
  Epoch [18/1000]  loss: 0.7141  accuracy: 53.18%  val_loss: 0.5353  val_accuracy: 60.56%
  Epoch [19/1000]  loss: 0.6616  accuracy: 55.70%  val_loss: 0.5502  val_accuracy: 58.80%
  Epoch [20/1000]  loss: 0.6677  accuracy: 54.74%  val_loss: 0.5388  val_accuracy: 60.56%
  Epoch [21/1000]  loss: 0.6447  accuracy: 55.70%  val_loss: 0.5301  val_accuracy: 59.86%
  Epoch [22/1000]  loss: 0.6576  accuracy: 53.35%  val_loss: 0.4882  val_accuracy: 59.86%
  Epoch [23/1000]  loss: 0.6318  accuracy: 54.66%  val_loss: 0.5010  val_accuracy: 59.51%
  Epoch [24/1000]  loss: 0.6029  accuracy: 57.53%  val_loss: 0.5222  val_accuracy: 59.86%
  Epoch [25/1000]  loss: 0.5963  accuracy: 58.14%  val_loss: 0.5081  val_accuracy: 61.97%
  Epoch [26/1000]  loss: 0.5997  accuracy: 58.31%  val_loss: 0.4966  val_accuracy: 63.03%
  Epoch [27/1000]  loss: 0.6067  accuracy: 56.74%  val_loss: 0.4843  val_accuracy: 63.73%
  Epoch [28/1000]  loss: 0.5921  accuracy: 57.18%  val_loss: 0.5051  val_accuracy: 61.62%
  Epoch [29/1000]  loss: 0.6241  accuracy: 56.14%  val_loss: 0.5412  val_accuracy: 58.80%
  Epoch [30/1000]  loss: 0.5835  accuracy: 58.14%  val_loss: 0.4878  val_accuracy: 63.38%
  Epoch [31/1000]  loss: 0.5930  accuracy: 58.83%  val_loss: 0.5167  val_accuracy: 60.21%
  Epoch [32/1000]  loss: 0.5923  accuracy: 56.48%  val_loss: 0.5044  val_accuracy: 60.56%
  Epoch [33/1000]  loss: 0.6117  accuracy: 55.96%  val_loss: 0.5598  val_accuracy: 60.21%
  Epoch [34/1000]  loss: 0.6014  accuracy: 58.05%  val_loss: 0.4895  val_accuracy: 59.86%
  Epoch [35/1000]  loss: 0.5816  accuracy: 57.79%  val_loss: 0.4769  val_accuracy: 60.92%
  Epoch [36/1000]  loss: 0.5601  accuracy: 58.49%  val_loss: 0.4649  val_accuracy: 62.32%
  Epoch [37/1000]  loss: 0.5369  accuracy: 60.40%  val_loss: 0.5054  val_accuracy: 60.21%
  Epoch [38/1000]  loss: 0.5787  accuracy: 57.53%  val_loss: 0.4828  val_accuracy: 63.73%
  Epoch [39/1000]  loss: 0.5565  accuracy: 58.49%  val_loss: 0.5078  val_accuracy: 58.10%
  Epoch [40/1000]  loss: 0.5439  accuracy: 59.01%  val_loss: 0.4468  val_accuracy: 63.38%
  Epoch [41/1000]  loss: 0.5432  accuracy: 59.27%  val_loss: 0.4988  val_accuracy: 59.86%
  Epoch [42/1000]  loss: 0.5444  accuracy: 59.44%  val_loss: 0.4961  val_accuracy: 61.27%
  Epoch [43/1000]  loss: 0.5743  accuracy: 59.79%  val_loss: 0.4599  val_accuracy: 60.92%
  Epoch [44/1000]  loss: 0.5535  accuracy: 58.49%  val_loss: 0.5469  val_accuracy: 55.28%
  Epoch [45/1000]  loss: 0.5243  accuracy: 60.57%  val_loss: 0.4505  val_accuracy: 63.38%
  Epoch [46/1000]  loss: 0.5279  accuracy: 60.92%  val_loss: 0.4838  val_accuracy: 62.32%
  Epoch [47/1000]  loss: 0.5035  accuracy: 59.44%  val_loss: 0.4833  val_accuracy: 62.68%
  Epoch [48/1000]  loss: 0.5736  accuracy: 57.44%  val_loss: 0.4990  val_accuracy: 61.27%
  Epoch [49/1000]  loss: 0.5217  accuracy: 58.66%  val_loss: 0.4965  val_accuracy: 60.56%
  Epoch [50/1000]  loss: 0.5125  accuracy: 60.57%  val_loss: 0.4694  val_accuracy: 61.97%
  Epoch [51/1000]  loss: 0.5294  accuracy: 59.97%  val_loss: 0.4704  val_accuracy: 62.32%
  Epoch [52/1000]  loss: 0.5141  accuracy: 58.22%  val_loss: 0.4589  val_accuracy: 61.62%
  Epoch [53/1000]  loss: 0.5208  accuracy: 61.36%  val_loss: 0.4775  val_accuracy: 59.15%
  Epoch [54/1000]  loss: 0.4991  accuracy: 59.53%  val_loss: 0.4812  val_accuracy: 61.27%
  Epoch [55/1000]  loss: 0.4948  accuracy: 61.27%  val_loss: 0.4178  val_accuracy: 63.73%
  Epoch [56/1000]  loss: 0.5355  accuracy: 58.14%  val_loss: 0.4436  val_accuracy: 62.68%
  Epoch [57/1000]  loss: 0.4935  accuracy: 60.75%  val_loss: 0.4826  val_accuracy: 63.03%
  Epoch [58/1000]  loss: 0.5319  accuracy: 60.75%  val_loss: 0.4702  val_accuracy: 64.44%
  Epoch [59/1000]  loss: 0.4814  accuracy: 61.62%  val_loss: 0.4408  val_accuracy: 64.08%
  Epoch [60/1000]  loss: 0.5038  accuracy: 60.75%  val_loss: 0.4710  val_accuracy: 63.73%
  Epoch [61/1000]  loss: 0.4757  accuracy: 62.66%  val_loss: 0.4612  val_accuracy: 63.73%
  Epoch [62/1000]  loss: 0.4776  accuracy: 61.44%  val_loss: 0.4830  val_accuracy: 60.56%
  Epoch [63/1000]  loss: 0.4690  accuracy: 61.18%  val_loss: 0.4417  val_accuracy: 64.44%
  Epoch [64/1000]  loss: 0.4822  accuracy: 63.01%  val_loss: 0.4437  val_accuracy: 63.03%
  Epoch [65/1000]  loss: 0.4868  accuracy: 62.40%  val_loss: 0.4056  val_accuracy: 66.55%
  Epoch [66/1000]  loss: 0.4885  accuracy: 60.57%  val_loss: 0.3923  val_accuracy: 66.20%
  Epoch [67/1000]  loss: 0.4642  accuracy: 61.97%  val_loss: 0.4470  val_accuracy: 64.44%
  Epoch [68/1000]  loss: 0.4577  accuracy: 63.01%  val_loss: 0.4256  val_accuracy: 62.32%
  Epoch [69/1000]  loss: 0.4628  accuracy: 62.05%  val_loss: 0.4247  val_accuracy: 63.73%
  Epoch [70/1000]  loss: 0.4527  accuracy: 62.84%  val_loss: 0.5100  val_accuracy: 62.32%
  Epoch [71/1000]  loss: 0.4622  accuracy: 61.97%  val_loss: 0.4240  val_accuracy: 63.38%
  Epoch [72/1000]  loss: 0.4732  accuracy: 61.88%  val_loss: 0.4252  val_accuracy: 65.85%
  Epoch [73/1000]  loss: 0.4574  accuracy: 63.53%  val_loss: 0.4278  val_accuracy: 63.38%
  Epoch [74/1000]  loss: 0.4503  accuracy: 61.97%  val_loss: 0.4533  val_accuracy: 64.79%
  Epoch [75/1000]  loss: 0.4499  accuracy: 63.62%  val_loss: 0.5358  val_accuracy: 60.21%
  Epoch [76/1000]  loss: 0.4787  accuracy: 61.88%  val_loss: 0.4542  val_accuracy: 64.79%
  Epoch [77/1000]  loss: 0.4443  accuracy: 62.40%  val_loss: 0.4741  val_accuracy: 63.73%
  Epoch [78/1000]  loss: 0.4469  accuracy: 63.10%  val_loss: 0.4298  val_accuracy: 63.38%
  Epoch [79/1000]  loss: 0.4386  accuracy: 64.06%  val_loss: 0.4511  val_accuracy: 61.62%
  Epoch [80/1000]  loss: 0.4462  accuracy: 61.97%  val_loss: 0.4271  val_accuracy: 66.20%
  Epoch [81/1000]  loss: 0.4460  accuracy: 63.36%  val_loss: 0.4802  val_accuracy: 63.38%
  Epoch [82/1000]  loss: 0.4346  accuracy: 64.40%  val_loss: 0.4026  val_accuracy: 67.25%
  Epoch [83/1000]  loss: 0.4641  accuracy: 63.19%  val_loss: 0.4255  val_accuracy: 64.08%
  Epoch [84/1000]  loss: 0.4434  accuracy: 63.19%  val_loss: 0.4205  val_accuracy: 64.79%
  Epoch [85/1000]  loss: 0.4443  accuracy: 61.79%  val_loss: 0.4610  val_accuracy: 65.49%
  Epoch [86/1000]  loss: 0.4386  accuracy: 61.62%  val_loss: 0.4778  val_accuracy: 61.97%
  Early stopping triggered after 86 epochs (no improvement for 20 epochs).

  Fold 5 result: val_loss: 0.3923  val_accuracy: 66.20%

======================================================================
Cross-Validation Summary
======================================================================
    Fold      Val Loss      Val Accuracy
  ----------------------------------------
       1        0.3460            66.09%
       2        0.4655            65.85%
       3        0.4496            62.72%
       4        0.4878            61.19%
       5        0.3923            66.20%
  ----------------------------------------
    Mean        0.4283 ± 0.0580        64.41% ± 2.31%
======================================================================

Training final model on the full train+val pool...
----------------------------------------------------------------------
  Epoch [1/1000]  loss: 1.4842  accuracy: 30.50%
  Epoch [2/1000]  loss: 1.0335  accuracy: 41.73%
  Epoch [3/1000]  loss: 0.9701  accuracy: 44.10%
  Epoch [4/1000]  loss: 0.8853  accuracy: 47.87%
  Epoch [5/1000]  loss: 0.8725  accuracy: 48.29%
  Epoch [6/1000]  loss: 0.8186  accuracy: 50.80%
  Epoch [7/1000]  loss: 0.7595  accuracy: 53.11%
  Epoch [8/1000]  loss: 0.7469  accuracy: 53.66%
  Epoch [9/1000]  loss: 0.7488  accuracy: 52.62%
  Epoch [10/1000]  loss: 0.7116  accuracy: 55.13%
  Epoch [11/1000]  loss: 0.7204  accuracy: 54.71%
  Epoch [12/1000]  loss: 0.7132  accuracy: 53.87%
  Epoch [13/1000]  loss: 0.6875  accuracy: 54.64%
  Epoch [14/1000]  loss: 0.7257  accuracy: 53.18%
  Epoch [15/1000]  loss: 0.6902  accuracy: 54.85%
  Epoch [16/1000]  loss: 0.6300  accuracy: 57.99%
  Epoch [17/1000]  loss: 0.6373  accuracy: 56.59%
  Epoch [18/1000]  loss: 0.6432  accuracy: 56.73%
  Epoch [19/1000]  loss: 0.6299  accuracy: 56.32%
  Epoch [20/1000]  loss: 0.6001  accuracy: 56.25%
  Epoch [21/1000]  loss: 0.5851  accuracy: 57.85%
  Epoch [22/1000]  loss: 0.6422  accuracy: 54.99%
  Epoch [23/1000]  loss: 0.6009  accuracy: 57.99%
  Epoch [24/1000]  loss: 0.6047  accuracy: 56.87%
  Epoch [25/1000]  loss: 0.6125  accuracy: 57.36%
  Epoch [26/1000]  loss: 0.6041  accuracy: 58.27%
  Epoch [27/1000]  loss: 0.5536  accuracy: 58.48%
  Epoch [28/1000]  loss: 0.5558  accuracy: 60.22%
  Epoch [29/1000]  loss: 0.5780  accuracy: 59.67%
  Epoch [30/1000]  loss: 0.5482  accuracy: 58.97%
  Epoch [31/1000]  loss: 0.5777  accuracy: 58.20%
  Epoch [32/1000]  loss: 0.5552  accuracy: 59.46%
  Epoch [33/1000]  loss: 0.5316  accuracy: 59.80%
  Epoch [34/1000]  loss: 0.5254  accuracy: 61.97%
  Epoch [35/1000]  loss: 0.5518  accuracy: 59.87%
  Epoch [36/1000]  loss: 0.5357  accuracy: 57.57%
  Epoch [37/1000]  loss: 0.5637  accuracy: 57.71%
  Epoch [38/1000]  loss: 0.5225  accuracy: 60.78%
  Epoch [39/1000]  loss: 0.5363  accuracy: 60.36%
  Epoch [40/1000]  loss: 0.5350  accuracy: 60.64%
  Epoch [41/1000]  loss: 0.5143  accuracy: 60.50%
  Epoch [42/1000]  loss: 0.5254  accuracy: 59.18%
  Epoch [43/1000]  loss: 0.5234  accuracy: 60.78%
  Epoch [44/1000]  loss: 0.5129  accuracy: 59.67%
  Epoch [45/1000]  loss: 0.5241  accuracy: 60.64%
  Epoch [46/1000]  loss: 0.5344  accuracy: 59.25%
  Epoch [47/1000]  loss: 0.5041  accuracy: 60.71%
  Epoch [48/1000]  loss: 0.5018  accuracy: 60.43%
  Epoch [49/1000]  loss: 0.5076  accuracy: 59.60%
  Epoch [50/1000]  loss: 0.5183  accuracy: 59.80%
  Epoch [51/1000]  loss: 0.4947  accuracy: 61.34%
  Epoch [52/1000]  loss: 0.5060  accuracy: 61.90%
  Epoch [53/1000]  loss: 0.4593  accuracy: 63.22%
  Epoch [54/1000]  loss: 0.5055  accuracy: 61.83%
  Epoch [55/1000]  loss: 0.4645  accuracy: 61.90%
  Epoch [56/1000]  loss: 0.4702  accuracy: 63.29%
  Epoch [57/1000]  loss: 0.4966  accuracy: 62.25%
  Epoch [58/1000]  loss: 0.4644  accuracy: 62.74%
  Epoch [59/1000]  loss: 0.4749  accuracy: 61.34%
  Epoch [60/1000]  loss: 0.4675  accuracy: 60.99%
  Epoch [61/1000]  loss: 0.4554  accuracy: 63.01%
  Epoch [62/1000]  loss: 0.4675  accuracy: 63.85%
  Epoch [63/1000]  loss: 0.4607  accuracy: 61.62%
  Epoch [64/1000]  loss: 0.4636  accuracy: 61.90%
  Epoch [65/1000]  loss: 0.4449  accuracy: 63.43%
  Epoch [66/1000]  loss: 0.4378  accuracy: 62.94%
  Epoch [67/1000]  loss: 0.4390  accuracy: 64.27%
  Epoch [68/1000]  loss: 0.4289  accuracy: 65.67%
  Epoch [69/1000]  loss: 0.4375  accuracy: 63.50%
  Epoch [70/1000]  loss: 0.4324  accuracy: 63.92%
  Epoch [71/1000]  loss: 0.4371  accuracy: 63.08%
  Epoch [72/1000]  loss: 0.4201  accuracy: 62.94%
  Epoch [73/1000]  loss: 0.4675  accuracy: 62.11%
  Epoch [74/1000]  loss: 0.4470  accuracy: 62.67%
  Epoch [75/1000]  loss: 0.4338  accuracy: 64.06%
  Epoch [76/1000]  loss: 0.4702  accuracy: 61.97%
  Epoch [77/1000]  loss: 0.4389  accuracy: 64.06%
  Epoch [78/1000]  loss: 0.4255  accuracy: 65.11%
  Epoch [79/1000]  loss: 0.4413  accuracy: 63.36%
  Epoch [80/1000]  loss: 0.4254  accuracy: 63.71%
  Epoch [81/1000]  loss: 0.4222  accuracy: 64.48%
  Epoch [82/1000]  loss: 0.4378  accuracy: 61.76%
  Epoch [83/1000]  loss: 0.4295  accuracy: 66.09%
  Epoch [84/1000]  loss: 0.4281  accuracy: 63.71%
  Epoch [85/1000]  loss: 0.4371  accuracy: 64.13%
  Epoch [86/1000]  loss: 0.4031  accuracy: 63.78%
  Epoch [87/1000]  loss: 0.4314  accuracy: 64.20%
  Epoch [88/1000]  loss: 0.4117  accuracy: 64.83%
  Epoch [89/1000]  loss: 0.4009  accuracy: 64.83%
  Epoch [90/1000]  loss: 0.4172  accuracy: 64.13%
  Epoch [91/1000]  loss: 0.4087  accuracy: 65.53%
  Epoch [92/1000]  loss: 0.4084  accuracy: 65.53%
  Epoch [93/1000]  loss: 0.4109  accuracy: 64.41%
  Epoch [94/1000]  loss: 0.4039  accuracy: 63.64%
  Epoch [95/1000]  loss: 0.4081  accuracy: 64.48%
  Epoch [96/1000]  loss: 0.4081  accuracy: 65.04%
  Epoch [97/1000]  loss: 0.4012  accuracy: 64.34%
  Epoch [98/1000]  loss: 0.4008  accuracy: 65.11%
  Epoch [99/1000]  loss: 0.4023  accuracy: 64.34%
  Epoch [100/1000]  loss: 0.4152  accuracy: 64.90%
  Epoch [101/1000]  loss: 0.4247  accuracy: 63.15%
  Epoch [102/1000]  loss: 0.3886  accuracy: 66.99%
  Epoch [103/1000]  loss: 0.4128  accuracy: 63.99%
  Epoch [104/1000]  loss: 0.4027  accuracy: 64.41%
  Epoch [105/1000]  loss: 0.3975  accuracy: 65.88%
  Epoch [106/1000]  loss: 0.3687  accuracy: 66.22%
  Epoch [107/1000]  loss: 0.3615  accuracy: 65.46%
  Epoch [108/1000]  loss: 0.3943  accuracy: 65.04%
  Epoch [109/1000]  loss: 0.3827  accuracy: 65.04%
  Epoch [110/1000]  loss: 0.3935  accuracy: 63.36%
  Epoch [111/1000]  loss: 0.3733  accuracy: 66.50%
  Epoch [112/1000]  loss: 0.3836  accuracy: 65.32%
  Epoch [113/1000]  loss: 0.3939  accuracy: 64.48%
  Epoch [114/1000]  loss: 0.3696  accuracy: 64.83%
  Epoch [115/1000]  loss: 0.3819  accuracy: 66.22%
  Epoch [116/1000]  loss: 0.3800  accuracy: 65.95%
  Epoch [117/1000]  loss: 0.3955  accuracy: 65.95%
  Epoch [118/1000]  loss: 0.3809  accuracy: 65.67%
  Epoch [119/1000]  loss: 0.3807  accuracy: 65.39%
  Epoch [120/1000]  loss: 0.3560  accuracy: 66.43%
  Epoch [121/1000]  loss: 0.3623  accuracy: 67.27%
  Epoch [122/1000]  loss: 0.3959  accuracy: 65.32%
  Epoch [123/1000]  loss: 0.3930  accuracy: 65.18%
  Epoch [124/1000]  loss: 0.3762  accuracy: 66.15%
  Epoch [125/1000]  loss: 0.3683  accuracy: 67.20%
  Epoch [126/1000]  loss: 0.3723  accuracy: 66.15%
  Epoch [127/1000]  loss: 0.3566  accuracy: 65.46%
  Epoch [128/1000]  loss: 0.3745  accuracy: 67.62%
  Epoch [129/1000]  loss: 0.3573  accuracy: 66.99%
  Epoch [130/1000]  loss: 0.3664  accuracy: 66.85%
  Epoch [131/1000]  loss: 0.3457  accuracy: 67.90%
  Epoch [132/1000]  loss: 0.3712  accuracy: 66.71%
  Epoch [133/1000]  loss: 0.3806  accuracy: 66.09%
  Epoch [134/1000]  loss: 0.3520  accuracy: 66.36%
  Epoch [135/1000]  loss: 0.3491  accuracy: 66.64%
  Epoch [136/1000]  loss: 0.3702  accuracy: 65.88%
  Epoch [137/1000]  loss: 0.3414  accuracy: 66.78%
  Epoch [138/1000]  loss: 0.3527  accuracy: 66.92%
  Epoch [139/1000]  loss: 0.3552  accuracy: 66.85%
  Epoch [140/1000]  loss: 0.3461  accuracy: 68.18%
  Epoch [141/1000]  loss: 0.3417  accuracy: 67.55%
  Epoch [142/1000]  loss: 0.3488  accuracy: 67.76%
  Epoch [143/1000]  loss: 0.3466  accuracy: 67.27%
  Epoch [144/1000]  loss: 0.3371  accuracy: 68.25%
  Epoch [145/1000]  loss: 0.3444  accuracy: 67.41%
  Epoch [146/1000]  loss: 0.3494  accuracy: 66.15%
  Epoch [147/1000]  loss: 0.3421  accuracy: 67.55%
  Epoch [148/1000]  loss: 0.3353  accuracy: 67.97%
  Epoch [149/1000]  loss: 0.3290  accuracy: 67.48%
  Epoch [150/1000]  loss: 0.3608  accuracy: 67.20%
  Epoch [151/1000]  loss: 0.3382  accuracy: 68.53%
  Epoch [152/1000]  loss: 0.3439  accuracy: 68.60%
  Epoch [153/1000]  loss: 0.3373  accuracy: 67.76%
  Epoch [154/1000]  loss: 0.3408  accuracy: 68.32%
  Epoch [155/1000]  loss: 0.3484  accuracy: 67.13%
  Epoch [156/1000]  loss: 0.3227  accuracy: 68.88%
  Epoch [157/1000]  loss: 0.3364  accuracy: 66.99%
  Epoch [158/1000]  loss: 0.3452  accuracy: 68.32%
  Epoch [159/1000]  loss: 0.3331  accuracy: 68.74%
  Epoch [160/1000]  loss: 0.3281  accuracy: 67.06%
  Epoch [161/1000]  loss: 0.3387  accuracy: 68.25%
  Epoch [162/1000]  loss: 0.3347  accuracy: 68.88%
  Epoch [163/1000]  loss: 0.3349  accuracy: 67.76%
  Epoch [164/1000]  loss: 0.3354  accuracy: 69.30%
  Epoch [165/1000]  loss: 0.3421  accuracy: 67.76%
  Epoch [166/1000]  loss: 0.3354  accuracy: 67.69%
  Epoch [167/1000]  loss: 0.3257  accuracy: 68.81%
  Epoch [168/1000]  loss: 0.3378  accuracy: 66.99%
  Epoch [169/1000]  loss: 0.3164  accuracy: 69.64%
  Epoch [170/1000]  loss: 0.3324  accuracy: 68.67%
  Epoch [171/1000]  loss: 0.3313  accuracy: 67.83%
  Epoch [172/1000]  loss: 0.3333  accuracy: 68.32%
  Epoch [173/1000]  loss: 0.3294  accuracy: 68.25%
  Epoch [174/1000]  loss: 0.3386  accuracy: 67.90%
  Epoch [175/1000]  loss: 0.3340  accuracy: 68.81%
  Epoch [176/1000]  loss: 0.3298  accuracy: 68.39%
  Epoch [177/1000]  loss: 0.3376  accuracy: 67.83%
  Epoch [178/1000]  loss: 0.3270  accuracy: 68.04%
  Epoch [179/1000]  loss: 0.3277  accuracy: 68.25%
  Epoch [180/1000]  loss: 0.3252  accuracy: 68.60%
  Epoch [181/1000]  loss: 0.3154  accuracy: 68.81%
  Epoch [182/1000]  loss: 0.3364  accuracy: 68.60%
  Epoch [183/1000]  loss: 0.3113  accuracy: 69.23%
  Epoch [184/1000]  loss: 0.3117  accuracy: 68.60%
  Epoch [185/1000]  loss: 0.3204  accuracy: 68.95%
  Epoch [186/1000]  loss: 0.3024  accuracy: 69.43%
  Epoch [187/1000]  loss: 0.3192  accuracy: 68.39%
  Epoch [188/1000]  loss: 0.3124  accuracy: 69.99%
  Epoch [189/1000]  loss: 0.3072  accuracy: 69.30%
  Epoch [190/1000]  loss: 0.3013  accuracy: 68.60%
  Epoch [191/1000]  loss: 0.3163  accuracy: 69.85%
  Epoch [192/1000]  loss: 0.3160  accuracy: 71.32%
  Epoch [193/1000]  loss: 0.3155  accuracy: 70.34%
  Epoch [194/1000]  loss: 0.2979  accuracy: 69.64%
  Epoch [195/1000]  loss: 0.3049  accuracy: 70.83%
  Epoch [196/1000]  loss: 0.2861  accuracy: 72.02%
  Epoch [197/1000]  loss: 0.3049  accuracy: 70.90%
  Epoch [198/1000]  loss: 0.3228  accuracy: 69.23%
  Epoch [199/1000]  loss: 0.3002  accuracy: 70.20%
  Epoch [200/1000]  loss: 0.2905  accuracy: 70.48%
  Epoch [201/1000]  loss: 0.2941  accuracy: 71.11%
  Epoch [202/1000]  loss: 0.2852  accuracy: 70.27%
  Epoch [203/1000]  loss: 0.3059  accuracy: 70.48%
  Epoch [204/1000]  loss: 0.3136  accuracy: 69.50%
  Epoch [205/1000]  loss: 0.3162  accuracy: 70.27%
  Epoch [206/1000]  loss: 0.3106  accuracy: 70.27%
  Epoch [207/1000]  loss: 0.3120  accuracy: 70.34%
  Epoch [208/1000]  loss: 0.2882  accuracy: 70.41%
  Epoch [209/1000]  loss: 0.2987  accuracy: 70.62%
  Epoch [210/1000]  loss: 0.2743  accuracy: 70.76%
  Epoch [211/1000]  loss: 0.2956  accuracy: 70.62%
  Epoch [212/1000]  loss: 0.3155  accuracy: 70.41%
  Epoch [213/1000]  loss: 0.3098  accuracy: 71.25%
  Epoch [214/1000]  loss: 0.2976  accuracy: 71.81%
  Epoch [215/1000]  loss: 0.3089  accuracy: 70.48%
  Epoch [216/1000]  loss: 0.3289  accuracy: 69.09%
  Epoch [217/1000]  loss: 0.3103  accuracy: 68.81%
  Epoch [218/1000]  loss: 0.2976  accuracy: 70.13%
  Epoch [219/1000]  loss: 0.3033  accuracy: 71.60%
  Epoch [220/1000]  loss: 0.3243  accuracy: 70.48%
  Epoch [221/1000]  loss: 0.3076  accuracy: 69.43%
  Epoch [222/1000]  loss: 0.2950  accuracy: 70.06%
  Epoch [223/1000]  loss: 0.3131  accuracy: 70.34%
  Epoch [224/1000]  loss: 0.3025  accuracy: 70.13%
  Epoch [225/1000]  loss: 0.2877  accuracy: 70.90%
  Epoch [226/1000]  loss: 0.3303  accuracy: 70.20%
  Epoch [227/1000]  loss: 0.2961  accuracy: 70.48%
  Epoch [228/1000]  loss: 0.2851  accuracy: 71.32%
  Epoch [229/1000]  loss: 0.2987  accuracy: 70.69%
  Epoch [230/1000]  loss: 0.3208  accuracy: 69.57%
  Epoch [231/1000]  loss: 0.2786  accuracy: 70.69%
  Epoch [232/1000]  loss: 0.3101  accuracy: 69.50%
  Epoch [233/1000]  loss: 0.2991  accuracy: 70.20%
  Epoch [234/1000]  loss: 0.2958  accuracy: 69.71%
  Epoch [235/1000]  loss: 0.2826  accuracy: 71.81%
  Epoch [236/1000]  loss: 0.2883  accuracy: 71.04%
  Epoch [237/1000]  loss: 0.2773  accuracy: 72.58%
  Epoch [238/1000]  loss: 0.2892  accuracy: 70.97%
  Epoch [239/1000]  loss: 0.2892  accuracy: 71.74%
  Epoch [240/1000]  loss: 0.2699  accuracy: 71.88%
  Epoch [241/1000]  loss: 0.2776  accuracy: 72.09%
  Epoch [242/1000]  loss: 0.2648  accuracy: 72.58%
  Epoch [243/1000]  loss: 0.2801  accuracy: 70.83%
  Epoch [244/1000]  loss: 0.3134  accuracy: 70.41%
  Epoch [245/1000]  loss: 0.2825  accuracy: 71.32%
  Epoch [246/1000]  loss: 0.2705  accuracy: 72.92%
  Epoch [247/1000]  loss: 0.2897  accuracy: 70.90%
  Epoch [248/1000]  loss: 0.2946  accuracy: 71.46%
  Epoch [249/1000]  loss: 0.2750  accuracy: 72.37%
  Epoch [250/1000]  loss: 0.2772  accuracy: 73.20%
  Epoch [251/1000]  loss: 0.2751  accuracy: 70.69%
  Epoch [252/1000]  loss: 0.2823  accuracy: 71.74%
  Epoch [253/1000]  loss: 0.2699  accuracy: 72.30%
  Epoch [254/1000]  loss: 0.2843  accuracy: 72.44%
  Epoch [255/1000]  loss: 0.3055  accuracy: 70.83%
  Epoch [256/1000]  loss: 0.2692  accuracy: 71.67%
  Epoch [257/1000]  loss: 0.2780  accuracy: 72.09%
  Epoch [258/1000]  loss: 0.2746  accuracy: 70.97%
  Epoch [259/1000]  loss: 0.2574  accuracy: 72.78%
  Epoch [260/1000]  loss: 0.2763  accuracy: 71.18%
  Epoch [261/1000]  loss: 0.2544  accuracy: 74.32%
  Epoch [262/1000]  loss: 0.2765  accuracy: 72.64%
  Epoch [263/1000]  loss: 0.2953  accuracy: 71.67%
  Epoch [264/1000]  loss: 0.2694  accuracy: 73.41%
  Epoch [265/1000]  loss: 0.2613  accuracy: 73.48%
  Epoch [266/1000]  loss: 0.2934  accuracy: 72.02%
  Epoch [267/1000]  loss: 0.2801  accuracy: 70.83%
  Epoch [268/1000]  loss: 0.2788  accuracy: 71.11%
  Epoch [269/1000]  loss: 0.2722  accuracy: 72.23%
  Epoch [270/1000]  loss: 0.2667  accuracy: 73.20%
  Epoch [271/1000]  loss: 0.2683  accuracy: 72.44%
  Epoch [272/1000]  loss: 0.2758  accuracy: 72.30%
  Epoch [273/1000]  loss: 0.2638  accuracy: 73.13%
  Epoch [274/1000]  loss: 0.2593  accuracy: 72.09%
  Epoch [275/1000]  loss: 0.2941  accuracy: 70.83%
  Epoch [276/1000]  loss: 0.2707  accuracy: 72.02%
  Epoch [277/1000]  loss: 0.2620  accuracy: 72.99%
  Epoch [278/1000]  loss: 0.2739  accuracy: 71.81%
  Epoch [279/1000]  loss: 0.2592  accuracy: 73.20%
  Epoch [280/1000]  loss: 0.2760  accuracy: 72.99%
  Epoch [281/1000]  loss: 0.2595  accuracy: 73.41%
  Epoch [282/1000]  loss: 0.2629  accuracy: 72.37%
  Epoch [283/1000]  loss: 0.2619  accuracy: 74.25%
  Epoch [284/1000]  loss: 0.2573  accuracy: 72.64%
  Epoch [285/1000]  loss: 0.2885  accuracy: 71.39%
  Epoch [286/1000]  loss: 0.2682  accuracy: 74.18%
  Epoch [287/1000]  loss: 0.2680  accuracy: 73.34%
  Epoch [288/1000]  loss: 0.2583  accuracy: 73.76%
  Epoch [289/1000]  loss: 0.2749  accuracy: 72.37%
  Epoch [290/1000]  loss: 0.2745  accuracy: 72.51%
  Epoch [291/1000]  loss: 0.2750  accuracy: 72.09%
  Epoch [292/1000]  loss: 0.2888  accuracy: 72.64%
  Epoch [293/1000]  loss: 0.2550  accuracy: 73.20%
  Epoch [294/1000]  loss: 0.2691  accuracy: 72.51%
  Epoch [295/1000]  loss: 0.2763  accuracy: 72.64%
  Epoch [296/1000]  loss: 0.2754  accuracy: 71.74%
  Epoch [297/1000]  loss: 0.2524  accuracy: 75.30%
  Epoch [298/1000]  loss: 0.2626  accuracy: 72.23%
  Epoch [299/1000]  loss: 0.2774  accuracy: 71.81%
  Epoch [300/1000]  loss: 0.2608  accuracy: 74.18%
  Epoch [301/1000]  loss: 0.2665  accuracy: 73.62%
  Epoch [302/1000]  loss: 0.2781  accuracy: 73.41%
  Epoch [303/1000]  loss: 0.2547  accuracy: 73.83%
  Epoch [304/1000]  loss: 0.2447  accuracy: 75.51%
  Epoch [305/1000]  loss: 0.2882  accuracy: 72.30%
  Epoch [306/1000]  loss: 0.2569  accuracy: 74.25%
  Epoch [307/1000]  loss: 0.2629  accuracy: 73.27%
  Epoch [308/1000]  loss: 0.2581  accuracy: 73.34%
  Epoch [309/1000]  loss: 0.2479  accuracy: 73.55%
  Epoch [310/1000]  loss: 0.2606  accuracy: 73.13%
  Epoch [311/1000]  loss: 0.2486  accuracy: 73.97%
  Epoch [312/1000]  loss: 0.2670  accuracy: 72.16%
  Epoch [313/1000]  loss: 0.2681  accuracy: 73.97%
  Epoch [314/1000]  loss: 0.2472  accuracy: 74.25%
  Epoch [315/1000]  loss: 0.2588  accuracy: 72.92%
  Epoch [316/1000]  loss: 0.2441  accuracy: 73.27%
  Epoch [317/1000]  loss: 0.2524  accuracy: 74.53%
  Epoch [318/1000]  loss: 0.2604  accuracy: 74.81%
  Epoch [319/1000]  loss: 0.2465  accuracy: 73.55%
  Epoch [320/1000]  loss: 0.2467  accuracy: 72.78%
  Epoch [321/1000]  loss: 0.2333  accuracy: 74.46%
  Epoch [322/1000]  loss: 0.2555  accuracy: 73.62%
  Epoch [323/1000]  loss: 0.2621  accuracy: 72.64%
  Epoch [324/1000]  loss: 0.2502  accuracy: 74.67%
  Epoch [325/1000]  loss: 0.2383  accuracy: 74.60%
  Epoch [326/1000]  loss: 0.2765  accuracy: 73.90%
  Epoch [327/1000]  loss: 0.2450  accuracy: 74.25%
  Epoch [328/1000]  loss: 0.2501  accuracy: 72.78%
  Epoch [329/1000]  loss: 0.2393  accuracy: 74.95%
  Epoch [330/1000]  loss: 0.2665  accuracy: 73.83%
  Epoch [331/1000]  loss: 0.2484  accuracy: 74.53%
  Epoch [332/1000]  loss: 0.2546  accuracy: 73.83%
  Epoch [333/1000]  loss: 0.2549  accuracy: 74.53%
  Epoch [334/1000]  loss: 0.2522  accuracy: 74.32%
  Epoch [335/1000]  loss: 0.2410  accuracy: 73.13%
  Epoch [336/1000]  loss: 0.2394  accuracy: 74.25%
  Epoch [337/1000]  loss: 0.2442  accuracy: 74.25%
  Epoch [338/1000]  loss: 0.2382  accuracy: 74.88%
  Epoch [339/1000]  loss: 0.2563  accuracy: 73.97%
  Epoch [340/1000]  loss: 0.2330  accuracy: 75.44%
  Epoch [341/1000]  loss: 0.2262  accuracy: 74.88%
  Epoch [342/1000]  loss: 0.2530  accuracy: 73.90%
  Epoch [343/1000]  loss: 0.2375  accuracy: 73.97%
  Epoch [344/1000]  loss: 0.2525  accuracy: 73.41%
  Epoch [345/1000]  loss: 0.2316  accuracy: 74.67%
  Epoch [346/1000]  loss: 0.2437  accuracy: 74.46%
  Epoch [347/1000]  loss: 0.2466  accuracy: 72.78%
  Epoch [348/1000]  loss: 0.2539  accuracy: 75.16%
  Epoch [349/1000]  loss: 0.2168  accuracy: 75.09%
  Epoch [350/1000]  loss: 0.2574  accuracy: 74.81%
  Epoch [351/1000]  loss: 0.2555  accuracy: 73.83%
  Epoch [352/1000]  loss: 0.2292  accuracy: 73.76%
  Epoch [353/1000]  loss: 0.2456  accuracy: 74.39%
  Epoch [354/1000]  loss: 0.2220  accuracy: 75.92%
  Epoch [355/1000]  loss: 0.2463  accuracy: 74.81%
  Epoch [356/1000]  loss: 0.2292  accuracy: 75.16%
  Epoch [357/1000]  loss: 0.2497  accuracy: 74.25%
  Epoch [358/1000]  loss: 0.2247  accuracy: 75.65%
  Epoch [359/1000]  loss: 0.2362  accuracy: 75.58%
  Epoch [360/1000]  loss: 0.2370  accuracy: 75.58%
  Epoch [361/1000]  loss: 0.2257  accuracy: 76.06%
  Epoch [362/1000]  loss: 0.2490  accuracy: 74.74%
  Epoch [363/1000]  loss: 0.2374  accuracy: 75.37%
  Epoch [364/1000]  loss: 0.2272  accuracy: 75.37%
  Epoch [365/1000]  loss: 0.2467  accuracy: 75.09%
  Epoch [366/1000]  loss: 0.2404  accuracy: 75.85%
  Epoch [367/1000]  loss: 0.2626  accuracy: 73.41%
  Epoch [368/1000]  loss: 0.2183  accuracy: 75.51%
  Epoch [369/1000]  loss: 0.2393  accuracy: 74.95%
  Epoch [370/1000]  loss: 0.2327  accuracy: 77.18%
  Epoch [371/1000]  loss: 0.2510  accuracy: 75.02%
  Epoch [372/1000]  loss: 0.2415  accuracy: 75.30%
  Epoch [373/1000]  loss: 0.2391  accuracy: 75.30%
  Epoch [374/1000]  loss: 0.2481  accuracy: 74.53%
  Epoch [375/1000]  loss: 0.2217  accuracy: 76.83%
  Epoch [376/1000]  loss: 0.2313  accuracy: 75.99%
  Epoch [377/1000]  loss: 0.2365  accuracy: 75.23%
  Epoch [378/1000]  loss: 0.2203  accuracy: 75.99%
  Epoch [379/1000]  loss: 0.2141  accuracy: 75.79%
  Epoch [380/1000]  loss: 0.2407  accuracy: 74.74%
  Epoch [381/1000]  loss: 0.2271  accuracy: 76.13%
  Epoch [382/1000]  loss: 0.2189  accuracy: 76.76%
  Epoch [383/1000]  loss: 0.2356  accuracy: 75.30%
  Epoch [384/1000]  loss: 0.2439  accuracy: 75.79%
  Epoch [385/1000]  loss: 0.2465  accuracy: 74.60%
  Epoch [386/1000]  loss: 0.2116  accuracy: 75.37%
  Epoch [387/1000]  loss: 0.2426  accuracy: 74.25%
  Epoch [388/1000]  loss: 0.2225  accuracy: 75.58%
  Epoch [389/1000]  loss: 0.2326  accuracy: 75.79%
  Epoch [390/1000]  loss: 0.2455  accuracy: 75.65%
  Epoch [391/1000]  loss: 0.2197  accuracy: 77.11%
  Epoch [392/1000]  loss: 0.2210  accuracy: 76.13%
  Epoch [393/1000]  loss: 0.2566  accuracy: 74.60%
  Epoch [394/1000]  loss: 0.2211  accuracy: 76.48%
  Epoch [395/1000]  loss: 0.2238  accuracy: 76.83%
  Epoch [396/1000]  loss: 0.2226  accuracy: 76.48%
  Epoch [397/1000]  loss: 0.2137  accuracy: 78.51%
  Epoch [398/1000]  loss: 0.2229  accuracy: 77.32%
  Epoch [399/1000]  loss: 0.2113  accuracy: 76.13%
  Epoch [400/1000]  loss: 0.2249  accuracy: 76.62%
  Epoch [401/1000]  loss: 0.2251  accuracy: 75.85%
  Epoch [402/1000]  loss: 0.2486  accuracy: 77.32%
  Epoch [403/1000]  loss: 0.2405  accuracy: 75.58%
  Epoch [404/1000]  loss: 0.2381  accuracy: 75.72%
  Epoch [405/1000]  loss: 0.2062  accuracy: 77.39%
  Epoch [406/1000]  loss: 0.2219  accuracy: 76.48%
  Epoch [407/1000]  loss: 0.2200  accuracy: 75.58%
  Epoch [408/1000]  loss: 0.2000  accuracy: 78.16%
  Epoch [409/1000]  loss: 0.2180  accuracy: 77.11%
  Epoch [410/1000]  loss: 0.2198  accuracy: 76.41%
  Epoch [411/1000]  loss: 0.2438  accuracy: 76.69%
  Epoch [412/1000]  loss: 0.2300  accuracy: 75.65%
  Epoch [413/1000]  loss: 0.2218  accuracy: 76.97%
  Epoch [414/1000]  loss: 0.2225  accuracy: 77.53%
  Epoch [415/1000]  loss: 0.2228  accuracy: 76.76%
  Epoch [416/1000]  loss: 0.2182  accuracy: 76.76%
  Epoch [417/1000]  loss: 0.2098  accuracy: 77.25%
  Epoch [418/1000]  loss: 0.2146  accuracy: 76.20%
  Epoch [419/1000]  loss: 0.2274  accuracy: 76.62%
  Epoch [420/1000]  loss: 0.2233  accuracy: 76.97%
  Epoch [421/1000]  loss: 0.2146  accuracy: 76.97%
  Epoch [422/1000]  loss: 0.2145  accuracy: 77.60%
  Epoch [423/1000]  loss: 0.2109  accuracy: 77.74%
  Epoch [424/1000]  loss: 0.2286  accuracy: 75.02%
  Epoch [425/1000]  loss: 0.2183  accuracy: 77.46%
  Epoch [426/1000]  loss: 0.2178  accuracy: 76.62%
  Epoch [427/1000]  loss: 0.2171  accuracy: 75.92%
  Epoch [428/1000]  loss: 0.2045  accuracy: 77.81%
  Epoch [429/1000]  loss: 0.2389  accuracy: 76.76%
  Epoch [430/1000]  loss: 0.1905  accuracy: 78.02%
  Epoch [431/1000]  loss: 0.2143  accuracy: 77.67%
  Epoch [432/1000]  loss: 0.2208  accuracy: 77.18%
  Epoch [433/1000]  loss: 0.2013  accuracy: 77.11%
  Epoch [434/1000]  loss: 0.1950  accuracy: 77.74%
  Epoch [435/1000]  loss: 0.2230  accuracy: 75.72%
  Epoch [436/1000]  loss: 0.2445  accuracy: 75.72%
  Epoch [437/1000]  loss: 0.2202  accuracy: 77.32%
  Epoch [438/1000]  loss: 0.2234  accuracy: 77.39%
  Epoch [439/1000]  loss: 0.1913  accuracy: 77.18%
  Epoch [440/1000]  loss: 0.2174  accuracy: 76.34%
  Epoch [441/1000]  loss: 0.2058  accuracy: 76.83%
  Epoch [442/1000]  loss: 0.2071  accuracy: 77.25%
  Epoch [443/1000]  loss: 0.2099  accuracy: 77.67%
  Epoch [444/1000]  loss: 0.1957  accuracy: 77.60%
  Epoch [445/1000]  loss: 0.2155  accuracy: 76.41%
  Epoch [446/1000]  loss: 0.2129  accuracy: 76.41%
  Epoch [447/1000]  loss: 0.2040  accuracy: 77.95%
  Epoch [448/1000]  loss: 0.2433  accuracy: 74.46%
  Epoch [449/1000]  loss: 0.2001  accuracy: 77.04%
  Epoch [450/1000]  loss: 0.2352  accuracy: 75.72%
  Epoch [451/1000]  loss: 0.2034  accuracy: 78.30%
  Epoch [452/1000]  loss: 0.2080  accuracy: 77.88%
  Epoch [453/1000]  loss: 0.1979  accuracy: 77.95%
  Epoch [454/1000]  loss: 0.2052  accuracy: 76.83%
  Epoch [455/1000]  loss: 0.1992  accuracy: 78.02%
  Epoch [456/1000]  loss: 0.2239  accuracy: 77.25%
  Epoch [457/1000]  loss: 0.2152  accuracy: 76.48%
  Epoch [458/1000]  loss: 0.2263  accuracy: 74.95%
  Epoch [459/1000]  loss: 0.1953  accuracy: 77.25%
  Epoch [460/1000]  loss: 0.2090  accuracy: 76.41%
  Epoch [461/1000]  loss: 0.1984  accuracy: 79.34%
  Epoch [462/1000]  loss: 0.2022  accuracy: 78.16%
  Epoch [463/1000]  loss: 0.1959  accuracy: 77.39%
  Epoch [464/1000]  loss: 0.2094  accuracy: 76.62%
  Epoch [465/1000]  loss: 0.2046  accuracy: 79.55%
  Epoch [466/1000]  loss: 0.2038  accuracy: 77.67%
  Epoch [467/1000]  loss: 0.1963  accuracy: 78.23%
  Epoch [468/1000]  loss: 0.2022  accuracy: 78.44%
  Epoch [469/1000]  loss: 0.1984  accuracy: 78.16%
  Epoch [470/1000]  loss: 0.2135  accuracy: 76.69%
  Epoch [471/1000]  loss: 0.2052  accuracy: 77.32%
  Epoch [472/1000]  loss: 0.2042  accuracy: 77.18%
  Epoch [473/1000]  loss: 0.1869  accuracy: 77.53%
  Epoch [474/1000]  loss: 0.2025  accuracy: 77.67%
  Epoch [475/1000]  loss: 0.2007  accuracy: 78.93%
  Epoch [476/1000]  loss: 0.1967  accuracy: 79.13%
  Epoch [477/1000]  loss: 0.2025  accuracy: 77.67%
  Epoch [478/1000]  loss: 0.1909  accuracy: 79.41%
  Epoch [479/1000]  loss: 0.2078  accuracy: 77.25%
  Epoch [480/1000]  loss: 0.1934  accuracy: 78.93%
  Epoch [481/1000]  loss: 0.1999  accuracy: 78.02%
  Epoch [482/1000]  loss: 0.1886  accuracy: 78.93%
  Epoch [483/1000]  loss: 0.1950  accuracy: 78.79%
  Epoch [484/1000]  loss: 0.2008  accuracy: 78.37%
  Epoch [485/1000]  loss: 0.1958  accuracy: 77.88%
  Epoch [486/1000]  loss: 0.2026  accuracy: 76.90%
  Epoch [487/1000]  loss: 0.2138  accuracy: 76.83%
  Epoch [488/1000]  loss: 0.1901  accuracy: 79.62%
  Epoch [489/1000]  loss: 0.1898  accuracy: 78.51%
  Epoch [490/1000]  loss: 0.1978  accuracy: 79.27%
  Epoch [491/1000]  loss: 0.2079  accuracy: 78.37%
  Epoch [492/1000]  loss: 0.1867  accuracy: 79.62%
  Epoch [493/1000]  loss: 0.1920  accuracy: 78.51%
  Epoch [494/1000]  loss: 0.1830  accuracy: 79.34%
  Epoch [495/1000]  loss: 0.1915  accuracy: 79.06%
  Epoch [496/1000]  loss: 0.2034  accuracy: 78.65%
  Epoch [497/1000]  loss: 0.2075  accuracy: 76.76%
  Epoch [498/1000]  loss: 0.1973  accuracy: 79.48%
  Epoch [499/1000]  loss: 0.1967  accuracy: 78.58%
  Epoch [500/1000]  loss: 0.1849  accuracy: 80.32%
  Epoch [501/1000]  loss: 0.2021  accuracy: 79.00%
  Epoch [502/1000]  loss: 0.1844  accuracy: 79.41%
  Epoch [503/1000]  loss: 0.1964  accuracy: 79.00%
  Epoch [504/1000]  loss: 0.2036  accuracy: 78.79%
  Epoch [505/1000]  loss: 0.2077  accuracy: 76.48%
  Epoch [506/1000]  loss: 0.1953  accuracy: 78.44%
  Epoch [507/1000]  loss: 0.2225  accuracy: 77.74%
  Epoch [508/1000]  loss: 0.1956  accuracy: 78.02%
  Epoch [509/1000]  loss: 0.1761  accuracy: 80.53%
  Epoch [510/1000]  loss: 0.1925  accuracy: 77.74%
  Epoch [511/1000]  loss: 0.2062  accuracy: 78.09%
  Epoch [512/1000]  loss: 0.1908  accuracy: 78.51%
  Epoch [513/1000]  loss: 0.1800  accuracy: 79.69%
  Epoch [514/1000]  loss: 0.1816  accuracy: 79.34%
  Epoch [515/1000]  loss: 0.1788  accuracy: 80.53%
  Epoch [516/1000]  loss: 0.1944  accuracy: 78.79%
  Epoch [517/1000]  loss: 0.2186  accuracy: 77.32%
  Epoch [518/1000]  loss: 0.2045  accuracy: 79.20%
  Epoch [519/1000]  loss: 0.1884  accuracy: 78.93%
  Epoch [520/1000]  loss: 0.1759  accuracy: 79.55%
  Epoch [521/1000]  loss: 0.1707  accuracy: 79.69%
  Epoch [522/1000]  loss: 0.2057  accuracy: 78.02%
  Epoch [523/1000]  loss: 0.1666  accuracy: 79.90%
  Epoch [524/1000]  loss: 0.1890  accuracy: 78.72%
  Epoch [525/1000]  loss: 0.2095  accuracy: 79.55%
  Epoch [526/1000]  loss: 0.1944  accuracy: 80.32%
  Epoch [527/1000]  loss: 0.2096  accuracy: 78.23%
  Epoch [528/1000]  loss: 0.1918  accuracy: 78.37%
  Epoch [529/1000]  loss: 0.1920  accuracy: 78.58%
  Epoch [530/1000]  loss: 0.1927  accuracy: 78.93%
  Epoch [531/1000]  loss: 0.1874  accuracy: 78.16%
  Epoch [532/1000]  loss: 0.1786  accuracy: 79.76%
  Epoch [533/1000]  loss: 0.1897  accuracy: 78.37%
  Epoch [534/1000]  loss: 0.1762  accuracy: 80.04%
  Epoch [535/1000]  loss: 0.1751  accuracy: 79.76%
  Epoch [536/1000]  loss: 0.1747  accuracy: 79.27%
  Epoch [537/1000]  loss: 0.1669  accuracy: 81.02%
  Epoch [538/1000]  loss: 0.1662  accuracy: 80.25%
  Epoch [539/1000]  loss: 0.1675  accuracy: 80.18%
  Epoch [540/1000]  loss: 0.2081  accuracy: 77.95%
  Epoch [541/1000]  loss: 0.2050  accuracy: 78.23%
  Epoch [542/1000]  loss: 0.1774  accuracy: 79.90%
  Epoch [543/1000]  loss: 0.1923  accuracy: 78.72%
  Epoch [544/1000]  loss: 0.1825  accuracy: 80.60%
  Epoch [545/1000]  loss: 0.1753  accuracy: 79.48%
  Epoch [546/1000]  loss: 0.1762  accuracy: 80.60%
  Epoch [547/1000]  loss: 0.1838  accuracy: 79.27%
  Epoch [548/1000]  loss: 0.1641  accuracy: 79.83%
  Epoch [549/1000]  loss: 0.1933  accuracy: 79.97%
  Epoch [550/1000]  loss: 0.1906  accuracy: 78.65%
  Epoch [551/1000]  loss: 0.1887  accuracy: 79.48%
  Epoch [552/1000]  loss: 0.1784  accuracy: 79.27%
  Epoch [553/1000]  loss: 0.1689  accuracy: 80.74%
  Epoch [554/1000]  loss: 0.1822  accuracy: 80.04%
  Epoch [555/1000]  loss: 0.1930  accuracy: 78.93%
  Epoch [556/1000]  loss: 0.1861  accuracy: 79.90%
  Epoch [557/1000]  loss: 0.1855  accuracy: 78.02%
  Epoch [558/1000]  loss: 0.1894  accuracy: 79.90%
  Epoch [559/1000]  loss: 0.1953  accuracy: 79.00%
  Epoch [560/1000]  loss: 0.1794  accuracy: 77.81%
  Epoch [561/1000]  loss: 0.1700  accuracy: 79.69%
  Epoch [562/1000]  loss: 0.1745  accuracy: 79.97%
  Epoch [563/1000]  loss: 0.1748  accuracy: 80.18%
  Epoch [564/1000]  loss: 0.1924  accuracy: 79.27%
  Epoch [565/1000]  loss: 0.1924  accuracy: 78.79%
  Epoch [566/1000]  loss: 0.1759  accuracy: 78.86%
  Epoch [567/1000]  loss: 0.1707  accuracy: 79.55%
  Epoch [568/1000]  loss: 0.1733  accuracy: 79.62%
  Epoch [569/1000]  loss: 0.1802  accuracy: 80.53%
  Epoch [570/1000]  loss: 0.1959  accuracy: 78.30%
  Epoch [571/1000]  loss: 0.1754  accuracy: 80.18%
  Epoch [572/1000]  loss: 0.1607  accuracy: 80.81%
  Epoch [573/1000]  loss: 0.1830  accuracy: 80.74%
  Epoch [574/1000]  loss: 0.1722  accuracy: 81.09%
  Epoch [575/1000]  loss: 0.1680  accuracy: 81.02%
  Epoch [576/1000]  loss: 0.1897  accuracy: 79.20%
  Epoch [577/1000]  loss: 0.1965  accuracy: 79.90%
  Epoch [578/1000]  loss: 0.1710  accuracy: 80.67%
  Epoch [579/1000]  loss: 0.1687  accuracy: 79.90%
  Epoch [580/1000]  loss: 0.1730  accuracy: 79.62%
  Epoch [581/1000]  loss: 0.1725  accuracy: 80.74%
  Epoch [582/1000]  loss: 0.1822  accuracy: 80.25%
  Epoch [583/1000]  loss: 0.1723  accuracy: 81.58%
  Epoch [584/1000]  loss: 0.1836  accuracy: 79.34%
  Epoch [585/1000]  loss: 0.1751  accuracy: 81.44%
  Epoch [586/1000]  loss: 0.1734  accuracy: 80.39%
  Epoch [587/1000]  loss: 0.1807  accuracy: 78.58%
  Epoch [588/1000]  loss: 0.1664  accuracy: 82.34%
  Epoch [589/1000]  loss: 0.1888  accuracy: 79.62%
  Epoch [590/1000]  loss: 0.1685  accuracy: 81.30%
  Epoch [591/1000]  loss: 0.1882  accuracy: 79.55%
  Epoch [592/1000]  loss: 0.1698  accuracy: 80.60%
  Epoch [593/1000]  loss: 0.1777  accuracy: 80.39%
  Epoch [594/1000]  loss: 0.2035  accuracy: 80.04%
  Epoch [595/1000]  loss: 0.1672  accuracy: 80.46%
  Epoch [596/1000]  loss: 0.1903  accuracy: 80.53%
  Epoch [597/1000]  loss: 0.1848  accuracy: 78.51%
  Epoch [598/1000]  loss: 0.1507  accuracy: 81.79%
  Epoch [599/1000]  loss: 0.1802  accuracy: 80.25%
  Epoch [600/1000]  loss: 0.1694  accuracy: 80.32%
  Epoch [601/1000]  loss: 0.1659  accuracy: 81.37%
  Epoch [602/1000]  loss: 0.1651  accuracy: 79.62%
  Epoch [603/1000]  loss: 0.1593  accuracy: 80.95%
  Epoch [604/1000]  loss: 0.1710  accuracy: 79.62%
  Epoch [605/1000]  loss: 0.1911  accuracy: 78.65%
  Epoch [606/1000]  loss: 0.1653  accuracy: 81.93%
  Epoch [607/1000]  loss: 0.1586  accuracy: 80.81%
  Epoch [608/1000]  loss: 0.1697  accuracy: 80.32%
  Epoch [609/1000]  loss: 0.1580  accuracy: 82.14%
  Epoch [610/1000]  loss: 0.1649  accuracy: 79.55%
  Epoch [611/1000]  loss: 0.1803  accuracy: 80.67%
  Epoch [612/1000]  loss: 0.1578  accuracy: 80.25%
  Epoch [613/1000]  loss: 0.1731  accuracy: 81.23%
  Epoch [614/1000]  loss: 0.1786  accuracy: 81.09%
  Epoch [615/1000]  loss: 0.1545  accuracy: 82.14%
  Epoch [616/1000]  loss: 0.1520  accuracy: 80.04%
  Epoch [617/1000]  loss: 0.1670  accuracy: 79.69%
  Epoch [618/1000]  loss: 0.1680  accuracy: 81.02%
  Epoch [619/1000]  loss: 0.1644  accuracy: 80.88%
  Epoch [620/1000]  loss: 0.1676  accuracy: 81.37%
  Epoch [621/1000]  loss: 0.1894  accuracy: 79.97%
  Epoch [622/1000]  loss: 0.1730  accuracy: 80.74%
  Epoch [623/1000]  loss: 0.1620  accuracy: 81.23%
  Epoch [624/1000]  loss: 0.1735  accuracy: 80.67%
  Epoch [625/1000]  loss: 0.1731  accuracy: 81.09%
  Epoch [626/1000]  loss: 0.1867  accuracy: 79.97%
  Epoch [627/1000]  loss: 0.1515  accuracy: 81.72%
  Epoch [628/1000]  loss: 0.1605  accuracy: 80.53%
  Epoch [629/1000]  loss: 0.1575  accuracy: 81.86%
  Epoch [630/1000]  loss: 0.1841  accuracy: 81.09%
  Epoch [631/1000]  loss: 0.2201  accuracy: 78.93%
  Epoch [632/1000]  loss: 0.1703  accuracy: 80.39%
  Epoch [633/1000]  loss: 0.1677  accuracy: 79.90%
  Epoch [634/1000]  loss: 0.1636  accuracy: 81.72%
  Epoch [635/1000]  loss: 0.1674  accuracy: 81.65%
  Epoch [636/1000]  loss: 0.1877  accuracy: 78.72%
  Epoch [637/1000]  loss: 0.1652  accuracy: 82.21%
  Epoch [638/1000]  loss: 0.1517  accuracy: 81.09%
  Epoch [639/1000]  loss: 0.1650  accuracy: 81.30%
  Epoch [640/1000]  loss: 0.1624  accuracy: 81.58%
  Epoch [641/1000]  loss: 0.1629  accuracy: 81.58%
  Epoch [642/1000]  loss: 0.1761  accuracy: 80.25%
  Epoch [643/1000]  loss: 0.1466  accuracy: 82.07%
  Epoch [644/1000]  loss: 0.1678  accuracy: 81.23%
  Epoch [645/1000]  loss: 0.1755  accuracy: 80.81%
  Epoch [646/1000]  loss: 0.1524  accuracy: 81.44%
  Epoch [647/1000]  loss: 0.1538  accuracy: 81.51%
  Epoch [648/1000]  loss: 0.1651  accuracy: 82.14%
  Epoch [649/1000]  loss: 0.1554  accuracy: 82.21%
  Epoch [650/1000]  loss: 0.1614  accuracy: 81.16%
  Epoch [651/1000]  loss: 0.1437  accuracy: 82.90%
  Epoch [652/1000]  loss: 0.1636  accuracy: 81.30%
  Epoch [653/1000]  loss: 0.1572  accuracy: 80.88%
  Epoch [654/1000]  loss: 0.1507  accuracy: 81.79%
  Epoch [655/1000]  loss: 0.1616  accuracy: 81.51%
  Epoch [656/1000]  loss: 0.1575  accuracy: 82.27%
  Epoch [657/1000]  loss: 0.1766  accuracy: 80.53%
  Epoch [658/1000]  loss: 0.1903  accuracy: 79.41%
  Epoch [659/1000]  loss: 0.1684  accuracy: 81.16%
  Epoch [660/1000]  loss: 0.1509  accuracy: 81.86%
  Epoch [661/1000]  loss: 0.1732  accuracy: 81.86%
  Epoch [662/1000]  loss: 0.1772  accuracy: 80.95%
  Epoch [663/1000]  loss: 0.1612  accuracy: 79.97%
  Epoch [664/1000]  loss: 0.1580  accuracy: 82.14%
  Epoch [665/1000]  loss: 0.1678  accuracy: 80.95%
  Epoch [666/1000]  loss: 0.1548  accuracy: 81.72%
  Epoch [667/1000]  loss: 0.1575  accuracy: 82.41%
  Epoch [668/1000]  loss: 0.1804  accuracy: 80.46%
  Epoch [669/1000]  loss: 0.1647  accuracy: 80.88%
  Epoch [670/1000]  loss: 0.1569  accuracy: 82.14%
  Epoch [671/1000]  loss: 0.1500  accuracy: 82.07%
  Epoch [672/1000]  loss: 0.1604  accuracy: 82.90%
  Epoch [673/1000]  loss: 0.1727  accuracy: 81.72%
  Epoch [674/1000]  loss: 0.1508  accuracy: 82.27%
  Epoch [675/1000]  loss: 0.1667  accuracy: 81.58%
  Epoch [676/1000]  loss: 0.1560  accuracy: 81.79%
  Epoch [677/1000]  loss: 0.1334  accuracy: 84.44%
  Epoch [678/1000]  loss: 0.1510  accuracy: 83.25%
  Epoch [679/1000]  loss: 0.1480  accuracy: 81.72%
  Epoch [680/1000]  loss: 0.1844  accuracy: 81.72%
  Epoch [681/1000]  loss: 0.1602  accuracy: 81.72%
  Epoch [682/1000]  loss: 0.1717  accuracy: 80.81%
  Epoch [683/1000]  loss: 0.1585  accuracy: 82.00%
  Epoch [684/1000]  loss: 0.1527  accuracy: 82.07%
  Epoch [685/1000]  loss: 0.1426  accuracy: 82.76%
  Epoch [686/1000]  loss: 0.1557  accuracy: 82.83%
  Epoch [687/1000]  loss: 0.1615  accuracy: 81.51%
  Epoch [688/1000]  loss: 0.1683  accuracy: 81.23%
  Epoch [689/1000]  loss: 0.1572  accuracy: 81.86%
  Epoch [690/1000]  loss: 0.1486  accuracy: 82.62%
  Epoch [691/1000]  loss: 0.1527  accuracy: 81.79%
  Epoch [692/1000]  loss: 0.1600  accuracy: 82.07%
  Epoch [693/1000]  loss: 0.1441  accuracy: 83.11%
  Epoch [694/1000]  loss: 0.1466  accuracy: 82.27%
  Epoch [695/1000]  loss: 0.1461  accuracy: 82.97%
  Epoch [696/1000]  loss: 0.1852  accuracy: 80.39%
  Epoch [697/1000]  loss: 0.1650  accuracy: 81.79%
  Epoch [698/1000]  loss: 0.1547  accuracy: 82.21%
  Epoch [699/1000]  loss: 0.1496  accuracy: 81.51%
  Epoch [700/1000]  loss: 0.1652  accuracy: 81.37%
  Epoch [701/1000]  loss: 0.1540  accuracy: 81.86%
  Epoch [702/1000]  loss: 0.1458  accuracy: 82.21%
  Epoch [703/1000]  loss: 0.1455  accuracy: 82.34%
  Epoch [704/1000]  loss: 0.1560  accuracy: 82.00%
  Epoch [705/1000]  loss: 0.1383  accuracy: 83.18%
  Epoch [706/1000]  loss: 0.1450  accuracy: 83.39%
  Epoch [707/1000]  loss: 0.1509  accuracy: 82.97%
  Epoch [708/1000]  loss: 0.1576  accuracy: 81.79%
  Epoch [709/1000]  loss: 0.1365  accuracy: 83.11%
  Epoch [710/1000]  loss: 0.1380  accuracy: 83.53%
  Epoch [711/1000]  loss: 0.1426  accuracy: 82.97%
  Epoch [712/1000]  loss: 0.1453  accuracy: 84.02%
  Epoch [713/1000]  loss: 0.1340  accuracy: 83.53%
  Epoch [714/1000]  loss: 0.1405  accuracy: 83.53%
  Epoch [715/1000]  loss: 0.1508  accuracy: 82.97%
  Epoch [716/1000]  loss: 0.1595  accuracy: 82.76%
  Epoch [717/1000]  loss: 0.1635  accuracy: 81.37%
  Epoch [718/1000]  loss: 0.1423  accuracy: 81.79%
  Epoch [719/1000]  loss: 0.1393  accuracy: 83.74%
  Epoch [720/1000]  loss: 0.1739  accuracy: 82.62%
  Epoch [721/1000]  loss: 0.1344  accuracy: 83.18%
  Epoch [722/1000]  loss: 0.1534  accuracy: 82.00%
  Epoch [723/1000]  loss: 0.1500  accuracy: 81.79%
  Epoch [724/1000]  loss: 0.1586  accuracy: 81.93%
  Epoch [725/1000]  loss: 0.1466  accuracy: 83.60%
  Epoch [726/1000]  loss: 0.1437  accuracy: 83.67%
  Epoch [727/1000]  loss: 0.1380  accuracy: 82.00%
  Epoch [728/1000]  loss: 0.1363  accuracy: 82.48%
  Epoch [729/1000]  loss: 0.1378  accuracy: 83.04%
  Epoch [730/1000]  loss: 0.1583  accuracy: 82.14%
  Epoch [731/1000]  loss: 0.1422  accuracy: 83.74%
  Epoch [732/1000]  loss: 0.1434  accuracy: 83.60%
  Epoch [733/1000]  loss: 0.1203  accuracy: 84.86%
  Epoch [734/1000]  loss: 0.1554  accuracy: 82.76%
  Epoch [735/1000]  loss: 0.1562  accuracy: 81.79%
  Epoch [736/1000]  loss: 0.1481  accuracy: 82.76%
  Epoch [737/1000]  loss: 0.1447  accuracy: 82.76%
  Epoch [738/1000]  loss: 0.1304  accuracy: 84.30%
  Epoch [739/1000]  loss: 0.1551  accuracy: 82.69%
  Epoch [740/1000]  loss: 0.1482  accuracy: 84.37%
  Epoch [741/1000]  loss: 0.1470  accuracy: 82.00%
  Epoch [742/1000]  loss: 0.1448  accuracy: 85.07%
  Epoch [743/1000]  loss: 0.1638  accuracy: 82.34%
  Epoch [744/1000]  loss: 0.1552  accuracy: 82.76%
  Epoch [745/1000]  loss: 0.1432  accuracy: 83.60%
  Epoch [746/1000]  loss: 0.1362  accuracy: 83.60%
  Epoch [747/1000]  loss: 0.1415  accuracy: 83.18%
  Epoch [748/1000]  loss: 0.1375  accuracy: 82.69%
  Epoch [749/1000]  loss: 0.1405  accuracy: 82.76%
  Epoch [750/1000]  loss: 0.1330  accuracy: 84.16%
  Epoch [751/1000]  loss: 0.1210  accuracy: 84.37%
  Epoch [752/1000]  loss: 0.1652  accuracy: 81.79%
  Epoch [753/1000]  loss: 0.1452  accuracy: 83.18%
  Epoch [754/1000]  loss: 0.1392  accuracy: 83.11%
  Epoch [755/1000]  loss: 0.1414  accuracy: 83.32%
  Epoch [756/1000]  loss: 0.1424  accuracy: 83.39%
  Epoch [757/1000]  loss: 0.1371  accuracy: 84.30%
  Epoch [758/1000]  loss: 0.1603  accuracy: 82.34%
  Epoch [759/1000]  loss: 0.1551  accuracy: 82.69%
  Epoch [760/1000]  loss: 0.1653  accuracy: 82.27%
  Epoch [761/1000]  loss: 0.1741  accuracy: 81.79%
  Epoch [762/1000]  loss: 0.1329  accuracy: 83.04%
  Epoch [763/1000]  loss: 0.1418  accuracy: 83.11%
  Epoch [764/1000]  loss: 0.1406  accuracy: 84.23%
  Epoch [765/1000]  loss: 0.1347  accuracy: 83.53%
  Epoch [766/1000]  loss: 0.1518  accuracy: 82.62%
  Epoch [767/1000]  loss: 0.1422  accuracy: 82.55%
  Epoch [768/1000]  loss: 0.1263  accuracy: 83.46%
  Epoch [769/1000]  loss: 0.1400  accuracy: 83.04%
  Epoch [770/1000]  loss: 0.1477  accuracy: 83.53%
  Epoch [771/1000]  loss: 0.1371  accuracy: 85.00%
  Epoch [772/1000]  loss: 0.1362  accuracy: 84.72%
  Epoch [773/1000]  loss: 0.1397  accuracy: 83.32%
  Epoch [774/1000]  loss: 0.1490  accuracy: 83.39%
  Epoch [775/1000]  loss: 0.1409  accuracy: 84.65%
  Epoch [776/1000]  loss: 0.1282  accuracy: 84.44%
  Epoch [777/1000]  loss: 0.1313  accuracy: 84.51%
  Epoch [778/1000]  loss: 0.1247  accuracy: 84.51%
  Epoch [779/1000]  loss: 0.1450  accuracy: 83.39%
  Epoch [780/1000]  loss: 0.1304  accuracy: 82.97%
  Epoch [781/1000]  loss: 0.1310  accuracy: 84.23%
  Epoch [782/1000]  loss: 0.1468  accuracy: 83.25%
  Epoch [783/1000]  loss: 0.1585  accuracy: 81.37%
  Epoch [784/1000]  loss: 0.1505  accuracy: 83.18%
  Epoch [785/1000]  loss: 0.1335  accuracy: 83.95%
  Epoch [786/1000]  loss: 0.1263  accuracy: 84.30%
  Epoch [787/1000]  loss: 0.1501  accuracy: 84.02%
  Epoch [788/1000]  loss: 0.1334  accuracy: 83.60%
  Epoch [789/1000]  loss: 0.1407  accuracy: 84.65%
  Epoch [790/1000]  loss: 0.1600  accuracy: 82.27%
  Epoch [791/1000]  loss: 0.1437  accuracy: 82.27%
  Epoch [792/1000]  loss: 0.1368  accuracy: 83.88%
  Epoch [793/1000]  loss: 0.1267  accuracy: 84.93%
  Epoch [794/1000]  loss: 0.1356  accuracy: 83.81%
  Epoch [795/1000]  loss: 0.1092  accuracy: 85.76%
  Epoch [796/1000]  loss: 0.1424  accuracy: 83.60%
  Epoch [797/1000]  loss: 0.1325  accuracy: 83.25%
  Epoch [798/1000]  loss: 0.1562  accuracy: 82.27%
  Epoch [799/1000]  loss: 0.1343  accuracy: 83.95%
  Epoch [800/1000]  loss: 0.1288  accuracy: 84.44%
  Epoch [801/1000]  loss: 0.1309  accuracy: 84.65%
  Epoch [802/1000]  loss: 0.1223  accuracy: 85.07%
  Epoch [803/1000]  loss: 0.1483  accuracy: 84.37%
  Epoch [804/1000]  loss: 0.1396  accuracy: 83.81%
  Epoch [805/1000]  loss: 0.1374  accuracy: 84.23%
  Epoch [806/1000]  loss: 0.1260  accuracy: 85.28%
  Epoch [807/1000]  loss: 0.1566  accuracy: 83.25%
  Epoch [808/1000]  loss: 0.1244  accuracy: 84.58%
  Epoch [809/1000]  loss: 0.1457  accuracy: 83.04%
  Epoch [810/1000]  loss: 0.1227  accuracy: 85.00%
  Epoch [811/1000]  loss: 0.1485  accuracy: 83.04%
  Epoch [812/1000]  loss: 0.1356  accuracy: 84.09%
  Epoch [813/1000]  loss: 0.1532  accuracy: 82.34%
  Epoch [814/1000]  loss: 0.1546  accuracy: 83.04%
  Epoch [815/1000]  loss: 0.1245  accuracy: 85.00%
  Epoch [816/1000]  loss: 0.1339  accuracy: 83.53%
  Epoch [817/1000]  loss: 0.1313  accuracy: 84.65%
  Epoch [818/1000]  loss: 0.1245  accuracy: 84.23%
  Epoch [819/1000]  loss: 0.1260  accuracy: 84.58%
  Epoch [820/1000]  loss: 0.1407  accuracy: 84.37%
  Epoch [821/1000]  loss: 0.1455  accuracy: 84.02%
  Epoch [822/1000]  loss: 0.1374  accuracy: 84.37%
  Epoch [823/1000]  loss: 0.1541  accuracy: 83.04%
  Epoch [824/1000]  loss: 0.1317  accuracy: 85.42%
  Epoch [825/1000]  loss: 0.1298  accuracy: 84.44%
  Epoch [826/1000]  loss: 0.1351  accuracy: 83.32%
  Epoch [827/1000]  loss: 0.1311  accuracy: 83.88%
  Epoch [828/1000]  loss: 0.1417  accuracy: 83.25%
  Epoch [829/1000]  loss: 0.1160  accuracy: 86.04%
  Epoch [830/1000]  loss: 0.1530  accuracy: 83.25%
  Epoch [831/1000]  loss: 0.1616  accuracy: 82.34%
  Epoch [832/1000]  loss: 0.1333  accuracy: 84.23%
  Epoch [833/1000]  loss: 0.1241  accuracy: 85.28%
  Epoch [834/1000]  loss: 0.1127  accuracy: 86.18%
  Epoch [835/1000]  loss: 0.1229  accuracy: 84.58%
  Epoch [836/1000]  loss: 0.1422  accuracy: 85.00%
  Epoch [837/1000]  loss: 0.1366  accuracy: 85.14%
  Epoch [838/1000]  loss: 0.1373  accuracy: 84.44%
  Epoch [839/1000]  loss: 0.1287  accuracy: 85.69%
  Epoch [840/1000]  loss: 0.1307  accuracy: 84.09%
  Epoch [841/1000]  loss: 0.1203  accuracy: 85.90%
  Epoch [842/1000]  loss: 0.1295  accuracy: 84.16%
  Epoch [843/1000]  loss: 0.1482  accuracy: 84.93%
  Epoch [844/1000]  loss: 0.1431  accuracy: 84.37%
  Epoch [845/1000]  loss: 0.1259  accuracy: 85.14%
  Epoch [846/1000]  loss: 0.1227  accuracy: 84.30%
  Epoch [847/1000]  loss: 0.1359  accuracy: 85.90%
  Epoch [848/1000]  loss: 0.1301  accuracy: 85.55%
  Epoch [849/1000]  loss: 0.1209  accuracy: 85.14%
  Epoch [850/1000]  loss: 0.1224  accuracy: 85.21%
  Epoch [851/1000]  loss: 0.1272  accuracy: 84.93%
  Epoch [852/1000]  loss: 0.1420  accuracy: 83.81%
  Epoch [853/1000]  loss: 0.1419  accuracy: 85.83%
  Epoch [854/1000]  loss: 0.1388  accuracy: 84.86%
  Epoch [855/1000]  loss: 0.1248  accuracy: 84.79%
  Epoch [856/1000]  loss: 0.1511  accuracy: 82.83%
  Epoch [857/1000]  loss: 0.1301  accuracy: 85.83%
  Epoch [858/1000]  loss: 0.1389  accuracy: 84.51%
  Epoch [859/1000]  loss: 0.1323  accuracy: 84.51%
  Epoch [860/1000]  loss: 0.1453  accuracy: 83.53%
  Epoch [861/1000]  loss: 0.1248  accuracy: 85.35%
  Epoch [862/1000]  loss: 0.1339  accuracy: 84.72%
  Epoch [863/1000]  loss: 0.1263  accuracy: 85.35%
  Epoch [864/1000]  loss: 0.1209  accuracy: 86.18%
  Epoch [865/1000]  loss: 0.1389  accuracy: 85.07%
  Epoch [866/1000]  loss: 0.1240  accuracy: 85.69%
  Epoch [867/1000]  loss: 0.1308  accuracy: 84.51%
  Epoch [868/1000]  loss: 0.1670  accuracy: 83.46%
  Epoch [869/1000]  loss: 0.1372  accuracy: 83.88%
  Epoch [870/1000]  loss: 0.1348  accuracy: 84.02%
  Epoch [871/1000]  loss: 0.1136  accuracy: 85.14%
  Epoch [872/1000]  loss: 0.1207  accuracy: 85.14%
  Epoch [873/1000]  loss: 0.1155  accuracy: 84.79%
  Epoch [874/1000]  loss: 0.1200  accuracy: 86.11%
  Epoch [875/1000]  loss: 0.1106  accuracy: 85.90%
  Epoch [876/1000]  loss: 0.1264  accuracy: 86.18%
  Epoch [877/1000]  loss: 0.1113  accuracy: 86.67%
  Epoch [878/1000]  loss: 0.1281  accuracy: 85.55%
  Epoch [879/1000]  loss: 0.1309  accuracy: 85.07%
  Epoch [880/1000]  loss: 0.1212  accuracy: 85.14%
  Epoch [881/1000]  loss: 0.1418  accuracy: 83.53%
  Epoch [882/1000]  loss: 0.1202  accuracy: 85.76%
  Epoch [883/1000]  loss: 0.1361  accuracy: 85.28%
  Epoch [884/1000]  loss: 0.1235  accuracy: 84.16%
  Epoch [885/1000]  loss: 0.1317  accuracy: 84.16%
  Epoch [886/1000]  loss: 0.1365  accuracy: 84.23%
  Epoch [887/1000]  loss: 0.1133  accuracy: 86.46%
  Epoch [888/1000]  loss: 0.1296  accuracy: 83.67%
  Epoch [889/1000]  loss: 0.1186  accuracy: 85.55%
  Epoch [890/1000]  loss: 0.1463  accuracy: 84.86%
  Epoch [891/1000]  loss: 0.1159  accuracy: 85.07%
  Epoch [892/1000]  loss: 0.1225  accuracy: 85.83%
  Epoch [893/1000]  loss: 0.1439  accuracy: 85.21%
  Epoch [894/1000]  loss: 0.1375  accuracy: 83.67%
  Epoch [895/1000]  loss: 0.1181  accuracy: 86.25%
  Epoch [896/1000]  loss: 0.1336  accuracy: 84.65%
  Epoch [897/1000]  loss: 0.1235  accuracy: 85.35%
  Epoch [898/1000]  loss: 0.1173  accuracy: 86.11%
  Epoch [899/1000]  loss: 0.1218  accuracy: 86.67%
  Epoch [900/1000]  loss: 0.1264  accuracy: 85.28%
  Epoch [901/1000]  loss: 0.1537  accuracy: 83.11%
  Epoch [902/1000]  loss: 0.1310  accuracy: 84.37%
  Epoch [903/1000]  loss: 0.1329  accuracy: 84.58%
  Epoch [904/1000]  loss: 0.1150  accuracy: 86.04%
  Epoch [905/1000]  loss: 0.1309  accuracy: 85.07%
  Epoch [906/1000]  loss: 0.1329  accuracy: 85.62%
  Epoch [907/1000]  loss: 0.1293  accuracy: 84.72%
  Epoch [908/1000]  loss: 0.1118  accuracy: 84.93%
  Epoch [909/1000]  loss: 0.1240  accuracy: 84.72%
  Epoch [910/1000]  loss: 0.1115  accuracy: 85.35%
  Epoch [911/1000]  loss: 0.1254  accuracy: 86.25%
  Epoch [912/1000]  loss: 0.1286  accuracy: 85.35%
  Epoch [913/1000]  loss: 0.1304  accuracy: 86.53%
  Epoch [914/1000]  loss: 0.1106  accuracy: 85.76%
  Epoch [915/1000]  loss: 0.1312  accuracy: 85.62%
  Epoch [916/1000]  loss: 0.1018  accuracy: 87.23%
  Epoch [917/1000]  loss: 0.1234  accuracy: 85.55%
  Epoch [918/1000]  loss: 0.1302  accuracy: 85.14%
  Epoch [919/1000]  loss: 0.1223  accuracy: 85.48%
  Epoch [920/1000]  loss: 0.1136  accuracy: 85.35%
  Epoch [921/1000]  loss: 0.1116  accuracy: 86.53%
  Epoch [922/1000]  loss: 0.1129  accuracy: 86.32%
  Epoch [923/1000]  loss: 0.1323  accuracy: 85.42%
  Epoch [924/1000]  loss: 0.1252  accuracy: 86.11%
  Epoch [925/1000]  loss: 0.1231  accuracy: 84.65%
  Epoch [926/1000]  loss: 0.1257  accuracy: 85.00%
  Epoch [927/1000]  loss: 0.1173  accuracy: 85.69%
  Epoch [928/1000]  loss: 0.1413  accuracy: 85.55%
  Epoch [929/1000]  loss: 0.1335  accuracy: 85.07%
  Epoch [930/1000]  loss: 0.1159  accuracy: 85.35%
  Epoch [931/1000]  loss: 0.1148  accuracy: 86.53%
  Epoch [932/1000]  loss: 0.1156  accuracy: 85.69%
  Epoch [933/1000]  loss: 0.1246  accuracy: 85.62%
  Epoch [934/1000]  loss: 0.1022  accuracy: 87.09%
  Epoch [935/1000]  loss: 0.1095  accuracy: 87.16%
  Epoch [936/1000]  loss: 0.1205  accuracy: 86.04%
  Epoch [937/1000]  loss: 0.1190  accuracy: 85.28%
  Epoch [938/1000]  loss: 0.1247  accuracy: 86.32%
  Epoch [939/1000]  loss: 0.1332  accuracy: 84.51%
  Epoch [940/1000]  loss: 0.1080  accuracy: 86.60%
  Epoch [941/1000]  loss: 0.1133  accuracy: 85.76%
  Epoch [942/1000]  loss: 0.1183  accuracy: 86.25%
  Epoch [943/1000]  loss: 0.0999  accuracy: 87.51%
  Epoch [944/1000]  loss: 0.1178  accuracy: 87.72%
  Epoch [945/1000]  loss: 0.1147  accuracy: 85.69%
  Epoch [946/1000]  loss: 0.1153  accuracy: 86.11%
  Epoch [947/1000]  loss: 0.1261  accuracy: 85.76%
  Epoch [948/1000]  loss: 0.1087  accuracy: 86.46%
  Epoch [949/1000]  loss: 0.1110  accuracy: 86.18%
  Epoch [950/1000]  loss: 0.1115  accuracy: 85.83%
  Epoch [951/1000]  loss: 0.1585  accuracy: 85.90%
  Epoch [952/1000]  loss: 0.1198  accuracy: 86.04%
  Epoch [953/1000]  loss: 0.1147  accuracy: 85.83%
  Epoch [954/1000]  loss: 0.0950  accuracy: 87.58%
  Epoch [955/1000]  loss: 0.1199  accuracy: 86.53%
  Epoch [956/1000]  loss: 0.1243  accuracy: 85.76%
  Epoch [957/1000]  loss: 0.1030  accuracy: 87.58%
  Epoch [958/1000]  loss: 0.1176  accuracy: 87.02%
  Epoch [959/1000]  loss: 0.1263  accuracy: 85.35%
  Epoch [960/1000]  loss: 0.1265  accuracy: 85.48%
  Epoch [961/1000]  loss: 0.1342  accuracy: 84.79%
  Epoch [962/1000]  loss: 0.1237  accuracy: 85.48%
  Epoch [963/1000]  loss: 0.1179  accuracy: 85.90%
  Epoch [964/1000]  loss: 0.1129  accuracy: 86.46%
  Epoch [965/1000]  loss: 0.1015  accuracy: 87.09%
  Epoch [966/1000]  loss: 0.1213  accuracy: 86.04%
  Epoch [967/1000]  loss: 0.1321  accuracy: 83.74%
  Epoch [968/1000]  loss: 0.1117  accuracy: 86.18%
  Epoch [969/1000]  loss: 0.1306  accuracy: 86.04%
  Epoch [970/1000]  loss: 0.1119  accuracy: 86.18%
  Epoch [971/1000]  loss: 0.1000  accuracy: 86.46%
  Epoch [972/1000]  loss: 0.1351  accuracy: 86.60%
  Epoch [973/1000]  loss: 0.1126  accuracy: 85.69%
  Epoch [974/1000]  loss: 0.1150  accuracy: 86.04%
  Epoch [975/1000]  loss: 0.1288  accuracy: 86.53%
  Epoch [976/1000]  loss: 0.1043  accuracy: 86.74%
  Epoch [977/1000]  loss: 0.1260  accuracy: 85.69%
  Epoch [978/1000]  loss: 0.1032  accuracy: 87.09%
  Epoch [979/1000]  loss: 0.0957  accuracy: 87.72%
  Epoch [980/1000]  loss: 0.1016  accuracy: 86.95%
  Epoch [981/1000]  loss: 0.1196  accuracy: 86.11%
  Epoch [982/1000]  loss: 0.1245  accuracy: 86.60%
  Epoch [983/1000]  loss: 0.1426  accuracy: 85.14%
  Epoch [984/1000]  loss: 0.1245  accuracy: 85.76%
  Epoch [985/1000]  loss: 0.1130  accuracy: 87.09%
  Epoch [986/1000]  loss: 0.1140  accuracy: 86.60%
  Epoch [987/1000]  loss: 0.1250  accuracy: 86.18%
  Epoch [988/1000]  loss: 0.1113  accuracy: 86.25%
  Epoch [989/1000]  loss: 0.1099  accuracy: 85.97%
  Epoch [990/1000]  loss: 0.1202  accuracy: 85.97%
  Epoch [991/1000]  loss: 0.1037  accuracy: 87.30%
  Epoch [992/1000]  loss: 0.1096  accuracy: 87.02%
  Epoch [993/1000]  loss: 0.1161  accuracy: 87.51%
  Epoch [994/1000]  loss: 0.0902  accuracy: 87.79%
  Epoch [995/1000]  loss: 0.1098  accuracy: 86.88%
  Epoch [996/1000]  loss: 0.1067  accuracy: 87.09%
  Epoch [997/1000]  loss: 0.1042  accuracy: 86.32%
  Epoch [998/1000]  loss: 0.1057  accuracy: 86.53%
  Epoch [999/1000]  loss: 0.1137  accuracy: 85.76%
  Epoch [1000/1000]  loss: 0.1310  accuracy: 85.76%

======================================================================
Testing
======================================================================
  Test accuracy: 63.98%

  Class                      Samples  Precision   Recall       F1
  ---------------------------------------------------------------
  Cabernet Sauvignon             29     0.4074   0.3793   0.3929
  Chardonnay                     32     0.6364   0.4375   0.5185
  Malbec                         24     0.2917   0.2917   0.2917
  Pinot Noir                     23     0.3750   0.3913   0.3830
  Sauvignon blanc                31     0.4878   0.6452   0.5556
  orange wine                    33     0.7632   0.8788   0.8169
  rose wine                      89     0.9059   0.8652   0.8851

  Checkpoint saved to results/v14/checkpoint.pth
  Results saved to results/v14/results.json
Parsing log: results/v14/slurm_364571.out
Mode: cross_validation  |  Folds: 5  |  Total epochs parsed: 388
Plot saved to: results/v14/training_curves.png
