
Dataset Validation
======================================================================

  Split: train    STATUS: OK
    orange wine                       147 images
    rose wine                         412 images
    Sauvignon blanc                   137 images
    Chardonnay                        144 images
    Cabernet Sauvignon                131 images
    Pinot Noir                        102 images
    Malbec                            108 images

  Split: val    STATUS: OK
    orange wine                       31 images
    rose wine                         88 images
    Sauvignon blanc                   29 images
    Chardonnay                        31 images
    Cabernet Sauvignon                28 images
    Pinot Noir                        22 images
    Malbec                            23 images

  Split: test    STATUS: OK
    orange wine                       33 images
    rose wine                         89 images
    Sauvignon blanc                   31 images
    Chardonnay                        32 images
    Cabernet Sauvignon                29 images
    Pinot Noir                        23 images
    Malbec                            24 images

======================================================================
VALIDATION RESULT: PASSED   (all splits and classes found)
======================================================================

  Class weights (inverse-frequency):
    orange wine                      147 samples  weight: 0.9491
    rose wine                        412 samples  weight: 0.3387
    Sauvignon blanc                  137 samples  weight: 1.0184
    Chardonnay                       144 samples  weight: 0.9689
    Cabernet Sauvignon               131 samples  weight: 1.0651
    Pinot Noir                       102 samples  weight: 1.3679
    Malbec                           108 samples  weight: 1.2919
  Config snapshot saved to results/v15/config_snapshot.json
======================================================================
Cross-Validation  (5 folds)
======================================================================

Fold [1 / 5]
----------------------------------------------------------------------
  Epoch [1/1000]  loss: 1.8730  accuracy: 31.03%  val_loss: 1.5709  val_accuracy: 39.79%
  Epoch [2/1000]  loss: 1.5099  accuracy: 41.17%  val_loss: 1.4687  val_accuracy: 50.87%
  Epoch [3/1000]  loss: 1.4282  accuracy: 44.67%  val_loss: 1.3495  val_accuracy: 56.40%
  Epoch [4/1000]  loss: 1.4037  accuracy: 48.78%  val_loss: 1.3868  val_accuracy: 54.67%
  Epoch [5/1000]  loss: 1.3782  accuracy: 47.20%  val_loss: 1.3371  val_accuracy: 53.98%
  Epoch [6/1000]  loss: 1.3072  accuracy: 52.80%  val_loss: 1.3108  val_accuracy: 55.02%
  Epoch [7/1000]  loss: 1.2841  accuracy: 51.14%  val_loss: 1.2851  val_accuracy: 57.44%
  Epoch [8/1000]  loss: 1.2609  accuracy: 52.97%  val_loss: 1.2840  val_accuracy: 55.02%
  Epoch [9/1000]  loss: 1.2485  accuracy: 53.85%  val_loss: 1.1785  val_accuracy: 61.25%
  Epoch [10/1000]  loss: 1.2514  accuracy: 52.10%  val_loss: 1.2252  val_accuracy: 58.82%
  Epoch [11/1000]  loss: 1.2322  accuracy: 54.28%  val_loss: 1.2296  val_accuracy: 60.21%
  Epoch [12/1000]  loss: 1.2197  accuracy: 53.15%  val_loss: 1.1843  val_accuracy: 60.90%
  Epoch [13/1000]  loss: 1.2218  accuracy: 54.20%  val_loss: 1.2365  val_accuracy: 61.25%
  Epoch [14/1000]  loss: 1.2176  accuracy: 55.24%  val_loss: 1.2226  val_accuracy: 59.17%
  Epoch [15/1000]  loss: 1.2071  accuracy: 53.85%  val_loss: 1.1955  val_accuracy: 60.55%
  Epoch [16/1000]  loss: 1.1828  accuracy: 55.24%  val_loss: 1.2036  val_accuracy: 59.52%
  Epoch [17/1000]  loss: 1.1732  accuracy: 54.98%  val_loss: 1.2169  val_accuracy: 57.79%
  Epoch [18/1000]  loss: 1.1468  accuracy: 57.69%  val_loss: 1.2271  val_accuracy: 57.44%
  Epoch [19/1000]  loss: 1.2020  accuracy: 55.68%  val_loss: 1.1926  val_accuracy: 58.48%
  Epoch [20/1000]  loss: 1.1381  accuracy: 57.87%  val_loss: 1.1573  val_accuracy: 59.86%
  Epoch [21/1000]  loss: 1.1932  accuracy: 55.68%  val_loss: 1.1463  val_accuracy: 59.52%
  Epoch [22/1000]  loss: 1.1434  accuracy: 56.47%  val_loss: 1.1898  val_accuracy: 59.86%
  Epoch [23/1000]  loss: 1.1579  accuracy: 57.26%  val_loss: 1.1791  val_accuracy: 60.90%
  Epoch [24/1000]  loss: 1.1579  accuracy: 57.78%  val_loss: 1.1727  val_accuracy: 59.17%
  Epoch [25/1000]  loss: 1.1373  accuracy: 58.22%  val_loss: 1.1807  val_accuracy: 58.48%
  Epoch [26/1000]  loss: 1.1281  accuracy: 57.60%  val_loss: 1.1736  val_accuracy: 59.86%
  Epoch [27/1000]  loss: 1.1428  accuracy: 56.64%  val_loss: 1.1716  val_accuracy: 59.86%
  Epoch [28/1000]  loss: 1.1467  accuracy: 56.82%  val_loss: 1.1668  val_accuracy: 59.17%
  Epoch [29/1000]  loss: 1.1105  accuracy: 58.22%  val_loss: 1.1529  val_accuracy: 60.90%
  Epoch [30/1000]  loss: 1.1059  accuracy: 60.31%  val_loss: 1.1726  val_accuracy: 58.82%
  Epoch [31/1000]  loss: 1.1016  accuracy: 59.27%  val_loss: 1.1703  val_accuracy: 57.09%
  Epoch [32/1000]  loss: 1.1176  accuracy: 57.17%  val_loss: 1.1786  val_accuracy: 62.28%
  Epoch [33/1000]  loss: 1.1203  accuracy: 57.52%  val_loss: 1.1701  val_accuracy: 59.52%
  Epoch [34/1000]  loss: 1.0953  accuracy: 59.70%  val_loss: 1.1717  val_accuracy: 57.79%
  Epoch [35/1000]  loss: 1.0987  accuracy: 59.27%  val_loss: 1.1522  val_accuracy: 62.28%
  Epoch [36/1000]  loss: 1.0689  accuracy: 60.14%  val_loss: 1.1594  val_accuracy: 60.55%
  Epoch [37/1000]  loss: 1.1146  accuracy: 59.09%  val_loss: 1.1283  val_accuracy: 60.55%
  Epoch [38/1000]  loss: 1.0812  accuracy: 60.05%  val_loss: 1.1893  val_accuracy: 60.21%
  Epoch [39/1000]  loss: 1.0939  accuracy: 58.48%  val_loss: 1.1451  val_accuracy: 60.55%
  Epoch [40/1000]  loss: 1.0776  accuracy: 61.19%  val_loss: 1.1338  val_accuracy: 61.59%
  Epoch [41/1000]  loss: 1.0839  accuracy: 58.92%  val_loss: 1.1649  val_accuracy: 59.86%
  Epoch [42/1000]  loss: 1.0759  accuracy: 60.49%  val_loss: 1.1785  val_accuracy: 57.44%
  Epoch [43/1000]  loss: 1.0652  accuracy: 59.35%  val_loss: 1.1493  val_accuracy: 57.44%
  Epoch [44/1000]  loss: 1.0751  accuracy: 59.70%  val_loss: 1.1437  val_accuracy: 58.48%
  Epoch [45/1000]  loss: 1.0811  accuracy: 60.49%  val_loss: 1.1292  val_accuracy: 61.25%
  Epoch [46/1000]  loss: 1.0513  accuracy: 60.40%  val_loss: 1.1417  val_accuracy: 62.28%
  Epoch [47/1000]  loss: 1.0847  accuracy: 59.88%  val_loss: 1.1752  val_accuracy: 57.79%
  Epoch [48/1000]  loss: 1.0615  accuracy: 60.31%  val_loss: 1.1394  val_accuracy: 60.55%
  Epoch [49/1000]  loss: 1.0545  accuracy: 61.19%  val_loss: 1.1609  val_accuracy: 60.90%
  Epoch [50/1000]  loss: 1.0433  accuracy: 61.63%  val_loss: 1.1271  val_accuracy: 60.55%
  Epoch [51/1000]  loss: 1.0722  accuracy: 60.23%  val_loss: 1.1440  val_accuracy: 60.55%
  Epoch [52/1000]  loss: 1.0395  accuracy: 62.50%  val_loss: 1.1261  val_accuracy: 60.90%
  Epoch [53/1000]  loss: 1.0541  accuracy: 61.71%  val_loss: 1.1275  val_accuracy: 60.90%
  Epoch [54/1000]  loss: 1.0267  accuracy: 63.02%  val_loss: 1.1313  val_accuracy: 61.94%
  Epoch [55/1000]  loss: 1.0554  accuracy: 60.66%  val_loss: 1.1559  val_accuracy: 59.86%
  Epoch [56/1000]  loss: 1.0328  accuracy: 62.24%  val_loss: 1.1124  val_accuracy: 60.55%
  Epoch [57/1000]  loss: 1.0343  accuracy: 61.89%  val_loss: 1.1522  val_accuracy: 58.82%
  Epoch [58/1000]  loss: 1.0362  accuracy: 61.71%  val_loss: 1.1599  val_accuracy: 60.90%
  Epoch [59/1000]  loss: 1.0202  accuracy: 62.94%  val_loss: 1.1054  val_accuracy: 62.28%
  Epoch [60/1000]  loss: 1.0264  accuracy: 63.72%  val_loss: 1.1410  val_accuracy: 61.25%
  Epoch [61/1000]  loss: 1.0402  accuracy: 60.58%  val_loss: 1.1789  val_accuracy: 57.79%
  Epoch [62/1000]  loss: 1.0315  accuracy: 61.71%  val_loss: 1.1057  val_accuracy: 61.59%
  Epoch [63/1000]  loss: 1.0191  accuracy: 62.33%  val_loss: 1.1088  val_accuracy: 61.94%
  Epoch [64/1000]  loss: 1.0060  accuracy: 62.67%  val_loss: 1.1201  val_accuracy: 59.86%
  Epoch [65/1000]  loss: 1.0195  accuracy: 62.33%  val_loss: 1.1451  val_accuracy: 61.94%
  Epoch [66/1000]  loss: 1.0176  accuracy: 63.55%  val_loss: 1.1795  val_accuracy: 60.21%
  Epoch [67/1000]  loss: 1.0209  accuracy: 61.98%  val_loss: 1.1729  val_accuracy: 59.52%
  Epoch [68/1000]  loss: 1.0416  accuracy: 61.80%  val_loss: 1.1589  val_accuracy: 58.48%
  Epoch [69/1000]  loss: 0.9836  accuracy: 64.42%  val_loss: 1.1497  val_accuracy: 60.55%
  Epoch [70/1000]  loss: 0.9952  accuracy: 63.72%  val_loss: 1.1315  val_accuracy: 59.52%
  Epoch [71/1000]  loss: 0.9890  accuracy: 62.85%  val_loss: 1.1212  val_accuracy: 61.94%
  Epoch [72/1000]  loss: 0.9856  accuracy: 64.25%  val_loss: 1.1165  val_accuracy: 61.25%
  Epoch [73/1000]  loss: 0.9868  accuracy: 63.55%  val_loss: 1.1373  val_accuracy: 62.63%
  Epoch [74/1000]  loss: 1.0031  accuracy: 62.59%  val_loss: 1.1438  val_accuracy: 61.94%
  Epoch [75/1000]  loss: 1.0015  accuracy: 63.46%  val_loss: 1.1180  val_accuracy: 61.94%
  Epoch [76/1000]  loss: 0.9918  accuracy: 64.42%  val_loss: 1.1469  val_accuracy: 60.90%
  Epoch [77/1000]  loss: 0.9696  accuracy: 66.52%  val_loss: 1.0898  val_accuracy: 64.71%
  Epoch [78/1000]  loss: 0.9895  accuracy: 63.20%  val_loss: 1.1149  val_accuracy: 59.86%
  Epoch [79/1000]  loss: 0.9894  accuracy: 64.16%  val_loss: 1.1459  val_accuracy: 60.90%
  Epoch [80/1000]  loss: 0.9845  accuracy: 63.11%  val_loss: 1.1037  val_accuracy: 62.98%
  Epoch [81/1000]  loss: 0.9826  accuracy: 63.55%  val_loss: 1.1073  val_accuracy: 63.32%
  Epoch [82/1000]  loss: 0.9743  accuracy: 63.11%  val_loss: 1.0954  val_accuracy: 63.32%
  Epoch [83/1000]  loss: 0.9926  accuracy: 64.69%  val_loss: 1.1199  val_accuracy: 60.21%
  Epoch [84/1000]  loss: 0.9907  accuracy: 64.16%  val_loss: 1.1089  val_accuracy: 61.94%
  Epoch [85/1000]  loss: 0.9589  accuracy: 66.70%  val_loss: 1.0860  val_accuracy: 64.36%
  Epoch [86/1000]  loss: 0.9740  accuracy: 63.20%  val_loss: 1.1031  val_accuracy: 59.86%
  Epoch [87/1000]  loss: 0.9706  accuracy: 65.82%  val_loss: 1.1012  val_accuracy: 63.32%
  Epoch [88/1000]  loss: 0.9778  accuracy: 65.21%  val_loss: 1.1290  val_accuracy: 62.28%
  Epoch [89/1000]  loss: 0.9755  accuracy: 65.12%  val_loss: 1.1306  val_accuracy: 61.94%
  Epoch [90/1000]  loss: 0.9713  accuracy: 64.86%  val_loss: 1.1136  val_accuracy: 62.28%
  Epoch [91/1000]  loss: 0.9673  accuracy: 66.08%  val_loss: 1.1471  val_accuracy: 61.25%
  Epoch [92/1000]  loss: 0.9754  accuracy: 64.86%  val_loss: 1.1088  val_accuracy: 62.63%
  Epoch [93/1000]  loss: 0.9676  accuracy: 65.91%  val_loss: 1.0972  val_accuracy: 64.36%
  Epoch [94/1000]  loss: 0.9457  accuracy: 66.43%  val_loss: 1.0992  val_accuracy: 61.94%
  Epoch [95/1000]  loss: 0.9394  accuracy: 67.66%  val_loss: 1.1102  val_accuracy: 62.98%
  Epoch [96/1000]  loss: 0.9489  accuracy: 65.56%  val_loss: 1.0795  val_accuracy: 63.32%
  Epoch [97/1000]  loss: 0.9303  accuracy: 67.40%  val_loss: 1.1100  val_accuracy: 60.55%
  Epoch [98/1000]  loss: 0.9582  accuracy: 65.56%  val_loss: 1.1130  val_accuracy: 62.28%
  Epoch [99/1000]  loss: 0.9535  accuracy: 66.61%  val_loss: 1.1067  val_accuracy: 61.59%
  Epoch [100/1000]  loss: 0.9676  accuracy: 66.00%  val_loss: 1.0973  val_accuracy: 60.21%
  Epoch [101/1000]  loss: 0.9494  accuracy: 65.12%  val_loss: 1.1133  val_accuracy: 60.21%
  Epoch [102/1000]  loss: 0.9463  accuracy: 65.12%  val_loss: 1.1210  val_accuracy: 62.28%
  Epoch [103/1000]  loss: 0.9651  accuracy: 65.12%  val_loss: 1.1111  val_accuracy: 62.28%
  Epoch [104/1000]  loss: 0.9355  accuracy: 65.65%  val_loss: 1.1344  val_accuracy: 60.55%
  Epoch [105/1000]  loss: 0.9459  accuracy: 66.61%  val_loss: 1.1142  val_accuracy: 60.21%
  Epoch [106/1000]  loss: 0.9444  accuracy: 65.47%  val_loss: 1.1064  val_accuracy: 60.90%
  Epoch [107/1000]  loss: 0.9236  accuracy: 67.83%  val_loss: 1.1236  val_accuracy: 60.90%
  Epoch [108/1000]  loss: 0.9577  accuracy: 66.52%  val_loss: 1.1234  val_accuracy: 61.25%
  Epoch [109/1000]  loss: 0.9156  accuracy: 67.92%  val_loss: 1.0934  val_accuracy: 62.28%
  Epoch [110/1000]  loss: 0.9263  accuracy: 68.44%  val_loss: 1.1288  val_accuracy: 61.94%
  Epoch [111/1000]  loss: 0.9214  accuracy: 66.96%  val_loss: 1.1124  val_accuracy: 61.59%
  Epoch [112/1000]  loss: 0.9063  accuracy: 69.32%  val_loss: 1.1092  val_accuracy: 61.25%
  Epoch [113/1000]  loss: 0.9304  accuracy: 68.36%  val_loss: 1.1217  val_accuracy: 62.63%
  Epoch [114/1000]  loss: 0.9261  accuracy: 68.09%  val_loss: 1.1213  val_accuracy: 60.90%
  Epoch [115/1000]  loss: 0.9098  accuracy: 68.27%  val_loss: 1.1222  val_accuracy: 60.55%
  Epoch [116/1000]  loss: 0.9357  accuracy: 66.52%  val_loss: 1.1290  val_accuracy: 63.32%
  Early stopping triggered after 116 epochs (no improvement for 20 epochs).

  Fold 1 result: val_loss: 1.0795  val_accuracy: 63.32%

Fold [2 / 5]
----------------------------------------------------------------------
  Epoch [1/1000]  loss: 1.9256  accuracy: 29.67%  val_loss: 1.5823  val_accuracy: 47.74%
  Epoch [2/1000]  loss: 1.4977  accuracy: 43.28%  val_loss: 1.5104  val_accuracy: 51.22%
  Epoch [3/1000]  loss: 1.4495  accuracy: 44.24%  val_loss: 1.4951  val_accuracy: 45.30%
  Epoch [4/1000]  loss: 1.4106  accuracy: 44.42%  val_loss: 1.4048  val_accuracy: 49.83%
  Epoch [5/1000]  loss: 1.3518  accuracy: 50.79%  val_loss: 1.3725  val_accuracy: 54.70%
  Epoch [6/1000]  loss: 1.3077  accuracy: 51.31%  val_loss: 1.3313  val_accuracy: 57.14%
  Epoch [7/1000]  loss: 1.3238  accuracy: 49.83%  val_loss: 1.3312  val_accuracy: 51.57%
  Epoch [8/1000]  loss: 1.2633  accuracy: 53.05%  val_loss: 1.3556  val_accuracy: 57.49%
  Epoch [9/1000]  loss: 1.2897  accuracy: 51.75%  val_loss: 1.2922  val_accuracy: 56.45%
  Epoch [10/1000]  loss: 1.2481  accuracy: 54.28%  val_loss: 1.3264  val_accuracy: 53.31%
  Epoch [11/1000]  loss: 1.1942  accuracy: 54.97%  val_loss: 1.2230  val_accuracy: 58.54%
  Epoch [12/1000]  loss: 1.2280  accuracy: 54.19%  val_loss: 1.3021  val_accuracy: 54.36%
  Epoch [13/1000]  loss: 1.2380  accuracy: 55.58%  val_loss: 1.3159  val_accuracy: 54.36%
  Epoch [14/1000]  loss: 1.2110  accuracy: 56.89%  val_loss: 1.3062  val_accuracy: 57.49%
  Epoch [15/1000]  loss: 1.1906  accuracy: 56.98%  val_loss: 1.2847  val_accuracy: 57.49%
  Epoch [16/1000]  loss: 1.2105  accuracy: 55.58%  val_loss: 1.2064  val_accuracy: 56.79%
  Epoch [17/1000]  loss: 1.1863  accuracy: 56.63%  val_loss: 1.2481  val_accuracy: 54.01%
  Epoch [18/1000]  loss: 1.1580  accuracy: 56.63%  val_loss: 1.2531  val_accuracy: 53.66%
  Epoch [19/1000]  loss: 1.1596  accuracy: 57.59%  val_loss: 1.2211  val_accuracy: 56.45%
  Epoch [20/1000]  loss: 1.1435  accuracy: 57.59%  val_loss: 1.2577  val_accuracy: 56.79%
  Epoch [21/1000]  loss: 1.1509  accuracy: 58.64%  val_loss: 1.2256  val_accuracy: 57.49%
  Epoch [22/1000]  loss: 1.1441  accuracy: 57.94%  val_loss: 1.2331  val_accuracy: 58.19%
  Epoch [23/1000]  loss: 1.1137  accuracy: 58.64%  val_loss: 1.2379  val_accuracy: 57.14%
  Epoch [24/1000]  loss: 1.1377  accuracy: 60.30%  val_loss: 1.2182  val_accuracy: 56.79%
  Epoch [25/1000]  loss: 1.1571  accuracy: 57.42%  val_loss: 1.2395  val_accuracy: 57.49%
  Epoch [26/1000]  loss: 1.1156  accuracy: 58.90%  val_loss: 1.2301  val_accuracy: 57.84%
  Epoch [27/1000]  loss: 1.0921  accuracy: 59.69%  val_loss: 1.2011  val_accuracy: 60.28%
  Epoch [28/1000]  loss: 1.1353  accuracy: 57.68%  val_loss: 1.2515  val_accuracy: 56.10%
  Epoch [29/1000]  loss: 1.1055  accuracy: 58.81%  val_loss: 1.2115  val_accuracy: 56.79%
  Epoch [30/1000]  loss: 1.0845  accuracy: 61.43%  val_loss: 1.1799  val_accuracy: 57.49%
  Epoch [31/1000]  loss: 1.0868  accuracy: 60.30%  val_loss: 1.2322  val_accuracy: 58.19%
  Epoch [32/1000]  loss: 1.1253  accuracy: 59.25%  val_loss: 1.2247  val_accuracy: 58.19%
  Epoch [33/1000]  loss: 1.0889  accuracy: 61.26%  val_loss: 1.2111  val_accuracy: 60.63%
  Epoch [34/1000]  loss: 1.0804  accuracy: 59.42%  val_loss: 1.1687  val_accuracy: 58.54%
  Epoch [35/1000]  loss: 1.1038  accuracy: 59.51%  val_loss: 1.1901  val_accuracy: 57.84%
  Epoch [36/1000]  loss: 1.0882  accuracy: 58.73%  val_loss: 1.2134  val_accuracy: 58.89%
  Epoch [37/1000]  loss: 1.0763  accuracy: 60.47%  val_loss: 1.1541  val_accuracy: 62.02%
  Epoch [38/1000]  loss: 1.0613  accuracy: 60.99%  val_loss: 1.1695  val_accuracy: 60.98%
  Epoch [39/1000]  loss: 1.0699  accuracy: 59.60%  val_loss: 1.2119  val_accuracy: 59.23%
  Epoch [40/1000]  loss: 1.0730  accuracy: 59.77%  val_loss: 1.1985  val_accuracy: 56.79%
  Epoch [41/1000]  loss: 1.0598  accuracy: 61.43%  val_loss: 1.2081  val_accuracy: 58.89%
  Epoch [42/1000]  loss: 1.0546  accuracy: 62.22%  val_loss: 1.1719  val_accuracy: 62.37%
  Epoch [43/1000]  loss: 1.0596  accuracy: 62.13%  val_loss: 1.2431  val_accuracy: 55.40%
  Epoch [44/1000]  loss: 1.0779  accuracy: 60.21%  val_loss: 1.1964  val_accuracy: 61.32%
  Epoch [45/1000]  loss: 1.0435  accuracy: 60.99%  val_loss: 1.3012  val_accuracy: 57.14%
  Epoch [46/1000]  loss: 1.0657  accuracy: 61.17%  val_loss: 1.1870  val_accuracy: 59.58%
  Epoch [47/1000]  loss: 1.0243  accuracy: 60.56%  val_loss: 1.2234  val_accuracy: 59.58%
  Epoch [48/1000]  loss: 1.0547  accuracy: 61.95%  val_loss: 1.1934  val_accuracy: 59.23%
  Epoch [49/1000]  loss: 1.0559  accuracy: 61.08%  val_loss: 1.2009  val_accuracy: 62.02%
  Epoch [50/1000]  loss: 1.0313  accuracy: 63.61%  val_loss: 1.2062  val_accuracy: 60.63%
  Epoch [51/1000]  loss: 1.0333  accuracy: 61.43%  val_loss: 1.1848  val_accuracy: 57.84%
  Epoch [52/1000]  loss: 1.0583  accuracy: 60.03%  val_loss: 1.1456  val_accuracy: 61.67%
  Epoch [53/1000]  loss: 1.0361  accuracy: 60.47%  val_loss: 1.1448  val_accuracy: 61.32%
  Epoch [54/1000]  loss: 1.0160  accuracy: 62.13%  val_loss: 1.1769  val_accuracy: 61.67%
  Epoch [55/1000]  loss: 1.0158  accuracy: 63.79%  val_loss: 1.1685  val_accuracy: 63.07%
  Epoch [56/1000]  loss: 1.0130  accuracy: 62.30%  val_loss: 1.1757  val_accuracy: 61.67%
  Epoch [57/1000]  loss: 1.0093  accuracy: 62.65%  val_loss: 1.1476  val_accuracy: 62.37%
  Epoch [58/1000]  loss: 1.0042  accuracy: 62.22%  val_loss: 1.1627  val_accuracy: 63.41%
  Epoch [59/1000]  loss: 0.9960  accuracy: 64.49%  val_loss: 1.1695  val_accuracy: 59.93%
  Epoch [60/1000]  loss: 1.0121  accuracy: 63.61%  val_loss: 1.1529  val_accuracy: 60.28%
  Epoch [61/1000]  loss: 1.0065  accuracy: 64.40%  val_loss: 1.1524  val_accuracy: 60.98%
  Epoch [62/1000]  loss: 0.9736  accuracy: 64.66%  val_loss: 1.1777  val_accuracy: 59.58%
  Epoch [63/1000]  loss: 1.0126  accuracy: 62.65%  val_loss: 1.1547  val_accuracy: 60.28%
  Epoch [64/1000]  loss: 0.9770  accuracy: 65.45%  val_loss: 1.1565  val_accuracy: 61.67%
  Epoch [65/1000]  loss: 0.9743  accuracy: 66.06%  val_loss: 1.1498  val_accuracy: 60.63%
  Epoch [66/1000]  loss: 0.9966  accuracy: 63.87%  val_loss: 1.1292  val_accuracy: 63.07%
  Epoch [67/1000]  loss: 0.9706  accuracy: 63.70%  val_loss: 1.2022  val_accuracy: 59.93%
  Epoch [68/1000]  loss: 0.9871  accuracy: 64.57%  val_loss: 1.1809  val_accuracy: 59.93%
  Epoch [69/1000]  loss: 0.9701  accuracy: 65.97%  val_loss: 1.1631  val_accuracy: 60.28%
  Epoch [70/1000]  loss: 1.0007  accuracy: 63.79%  val_loss: 1.1539  val_accuracy: 61.67%
  Epoch [71/1000]  loss: 0.9963  accuracy: 64.14%  val_loss: 1.1634  val_accuracy: 62.72%
  Epoch [72/1000]  loss: 0.9759  accuracy: 63.96%  val_loss: 1.1515  val_accuracy: 62.02%
  Epoch [73/1000]  loss: 0.9745  accuracy: 64.05%  val_loss: 1.1538  val_accuracy: 62.37%
  Epoch [74/1000]  loss: 0.9850  accuracy: 63.18%  val_loss: 1.1549  val_accuracy: 60.63%
  Epoch [75/1000]  loss: 0.9799  accuracy: 64.66%  val_loss: 1.1719  val_accuracy: 62.72%
  Epoch [76/1000]  loss: 0.9585  accuracy: 64.40%  val_loss: 1.1839  val_accuracy: 60.98%
  Epoch [77/1000]  loss: 0.9686  accuracy: 64.49%  val_loss: 1.1532  val_accuracy: 60.63%
  Epoch [78/1000]  loss: 0.9640  accuracy: 64.57%  val_loss: 1.1357  val_accuracy: 61.67%
  Epoch [79/1000]  loss: 0.9997  accuracy: 64.40%  val_loss: 1.1503  val_accuracy: 61.67%
  Epoch [80/1000]  loss: 0.9496  accuracy: 65.45%  val_loss: 1.1525  val_accuracy: 60.98%
  Epoch [81/1000]  loss: 0.9677  accuracy: 64.40%  val_loss: 1.1297  val_accuracy: 61.32%
  Epoch [82/1000]  loss: 0.9384  accuracy: 65.62%  val_loss: 1.1887  val_accuracy: 60.28%
  Epoch [83/1000]  loss: 0.9652  accuracy: 64.49%  val_loss: 1.1569  val_accuracy: 60.98%
  Epoch [84/1000]  loss: 0.9711  accuracy: 63.18%  val_loss: 1.1435  val_accuracy: 63.07%
  Epoch [85/1000]  loss: 0.9784  accuracy: 65.10%  val_loss: 1.1706  val_accuracy: 62.72%
  Epoch [86/1000]  loss: 0.9282  accuracy: 67.10%  val_loss: 1.1297  val_accuracy: 60.63%
  Early stopping triggered after 86 epochs (no improvement for 20 epochs).

  Fold 2 result: val_loss: 1.1292  val_accuracy: 63.07%

Fold [3 / 5]
----------------------------------------------------------------------
  Epoch [1/1000]  loss: 1.9087  accuracy: 30.37%  val_loss: 1.5936  val_accuracy: 43.55%
  Epoch [2/1000]  loss: 1.5430  accuracy: 39.97%  val_loss: 1.4234  val_accuracy: 52.61%
  Epoch [3/1000]  loss: 1.4740  accuracy: 43.63%  val_loss: 1.3918  val_accuracy: 56.10%
  Epoch [4/1000]  loss: 1.4349  accuracy: 45.72%  val_loss: 1.3793  val_accuracy: 57.14%
  Epoch [5/1000]  loss: 1.3740  accuracy: 49.30%  val_loss: 1.3052  val_accuracy: 59.58%
  Epoch [6/1000]  loss: 1.3555  accuracy: 49.21%  val_loss: 1.3045  val_accuracy: 58.19%
  Epoch [7/1000]  loss: 1.3090  accuracy: 51.05%  val_loss: 1.3048  val_accuracy: 58.19%
  Epoch [8/1000]  loss: 1.3139  accuracy: 49.83%  val_loss: 1.3048  val_accuracy: 56.79%
  Epoch [9/1000]  loss: 1.2987  accuracy: 50.44%  val_loss: 1.2848  val_accuracy: 58.19%
  Epoch [10/1000]  loss: 1.2328  accuracy: 54.10%  val_loss: 1.2346  val_accuracy: 60.98%
  Epoch [11/1000]  loss: 1.2716  accuracy: 53.23%  val_loss: 1.2613  val_accuracy: 59.58%
  Epoch [12/1000]  loss: 1.2445  accuracy: 53.58%  val_loss: 1.2141  val_accuracy: 62.02%
  Epoch [13/1000]  loss: 1.2281  accuracy: 54.01%  val_loss: 1.2226  val_accuracy: 59.93%
  Epoch [14/1000]  loss: 1.2359  accuracy: 55.06%  val_loss: 1.2560  val_accuracy: 59.23%
  Epoch [15/1000]  loss: 1.1921  accuracy: 56.02%  val_loss: 1.3040  val_accuracy: 56.45%
  Epoch [16/1000]  loss: 1.1825  accuracy: 55.93%  val_loss: 1.2265  val_accuracy: 61.67%
  Epoch [17/1000]  loss: 1.1685  accuracy: 57.24%  val_loss: 1.2209  val_accuracy: 60.28%
  Epoch [18/1000]  loss: 1.1746  accuracy: 55.93%  val_loss: 1.2107  val_accuracy: 63.07%
  Epoch [19/1000]  loss: 1.1667  accuracy: 55.93%  val_loss: 1.2207  val_accuracy: 59.58%
  Epoch [20/1000]  loss: 1.1693  accuracy: 58.55%  val_loss: 1.2223  val_accuracy: 60.63%
  Epoch [21/1000]  loss: 1.1377  accuracy: 56.81%  val_loss: 1.2275  val_accuracy: 60.63%
  Epoch [22/1000]  loss: 1.1320  accuracy: 57.24%  val_loss: 1.2319  val_accuracy: 62.02%
  Epoch [23/1000]  loss: 1.1291  accuracy: 57.77%  val_loss: 1.3108  val_accuracy: 58.89%
  Epoch [24/1000]  loss: 1.1235  accuracy: 59.51%  val_loss: 1.1833  val_accuracy: 62.72%
  Epoch [25/1000]  loss: 1.1269  accuracy: 57.94%  val_loss: 1.1792  val_accuracy: 62.37%
  Epoch [26/1000]  loss: 1.1343  accuracy: 58.12%  val_loss: 1.2197  val_accuracy: 60.63%
  Epoch [27/1000]  loss: 1.1021  accuracy: 59.25%  val_loss: 1.2246  val_accuracy: 62.02%
  Epoch [28/1000]  loss: 1.1135  accuracy: 59.16%  val_loss: 1.1787  val_accuracy: 64.46%
  Epoch [29/1000]  loss: 1.1346  accuracy: 57.33%  val_loss: 1.1517  val_accuracy: 64.81%
  Epoch [30/1000]  loss: 1.1066  accuracy: 57.94%  val_loss: 1.1750  val_accuracy: 62.37%
  Epoch [31/1000]  loss: 1.1105  accuracy: 58.38%  val_loss: 1.1971  val_accuracy: 61.67%
  Epoch [32/1000]  loss: 1.0788  accuracy: 60.12%  val_loss: 1.1896  val_accuracy: 63.07%
  Epoch [33/1000]  loss: 1.0919  accuracy: 58.99%  val_loss: 1.2041  val_accuracy: 62.02%
  Epoch [34/1000]  loss: 1.0992  accuracy: 59.25%  val_loss: 1.2145  val_accuracy: 61.32%
  Epoch [35/1000]  loss: 1.1372  accuracy: 58.55%  val_loss: 1.1830  val_accuracy: 60.98%
  Epoch [36/1000]  loss: 1.0850  accuracy: 59.95%  val_loss: 1.1647  val_accuracy: 60.98%
  Epoch [37/1000]  loss: 1.0658  accuracy: 59.34%  val_loss: 1.1557  val_accuracy: 62.02%
  Epoch [38/1000]  loss: 1.0726  accuracy: 61.08%  val_loss: 1.1837  val_accuracy: 62.02%
  Epoch [39/1000]  loss: 1.0655  accuracy: 60.91%  val_loss: 1.1936  val_accuracy: 60.98%
  Epoch [40/1000]  loss: 1.0665  accuracy: 61.34%  val_loss: 1.1904  val_accuracy: 62.37%
  Epoch [41/1000]  loss: 1.0630  accuracy: 60.38%  val_loss: 1.1769  val_accuracy: 62.37%
  Epoch [42/1000]  loss: 1.0672  accuracy: 61.08%  val_loss: 1.1776  val_accuracy: 62.02%
  Epoch [43/1000]  loss: 1.0583  accuracy: 61.17%  val_loss: 1.2436  val_accuracy: 60.28%
  Epoch [44/1000]  loss: 1.0576  accuracy: 61.34%  val_loss: 1.1838  val_accuracy: 60.98%
  Epoch [45/1000]  loss: 1.0525  accuracy: 63.09%  val_loss: 1.2356  val_accuracy: 57.14%
  Epoch [46/1000]  loss: 1.0574  accuracy: 60.30%  val_loss: 1.1975  val_accuracy: 62.72%
  Epoch [47/1000]  loss: 1.0370  accuracy: 61.43%  val_loss: 1.1589  val_accuracy: 62.37%
  Epoch [48/1000]  loss: 1.0639  accuracy: 60.65%  val_loss: 1.1682  val_accuracy: 62.02%
  Epoch [49/1000]  loss: 1.0431  accuracy: 61.43%  val_loss: 1.1603  val_accuracy: 64.11%
  Early stopping triggered after 49 epochs (no improvement for 20 epochs).

  Fold 3 result: val_loss: 1.1517  val_accuracy: 64.81%

Fold [4 / 5]
----------------------------------------------------------------------
  Epoch [1/1000]  loss: 1.8886  accuracy: 31.65%  val_loss: 1.6050  val_accuracy: 41.61%
  Epoch [2/1000]  loss: 1.6172  accuracy: 35.92%  val_loss: 1.5194  val_accuracy: 47.90%
  Epoch [3/1000]  loss: 1.4591  accuracy: 43.33%  val_loss: 1.4695  val_accuracy: 51.05%
  Epoch [4/1000]  loss: 1.4432  accuracy: 44.99%  val_loss: 1.4363  val_accuracy: 53.50%
  Epoch [5/1000]  loss: 1.4069  accuracy: 45.95%  val_loss: 1.4531  val_accuracy: 50.70%
  Epoch [6/1000]  loss: 1.3338  accuracy: 50.04%  val_loss: 1.3752  val_accuracy: 54.20%
  Epoch [7/1000]  loss: 1.3203  accuracy: 50.13%  val_loss: 1.3498  val_accuracy: 53.50%
  Epoch [8/1000]  loss: 1.2943  accuracy: 53.44%  val_loss: 1.3015  val_accuracy: 58.74%
  Epoch [9/1000]  loss: 1.2838  accuracy: 51.70%  val_loss: 1.3114  val_accuracy: 56.99%
  Epoch [10/1000]  loss: 1.2613  accuracy: 52.75%  val_loss: 1.3049  val_accuracy: 56.29%
  Epoch [11/1000]  loss: 1.2237  accuracy: 55.36%  val_loss: 1.3083  val_accuracy: 55.94%
  Epoch [12/1000]  loss: 1.2497  accuracy: 54.40%  val_loss: 1.2728  val_accuracy: 56.99%
  Epoch [13/1000]  loss: 1.2411  accuracy: 54.14%  val_loss: 1.2706  val_accuracy: 56.99%
  Epoch [14/1000]  loss: 1.2171  accuracy: 55.19%  val_loss: 1.2684  val_accuracy: 58.39%
  Epoch [15/1000]  loss: 1.1835  accuracy: 55.71%  val_loss: 1.2791  val_accuracy: 59.44%
  Epoch [16/1000]  loss: 1.1747  accuracy: 55.71%  val_loss: 1.2339  val_accuracy: 58.04%
  Epoch [17/1000]  loss: 1.1637  accuracy: 56.06%  val_loss: 1.2616  val_accuracy: 55.59%
  Epoch [18/1000]  loss: 1.1815  accuracy: 55.01%  val_loss: 1.2757  val_accuracy: 57.34%
  Epoch [19/1000]  loss: 1.1638  accuracy: 56.58%  val_loss: 1.2610  val_accuracy: 58.39%
  Epoch [20/1000]  loss: 1.1466  accuracy: 57.45%  val_loss: 1.2527  val_accuracy: 59.09%
  Epoch [21/1000]  loss: 1.1660  accuracy: 56.15%  val_loss: 1.2720  val_accuracy: 56.99%
  Epoch [22/1000]  loss: 1.1806  accuracy: 57.54%  val_loss: 1.2224  val_accuracy: 57.69%
  Epoch [23/1000]  loss: 1.1572  accuracy: 56.41%  val_loss: 1.2292  val_accuracy: 58.39%
  Epoch [24/1000]  loss: 1.1735  accuracy: 57.11%  val_loss: 1.2200  val_accuracy: 60.14%
  Epoch [25/1000]  loss: 1.1280  accuracy: 57.37%  val_loss: 1.1860  val_accuracy: 60.84%
  Epoch [26/1000]  loss: 1.1288  accuracy: 59.29%  val_loss: 1.2201  val_accuracy: 57.69%
  Epoch [27/1000]  loss: 1.1261  accuracy: 58.85%  val_loss: 1.2252  val_accuracy: 56.99%
  Epoch [28/1000]  loss: 1.1152  accuracy: 57.02%  val_loss: 1.2014  val_accuracy: 59.44%
  Epoch [29/1000]  loss: 1.1068  accuracy: 59.72%  val_loss: 1.2297  val_accuracy: 57.69%
  Epoch [30/1000]  loss: 1.0996  accuracy: 58.41%  val_loss: 1.1835  val_accuracy: 61.89%
  Epoch [31/1000]  loss: 1.0851  accuracy: 59.98%  val_loss: 1.1866  val_accuracy: 59.44%
  Epoch [32/1000]  loss: 1.0910  accuracy: 60.07%  val_loss: 1.1811  val_accuracy: 58.04%
  Epoch [33/1000]  loss: 1.1173  accuracy: 59.20%  val_loss: 1.2027  val_accuracy: 58.04%
  Epoch [34/1000]  loss: 1.0574  accuracy: 61.38%  val_loss: 1.1956  val_accuracy: 60.49%
  Epoch [35/1000]  loss: 1.1289  accuracy: 58.59%  val_loss: 1.1829  val_accuracy: 61.89%
  Epoch [36/1000]  loss: 1.0919  accuracy: 59.63%  val_loss: 1.1693  val_accuracy: 62.94%
  Epoch [37/1000]  loss: 1.0798  accuracy: 61.64%  val_loss: 1.1634  val_accuracy: 61.89%
  Epoch [38/1000]  loss: 1.0794  accuracy: 60.68%  val_loss: 1.1638  val_accuracy: 63.64%
  Epoch [39/1000]  loss: 1.0662  accuracy: 60.33%  val_loss: 1.1907  val_accuracy: 59.44%
  Epoch [40/1000]  loss: 1.0697  accuracy: 59.55%  val_loss: 1.1468  val_accuracy: 62.59%
  Epoch [41/1000]  loss: 1.0857  accuracy: 60.94%  val_loss: 1.1631  val_accuracy: 61.19%
  Epoch [42/1000]  loss: 1.0602  accuracy: 58.76%  val_loss: 1.1692  val_accuracy: 61.19%
  Epoch [43/1000]  loss: 1.0678  accuracy: 60.51%  val_loss: 1.1636  val_accuracy: 60.84%
  Epoch [44/1000]  loss: 1.0849  accuracy: 59.02%  val_loss: 1.1529  val_accuracy: 62.59%
  Epoch [45/1000]  loss: 1.0665  accuracy: 59.46%  val_loss: 1.1798  val_accuracy: 60.14%
  Epoch [46/1000]  loss: 1.0471  accuracy: 60.85%  val_loss: 1.1738  val_accuracy: 62.59%
  Epoch [47/1000]  loss: 1.0682  accuracy: 59.11%  val_loss: 1.1409  val_accuracy: 63.99%
  Epoch [48/1000]  loss: 1.0474  accuracy: 61.03%  val_loss: 1.1554  val_accuracy: 62.94%
  Epoch [49/1000]  loss: 1.0328  accuracy: 61.03%  val_loss: 1.1862  val_accuracy: 60.49%
  Epoch [50/1000]  loss: 1.0543  accuracy: 61.55%  val_loss: 1.1360  val_accuracy: 64.34%
  Epoch [51/1000]  loss: 1.0462  accuracy: 61.55%  val_loss: 1.1579  val_accuracy: 63.64%
  Epoch [52/1000]  loss: 1.0222  accuracy: 62.69%  val_loss: 1.1684  val_accuracy: 60.49%
  Epoch [53/1000]  loss: 1.0328  accuracy: 61.46%  val_loss: 1.1466  val_accuracy: 61.54%
  Epoch [54/1000]  loss: 1.0382  accuracy: 61.81%  val_loss: 1.1517  val_accuracy: 63.99%
  Epoch [55/1000]  loss: 1.0193  accuracy: 62.60%  val_loss: 1.1619  val_accuracy: 65.03%
  Epoch [56/1000]  loss: 1.0196  accuracy: 61.38%  val_loss: 1.1392  val_accuracy: 62.24%
  Epoch [57/1000]  loss: 1.0576  accuracy: 61.29%  val_loss: 1.1535  val_accuracy: 59.09%
  Epoch [58/1000]  loss: 1.0153  accuracy: 61.99%  val_loss: 1.1394  val_accuracy: 64.34%
  Epoch [59/1000]  loss: 1.0509  accuracy: 61.90%  val_loss: 1.1113  val_accuracy: 64.34%
  Epoch [60/1000]  loss: 1.0187  accuracy: 62.07%  val_loss: 1.1649  val_accuracy: 63.64%
  Epoch [61/1000]  loss: 0.9871  accuracy: 63.38%  val_loss: 1.1198  val_accuracy: 65.73%
  Epoch [62/1000]  loss: 1.0123  accuracy: 61.46%  val_loss: 1.1244  val_accuracy: 62.94%
  Epoch [63/1000]  loss: 1.0151  accuracy: 62.25%  val_loss: 1.1199  val_accuracy: 64.69%
  Epoch [64/1000]  loss: 0.9901  accuracy: 64.43%  val_loss: 1.1371  val_accuracy: 62.24%
  Epoch [65/1000]  loss: 0.9909  accuracy: 63.73%  val_loss: 1.1221  val_accuracy: 64.34%
  Epoch [66/1000]  loss: 0.9981  accuracy: 63.82%  val_loss: 1.1343  val_accuracy: 62.24%
  Epoch [67/1000]  loss: 0.9938  accuracy: 64.69%  val_loss: 1.1758  val_accuracy: 61.89%
  Epoch [68/1000]  loss: 1.0120  accuracy: 63.30%  val_loss: 1.1681  val_accuracy: 60.14%
  Epoch [69/1000]  loss: 0.9862  accuracy: 63.64%  val_loss: 1.1521  val_accuracy: 63.99%
  Epoch [70/1000]  loss: 0.9834  accuracy: 63.56%  val_loss: 1.1412  val_accuracy: 62.94%
  Epoch [71/1000]  loss: 0.9804  accuracy: 63.38%  val_loss: 1.1521  val_accuracy: 63.99%
  Epoch [72/1000]  loss: 0.9842  accuracy: 64.08%  val_loss: 1.1377  val_accuracy: 60.84%
  Epoch [73/1000]  loss: 0.9907  accuracy: 64.25%  val_loss: 1.1271  val_accuracy: 64.34%
  Epoch [74/1000]  loss: 1.0020  accuracy: 63.21%  val_loss: 1.1495  val_accuracy: 63.29%
  Epoch [75/1000]  loss: 0.9733  accuracy: 65.39%  val_loss: 1.1443  val_accuracy: 61.54%
  Epoch [76/1000]  loss: 0.9583  accuracy: 65.48%  val_loss: 1.1402  val_accuracy: 63.99%
  Epoch [77/1000]  loss: 0.9719  accuracy: 63.91%  val_loss: 1.1624  val_accuracy: 63.29%
  Epoch [78/1000]  loss: 0.9830  accuracy: 64.34%  val_loss: 1.1556  val_accuracy: 64.69%
  Epoch [79/1000]  loss: 0.9721  accuracy: 64.95%  val_loss: 1.1488  val_accuracy: 62.94%
  Early stopping triggered after 79 epochs (no improvement for 20 epochs).

  Fold 4 result: val_loss: 1.1113  val_accuracy: 64.34%

Fold [5 / 5]
----------------------------------------------------------------------
  Epoch [1/1000]  loss: 1.9387  accuracy: 28.11%  val_loss: 1.6015  val_accuracy: 40.14%
  Epoch [2/1000]  loss: 1.6011  accuracy: 34.46%  val_loss: 1.6103  val_accuracy: 41.90%
  Epoch [3/1000]  loss: 1.5205  accuracy: 40.21%  val_loss: 1.4372  val_accuracy: 54.23%
  Epoch [4/1000]  loss: 1.4462  accuracy: 44.30%  val_loss: 1.3720  val_accuracy: 53.52%
  Epoch [5/1000]  loss: 1.4653  accuracy: 45.34%  val_loss: 1.4172  val_accuracy: 54.93%
  Epoch [6/1000]  loss: 1.3609  accuracy: 48.65%  val_loss: 1.2788  val_accuracy: 57.75%
  Epoch [7/1000]  loss: 1.3459  accuracy: 47.69%  val_loss: 1.2317  val_accuracy: 60.56%
  Epoch [8/1000]  loss: 1.3295  accuracy: 50.13%  val_loss: 1.1987  val_accuracy: 60.92%
  Epoch [9/1000]  loss: 1.3297  accuracy: 50.30%  val_loss: 1.1984  val_accuracy: 60.21%
  Epoch [10/1000]  loss: 1.3119  accuracy: 50.91%  val_loss: 1.1651  val_accuracy: 61.62%
  Epoch [11/1000]  loss: 1.2711  accuracy: 51.00%  val_loss: 1.1626  val_accuracy: 60.92%
  Epoch [12/1000]  loss: 1.2707  accuracy: 52.05%  val_loss: 1.1818  val_accuracy: 59.86%
  Epoch [13/1000]  loss: 1.2362  accuracy: 52.13%  val_loss: 1.1636  val_accuracy: 63.03%
  Epoch [14/1000]  loss: 1.2567  accuracy: 54.48%  val_loss: 1.1405  val_accuracy: 61.62%
  Epoch [15/1000]  loss: 1.2273  accuracy: 53.61%  val_loss: 1.1970  val_accuracy: 61.27%
  Epoch [16/1000]  loss: 1.2264  accuracy: 53.70%  val_loss: 1.1474  val_accuracy: 60.56%
  Epoch [17/1000]  loss: 1.2053  accuracy: 54.22%  val_loss: 1.1838  val_accuracy: 61.62%
  Epoch [18/1000]  loss: 1.1941  accuracy: 57.27%  val_loss: 1.2112  val_accuracy: 58.45%
  Epoch [19/1000]  loss: 1.2191  accuracy: 53.44%  val_loss: 1.1812  val_accuracy: 65.49%
  Epoch [20/1000]  loss: 1.1686  accuracy: 56.40%  val_loss: 1.1522  val_accuracy: 61.27%
  Epoch [21/1000]  loss: 1.1945  accuracy: 54.57%  val_loss: 1.1336  val_accuracy: 63.38%
  Epoch [22/1000]  loss: 1.1390  accuracy: 57.01%  val_loss: 1.1904  val_accuracy: 61.27%
  Epoch [23/1000]  loss: 1.1865  accuracy: 56.22%  val_loss: 1.1889  val_accuracy: 60.56%
  Epoch [24/1000]  loss: 1.1576  accuracy: 54.57%  val_loss: 1.1299  val_accuracy: 62.32%
  Epoch [25/1000]  loss: 1.1371  accuracy: 56.83%  val_loss: 1.1485  val_accuracy: 59.86%
  Epoch [26/1000]  loss: 1.1407  accuracy: 57.88%  val_loss: 1.1059  val_accuracy: 63.73%
  Epoch [27/1000]  loss: 1.1360  accuracy: 57.18%  val_loss: 1.1005  val_accuracy: 63.03%
  Epoch [28/1000]  loss: 1.1366  accuracy: 57.44%  val_loss: 1.1459  val_accuracy: 61.97%
  Epoch [29/1000]  loss: 1.1127  accuracy: 59.88%  val_loss: 1.1863  val_accuracy: 61.97%
  Epoch [30/1000]  loss: 1.1555  accuracy: 57.44%  val_loss: 1.1425  val_accuracy: 61.27%
  Epoch [31/1000]  loss: 1.1324  accuracy: 57.53%  val_loss: 1.0991  val_accuracy: 64.44%
  Epoch [32/1000]  loss: 1.1259  accuracy: 57.35%  val_loss: 1.1286  val_accuracy: 63.73%
  Epoch [33/1000]  loss: 1.0940  accuracy: 58.66%  val_loss: 1.0804  val_accuracy: 65.49%
  Epoch [34/1000]  loss: 1.0999  accuracy: 60.05%  val_loss: 1.1215  val_accuracy: 63.03%
  Epoch [35/1000]  loss: 1.0871  accuracy: 59.01%  val_loss: 1.1678  val_accuracy: 61.62%
  Epoch [36/1000]  loss: 1.0991  accuracy: 58.14%  val_loss: 1.1072  val_accuracy: 64.79%
  Epoch [37/1000]  loss: 1.0995  accuracy: 58.40%  val_loss: 1.1041  val_accuracy: 62.68%
  Epoch [38/1000]  loss: 1.1006  accuracy: 58.49%  val_loss: 1.1253  val_accuracy: 63.03%
  Epoch [39/1000]  loss: 1.0903  accuracy: 59.01%  val_loss: 1.1110  val_accuracy: 63.38%
  Epoch [40/1000]  loss: 1.0800  accuracy: 59.88%  val_loss: 1.1096  val_accuracy: 65.85%
  Epoch [41/1000]  loss: 1.0688  accuracy: 61.36%  val_loss: 1.0975  val_accuracy: 65.85%
  Epoch [42/1000]  loss: 1.0503  accuracy: 60.66%  val_loss: 1.1053  val_accuracy: 63.73%
  Epoch [43/1000]  loss: 1.0810  accuracy: 60.31%  val_loss: 1.1346  val_accuracy: 60.92%
  Epoch [44/1000]  loss: 1.0502  accuracy: 61.01%  val_loss: 1.1285  val_accuracy: 61.97%
  Epoch [45/1000]  loss: 1.0628  accuracy: 61.27%  val_loss: 1.1316  val_accuracy: 63.73%
  Epoch [46/1000]  loss: 1.0790  accuracy: 61.18%  val_loss: 1.1675  val_accuracy: 60.92%
  Epoch [47/1000]  loss: 1.0659  accuracy: 60.31%  val_loss: 1.0956  val_accuracy: 63.38%
  Epoch [48/1000]  loss: 1.0772  accuracy: 61.62%  val_loss: 1.1504  val_accuracy: 60.92%
  Epoch [49/1000]  loss: 1.0561  accuracy: 59.36%  val_loss: 1.1381  val_accuracy: 63.38%
  Epoch [50/1000]  loss: 1.0683  accuracy: 61.27%  val_loss: 1.1027  val_accuracy: 64.44%
  Epoch [51/1000]  loss: 1.0765  accuracy: 60.05%  val_loss: 1.1485  val_accuracy: 62.68%
  Epoch [52/1000]  loss: 1.0624  accuracy: 59.97%  val_loss: 1.1216  val_accuracy: 66.20%
  Epoch [53/1000]  loss: 1.0368  accuracy: 61.18%  val_loss: 1.0774  val_accuracy: 66.20%
  Epoch [54/1000]  loss: 1.0395  accuracy: 62.05%  val_loss: 1.1080  val_accuracy: 65.85%
  Epoch [55/1000]  loss: 1.0506  accuracy: 61.18%  val_loss: 1.1324  val_accuracy: 64.44%
  Epoch [56/1000]  loss: 1.0310  accuracy: 61.10%  val_loss: 1.1168  val_accuracy: 64.44%
  Epoch [57/1000]  loss: 1.0619  accuracy: 60.49%  val_loss: 1.0719  val_accuracy: 65.85%
  Epoch [58/1000]  loss: 1.0639  accuracy: 61.10%  val_loss: 1.1035  val_accuracy: 64.08%
  Epoch [59/1000]  loss: 1.0545  accuracy: 61.62%  val_loss: 1.0810  val_accuracy: 66.20%
  Epoch [60/1000]  loss: 1.0562  accuracy: 60.40%  val_loss: 1.1507  val_accuracy: 63.03%
  Epoch [61/1000]  loss: 1.0333  accuracy: 61.97%  val_loss: 1.0824  val_accuracy: 66.55%
  Epoch [62/1000]  loss: 1.0185  accuracy: 62.49%  val_loss: 1.1213  val_accuracy: 63.38%
  Epoch [63/1000]  loss: 1.0344  accuracy: 60.23%  val_loss: 1.1068  val_accuracy: 66.20%
  Epoch [64/1000]  loss: 1.0169  accuracy: 62.49%  val_loss: 1.0940  val_accuracy: 67.96%
  Epoch [65/1000]  loss: 1.0550  accuracy: 58.14%  val_loss: 1.1135  val_accuracy: 66.20%
  Epoch [66/1000]  loss: 1.0284  accuracy: 62.40%  val_loss: 1.0775  val_accuracy: 67.61%
  Epoch [67/1000]  loss: 1.0279  accuracy: 61.36%  val_loss: 1.0687  val_accuracy: 65.49%
  Epoch [68/1000]  loss: 0.9971  accuracy: 62.66%  val_loss: 1.0919  val_accuracy: 65.49%
  Epoch [69/1000]  loss: 1.0001  accuracy: 64.06%  val_loss: 1.0856  val_accuracy: 66.20%
  Epoch [70/1000]  loss: 0.9871  accuracy: 64.06%  val_loss: 1.1142  val_accuracy: 67.25%
  Epoch [71/1000]  loss: 1.0198  accuracy: 62.84%  val_loss: 1.1508  val_accuracy: 63.73%
  Epoch [72/1000]  loss: 1.0161  accuracy: 62.66%  val_loss: 1.0930  val_accuracy: 65.85%
  Epoch [73/1000]  loss: 0.9990  accuracy: 63.19%  val_loss: 1.0710  val_accuracy: 67.61%
  Epoch [74/1000]  loss: 0.9956  accuracy: 63.97%  val_loss: 1.0697  val_accuracy: 66.90%
  Epoch [75/1000]  loss: 1.0108  accuracy: 63.27%  val_loss: 1.0984  val_accuracy: 65.14%
  Epoch [76/1000]  loss: 0.9845  accuracy: 63.97%  val_loss: 1.0962  val_accuracy: 66.90%
  Epoch [77/1000]  loss: 0.9916  accuracy: 64.40%  val_loss: 1.1104  val_accuracy: 65.85%
  Epoch [78/1000]  loss: 0.9976  accuracy: 63.79%  val_loss: 1.0985  val_accuracy: 67.61%
  Epoch [79/1000]  loss: 1.0094  accuracy: 62.40%  val_loss: 1.1151  val_accuracy: 65.14%
  Epoch [80/1000]  loss: 1.0060  accuracy: 63.45%  val_loss: 1.1117  val_accuracy: 65.85%
  Epoch [81/1000]  loss: 0.9843  accuracy: 63.62%  val_loss: 1.0815  val_accuracy: 66.55%
  Epoch [82/1000]  loss: 0.9829  accuracy: 63.53%  val_loss: 1.1090  val_accuracy: 65.49%
  Epoch [83/1000]  loss: 0.9832  accuracy: 64.66%  val_loss: 1.1450  val_accuracy: 64.79%
  Epoch [84/1000]  loss: 0.9668  accuracy: 64.84%  val_loss: 1.0849  val_accuracy: 66.20%
  Epoch [85/1000]  loss: 0.9865  accuracy: 62.75%  val_loss: 1.1069  val_accuracy: 63.03%
  Epoch [86/1000]  loss: 0.9781  accuracy: 63.53%  val_loss: 1.0880  val_accuracy: 65.85%
  Epoch [87/1000]  loss: 0.9788  accuracy: 64.40%  val_loss: 1.1014  val_accuracy: 64.79%
  Early stopping triggered after 87 epochs (no improvement for 20 epochs).

  Fold 5 result: val_loss: 1.0687  val_accuracy: 65.49%

======================================================================
Cross-Validation Summary
======================================================================
    Fold      Val Loss      Val Accuracy
  ----------------------------------------
       1        1.0795            63.32%
       2        1.1292            63.07%
       3        1.1517            64.81%
       4        1.1113            64.34%
       5        1.0687            65.49%
  ----------------------------------------
    Mean        1.1081 ± 0.0344        64.20% ± 1.01%
======================================================================

Training final model on the full train+val pool...
----------------------------------------------------------------------
  Epoch [1/1000]  loss: 1.9042  accuracy: 30.84%
  Epoch [2/1000]  loss: 1.5502  accuracy: 40.75%
  Epoch [3/1000]  loss: 1.4460  accuracy: 43.20%
  Epoch [4/1000]  loss: 1.4223  accuracy: 44.17%
  Epoch [5/1000]  loss: 1.3595  accuracy: 48.29%
  Epoch [6/1000]  loss: 1.3095  accuracy: 50.66%
  Epoch [7/1000]  loss: 1.3170  accuracy: 49.76%
  Epoch [8/1000]  loss: 1.2726  accuracy: 51.36%
  Epoch [9/1000]  loss: 1.2918  accuracy: 52.06%
  Epoch [10/1000]  loss: 1.2295  accuracy: 53.45%
  Epoch [11/1000]  loss: 1.2325  accuracy: 52.55%
  Epoch [12/1000]  loss: 1.2173  accuracy: 54.85%
  Epoch [13/1000]  loss: 1.2208  accuracy: 55.62%
  Epoch [14/1000]  loss: 1.1762  accuracy: 55.90%
  Epoch [15/1000]  loss: 1.2109  accuracy: 54.92%
  Epoch [16/1000]  loss: 1.1704  accuracy: 54.99%
  Epoch [17/1000]  loss: 1.1613  accuracy: 56.59%
  Epoch [18/1000]  loss: 1.1443  accuracy: 58.20%
  Epoch [19/1000]  loss: 1.1593  accuracy: 56.39%
  Epoch [20/1000]  loss: 1.1446  accuracy: 57.08%
  Epoch [21/1000]  loss: 1.1719  accuracy: 55.13%
  Epoch [22/1000]  loss: 1.1301  accuracy: 57.15%
  Epoch [23/1000]  loss: 1.1356  accuracy: 57.08%
  Epoch [24/1000]  loss: 1.1399  accuracy: 56.87%
  Epoch [25/1000]  loss: 1.1291  accuracy: 57.43%
  Epoch [26/1000]  loss: 1.1243  accuracy: 57.99%
  Epoch [27/1000]  loss: 1.1442  accuracy: 58.34%
  Epoch [28/1000]  loss: 1.1061  accuracy: 58.69%
  Epoch [29/1000]  loss: 1.1008  accuracy: 59.25%
  Epoch [30/1000]  loss: 1.0904  accuracy: 60.99%
  Epoch [31/1000]  loss: 1.0929  accuracy: 59.53%
  Epoch [32/1000]  loss: 1.0935  accuracy: 58.69%
  Epoch [33/1000]  loss: 1.0728  accuracy: 59.32%
  Epoch [34/1000]  loss: 1.0660  accuracy: 59.73%
  Epoch [35/1000]  loss: 1.0857  accuracy: 59.87%
  Epoch [36/1000]  loss: 1.0923  accuracy: 59.73%
  Epoch [37/1000]  loss: 1.0680  accuracy: 59.18%
  Epoch [38/1000]  loss: 1.0624  accuracy: 59.73%
  Epoch [39/1000]  loss: 1.0727  accuracy: 59.67%
  Epoch [40/1000]  loss: 1.0753  accuracy: 59.80%
  Epoch [41/1000]  loss: 1.0516  accuracy: 59.73%
  Epoch [42/1000]  loss: 1.0465  accuracy: 61.06%
  Epoch [43/1000]  loss: 1.0625  accuracy: 61.20%
  Epoch [44/1000]  loss: 1.0303  accuracy: 60.92%
  Epoch [45/1000]  loss: 1.0410  accuracy: 60.78%
  Epoch [46/1000]  loss: 1.0315  accuracy: 61.41%
  Epoch [47/1000]  loss: 1.0262  accuracy: 62.25%
  Epoch [48/1000]  loss: 1.0394  accuracy: 60.99%
  Epoch [49/1000]  loss: 1.0266  accuracy: 61.55%
  Epoch [50/1000]  loss: 1.0452  accuracy: 60.71%
  Epoch [51/1000]  loss: 1.0336  accuracy: 63.08%
  Epoch [52/1000]  loss: 1.0324  accuracy: 60.92%
  Epoch [53/1000]  loss: 1.0307  accuracy: 62.04%
  Epoch [54/1000]  loss: 0.9977  accuracy: 63.78%
  Epoch [55/1000]  loss: 1.0108  accuracy: 60.85%
  Epoch [56/1000]  loss: 1.0236  accuracy: 63.22%
  Epoch [57/1000]  loss: 1.0062  accuracy: 62.32%
  Epoch [58/1000]  loss: 1.0315  accuracy: 61.48%
  Epoch [59/1000]  loss: 1.0257  accuracy: 62.46%
  Epoch [60/1000]  loss: 1.0238  accuracy: 62.81%
  Epoch [61/1000]  loss: 1.0100  accuracy: 63.64%
  Epoch [62/1000]  loss: 1.0054  accuracy: 63.29%
  Epoch [63/1000]  loss: 0.9955  accuracy: 63.92%
  Epoch [64/1000]  loss: 0.9922  accuracy: 63.50%
  Epoch [65/1000]  loss: 1.0002  accuracy: 63.08%
  Epoch [66/1000]  loss: 0.9903  accuracy: 64.34%
  Epoch [67/1000]  loss: 0.9820  accuracy: 63.64%
  Epoch [68/1000]  loss: 0.9837  accuracy: 63.78%
  Epoch [69/1000]  loss: 0.9935  accuracy: 61.97%
  Epoch [70/1000]  loss: 0.9744  accuracy: 64.06%
  Epoch [71/1000]  loss: 0.9597  accuracy: 65.32%
  Epoch [72/1000]  loss: 1.0052  accuracy: 63.01%
  Epoch [73/1000]  loss: 1.0106  accuracy: 64.13%
  Epoch [74/1000]  loss: 0.9858  accuracy: 63.50%
  Epoch [75/1000]  loss: 0.9726  accuracy: 63.64%
  Epoch [76/1000]  loss: 0.9591  accuracy: 64.34%
  Epoch [77/1000]  loss: 0.9615  accuracy: 64.34%
  Epoch [78/1000]  loss: 0.9591  accuracy: 64.34%
  Epoch [79/1000]  loss: 0.9637  accuracy: 64.90%
  Epoch [80/1000]  loss: 0.9691  accuracy: 64.06%
  Epoch [81/1000]  loss: 0.9453  accuracy: 65.11%
  Epoch [82/1000]  loss: 0.9819  accuracy: 64.27%
  Epoch [83/1000]  loss: 0.9468  accuracy: 65.18%
  Epoch [84/1000]  loss: 0.9571  accuracy: 65.32%
  Epoch [85/1000]  loss: 0.9503  accuracy: 65.39%
  Epoch [86/1000]  loss: 0.9453  accuracy: 65.74%
  Epoch [87/1000]  loss: 0.9588  accuracy: 64.83%
  Epoch [88/1000]  loss: 0.9629  accuracy: 64.90%
  Epoch [89/1000]  loss: 0.9696  accuracy: 64.27%
  Epoch [90/1000]  loss: 0.9609  accuracy: 65.32%
  Epoch [91/1000]  loss: 0.9504  accuracy: 65.81%
  Epoch [92/1000]  loss: 0.9505  accuracy: 64.41%
  Epoch [93/1000]  loss: 0.9310  accuracy: 66.57%
  Epoch [94/1000]  loss: 0.9262  accuracy: 66.64%
  Epoch [95/1000]  loss: 0.9297  accuracy: 65.88%
  Epoch [96/1000]  loss: 0.9251  accuracy: 66.09%
  Epoch [97/1000]  loss: 0.9283  accuracy: 66.02%
  Epoch [98/1000]  loss: 0.9328  accuracy: 66.43%
  Epoch [99/1000]  loss: 0.9365  accuracy: 65.88%
  Epoch [100/1000]  loss: 0.9351  accuracy: 65.60%
  Epoch [101/1000]  loss: 0.9308  accuracy: 66.15%
  Epoch [102/1000]  loss: 0.9507  accuracy: 65.81%
  Epoch [103/1000]  loss: 0.9261  accuracy: 66.50%
  Epoch [104/1000]  loss: 0.9095  accuracy: 67.13%
  Epoch [105/1000]  loss: 0.9291  accuracy: 66.36%
  Epoch [106/1000]  loss: 0.9301  accuracy: 65.25%
  Epoch [107/1000]  loss: 0.9327  accuracy: 66.99%
  Epoch [108/1000]  loss: 0.9164  accuracy: 66.36%
  Epoch [109/1000]  loss: 0.9369  accuracy: 66.99%
  Epoch [110/1000]  loss: 0.9041  accuracy: 67.69%
  Epoch [111/1000]  loss: 0.9209  accuracy: 66.78%
  Epoch [112/1000]  loss: 0.9115  accuracy: 67.90%
  Epoch [113/1000]  loss: 0.9173  accuracy: 66.64%
  Epoch [114/1000]  loss: 0.9229  accuracy: 66.02%
  Epoch [115/1000]  loss: 0.9009  accuracy: 66.71%
  Epoch [116/1000]  loss: 0.9007  accuracy: 67.76%
  Epoch [117/1000]  loss: 0.8915  accuracy: 67.90%
  Epoch [118/1000]  loss: 0.8999  accuracy: 68.53%
  Epoch [119/1000]  loss: 0.9048  accuracy: 66.99%
  Epoch [120/1000]  loss: 0.9192  accuracy: 67.13%
  Epoch [121/1000]  loss: 0.9034  accuracy: 66.92%
  Epoch [122/1000]  loss: 0.9024  accuracy: 69.02%
  Epoch [123/1000]  loss: 0.9060  accuracy: 67.06%
  Epoch [124/1000]  loss: 0.9036  accuracy: 67.55%
  Epoch [125/1000]  loss: 0.9101  accuracy: 67.06%
  Epoch [126/1000]  loss: 0.8978  accuracy: 68.46%
  Epoch [127/1000]  loss: 0.8982  accuracy: 67.76%
  Epoch [128/1000]  loss: 0.8811  accuracy: 68.04%
  Epoch [129/1000]  loss: 0.8885  accuracy: 67.62%
  Epoch [130/1000]  loss: 0.8930  accuracy: 67.13%
  Epoch [131/1000]  loss: 0.8959  accuracy: 68.11%
  Epoch [132/1000]  loss: 0.8918  accuracy: 66.50%
  Epoch [133/1000]  loss: 0.8954  accuracy: 68.46%
  Epoch [134/1000]  loss: 0.8808  accuracy: 68.04%
  Epoch [135/1000]  loss: 0.8941  accuracy: 68.74%
  Epoch [136/1000]  loss: 0.8855  accuracy: 68.60%
  Epoch [137/1000]  loss: 0.8884  accuracy: 68.04%
  Epoch [138/1000]  loss: 0.8639  accuracy: 68.67%
  Epoch [139/1000]  loss: 0.8945  accuracy: 68.60%
  Epoch [140/1000]  loss: 0.8851  accuracy: 68.25%
  Epoch [141/1000]  loss: 0.8857  accuracy: 69.16%
  Epoch [142/1000]  loss: 0.8785  accuracy: 67.41%
  Epoch [143/1000]  loss: 0.8762  accuracy: 67.48%
  Epoch [144/1000]  loss: 0.8858  accuracy: 68.11%
  Epoch [145/1000]  loss: 0.8667  accuracy: 68.67%
  Epoch [146/1000]  loss: 0.8871  accuracy: 68.88%
  Epoch [147/1000]  loss: 0.8708  accuracy: 68.46%
  Epoch [148/1000]  loss: 0.8809  accuracy: 69.30%
  Epoch [149/1000]  loss: 0.8862  accuracy: 68.67%
  Epoch [150/1000]  loss: 0.8741  accuracy: 68.95%
  Epoch [151/1000]  loss: 0.8479  accuracy: 69.78%
  Epoch [152/1000]  loss: 0.8447  accuracy: 69.78%
  Epoch [153/1000]  loss: 0.8759  accuracy: 68.25%
  Epoch [154/1000]  loss: 0.8638  accuracy: 69.64%
  Epoch [155/1000]  loss: 0.8584  accuracy: 70.13%
  Epoch [156/1000]  loss: 0.8834  accuracy: 69.92%
  Epoch [157/1000]  loss: 0.8667  accuracy: 69.64%
  Epoch [158/1000]  loss: 0.8673  accuracy: 68.95%
  Epoch [159/1000]  loss: 0.8793  accuracy: 68.81%
  Epoch [160/1000]  loss: 0.8599  accuracy: 70.20%
  Epoch [161/1000]  loss: 0.8453  accuracy: 70.55%
  Epoch [162/1000]  loss: 0.8552  accuracy: 69.57%
  Epoch [163/1000]  loss: 0.8633  accuracy: 69.99%
  Epoch [164/1000]  loss: 0.8602  accuracy: 69.64%
  Epoch [165/1000]  loss: 0.8475  accuracy: 70.97%
  Epoch [166/1000]  loss: 0.8680  accuracy: 70.13%
  Epoch [167/1000]  loss: 0.8429  accuracy: 70.55%
  Epoch [168/1000]  loss: 0.8606  accuracy: 69.99%
  Epoch [169/1000]  loss: 0.8510  accuracy: 71.04%
  Epoch [170/1000]  loss: 0.8559  accuracy: 69.23%
  Epoch [171/1000]  loss: 0.8411  accuracy: 71.88%
  Epoch [172/1000]  loss: 0.8490  accuracy: 72.44%
  Epoch [173/1000]  loss: 0.8352  accuracy: 71.60%
  Epoch [174/1000]  loss: 0.8429  accuracy: 70.76%
  Epoch [175/1000]  loss: 0.8409  accuracy: 71.11%
  Epoch [176/1000]  loss: 0.8434  accuracy: 71.46%
  Epoch [177/1000]  loss: 0.8504  accuracy: 69.99%
  Epoch [178/1000]  loss: 0.8621  accuracy: 69.71%
  Epoch [179/1000]  loss: 0.8586  accuracy: 69.99%
  Epoch [180/1000]  loss: 0.8280  accuracy: 71.74%
  Epoch [181/1000]  loss: 0.8464  accuracy: 69.71%
  Epoch [182/1000]  loss: 0.8452  accuracy: 71.39%
  Epoch [183/1000]  loss: 0.8474  accuracy: 70.90%
  Epoch [184/1000]  loss: 0.8423  accuracy: 70.13%
  Epoch [185/1000]  loss: 0.8338  accuracy: 70.90%
  Epoch [186/1000]  loss: 0.8578  accuracy: 70.90%
  Epoch [187/1000]  loss: 0.8360  accuracy: 72.23%
  Epoch [188/1000]  loss: 0.8414  accuracy: 72.23%
  Epoch [189/1000]  loss: 0.8278  accuracy: 72.99%
  Epoch [190/1000]  loss: 0.8344  accuracy: 71.46%
  Epoch [191/1000]  loss: 0.8388  accuracy: 70.27%
  Epoch [192/1000]  loss: 0.8341  accuracy: 71.18%
  Epoch [193/1000]  loss: 0.8373  accuracy: 70.41%
  Epoch [194/1000]  loss: 0.8253  accuracy: 72.37%
  Epoch [195/1000]  loss: 0.8596  accuracy: 70.20%
  Epoch [196/1000]  loss: 0.8134  accuracy: 72.71%
  Epoch [197/1000]  loss: 0.8069  accuracy: 73.83%
  Epoch [198/1000]  loss: 0.8389  accuracy: 71.88%
  Epoch [199/1000]  loss: 0.8338  accuracy: 71.39%
  Epoch [200/1000]  loss: 0.8203  accuracy: 73.69%
  Epoch [201/1000]  loss: 0.8203  accuracy: 71.95%
  Epoch [202/1000]  loss: 0.8397  accuracy: 71.11%
  Epoch [203/1000]  loss: 0.8271  accuracy: 72.44%
  Epoch [204/1000]  loss: 0.8178  accuracy: 72.16%
  Epoch [205/1000]  loss: 0.8232  accuracy: 73.62%
  Epoch [206/1000]  loss: 0.8328  accuracy: 70.41%
  Epoch [207/1000]  loss: 0.8114  accuracy: 72.37%
  Epoch [208/1000]  loss: 0.8138  accuracy: 72.51%
  Epoch [209/1000]  loss: 0.8195  accuracy: 71.53%
  Epoch [210/1000]  loss: 0.8071  accuracy: 73.34%
  Epoch [211/1000]  loss: 0.8255  accuracy: 72.30%
  Epoch [212/1000]  loss: 0.8205  accuracy: 72.16%
  Epoch [213/1000]  loss: 0.8280  accuracy: 71.46%
  Epoch [214/1000]  loss: 0.8293  accuracy: 72.51%
  Epoch [215/1000]  loss: 0.8038  accuracy: 73.97%
  Epoch [216/1000]  loss: 0.8051  accuracy: 72.85%
  Epoch [217/1000]  loss: 0.8042  accuracy: 72.51%
  Epoch [218/1000]  loss: 0.8202  accuracy: 72.02%
  Epoch [219/1000]  loss: 0.8127  accuracy: 71.46%
  Epoch [220/1000]  loss: 0.8195  accuracy: 71.46%
  Epoch [221/1000]  loss: 0.8232  accuracy: 71.04%
  Epoch [222/1000]  loss: 0.8334  accuracy: 71.81%
  Epoch [223/1000]  loss: 0.7869  accuracy: 75.02%
  Epoch [224/1000]  loss: 0.8172  accuracy: 73.62%
  Epoch [225/1000]  loss: 0.8107  accuracy: 73.55%
  Epoch [226/1000]  loss: 0.8129  accuracy: 73.83%
  Epoch [227/1000]  loss: 0.8108  accuracy: 72.64%
  Epoch [228/1000]  loss: 0.8035  accuracy: 73.06%
  Epoch [229/1000]  loss: 0.8047  accuracy: 72.58%
  Epoch [230/1000]  loss: 0.8024  accuracy: 73.20%
  Epoch [231/1000]  loss: 0.7909  accuracy: 74.18%
  Epoch [232/1000]  loss: 0.7969  accuracy: 74.32%
  Epoch [233/1000]  loss: 0.7987  accuracy: 72.85%
  Epoch [234/1000]  loss: 0.8074  accuracy: 73.20%
  Epoch [235/1000]  loss: 0.8026  accuracy: 73.55%
  Epoch [236/1000]  loss: 0.7996  accuracy: 74.46%
  Epoch [237/1000]  loss: 0.7951  accuracy: 74.88%
  Epoch [238/1000]  loss: 0.8111  accuracy: 72.78%
  Epoch [239/1000]  loss: 0.8107  accuracy: 72.71%
  Epoch [240/1000]  loss: 0.8004  accuracy: 73.06%
  Epoch [241/1000]  loss: 0.7856  accuracy: 74.67%
  Epoch [242/1000]  loss: 0.8024  accuracy: 72.64%
  Epoch [243/1000]  loss: 0.7969  accuracy: 73.27%
  Epoch [244/1000]  loss: 0.8013  accuracy: 73.55%
  Epoch [245/1000]  loss: 0.8066  accuracy: 72.51%
  Epoch [246/1000]  loss: 0.7925  accuracy: 73.13%
  Epoch [247/1000]  loss: 0.8046  accuracy: 73.97%
  Epoch [248/1000]  loss: 0.8056  accuracy: 73.55%
  Epoch [249/1000]  loss: 0.8117  accuracy: 73.41%
  Epoch [250/1000]  loss: 0.8177  accuracy: 73.34%
  Epoch [251/1000]  loss: 0.7959  accuracy: 74.18%
  Epoch [252/1000]  loss: 0.7744  accuracy: 75.30%
  Epoch [253/1000]  loss: 0.8067  accuracy: 71.95%
  Epoch [254/1000]  loss: 0.8000  accuracy: 73.90%
  Epoch [255/1000]  loss: 0.7890  accuracy: 73.97%
  Epoch [256/1000]  loss: 0.8013  accuracy: 74.11%
  Epoch [257/1000]  loss: 0.7875  accuracy: 73.90%
  Epoch [258/1000]  loss: 0.7794  accuracy: 74.81%
  Epoch [259/1000]  loss: 0.7843  accuracy: 74.53%
  Epoch [260/1000]  loss: 0.8032  accuracy: 74.04%
  Epoch [261/1000]  loss: 0.7960  accuracy: 74.32%
  Epoch [262/1000]  loss: 0.7906  accuracy: 74.18%
  Epoch [263/1000]  loss: 0.7868  accuracy: 74.18%
  Epoch [264/1000]  loss: 0.7722  accuracy: 76.20%
  Epoch [265/1000]  loss: 0.7933  accuracy: 75.09%
  Epoch [266/1000]  loss: 0.8047  accuracy: 73.76%
  Epoch [267/1000]  loss: 0.7812  accuracy: 75.02%
  Epoch [268/1000]  loss: 0.7822  accuracy: 75.09%
  Epoch [269/1000]  loss: 0.7710  accuracy: 76.06%
  Epoch [270/1000]  loss: 0.7941  accuracy: 73.69%
  Epoch [271/1000]  loss: 0.7852  accuracy: 75.02%
  Epoch [272/1000]  loss: 0.7649  accuracy: 76.48%
  Epoch [273/1000]  loss: 0.7815  accuracy: 75.02%
  Epoch [274/1000]  loss: 0.7852  accuracy: 75.79%
  Epoch [275/1000]  loss: 0.7864  accuracy: 75.30%
  Epoch [276/1000]  loss: 0.7804  accuracy: 75.58%
  Epoch [277/1000]  loss: 0.7639  accuracy: 76.27%
  Epoch [278/1000]  loss: 0.7739  accuracy: 76.06%
  Epoch [279/1000]  loss: 0.7786  accuracy: 75.79%
  Epoch [280/1000]  loss: 0.7655  accuracy: 76.34%
  Epoch [281/1000]  loss: 0.7607  accuracy: 76.83%
  Epoch [282/1000]  loss: 0.7836  accuracy: 74.60%
  Epoch [283/1000]  loss: 0.7623  accuracy: 75.85%
  Epoch [284/1000]  loss: 0.7732  accuracy: 77.11%
  Epoch [285/1000]  loss: 0.7655  accuracy: 75.99%
  Epoch [286/1000]  loss: 0.7607  accuracy: 76.62%
  Epoch [287/1000]  loss: 0.7769  accuracy: 76.27%
  Epoch [288/1000]  loss: 0.7721  accuracy: 75.99%
  Epoch [289/1000]  loss: 0.7654  accuracy: 76.27%
  Epoch [290/1000]  loss: 0.7530  accuracy: 77.18%
  Epoch [291/1000]  loss: 0.7632  accuracy: 76.62%
  Epoch [292/1000]  loss: 0.7752  accuracy: 75.44%
  Epoch [293/1000]  loss: 0.7763  accuracy: 75.37%
  Epoch [294/1000]  loss: 0.7728  accuracy: 75.79%
  Epoch [295/1000]  loss: 0.7656  accuracy: 76.55%
  Epoch [296/1000]  loss: 0.7623  accuracy: 76.97%
  Epoch [297/1000]  loss: 0.7811  accuracy: 76.06%
  Epoch [298/1000]  loss: 0.7470  accuracy: 76.69%
  Epoch [299/1000]  loss: 0.7573  accuracy: 76.76%
  Epoch [300/1000]  loss: 0.7884  accuracy: 76.90%
  Epoch [301/1000]  loss: 0.7622  accuracy: 77.25%
  Epoch [302/1000]  loss: 0.7598  accuracy: 76.83%
  Epoch [303/1000]  loss: 0.7610  accuracy: 77.81%
  Epoch [304/1000]  loss: 0.7813  accuracy: 75.99%
  Epoch [305/1000]  loss: 0.7653  accuracy: 77.04%
  Epoch [306/1000]  loss: 0.7667  accuracy: 76.13%
  Epoch [307/1000]  loss: 0.7783  accuracy: 75.37%
  Epoch [308/1000]  loss: 0.7720  accuracy: 76.06%
  Epoch [309/1000]  loss: 0.7520  accuracy: 76.13%
  Epoch [310/1000]  loss: 0.7673  accuracy: 76.27%
  Epoch [311/1000]  loss: 0.7621  accuracy: 76.76%
  Epoch [312/1000]  loss: 0.7509  accuracy: 77.25%
  Epoch [313/1000]  loss: 0.7401  accuracy: 78.16%
  Epoch [314/1000]  loss: 0.7543  accuracy: 76.41%
  Epoch [315/1000]  loss: 0.7528  accuracy: 76.62%
  Epoch [316/1000]  loss: 0.7591  accuracy: 77.32%
  Epoch [317/1000]  loss: 0.7600  accuracy: 75.85%
  Epoch [318/1000]  loss: 0.7608  accuracy: 76.48%
  Epoch [319/1000]  loss: 0.7512  accuracy: 77.04%
  Epoch [320/1000]  loss: 0.7721  accuracy: 75.92%
  Epoch [321/1000]  loss: 0.7615  accuracy: 78.02%
  Epoch [322/1000]  loss: 0.7472  accuracy: 77.74%
  Epoch [323/1000]  loss: 0.7402  accuracy: 77.95%
  Epoch [324/1000]  loss: 0.7526  accuracy: 78.02%
  Epoch [325/1000]  loss: 0.7515  accuracy: 76.83%
  Epoch [326/1000]  loss: 0.7556  accuracy: 77.04%
  Epoch [327/1000]  loss: 0.7608  accuracy: 76.20%
  Epoch [328/1000]  loss: 0.7368  accuracy: 77.39%
  Epoch [329/1000]  loss: 0.7521  accuracy: 78.51%
  Epoch [330/1000]  loss: 0.7405  accuracy: 77.81%
  Epoch [331/1000]  loss: 0.7302  accuracy: 79.62%
  Epoch [332/1000]  loss: 0.7520  accuracy: 77.11%
  Epoch [333/1000]  loss: 0.7459  accuracy: 77.53%
  Epoch [334/1000]  loss: 0.7417  accuracy: 79.27%
  Epoch [335/1000]  loss: 0.7491  accuracy: 77.46%
  Epoch [336/1000]  loss: 0.7514  accuracy: 77.74%
  Epoch [337/1000]  loss: 0.7350  accuracy: 79.48%
  Epoch [338/1000]  loss: 0.7311  accuracy: 78.09%
  Epoch [339/1000]  loss: 0.7422  accuracy: 77.67%
  Epoch [340/1000]  loss: 0.7352  accuracy: 78.65%
  Epoch [341/1000]  loss: 0.7327  accuracy: 78.09%
  Epoch [342/1000]  loss: 0.7373  accuracy: 77.18%
  Epoch [343/1000]  loss: 0.7432  accuracy: 79.00%
  Epoch [344/1000]  loss: 0.7357  accuracy: 79.62%
  Epoch [345/1000]  loss: 0.7344  accuracy: 77.39%
  Epoch [346/1000]  loss: 0.7611  accuracy: 76.27%
  Epoch [347/1000]  loss: 0.7302  accuracy: 79.48%
  Epoch [348/1000]  loss: 0.7383  accuracy: 78.51%
  Epoch [349/1000]  loss: 0.7421  accuracy: 78.79%
  Epoch [350/1000]  loss: 0.7346  accuracy: 79.27%
  Epoch [351/1000]  loss: 0.7419  accuracy: 80.04%
  Epoch [352/1000]  loss: 0.7408  accuracy: 78.51%
  Epoch [353/1000]  loss: 0.7226  accuracy: 79.55%
  Epoch [354/1000]  loss: 0.7315  accuracy: 79.06%
  Epoch [355/1000]  loss: 0.7480  accuracy: 78.30%
  Epoch [356/1000]  loss: 0.7315  accuracy: 79.13%
  Epoch [357/1000]  loss: 0.7372  accuracy: 78.79%
  Epoch [358/1000]  loss: 0.7314  accuracy: 79.69%
  Epoch [359/1000]  loss: 0.7399  accuracy: 78.44%
  Epoch [360/1000]  loss: 0.7305  accuracy: 80.88%
  Epoch [361/1000]  loss: 0.7288  accuracy: 78.72%
  Epoch [362/1000]  loss: 0.7292  accuracy: 79.06%
  Epoch [363/1000]  loss: 0.7428  accuracy: 78.30%
  Epoch [364/1000]  loss: 0.7249  accuracy: 79.83%
  Epoch [365/1000]  loss: 0.6998  accuracy: 82.14%
  Epoch [366/1000]  loss: 0.7197  accuracy: 79.34%
  Epoch [367/1000]  loss: 0.7455  accuracy: 76.97%
  Epoch [368/1000]  loss: 0.7365  accuracy: 79.13%
  Epoch [369/1000]  loss: 0.7048  accuracy: 81.09%
  Epoch [370/1000]  loss: 0.7436  accuracy: 78.93%
  Epoch [371/1000]  loss: 0.7343  accuracy: 78.86%
  Epoch [372/1000]  loss: 0.7141  accuracy: 79.48%
  Epoch [373/1000]  loss: 0.7268  accuracy: 79.97%
  Epoch [374/1000]  loss: 0.7188  accuracy: 79.48%
  Epoch [375/1000]  loss: 0.7327  accuracy: 79.41%
  Epoch [376/1000]  loss: 0.7179  accuracy: 81.02%
  Epoch [377/1000]  loss: 0.7190  accuracy: 80.39%
  Epoch [378/1000]  loss: 0.7282  accuracy: 80.11%
  Epoch [379/1000]  loss: 0.7184  accuracy: 80.74%
  Epoch [380/1000]  loss: 0.7223  accuracy: 79.90%
  Epoch [381/1000]  loss: 0.7147  accuracy: 80.32%
  Epoch [382/1000]  loss: 0.7000  accuracy: 81.44%
  Epoch [383/1000]  loss: 0.7201  accuracy: 81.02%
  Epoch [384/1000]  loss: 0.7354  accuracy: 78.86%
  Epoch [385/1000]  loss: 0.7374  accuracy: 78.79%
  Epoch [386/1000]  loss: 0.7001  accuracy: 81.51%
  Epoch [387/1000]  loss: 0.7176  accuracy: 79.76%
  Epoch [388/1000]  loss: 0.7137  accuracy: 79.97%
  Epoch [389/1000]  loss: 0.7041  accuracy: 81.02%
  Epoch [390/1000]  loss: 0.7177  accuracy: 80.95%
  Epoch [391/1000]  loss: 0.7045  accuracy: 80.81%
  Epoch [392/1000]  loss: 0.7134  accuracy: 81.86%
  Epoch [393/1000]  loss: 0.7070  accuracy: 79.97%
  Epoch [394/1000]  loss: 0.7344  accuracy: 79.55%
  Epoch [395/1000]  loss: 0.6953  accuracy: 80.81%
  Epoch [396/1000]  loss: 0.6995  accuracy: 81.30%
  Epoch [397/1000]  loss: 0.6936  accuracy: 81.44%
  Epoch [398/1000]  loss: 0.6962  accuracy: 81.79%
  Epoch [399/1000]  loss: 0.7131  accuracy: 79.55%
  Epoch [400/1000]  loss: 0.7030  accuracy: 81.65%
  Epoch [401/1000]  loss: 0.6906  accuracy: 82.07%
  Epoch [402/1000]  loss: 0.6978  accuracy: 81.37%
  Epoch [403/1000]  loss: 0.7131  accuracy: 80.95%
  Epoch [404/1000]  loss: 0.7171  accuracy: 80.81%
  Epoch [405/1000]  loss: 0.7081  accuracy: 81.44%
  Epoch [406/1000]  loss: 0.7133  accuracy: 80.04%
  Epoch [407/1000]  loss: 0.6997  accuracy: 81.51%
  Epoch [408/1000]  loss: 0.7172  accuracy: 80.60%
  Epoch [409/1000]  loss: 0.7050  accuracy: 81.02%
  Epoch [410/1000]  loss: 0.6907  accuracy: 82.21%
  Epoch [411/1000]  loss: 0.7010  accuracy: 82.48%
  Epoch [412/1000]  loss: 0.7196  accuracy: 80.81%
  Epoch [413/1000]  loss: 0.7092  accuracy: 81.02%
  Epoch [414/1000]  loss: 0.7133  accuracy: 80.95%
  Epoch [415/1000]  loss: 0.7059  accuracy: 81.02%
  Epoch [416/1000]  loss: 0.6930  accuracy: 81.23%
  Epoch [417/1000]  loss: 0.6964  accuracy: 82.76%
  Epoch [418/1000]  loss: 0.7096  accuracy: 81.65%
  Epoch [419/1000]  loss: 0.6907  accuracy: 81.51%
  Epoch [420/1000]  loss: 0.6967  accuracy: 82.62%
  Epoch [421/1000]  loss: 0.7003  accuracy: 82.00%
  Epoch [422/1000]  loss: 0.6944  accuracy: 82.34%
  Epoch [423/1000]  loss: 0.7180  accuracy: 80.25%
  Epoch [424/1000]  loss: 0.7229  accuracy: 81.51%
  Epoch [425/1000]  loss: 0.7014  accuracy: 81.86%
  Epoch [426/1000]  loss: 0.6848  accuracy: 82.07%
  Epoch [427/1000]  loss: 0.6907  accuracy: 82.90%
  Epoch [428/1000]  loss: 0.7008  accuracy: 81.72%
  Epoch [429/1000]  loss: 0.6880  accuracy: 82.83%
  Epoch [430/1000]  loss: 0.6938  accuracy: 82.62%
  Epoch [431/1000]  loss: 0.7045  accuracy: 81.44%
  Epoch [432/1000]  loss: 0.6923  accuracy: 82.76%
  Epoch [433/1000]  loss: 0.6778  accuracy: 82.90%
  Epoch [434/1000]  loss: 0.7005  accuracy: 81.09%
  Epoch [435/1000]  loss: 0.7123  accuracy: 81.23%
  Epoch [436/1000]  loss: 0.7008  accuracy: 81.37%
  Epoch [437/1000]  loss: 0.6914  accuracy: 83.46%
  Epoch [438/1000]  loss: 0.6894  accuracy: 81.86%
  Epoch [439/1000]  loss: 0.6967  accuracy: 82.00%
  Epoch [440/1000]  loss: 0.6810  accuracy: 83.18%
  Epoch [441/1000]  loss: 0.7135  accuracy: 80.81%
  Epoch [442/1000]  loss: 0.7054  accuracy: 81.02%
  Epoch [443/1000]  loss: 0.6819  accuracy: 84.23%
  Epoch [444/1000]  loss: 0.6772  accuracy: 84.02%
  Epoch [445/1000]  loss: 0.6987  accuracy: 82.07%
  Epoch [446/1000]  loss: 0.6983  accuracy: 82.27%
  Epoch [447/1000]  loss: 0.7119  accuracy: 81.79%
  Epoch [448/1000]  loss: 0.6907  accuracy: 82.97%
  Epoch [449/1000]  loss: 0.7041  accuracy: 81.93%
  Epoch [450/1000]  loss: 0.6903  accuracy: 82.69%
  Epoch [451/1000]  loss: 0.6763  accuracy: 82.90%
  Epoch [452/1000]  loss: 0.6806  accuracy: 83.39%
  Epoch [453/1000]  loss: 0.6769  accuracy: 83.18%
  Epoch [454/1000]  loss: 0.6689  accuracy: 83.53%
  Epoch [455/1000]  loss: 0.6748  accuracy: 83.88%
  Epoch [456/1000]  loss: 0.6998  accuracy: 80.74%
  Epoch [457/1000]  loss: 0.6842  accuracy: 83.04%
  Epoch [458/1000]  loss: 0.6873  accuracy: 82.55%
  Epoch [459/1000]  loss: 0.6823  accuracy: 83.53%
  Epoch [460/1000]  loss: 0.6764  accuracy: 83.25%
  Epoch [461/1000]  loss: 0.6701  accuracy: 83.67%
  Epoch [462/1000]  loss: 0.6829  accuracy: 84.23%
  Epoch [463/1000]  loss: 0.6762  accuracy: 83.18%
  Epoch [464/1000]  loss: 0.6915  accuracy: 82.90%
  Epoch [465/1000]  loss: 0.7104  accuracy: 81.44%
  Epoch [466/1000]  loss: 0.6900  accuracy: 82.62%
  Epoch [467/1000]  loss: 0.6840  accuracy: 83.32%
  Epoch [468/1000]  loss: 0.6868  accuracy: 82.97%
  Epoch [469/1000]  loss: 0.6617  accuracy: 84.23%
  Epoch [470/1000]  loss: 0.6938  accuracy: 82.27%
  Epoch [471/1000]  loss: 0.7030  accuracy: 81.44%
  Epoch [472/1000]  loss: 0.6991  accuracy: 82.21%
  Epoch [473/1000]  loss: 0.6622  accuracy: 84.72%
  Epoch [474/1000]  loss: 0.6746  accuracy: 84.16%
  Epoch [475/1000]  loss: 0.6722  accuracy: 84.16%
  Epoch [476/1000]  loss: 0.6735  accuracy: 83.39%
  Epoch [477/1000]  loss: 0.6819  accuracy: 82.97%
  Epoch [478/1000]  loss: 0.6851  accuracy: 81.58%
  Epoch [479/1000]  loss: 0.6766  accuracy: 83.60%
  Epoch [480/1000]  loss: 0.7024  accuracy: 82.83%
  Epoch [481/1000]  loss: 0.6683  accuracy: 83.39%
  Epoch [482/1000]  loss: 0.6876  accuracy: 83.18%
  Epoch [483/1000]  loss: 0.6738  accuracy: 84.30%
  Epoch [484/1000]  loss: 0.6596  accuracy: 84.37%
  Epoch [485/1000]  loss: 0.6580  accuracy: 84.51%
  Epoch [486/1000]  loss: 0.6546  accuracy: 85.28%
  Epoch [487/1000]  loss: 0.6842  accuracy: 83.74%
  Epoch [488/1000]  loss: 0.6819  accuracy: 83.39%
  Epoch [489/1000]  loss: 0.6739  accuracy: 84.23%
  Epoch [490/1000]  loss: 0.6664  accuracy: 83.74%
  Epoch [491/1000]  loss: 0.6683  accuracy: 84.09%
  Epoch [492/1000]  loss: 0.6544  accuracy: 86.11%
  Epoch [493/1000]  loss: 0.6658  accuracy: 85.21%
  Epoch [494/1000]  loss: 0.6535  accuracy: 85.76%
  Epoch [495/1000]  loss: 0.6816  accuracy: 84.02%
  Epoch [496/1000]  loss: 0.6671  accuracy: 84.16%
  Epoch [497/1000]  loss: 0.6682  accuracy: 84.23%
  Epoch [498/1000]  loss: 0.6575  accuracy: 85.28%
  Epoch [499/1000]  loss: 0.6800  accuracy: 83.18%
  Epoch [500/1000]  loss: 0.6776  accuracy: 83.88%
  Epoch [501/1000]  loss: 0.6459  accuracy: 86.04%
  Epoch [502/1000]  loss: 0.6509  accuracy: 85.76%
  Epoch [503/1000]  loss: 0.6624  accuracy: 85.28%
  Epoch [504/1000]  loss: 0.6702  accuracy: 83.81%
  Epoch [505/1000]  loss: 0.6464  accuracy: 85.83%
  Epoch [506/1000]  loss: 0.6564  accuracy: 84.72%
  Epoch [507/1000]  loss: 0.6837  accuracy: 84.37%
  Epoch [508/1000]  loss: 0.6721  accuracy: 84.02%
  Epoch [509/1000]  loss: 0.6579  accuracy: 85.07%
  Epoch [510/1000]  loss: 0.6608  accuracy: 85.55%
  Epoch [511/1000]  loss: 0.6537  accuracy: 85.90%
  Epoch [512/1000]  loss: 0.6528  accuracy: 86.25%
  Epoch [513/1000]  loss: 0.6573  accuracy: 84.79%
  Epoch [514/1000]  loss: 0.6741  accuracy: 84.79%
  Epoch [515/1000]  loss: 0.6650  accuracy: 85.55%
  Epoch [516/1000]  loss: 0.6968  accuracy: 83.67%
  Epoch [517/1000]  loss: 0.6676  accuracy: 85.42%
  Epoch [518/1000]  loss: 0.6924  accuracy: 83.46%
  Epoch [519/1000]  loss: 0.6605  accuracy: 86.18%
  Epoch [520/1000]  loss: 0.6746  accuracy: 84.51%
  Epoch [521/1000]  loss: 0.6564  accuracy: 86.04%
  Epoch [522/1000]  loss: 0.6745  accuracy: 85.42%
  Epoch [523/1000]  loss: 0.6640  accuracy: 85.21%
  Epoch [524/1000]  loss: 0.6480  accuracy: 86.60%
  Epoch [525/1000]  loss: 0.6572  accuracy: 86.46%
  Epoch [526/1000]  loss: 0.6564  accuracy: 86.04%
  Epoch [527/1000]  loss: 0.6593  accuracy: 84.72%
  Epoch [528/1000]  loss: 0.6610  accuracy: 84.79%
  Epoch [529/1000]  loss: 0.6614  accuracy: 85.28%
  Epoch [530/1000]  loss: 0.6723  accuracy: 83.46%
  Epoch [531/1000]  loss: 0.6442  accuracy: 86.88%
  Epoch [532/1000]  loss: 0.6628  accuracy: 85.48%
  Epoch [533/1000]  loss: 0.6497  accuracy: 86.04%
  Epoch [534/1000]  loss: 0.6806  accuracy: 84.79%
  Epoch [535/1000]  loss: 0.6771  accuracy: 83.74%
  Epoch [536/1000]  loss: 0.6508  accuracy: 86.95%
  Epoch [537/1000]  loss: 0.6479  accuracy: 84.58%
  Epoch [538/1000]  loss: 0.6675  accuracy: 85.62%
  Epoch [539/1000]  loss: 0.6409  accuracy: 86.04%
  Epoch [540/1000]  loss: 0.6349  accuracy: 86.04%
  Epoch [541/1000]  loss: 0.6556  accuracy: 84.44%
  Epoch [542/1000]  loss: 0.6489  accuracy: 85.14%
  Epoch [543/1000]  loss: 0.6542  accuracy: 85.48%
  Epoch [544/1000]  loss: 0.6359  accuracy: 86.60%
  Epoch [545/1000]  loss: 0.6574  accuracy: 85.42%
  Epoch [546/1000]  loss: 0.6452  accuracy: 86.46%
  Epoch [547/1000]  loss: 0.6518  accuracy: 85.55%
  Epoch [548/1000]  loss: 0.6445  accuracy: 86.53%
  Epoch [549/1000]  loss: 0.6421  accuracy: 86.46%
  Epoch [550/1000]  loss: 0.6501  accuracy: 85.90%
  Epoch [551/1000]  loss: 0.6330  accuracy: 87.02%
  Epoch [552/1000]  loss: 0.6668  accuracy: 85.00%
  Epoch [553/1000]  loss: 0.6339  accuracy: 87.44%
  Epoch [554/1000]  loss: 0.6416  accuracy: 86.18%
  Epoch [555/1000]  loss: 0.6534  accuracy: 85.14%
  Epoch [556/1000]  loss: 0.6348  accuracy: 86.46%
  Epoch [557/1000]  loss: 0.6381  accuracy: 87.02%
  Epoch [558/1000]  loss: 0.6515  accuracy: 86.46%
  Epoch [559/1000]  loss: 0.6506  accuracy: 86.88%
  Epoch [560/1000]  loss: 0.6419  accuracy: 86.95%
  Epoch [561/1000]  loss: 0.6632  accuracy: 85.00%
  Epoch [562/1000]  loss: 0.6504  accuracy: 86.46%
  Epoch [563/1000]  loss: 0.6455  accuracy: 87.23%
  Epoch [564/1000]  loss: 0.6533  accuracy: 85.21%
  Epoch [565/1000]  loss: 0.6296  accuracy: 87.51%
  Epoch [566/1000]  loss: 0.6605  accuracy: 84.86%
  Epoch [567/1000]  loss: 0.6366  accuracy: 86.67%
  Epoch [568/1000]  loss: 0.6460  accuracy: 86.60%
  Epoch [569/1000]  loss: 0.6327  accuracy: 87.65%
  Epoch [570/1000]  loss: 0.6374  accuracy: 85.83%
  Epoch [571/1000]  loss: 0.6371  accuracy: 86.39%
  Epoch [572/1000]  loss: 0.6561  accuracy: 84.58%
  Epoch [573/1000]  loss: 0.6378  accuracy: 87.37%
  Epoch [574/1000]  loss: 0.6182  accuracy: 87.37%
  Epoch [575/1000]  loss: 0.6220  accuracy: 87.51%
  Epoch [576/1000]  loss: 0.6269  accuracy: 87.37%
  Epoch [577/1000]  loss: 0.6319  accuracy: 87.44%
  Epoch [578/1000]  loss: 0.6437  accuracy: 86.60%
  Epoch [579/1000]  loss: 0.6248  accuracy: 87.51%
  Epoch [580/1000]  loss: 0.6333  accuracy: 86.53%
  Epoch [581/1000]  loss: 0.6333  accuracy: 87.93%
  Epoch [582/1000]  loss: 0.6330  accuracy: 86.95%
  Epoch [583/1000]  loss: 0.6558  accuracy: 85.83%
  Epoch [584/1000]  loss: 0.6376  accuracy: 87.93%
  Epoch [585/1000]  loss: 0.6387  accuracy: 86.25%
  Epoch [586/1000]  loss: 0.6342  accuracy: 86.67%
  Epoch [587/1000]  loss: 0.6220  accuracy: 88.00%
  Epoch [588/1000]  loss: 0.6348  accuracy: 86.46%
  Epoch [589/1000]  loss: 0.6242  accuracy: 88.49%
  Epoch [590/1000]  loss: 0.6272  accuracy: 87.58%
  Epoch [591/1000]  loss: 0.6228  accuracy: 88.35%
  Epoch [592/1000]  loss: 0.6514  accuracy: 86.32%
  Epoch [593/1000]  loss: 0.6304  accuracy: 87.16%
  Epoch [594/1000]  loss: 0.6297  accuracy: 87.72%
  Epoch [595/1000]  loss: 0.6470  accuracy: 86.04%
  Epoch [596/1000]  loss: 0.6442  accuracy: 85.97%
  Epoch [597/1000]  loss: 0.6307  accuracy: 87.09%
  Epoch [598/1000]  loss: 0.6348  accuracy: 87.44%
  Epoch [599/1000]  loss: 0.6399  accuracy: 87.09%
  Epoch [600/1000]  loss: 0.6293  accuracy: 87.09%
  Epoch [601/1000]  loss: 0.6309  accuracy: 86.95%
  Epoch [602/1000]  loss: 0.6277  accuracy: 88.42%
  Epoch [603/1000]  loss: 0.6233  accuracy: 87.65%
  Epoch [604/1000]  loss: 0.6422  accuracy: 86.95%
  Epoch [605/1000]  loss: 0.6317  accuracy: 87.58%
  Epoch [606/1000]  loss: 0.6408  accuracy: 87.72%
  Epoch [607/1000]  loss: 0.6314  accuracy: 87.65%
  Epoch [608/1000]  loss: 0.6257  accuracy: 88.14%
  Epoch [609/1000]  loss: 0.6288  accuracy: 87.44%
  Epoch [610/1000]  loss: 0.6219  accuracy: 87.37%
  Epoch [611/1000]  loss: 0.6464  accuracy: 86.88%
  Epoch [612/1000]  loss: 0.6292  accuracy: 87.30%
  Epoch [613/1000]  loss: 0.6322  accuracy: 88.14%
  Epoch [614/1000]  loss: 0.6013  accuracy: 88.76%
  Epoch [615/1000]  loss: 0.6222  accuracy: 87.72%
  Epoch [616/1000]  loss: 0.6066  accuracy: 88.56%
  Epoch [617/1000]  loss: 0.6138  accuracy: 89.53%
  Epoch [618/1000]  loss: 0.6170  accuracy: 88.42%
  Epoch [619/1000]  loss: 0.6225  accuracy: 88.21%
  Epoch [620/1000]  loss: 0.6549  accuracy: 86.25%
  Epoch [621/1000]  loss: 0.6349  accuracy: 87.93%
  Epoch [622/1000]  loss: 0.6294  accuracy: 88.14%
  Epoch [623/1000]  loss: 0.6059  accuracy: 89.95%
  Epoch [624/1000]  loss: 0.6238  accuracy: 88.97%
  Epoch [625/1000]  loss: 0.6144  accuracy: 89.18%
  Epoch [626/1000]  loss: 0.6237  accuracy: 88.35%
  Epoch [627/1000]  loss: 0.6184  accuracy: 89.60%
  Epoch [628/1000]  loss: 0.6198  accuracy: 87.30%
  Epoch [629/1000]  loss: 0.6123  accuracy: 89.11%
  Epoch [630/1000]  loss: 0.6200  accuracy: 87.51%
  Epoch [631/1000]  loss: 0.6343  accuracy: 86.88%
  Epoch [632/1000]  loss: 0.6043  accuracy: 89.11%
  Epoch [633/1000]  loss: 0.6324  accuracy: 88.35%
  Epoch [634/1000]  loss: 0.6308  accuracy: 86.95%
  Epoch [635/1000]  loss: 0.6284  accuracy: 87.51%
  Epoch [636/1000]  loss: 0.6106  accuracy: 88.90%
  Epoch [637/1000]  loss: 0.6205  accuracy: 89.11%
  Epoch [638/1000]  loss: 0.6000  accuracy: 89.81%
  Epoch [639/1000]  loss: 0.6333  accuracy: 88.56%
  Epoch [640/1000]  loss: 0.6275  accuracy: 88.14%
  Epoch [641/1000]  loss: 0.6097  accuracy: 89.88%
  Epoch [642/1000]  loss: 0.5929  accuracy: 89.11%
  Epoch [643/1000]  loss: 0.6031  accuracy: 89.60%
  Epoch [644/1000]  loss: 0.6281  accuracy: 87.58%
  Epoch [645/1000]  loss: 0.6276  accuracy: 87.65%
  Epoch [646/1000]  loss: 0.6126  accuracy: 89.39%
  Epoch [647/1000]  loss: 0.6039  accuracy: 89.32%
  Epoch [648/1000]  loss: 0.6153  accuracy: 88.70%
  Epoch [649/1000]  loss: 0.6187  accuracy: 88.70%
  Epoch [650/1000]  loss: 0.5991  accuracy: 89.67%
  Epoch [651/1000]  loss: 0.6219  accuracy: 87.86%
  Epoch [652/1000]  loss: 0.6260  accuracy: 88.00%
  Epoch [653/1000]  loss: 0.6122  accuracy: 88.49%
  Epoch [654/1000]  loss: 0.6306  accuracy: 87.51%
  Epoch [655/1000]  loss: 0.6137  accuracy: 88.35%
  Epoch [656/1000]  loss: 0.6021  accuracy: 90.16%
  Epoch [657/1000]  loss: 0.6113  accuracy: 88.90%
  Epoch [658/1000]  loss: 0.6259  accuracy: 87.79%
  Epoch [659/1000]  loss: 0.6212  accuracy: 88.28%
  Epoch [660/1000]  loss: 0.6122  accuracy: 88.07%
  Epoch [661/1000]  loss: 0.6269  accuracy: 88.21%
  Epoch [662/1000]  loss: 0.6275  accuracy: 88.07%
  Epoch [663/1000]  loss: 0.6240  accuracy: 88.21%
  Epoch [664/1000]  loss: 0.6121  accuracy: 88.83%
  Epoch [665/1000]  loss: 0.6211  accuracy: 87.58%
  Epoch [666/1000]  loss: 0.5999  accuracy: 89.46%
  Epoch [667/1000]  loss: 0.6216  accuracy: 87.65%
  Epoch [668/1000]  loss: 0.6166  accuracy: 88.56%
  Epoch [669/1000]  loss: 0.6103  accuracy: 88.42%
  Epoch [670/1000]  loss: 0.5790  accuracy: 90.58%
  Epoch [671/1000]  loss: 0.6019  accuracy: 91.28%
  Epoch [672/1000]  loss: 0.5992  accuracy: 89.46%
  Epoch [673/1000]  loss: 0.6479  accuracy: 86.74%
  Epoch [674/1000]  loss: 0.6089  accuracy: 89.39%
  Epoch [675/1000]  loss: 0.6093  accuracy: 88.56%
  Epoch [676/1000]  loss: 0.6064  accuracy: 90.02%
  Epoch [677/1000]  loss: 0.6031  accuracy: 89.39%
  Epoch [678/1000]  loss: 0.6087  accuracy: 88.70%
  Epoch [679/1000]  loss: 0.6051  accuracy: 88.70%
  Epoch [680/1000]  loss: 0.6144  accuracy: 89.18%
  Epoch [681/1000]  loss: 0.5882  accuracy: 90.79%
  Epoch [682/1000]  loss: 0.6195  accuracy: 89.04%
  Epoch [683/1000]  loss: 0.6149  accuracy: 89.32%
  Epoch [684/1000]  loss: 0.5948  accuracy: 90.23%
  Epoch [685/1000]  loss: 0.6082  accuracy: 88.70%
  Epoch [686/1000]  loss: 0.6067  accuracy: 89.39%
  Epoch [687/1000]  loss: 0.5935  accuracy: 90.30%
  Epoch [688/1000]  loss: 0.6166  accuracy: 89.67%
  Epoch [689/1000]  loss: 0.6092  accuracy: 88.07%
  Epoch [690/1000]  loss: 0.6133  accuracy: 88.76%
  Epoch [691/1000]  loss: 0.6100  accuracy: 88.35%
  Epoch [692/1000]  loss: 0.6017  accuracy: 89.32%
  Epoch [693/1000]  loss: 0.6068  accuracy: 89.32%
  Epoch [694/1000]  loss: 0.6073  accuracy: 88.97%
  Epoch [695/1000]  loss: 0.5973  accuracy: 89.88%
  Epoch [696/1000]  loss: 0.6043  accuracy: 90.72%
  Epoch [697/1000]  loss: 0.6074  accuracy: 89.67%
  Epoch [698/1000]  loss: 0.5953  accuracy: 89.67%
  Epoch [699/1000]  loss: 0.5960  accuracy: 89.74%
  Epoch [700/1000]  loss: 0.5859  accuracy: 91.91%
  Epoch [701/1000]  loss: 0.6117  accuracy: 88.49%
  Epoch [702/1000]  loss: 0.6023  accuracy: 89.53%
  Epoch [703/1000]  loss: 0.5968  accuracy: 89.88%
  Epoch [704/1000]  loss: 0.6070  accuracy: 88.90%
  Epoch [705/1000]  loss: 0.6068  accuracy: 88.63%
  Epoch [706/1000]  loss: 0.5862  accuracy: 90.51%
  Epoch [707/1000]  loss: 0.5832  accuracy: 90.72%
  Epoch [708/1000]  loss: 0.6229  accuracy: 87.93%
  Epoch [709/1000]  loss: 0.5804  accuracy: 90.86%
  Epoch [710/1000]  loss: 0.5884  accuracy: 90.37%
  Epoch [711/1000]  loss: 0.6147  accuracy: 89.18%
  Epoch [712/1000]  loss: 0.6015  accuracy: 89.95%
  Epoch [713/1000]  loss: 0.5950  accuracy: 91.00%
  Epoch [714/1000]  loss: 0.6008  accuracy: 90.02%
  Epoch [715/1000]  loss: 0.6022  accuracy: 89.32%
  Epoch [716/1000]  loss: 0.6109  accuracy: 89.67%
  Epoch [717/1000]  loss: 0.5865  accuracy: 90.51%
  Epoch [718/1000]  loss: 0.5912  accuracy: 89.88%
  Epoch [719/1000]  loss: 0.6080  accuracy: 89.25%
  Epoch [720/1000]  loss: 0.6094  accuracy: 89.67%
  Epoch [721/1000]  loss: 0.6017  accuracy: 90.23%
  Epoch [722/1000]  loss: 0.5930  accuracy: 90.09%
  Epoch [723/1000]  loss: 0.5820  accuracy: 91.70%
  Epoch [724/1000]  loss: 0.5921  accuracy: 90.51%
  Epoch [725/1000]  loss: 0.5866  accuracy: 90.72%
  Epoch [726/1000]  loss: 0.5887  accuracy: 90.37%
  Epoch [727/1000]  loss: 0.6075  accuracy: 89.81%
  Epoch [728/1000]  loss: 0.6028  accuracy: 89.18%
  Epoch [729/1000]  loss: 0.5948  accuracy: 90.30%
  Epoch [730/1000]  loss: 0.6076  accuracy: 89.32%
  Epoch [731/1000]  loss: 0.6078  accuracy: 89.18%
  Epoch [732/1000]  loss: 0.6136  accuracy: 90.02%
  Epoch [733/1000]  loss: 0.6008  accuracy: 89.46%
  Epoch [734/1000]  loss: 0.5829  accuracy: 90.65%
  Epoch [735/1000]  loss: 0.5879  accuracy: 90.44%
  Epoch [736/1000]  loss: 0.5808  accuracy: 90.93%
  Epoch [737/1000]  loss: 0.6096  accuracy: 89.74%
  Epoch [738/1000]  loss: 0.5852  accuracy: 90.16%
  Epoch [739/1000]  loss: 0.5909  accuracy: 90.09%
  Epoch [740/1000]  loss: 0.5911  accuracy: 90.65%
  Epoch [741/1000]  loss: 0.5934  accuracy: 90.23%
  Epoch [742/1000]  loss: 0.6053  accuracy: 88.76%
  Epoch [743/1000]  loss: 0.6017  accuracy: 90.09%
  Epoch [744/1000]  loss: 0.6027  accuracy: 90.30%
  Epoch [745/1000]  loss: 0.5947  accuracy: 90.72%
  Epoch [746/1000]  loss: 0.5931  accuracy: 89.81%
  Epoch [747/1000]  loss: 0.5900  accuracy: 90.58%
  Epoch [748/1000]  loss: 0.6047  accuracy: 88.83%
  Epoch [749/1000]  loss: 0.6017  accuracy: 89.46%
  Epoch [750/1000]  loss: 0.5823  accuracy: 90.65%
  Epoch [751/1000]  loss: 0.5941  accuracy: 90.44%
  Epoch [752/1000]  loss: 0.5937  accuracy: 90.09%
  Epoch [753/1000]  loss: 0.5924  accuracy: 90.16%
  Epoch [754/1000]  loss: 0.5922  accuracy: 90.37%
  Epoch [755/1000]  loss: 0.5969  accuracy: 89.67%
  Epoch [756/1000]  loss: 0.6119  accuracy: 89.11%
  Epoch [757/1000]  loss: 0.6039  accuracy: 89.81%
  Epoch [758/1000]  loss: 0.5923  accuracy: 89.46%
  Epoch [759/1000]  loss: 0.5673  accuracy: 91.35%
  Epoch [760/1000]  loss: 0.5924  accuracy: 90.16%
  Epoch [761/1000]  loss: 0.5911  accuracy: 91.28%
  Epoch [762/1000]  loss: 0.5700  accuracy: 92.04%
  Epoch [763/1000]  loss: 0.5946  accuracy: 90.44%
  Epoch [764/1000]  loss: 0.5804  accuracy: 91.97%
  Epoch [765/1000]  loss: 0.5987  accuracy: 90.65%
  Epoch [766/1000]  loss: 0.5902  accuracy: 89.60%
  Epoch [767/1000]  loss: 0.5861  accuracy: 90.44%
  Epoch [768/1000]  loss: 0.6006  accuracy: 89.53%
  Epoch [769/1000]  loss: 0.5786  accuracy: 92.18%
  Epoch [770/1000]  loss: 0.5875  accuracy: 90.37%
  Epoch [771/1000]  loss: 0.5856  accuracy: 90.51%
  Epoch [772/1000]  loss: 0.5731  accuracy: 91.49%
  Epoch [773/1000]  loss: 0.5937  accuracy: 90.58%
  Epoch [774/1000]  loss: 0.5872  accuracy: 90.44%
  Epoch [775/1000]  loss: 0.5787  accuracy: 91.28%
  Epoch [776/1000]  loss: 0.5757  accuracy: 91.56%
  Epoch [777/1000]  loss: 0.5876  accuracy: 91.00%
  Epoch [778/1000]  loss: 0.5845  accuracy: 91.14%
  Epoch [779/1000]  loss: 0.5697  accuracy: 92.74%
  Epoch [780/1000]  loss: 0.5810  accuracy: 91.63%
  Epoch [781/1000]  loss: 0.5770  accuracy: 90.37%
  Epoch [782/1000]  loss: 0.5848  accuracy: 91.91%
  Epoch [783/1000]  loss: 0.5911  accuracy: 89.67%
  Epoch [784/1000]  loss: 0.5800  accuracy: 91.97%
  Epoch [785/1000]  loss: 0.6026  accuracy: 89.88%
  Epoch [786/1000]  loss: 0.5943  accuracy: 89.81%
  Epoch [787/1000]  loss: 0.5659  accuracy: 91.84%
  Epoch [788/1000]  loss: 0.5778  accuracy: 90.93%
  Epoch [789/1000]  loss: 0.5676  accuracy: 91.77%
  Epoch [790/1000]  loss: 0.5596  accuracy: 93.79%
  Epoch [791/1000]  loss: 0.5880  accuracy: 90.93%
  Epoch [792/1000]  loss: 0.5951  accuracy: 90.37%
  Epoch [793/1000]  loss: 0.5664  accuracy: 92.74%
  Epoch [794/1000]  loss: 0.5652  accuracy: 92.53%
  Epoch [795/1000]  loss: 0.5778  accuracy: 91.63%
  Epoch [796/1000]  loss: 0.5671  accuracy: 92.18%
  Epoch [797/1000]  loss: 0.5927  accuracy: 91.21%
  Epoch [798/1000]  loss: 0.5673  accuracy: 91.84%
  Epoch [799/1000]  loss: 0.5831  accuracy: 90.51%
  Epoch [800/1000]  loss: 0.5882  accuracy: 90.44%
  Epoch [801/1000]  loss: 0.5735  accuracy: 91.70%
  Epoch [802/1000]  loss: 0.5717  accuracy: 91.00%
  Epoch [803/1000]  loss: 0.5871  accuracy: 91.35%
  Epoch [804/1000]  loss: 0.5903  accuracy: 90.72%
  Epoch [805/1000]  loss: 0.5840  accuracy: 91.56%
  Epoch [806/1000]  loss: 0.5865  accuracy: 90.23%
  Epoch [807/1000]  loss: 0.5743  accuracy: 91.70%
  Epoch [808/1000]  loss: 0.5778  accuracy: 91.70%
  Epoch [809/1000]  loss: 0.5907  accuracy: 90.37%
  Epoch [810/1000]  loss: 0.5949  accuracy: 89.88%
  Epoch [811/1000]  loss: 0.5692  accuracy: 92.32%
  Epoch [812/1000]  loss: 0.5858  accuracy: 91.21%
  Epoch [813/1000]  loss: 0.5738  accuracy: 91.00%
  Epoch [814/1000]  loss: 0.5746  accuracy: 91.07%
  Epoch [815/1000]  loss: 0.5609  accuracy: 93.23%
  Epoch [816/1000]  loss: 0.5697  accuracy: 92.60%
  Epoch [817/1000]  loss: 0.5591  accuracy: 93.09%
  Epoch [818/1000]  loss: 0.5807  accuracy: 90.30%
  Epoch [819/1000]  loss: 0.5717  accuracy: 91.77%
  Epoch [820/1000]  loss: 0.5685  accuracy: 91.49%
  Epoch [821/1000]  loss: 0.5824  accuracy: 90.65%
  Epoch [822/1000]  loss: 0.5772  accuracy: 91.00%
  Epoch [823/1000]  loss: 0.5728  accuracy: 91.07%
  Epoch [824/1000]  loss: 0.5944  accuracy: 89.18%
  Epoch [825/1000]  loss: 0.5848  accuracy: 90.30%
  Epoch [826/1000]  loss: 0.5771  accuracy: 91.07%
  Epoch [827/1000]  loss: 0.5537  accuracy: 92.88%
  Epoch [828/1000]  loss: 0.5670  accuracy: 91.84%
  Epoch [829/1000]  loss: 0.5711  accuracy: 91.56%
  Epoch [830/1000]  loss: 0.5848  accuracy: 91.49%
  Epoch [831/1000]  loss: 0.5832  accuracy: 91.70%
  Epoch [832/1000]  loss: 0.5809  accuracy: 91.28%
  Epoch [833/1000]  loss: 0.5799  accuracy: 91.21%
  Epoch [834/1000]  loss: 0.5663  accuracy: 91.56%
  Epoch [835/1000]  loss: 0.5710  accuracy: 91.28%
  Epoch [836/1000]  loss: 0.5786  accuracy: 91.07%
  Epoch [837/1000]  loss: 0.6011  accuracy: 90.30%
  Epoch [838/1000]  loss: 0.5645  accuracy: 92.67%
  Epoch [839/1000]  loss: 0.5753  accuracy: 92.11%
  Epoch [840/1000]  loss: 0.5865  accuracy: 90.37%
  Epoch [841/1000]  loss: 0.5523  accuracy: 92.88%
  Epoch [842/1000]  loss: 0.5726  accuracy: 91.70%
  Epoch [843/1000]  loss: 0.5901  accuracy: 90.37%
  Epoch [844/1000]  loss: 0.5747  accuracy: 91.49%
  Epoch [845/1000]  loss: 0.5731  accuracy: 91.97%
  Epoch [846/1000]  loss: 0.5701  accuracy: 92.74%
  Epoch [847/1000]  loss: 0.5661  accuracy: 92.32%
  Epoch [848/1000]  loss: 0.5830  accuracy: 91.00%
  Epoch [849/1000]  loss: 0.5612  accuracy: 92.32%
  Epoch [850/1000]  loss: 0.5951  accuracy: 90.16%
  Epoch [851/1000]  loss: 0.5629  accuracy: 92.39%
  Epoch [852/1000]  loss: 0.5635  accuracy: 92.39%
  Epoch [853/1000]  loss: 0.5617  accuracy: 93.16%
  Epoch [854/1000]  loss: 0.5593  accuracy: 92.46%
  Epoch [855/1000]  loss: 0.5584  accuracy: 91.97%
  Epoch [856/1000]  loss: 0.5926  accuracy: 90.79%
  Epoch [857/1000]  loss: 0.5730  accuracy: 91.63%
  Epoch [858/1000]  loss: 0.5652  accuracy: 90.93%
  Epoch [859/1000]  loss: 0.5648  accuracy: 92.95%
  Epoch [860/1000]  loss: 0.5620  accuracy: 93.30%
  Epoch [861/1000]  loss: 0.5679  accuracy: 92.46%
  Epoch [862/1000]  loss: 0.5681  accuracy: 92.46%
  Epoch [863/1000]  loss: 0.5684  accuracy: 92.32%
  Epoch [864/1000]  loss: 0.5553  accuracy: 92.88%
  Epoch [865/1000]  loss: 0.5598  accuracy: 92.46%
  Epoch [866/1000]  loss: 0.5616  accuracy: 91.97%
  Epoch [867/1000]  loss: 0.5563  accuracy: 92.88%
  Epoch [868/1000]  loss: 0.5679  accuracy: 91.49%
  Epoch [869/1000]  loss: 0.5846  accuracy: 91.56%
  Epoch [870/1000]  loss: 0.5667  accuracy: 92.46%
  Epoch [871/1000]  loss: 0.5802  accuracy: 91.14%
  Epoch [872/1000]  loss: 0.5618  accuracy: 93.16%
  Epoch [873/1000]  loss: 0.5541  accuracy: 93.16%
  Epoch [874/1000]  loss: 0.5633  accuracy: 91.63%
  Epoch [875/1000]  loss: 0.5530  accuracy: 92.60%
  Epoch [876/1000]  loss: 0.5677  accuracy: 91.63%
  Epoch [877/1000]  loss: 0.5735  accuracy: 91.77%
  Epoch [878/1000]  loss: 0.5677  accuracy: 92.46%
  Epoch [879/1000]  loss: 0.5684  accuracy: 92.32%
  Epoch [880/1000]  loss: 0.5694  accuracy: 91.97%
  Epoch [881/1000]  loss: 0.5686  accuracy: 92.18%
  Epoch [882/1000]  loss: 0.5835  accuracy: 91.35%
  Epoch [883/1000]  loss: 0.5632  accuracy: 93.02%
  Epoch [884/1000]  loss: 0.5842  accuracy: 91.00%
  Epoch [885/1000]  loss: 0.5714  accuracy: 91.42%
  Epoch [886/1000]  loss: 0.5621  accuracy: 91.97%
  Epoch [887/1000]  loss: 0.5651  accuracy: 92.81%
  Epoch [888/1000]  loss: 0.5576  accuracy: 92.53%
  Epoch [889/1000]  loss: 0.5569  accuracy: 93.02%
  Epoch [890/1000]  loss: 0.5571  accuracy: 93.02%
  Epoch [891/1000]  loss: 0.5513  accuracy: 93.16%
  Epoch [892/1000]  loss: 0.5899  accuracy: 91.00%
  Epoch [893/1000]  loss: 0.5633  accuracy: 92.60%
  Epoch [894/1000]  loss: 0.5800  accuracy: 91.42%
  Epoch [895/1000]  loss: 0.5850  accuracy: 91.70%
  Epoch [896/1000]  loss: 0.5785  accuracy: 92.32%
  Epoch [897/1000]  loss: 0.5750  accuracy: 91.21%
  Epoch [898/1000]  loss: 0.5880  accuracy: 90.86%
  Epoch [899/1000]  loss: 0.5707  accuracy: 91.91%
  Epoch [900/1000]  loss: 0.5582  accuracy: 92.39%
  Epoch [901/1000]  loss: 0.5598  accuracy: 92.88%
  Epoch [902/1000]  loss: 0.5657  accuracy: 91.77%
  Epoch [903/1000]  loss: 0.5570  accuracy: 93.37%
  Epoch [904/1000]  loss: 0.5865  accuracy: 91.07%
  Epoch [905/1000]  loss: 0.5638  accuracy: 93.37%
  Epoch [906/1000]  loss: 0.5762  accuracy: 91.49%
  Epoch [907/1000]  loss: 0.5971  accuracy: 91.42%
  Epoch [908/1000]  loss: 0.5524  accuracy: 93.37%
  Epoch [909/1000]  loss: 0.5640  accuracy: 93.09%
  Epoch [910/1000]  loss: 0.5620  accuracy: 92.04%
  Epoch [911/1000]  loss: 0.5709  accuracy: 92.11%
  Epoch [912/1000]  loss: 0.5575  accuracy: 92.74%
  Epoch [913/1000]  loss: 0.5738  accuracy: 91.42%
  Epoch [914/1000]  loss: 0.5571  accuracy: 92.81%
  Epoch [915/1000]  loss: 0.5630  accuracy: 92.74%
  Epoch [916/1000]  loss: 0.5493  accuracy: 93.65%
  Epoch [917/1000]  loss: 0.5719  accuracy: 91.97%
  Epoch [918/1000]  loss: 0.5697  accuracy: 92.11%
  Epoch [919/1000]  loss: 0.5756  accuracy: 92.25%
  Epoch [920/1000]  loss: 0.5768  accuracy: 92.25%
  Epoch [921/1000]  loss: 0.5682  accuracy: 93.30%
  Epoch [922/1000]  loss: 0.5681  accuracy: 92.81%
  Epoch [923/1000]  loss: 0.5474  accuracy: 93.44%
  Epoch [924/1000]  loss: 0.5416  accuracy: 93.51%
  Epoch [925/1000]  loss: 0.5637  accuracy: 91.97%
  Epoch [926/1000]  loss: 0.5603  accuracy: 92.60%
  Epoch [927/1000]  loss: 0.5576  accuracy: 93.37%
  Epoch [928/1000]  loss: 0.5799  accuracy: 91.28%
  Epoch [929/1000]  loss: 0.5469  accuracy: 93.51%
  Epoch [930/1000]  loss: 0.5596  accuracy: 91.28%
  Epoch [931/1000]  loss: 0.5557  accuracy: 92.46%
  Epoch [932/1000]  loss: 0.5667  accuracy: 92.18%
  Epoch [933/1000]  loss: 0.5786  accuracy: 92.04%
  Epoch [934/1000]  loss: 0.5589  accuracy: 92.95%
  Epoch [935/1000]  loss: 0.5618  accuracy: 92.11%
  Epoch [936/1000]  loss: 0.5640  accuracy: 92.95%
  Epoch [937/1000]  loss: 0.5642  accuracy: 91.56%
  Epoch [938/1000]  loss: 0.5636  accuracy: 91.97%
  Epoch [939/1000]  loss: 0.5645  accuracy: 92.60%
  Epoch [940/1000]  loss: 0.5571  accuracy: 92.81%
  Epoch [941/1000]  loss: 0.5535  accuracy: 93.58%
  Epoch [942/1000]  loss: 0.5626  accuracy: 92.95%
  Epoch [943/1000]  loss: 0.5524  accuracy: 92.67%
  Epoch [944/1000]  loss: 0.5451  accuracy: 93.65%
  Epoch [945/1000]  loss: 0.5492  accuracy: 93.30%
  Epoch [946/1000]  loss: 0.5589  accuracy: 92.11%
  Epoch [947/1000]  loss: 0.5533  accuracy: 92.95%
  Epoch [948/1000]  loss: 0.5678  accuracy: 92.18%
  Epoch [949/1000]  loss: 0.5534  accuracy: 92.67%
  Epoch [950/1000]  loss: 0.5565  accuracy: 92.88%
  Epoch [951/1000]  loss: 0.5496  accuracy: 92.46%
  Epoch [952/1000]  loss: 0.5709  accuracy: 91.77%
  Epoch [953/1000]  loss: 0.5676  accuracy: 92.81%
  Epoch [954/1000]  loss: 0.5580  accuracy: 92.74%
  Epoch [955/1000]  loss: 0.5620  accuracy: 92.67%
  Epoch [956/1000]  loss: 0.5430  accuracy: 94.21%
  Epoch [957/1000]  loss: 0.5585  accuracy: 92.46%
  Epoch [958/1000]  loss: 0.5468  accuracy: 93.23%
  Epoch [959/1000]  loss: 0.5716  accuracy: 91.56%
  Epoch [960/1000]  loss: 0.5646  accuracy: 93.02%
  Epoch [961/1000]  loss: 0.5522  accuracy: 92.46%
  Epoch [962/1000]  loss: 0.5466  accuracy: 94.14%
  Epoch [963/1000]  loss: 0.5515  accuracy: 94.07%
  Epoch [964/1000]  loss: 0.5479  accuracy: 93.86%
  Epoch [965/1000]  loss: 0.5563  accuracy: 92.95%
  Epoch [966/1000]  loss: 0.5535  accuracy: 93.58%
  Epoch [967/1000]  loss: 0.5665  accuracy: 91.97%
  Epoch [968/1000]  loss: 0.5598  accuracy: 92.74%
  Epoch [969/1000]  loss: 0.5585  accuracy: 92.11%
  Epoch [970/1000]  loss: 0.5541  accuracy: 92.60%
  Epoch [971/1000]  loss: 0.5479  accuracy: 93.30%
  Epoch [972/1000]  loss: 0.5466  accuracy: 93.30%
  Epoch [973/1000]  loss: 0.5506  accuracy: 92.81%
  Epoch [974/1000]  loss: 0.5709  accuracy: 92.32%
  Epoch [975/1000]  loss: 0.5553  accuracy: 92.46%
  Epoch [976/1000]  loss: 0.5609  accuracy: 92.67%
  Epoch [977/1000]  loss: 0.5367  accuracy: 94.77%
  Epoch [978/1000]  loss: 0.5736  accuracy: 91.14%
  Epoch [979/1000]  loss: 0.5552  accuracy: 93.30%
  Epoch [980/1000]  loss: 0.5460  accuracy: 94.07%
  Epoch [981/1000]  loss: 0.5439  accuracy: 94.63%
  Epoch [982/1000]  loss: 0.5435  accuracy: 93.30%
  Epoch [983/1000]  loss: 0.5343  accuracy: 94.35%
  Epoch [984/1000]  loss: 0.5667  accuracy: 92.04%
  Epoch [985/1000]  loss: 0.5432  accuracy: 93.23%
  Epoch [986/1000]  loss: 0.5447  accuracy: 93.44%
  Epoch [987/1000]  loss: 0.5479  accuracy: 93.51%
  Epoch [988/1000]  loss: 0.5655  accuracy: 92.60%
  Epoch [989/1000]  loss: 0.5587  accuracy: 92.32%
  Epoch [990/1000]  loss: 0.5387  accuracy: 94.00%
  Epoch [991/1000]  loss: 0.5402  accuracy: 93.72%
  Epoch [992/1000]  loss: 0.5360  accuracy: 94.63%
  Epoch [993/1000]  loss: 0.5437  accuracy: 93.16%
  Epoch [994/1000]  loss: 0.5424  accuracy: 93.79%
  Epoch [995/1000]  loss: 0.5656  accuracy: 92.95%
  Epoch [996/1000]  loss: 0.5624  accuracy: 92.88%
  Epoch [997/1000]  loss: 0.5478  accuracy: 93.65%
  Epoch [998/1000]  loss: 0.5573  accuracy: 91.56%
  Epoch [999/1000]  loss: 0.5493  accuracy: 93.65%
  Epoch [1000/1000]  loss: 0.5495  accuracy: 92.95%

======================================================================
Testing
======================================================================
  Test accuracy: 64.75%

  Class                      Samples  Precision   Recall       F1
  ---------------------------------------------------------------
  Cabernet Sauvignon             29     0.4333   0.4483   0.4407
  Chardonnay                     32     0.5909   0.4062   0.4815
  Malbec                         24     0.4000   0.4167   0.4082
  Pinot Noir                     23     0.3810   0.3478   0.3636
  Sauvignon blanc                31     0.5000   0.6452   0.5634
  orange wine                    33     0.7500   0.8182   0.7826
  rose wine                      89     0.8966   0.8764   0.8864

  Checkpoint saved to results/v15/checkpoint.pth
  Results saved to results/v15/results.json
Parsing log: results/v15/slurm_364572.out
Mode: cross_validation  |  Folds: 5  |  Total epochs parsed: 417
Plot saved to: results/v15/training_curves.png
