
Dataset Validation
======================================================================

  Split: train    STATUS: OK
    orange wine                       147 images
    rose wine                         412 images
    Sauvignon blanc                   137 images
    Chardonnay                        144 images
    Cabernet Sauvignon                131 images
    Pinot Noir                        102 images
    Malbec                            108 images

  Split: val    STATUS: OK
    orange wine                       31 images
    rose wine                         88 images
    Sauvignon blanc                   29 images
    Chardonnay                        31 images
    Cabernet Sauvignon                28 images
    Pinot Noir                        22 images
    Malbec                            23 images

  Split: test    STATUS: OK
    orange wine                       33 images
    rose wine                         89 images
    Sauvignon blanc                   31 images
    Chardonnay                        32 images
    Cabernet Sauvignon                29 images
    Pinot Noir                        23 images
    Malbec                            24 images

======================================================================
VALIDATION RESULT: PASSED   (all splits and classes found)
======================================================================

======================================================================
Training
======================================================================
  Epoch [1/300]  loss: 2.8668  accuracy: 26.33%  val_loss: 3.9390
  Epoch [2/300]  loss: 1.7450  accuracy: 34.97%  val_loss: 1.8591
  Epoch [3/300]  loss: 1.6547  accuracy: 36.24%  val_loss: 2.3721
  Epoch [4/300]  loss: 1.5608  accuracy: 39.37%  val_loss: 1.6067
  Epoch [5/300]  loss: 1.5440  accuracy: 38.44%  val_loss: 1.4888
  Epoch [6/300]  loss: 1.5407  accuracy: 41.07%  val_loss: 1.5146
  Epoch [7/300]  loss: 1.5019  accuracy: 41.66%  val_loss: 1.4972
  Epoch [8/300]  loss: 1.4437  accuracy: 42.68%  val_loss: 1.3512
  Epoch [9/300]  loss: 1.4566  accuracy: 41.66%  val_loss: 1.5954
  Epoch [10/300]  loss: 1.4079  accuracy: 45.81%  val_loss: 2.9625
  Epoch [11/300]  loss: 1.3791  accuracy: 44.12%  val_loss: 1.8254
  Epoch [12/300]  loss: 1.3217  accuracy: 46.40%  val_loss: 1.3149
  Epoch [13/300]  loss: 1.2944  accuracy: 48.94%  val_loss: 1.5385
  Epoch [14/300]  loss: 1.3111  accuracy: 47.33%  val_loss: 1.6663
  Epoch [15/300]  loss: 1.3549  accuracy: 46.91%  val_loss: 1.7759
  Epoch [16/300]  loss: 1.2503  accuracy: 47.25%  val_loss: 2.2842
  Epoch [17/300]  loss: 1.2295  accuracy: 50.89%  val_loss: 1.9087
  Epoch [18/300]  loss: 1.2280  accuracy: 49.36%  val_loss: 2.5260
  Epoch [19/300]  loss: 1.2312  accuracy: 48.01%  val_loss: 3.1178
  Epoch [20/300]  loss: 1.2500  accuracy: 48.69%  val_loss: 1.9179
  Epoch [21/300]  loss: 1.1895  accuracy: 49.96%  val_loss: 2.3198
  Epoch [22/300]  loss: 1.1794  accuracy: 52.07%  val_loss: 1.7527
  Epoch [23/300]  loss: 1.1985  accuracy: 49.53%  val_loss: 1.5387
  Epoch [24/300]  loss: 1.1997  accuracy: 50.47%  val_loss: 1.5334
  Epoch [25/300]  loss: 1.1691  accuracy: 50.38%  val_loss: 3.3001
  Epoch [26/300]  loss: 1.1351  accuracy: 51.91%  val_loss: 3.9839
  Epoch [27/300]  loss: 1.2032  accuracy: 49.45%  val_loss: 2.8341
  Epoch [28/300]  loss: 1.1081  accuracy: 53.26%  val_loss: 1.8281
  Epoch [29/300]  loss: 1.0992  accuracy: 50.38%  val_loss: 2.1315
  Epoch [30/300]  loss: 1.0760  accuracy: 54.36%  val_loss: 3.5929
  Epoch [31/300]  loss: 1.1027  accuracy: 51.99%  val_loss: 4.3266
  Epoch [32/300]  loss: 1.0792  accuracy: 53.77%  val_loss: 3.9926
  Epoch [33/300]  loss: 1.1248  accuracy: 53.09%  val_loss: 2.3677
  Epoch [34/300]  loss: 1.0708  accuracy: 54.70%  val_loss: 2.4198
  Epoch [35/300]  loss: 1.0884  accuracy: 52.16%  val_loss: 2.3806
  Epoch [36/300]  loss: 1.0530  accuracy: 55.04%  val_loss: 3.0407
  Epoch [37/300]  loss: 1.0381  accuracy: 53.01%  val_loss: 2.1149
  Epoch [38/300]  loss: 1.0984  accuracy: 54.28%  val_loss: 2.8941
  Epoch [39/300]  loss: 1.0267  accuracy: 52.50%  val_loss: 1.6299
  Epoch [40/300]  loss: 1.0534  accuracy: 54.19%  val_loss: 2.5676
  Epoch [41/300]  loss: 1.0380  accuracy: 54.11%  val_loss: 2.4997
  Epoch [42/300]  loss: 0.9930  accuracy: 56.99%  val_loss: 1.8718
  Epoch [43/300]  loss: 0.9895  accuracy: 54.70%  val_loss: 3.2484
  Epoch [44/300]  loss: 1.0224  accuracy: 56.48%  val_loss: 2.6838
  Epoch [45/300]  loss: 0.9443  accuracy: 58.85%  val_loss: 2.2501
  Epoch [46/300]  loss: 0.9861  accuracy: 56.48%  val_loss: 2.5320
  Epoch [47/300]  loss: 0.9923  accuracy: 56.48%  val_loss: 2.0320
  Epoch [48/300]  loss: 0.9865  accuracy: 56.73%  val_loss: 2.4825
  Epoch [49/300]  loss: 0.9520  accuracy: 57.49%  val_loss: 2.9895
  Epoch [50/300]  loss: 0.9485  accuracy: 58.43%  val_loss: 2.5099
  Epoch [51/300]  loss: 0.9469  accuracy: 57.24%  val_loss: 2.1470
  Epoch [52/300]  loss: 0.9427  accuracy: 59.27%  val_loss: 2.4982
  Epoch [53/300]  loss: 1.0213  accuracy: 56.56%  val_loss: 2.9260
  Epoch [54/300]  loss: 0.9466  accuracy: 57.15%  val_loss: 2.1541
  Epoch [55/300]  loss: 0.9257  accuracy: 58.59%  val_loss: 4.2053
  Epoch [56/300]  loss: 0.9335  accuracy: 58.51%  val_loss: 1.9106
  Epoch [57/300]  loss: 0.9317  accuracy: 59.53%  val_loss: 1.7667
  Epoch [58/300]  loss: 0.9006  accuracy: 60.80%  val_loss: 2.4222
  Epoch [59/300]  loss: 0.8994  accuracy: 61.22%  val_loss: 2.2299
  Epoch [60/300]  loss: 0.9229  accuracy: 57.58%  val_loss: 2.6856
  Epoch [61/300]  loss: 0.8979  accuracy: 61.05%  val_loss: 2.2589
  Epoch [62/300]  loss: 0.8983  accuracy: 60.71%  val_loss: 1.9513
  Early stopping triggered after 62 epochs (no improvement for 50 epochs).

======================================================================
Validation
======================================================================
  Validation loss:     1.3149
  Validation accuracy: 48.02%

======================================================================
Testing
======================================================================
  Test accuracy: 45.59%

  Class                      Samples  Precision   Recall       F1
  ---------------------------------------------------------------
  Cabernet Sauvignon             29     0.3871   0.4138   0.4000
  Chardonnay                     32     0.2985   0.6250   0.4040
  Malbec                         24     0.5000   0.0417   0.0769
  Pinot Noir                     23     0.1600   0.1739   0.1667
  Sauvignon blanc                31     0.0000   0.0000   0.0000
  orange wine                    33     0.4600   0.6970   0.5542
  rose wine                      89     0.7024   0.6629   0.6821
======================================================================

  Checkpoint saved to results/v5/checkpoint.pth
  Results saved to results/v5/results.json

