
Dataset Validation
======================================================================

  Split: train    STATUS: OK
    orange wine                       147 images
    rose wine                         412 images
    Sauvignon blanc                   137 images
    Chardonnay                        144 images
    Cabernet Sauvignon                131 images
    Pinot Noir                        102 images
    Malbec                            108 images

  Split: val    STATUS: OK
    orange wine                       31 images
    rose wine                         88 images
    Sauvignon blanc                   29 images
    Chardonnay                        31 images
    Cabernet Sauvignon                28 images
    Pinot Noir                        22 images
    Malbec                            23 images

  Split: test    STATUS: OK
    orange wine                       33 images
    rose wine                         89 images
    Sauvignon blanc                   31 images
    Chardonnay                        32 images
    Cabernet Sauvignon                29 images
    Pinot Noir                        23 images
    Malbec                            24 images

======================================================================
VALIDATION RESULT: PASSED   (all splits and classes found)
======================================================================

  Class weights (inverse-frequency):
    orange wine                      147 samples  weight: 0.9491
    rose wine                        412 samples  weight: 0.3387
    Sauvignon blanc                  137 samples  weight: 1.0184
    Chardonnay                       144 samples  weight: 0.9689
    Cabernet Sauvignon               131 samples  weight: 1.0651
    Pinot Noir                       102 samples  weight: 1.3679
    Malbec                           108 samples  weight: 1.2919
======================================================================
Cross-Validation  (5 folds)
======================================================================

Fold [1 / 5]
----------------------------------------------------------------------
  Epoch [1/500]  loss: 1.8950  accuracy: 28.32%  val_loss: 1.6046  val_accuracy: 40.83%
  Epoch [2/500]  loss: 1.5130  accuracy: 40.73%  val_loss: 1.4784  val_accuracy: 49.13%
  Epoch [3/500]  loss: 1.4121  accuracy: 45.54%  val_loss: 1.3793  val_accuracy: 55.36%
  Epoch [4/500]  loss: 1.3268  accuracy: 48.95%  val_loss: 1.3174  val_accuracy: 56.40%
  Epoch [5/500]  loss: 1.3469  accuracy: 49.13%  val_loss: 1.2973  val_accuracy: 55.71%
  Epoch [6/500]  loss: 1.2640  accuracy: 52.45%  val_loss: 1.3366  val_accuracy: 52.25%
  Epoch [7/500]  loss: 1.2422  accuracy: 53.41%  val_loss: 1.2311  val_accuracy: 59.17%
  Epoch [8/500]  loss: 1.2403  accuracy: 53.23%  val_loss: 1.2230  val_accuracy: 60.55%
  Epoch [9/500]  loss: 1.2234  accuracy: 54.46%  val_loss: 1.2237  val_accuracy: 59.52%
  Epoch [10/500]  loss: 1.1822  accuracy: 56.64%  val_loss: 1.1975  val_accuracy: 60.21%
  Epoch [11/500]  loss: 1.1877  accuracy: 56.12%  val_loss: 1.1905  val_accuracy: 59.86%
  Epoch [12/500]  loss: 1.1727  accuracy: 56.03%  val_loss: 1.1976  val_accuracy: 60.90%
  Epoch [13/500]  loss: 1.1434  accuracy: 57.52%  val_loss: 1.1857  val_accuracy: 59.17%
  Epoch [14/500]  loss: 1.1818  accuracy: 56.64%  val_loss: 1.1882  val_accuracy: 60.55%
  Epoch [15/500]  loss: 1.1520  accuracy: 56.47%  val_loss: 1.1635  val_accuracy: 60.90%
  Epoch [16/500]  loss: 1.1349  accuracy: 58.57%  val_loss: 1.1684  val_accuracy: 60.55%
  Epoch [17/500]  loss: 1.1305  accuracy: 56.82%  val_loss: 1.2022  val_accuracy: 60.90%
  Epoch [18/500]  loss: 1.1438  accuracy: 57.34%  val_loss: 1.1839  val_accuracy: 60.55%
  Epoch [19/500]  loss: 1.1441  accuracy: 57.43%  val_loss: 1.2346  val_accuracy: 60.55%
  Epoch [20/500]  loss: 1.1020  accuracy: 60.14%  val_loss: 1.1859  val_accuracy: 60.90%
  Epoch [21/500]  loss: 1.1301  accuracy: 59.70%  val_loss: 1.2030  val_accuracy: 59.86%
  Epoch [22/500]  loss: 1.1161  accuracy: 58.13%  val_loss: 1.2293  val_accuracy: 58.82%
  Epoch [23/500]  loss: 1.0650  accuracy: 60.75%  val_loss: 1.2234  val_accuracy: 59.86%
  Epoch [24/500]  loss: 1.0754  accuracy: 59.97%  val_loss: 1.1899  val_accuracy: 60.55%
  Epoch [25/500]  loss: 1.0968  accuracy: 58.83%  val_loss: 1.1981  val_accuracy: 61.94%
  Epoch [26/500]  loss: 1.0830  accuracy: 60.84%  val_loss: 1.2220  val_accuracy: 60.21%
  Epoch [27/500]  loss: 1.1043  accuracy: 58.22%  val_loss: 1.1647  val_accuracy: 60.90%
  Epoch [28/500]  loss: 1.0574  accuracy: 62.85%  val_loss: 1.1668  val_accuracy: 60.55%
  Epoch [29/500]  loss: 1.0799  accuracy: 60.75%  val_loss: 1.1840  val_accuracy: 61.25%
  Epoch [30/500]  loss: 1.0642  accuracy: 60.58%  val_loss: 1.1668  val_accuracy: 60.21%
  Epoch [31/500]  loss: 1.0535  accuracy: 61.89%  val_loss: 1.1530  val_accuracy: 61.94%
  Epoch [32/500]  loss: 1.0822  accuracy: 59.88%  val_loss: 1.1415  val_accuracy: 60.90%
  Epoch [33/500]  loss: 1.0627  accuracy: 59.62%  val_loss: 1.1459  val_accuracy: 62.28%
  Epoch [34/500]  loss: 1.0439  accuracy: 62.59%  val_loss: 1.1455  val_accuracy: 61.94%
  Epoch [35/500]  loss: 1.0415  accuracy: 61.10%  val_loss: 1.1796  val_accuracy: 64.36%
  Epoch [36/500]  loss: 1.0543  accuracy: 60.84%  val_loss: 1.1829  val_accuracy: 61.94%
  Epoch [37/500]  loss: 1.0344  accuracy: 62.85%  val_loss: 1.1635  val_accuracy: 62.63%
  Epoch [38/500]  loss: 1.0390  accuracy: 62.06%  val_loss: 1.1301  val_accuracy: 64.01%
  Epoch [39/500]  loss: 1.0274  accuracy: 61.80%  val_loss: 1.1523  val_accuracy: 62.28%
  Epoch [40/500]  loss: 1.0160  accuracy: 61.71%  val_loss: 1.1415  val_accuracy: 63.32%
  Epoch [41/500]  loss: 1.0618  accuracy: 60.23%  val_loss: 1.1353  val_accuracy: 64.36%
  Epoch [42/500]  loss: 1.0402  accuracy: 63.02%  val_loss: 1.1305  val_accuracy: 62.98%
  Epoch [43/500]  loss: 1.0470  accuracy: 61.19%  val_loss: 1.1305  val_accuracy: 62.98%
  Epoch [44/500]  loss: 1.0140  accuracy: 63.37%  val_loss: 1.0897  val_accuracy: 62.28%
  Epoch [45/500]  loss: 1.0086  accuracy: 62.67%  val_loss: 1.1631  val_accuracy: 59.86%
  Epoch [46/500]  loss: 1.0057  accuracy: 63.99%  val_loss: 1.1227  val_accuracy: 61.59%
  Epoch [47/500]  loss: 1.0054  accuracy: 62.59%  val_loss: 1.1130  val_accuracy: 61.59%
  Epoch [48/500]  loss: 1.0255  accuracy: 63.72%  val_loss: 1.1232  val_accuracy: 62.63%
  Epoch [49/500]  loss: 1.0016  accuracy: 64.16%  val_loss: 1.1216  val_accuracy: 62.98%
  Epoch [50/500]  loss: 1.0038  accuracy: 62.85%  val_loss: 1.1232  val_accuracy: 63.32%
  Epoch [51/500]  loss: 0.9946  accuracy: 65.12%  val_loss: 1.1245  val_accuracy: 60.90%
  Epoch [52/500]  loss: 0.9969  accuracy: 63.29%  val_loss: 1.1101  val_accuracy: 62.28%
  Epoch [53/500]  loss: 1.0117  accuracy: 62.50%  val_loss: 1.1325  val_accuracy: 62.63%
  Epoch [54/500]  loss: 0.9905  accuracy: 63.46%  val_loss: 1.1356  val_accuracy: 62.98%
  Epoch [55/500]  loss: 0.9912  accuracy: 63.37%  val_loss: 1.1281  val_accuracy: 63.32%
  Epoch [56/500]  loss: 0.9897  accuracy: 63.29%  val_loss: 1.1206  val_accuracy: 62.63%
  Epoch [57/500]  loss: 0.9694  accuracy: 64.69%  val_loss: 1.1100  val_accuracy: 62.63%
  Epoch [58/500]  loss: 0.9862  accuracy: 64.69%  val_loss: 1.1427  val_accuracy: 62.98%
  Epoch [59/500]  loss: 0.9904  accuracy: 64.51%  val_loss: 1.1116  val_accuracy: 60.90%
  Epoch [60/500]  loss: 0.9844  accuracy: 66.08%  val_loss: 1.1181  val_accuracy: 61.25%
  Epoch [61/500]  loss: 0.9474  accuracy: 65.30%  val_loss: 1.0908  val_accuracy: 66.09%
  Epoch [62/500]  loss: 0.9879  accuracy: 62.15%  val_loss: 1.1126  val_accuracy: 62.28%
  Epoch [63/500]  loss: 0.9789  accuracy: 62.33%  val_loss: 1.1486  val_accuracy: 61.94%
  Epoch [64/500]  loss: 0.9842  accuracy: 63.81%  val_loss: 1.1218  val_accuracy: 63.67%
  Early stopping triggered after 64 epochs (no improvement for 20 epochs).

  Fold 1 result: val_loss: 1.0897  val_accuracy: 62.28%

Fold [2 / 5]
----------------------------------------------------------------------
  Epoch [1/500]  loss: 1.9736  accuracy: 27.84%  val_loss: 1.7261  val_accuracy: 40.42%
  Epoch [2/500]  loss: 1.6322  accuracy: 36.21%  val_loss: 1.5946  val_accuracy: 48.43%
  Epoch [3/500]  loss: 1.4748  accuracy: 42.93%  val_loss: 1.4579  val_accuracy: 52.26%
  Epoch [4/500]  loss: 1.3990  accuracy: 46.60%  val_loss: 1.4113  val_accuracy: 53.31%
  Epoch [5/500]  loss: 1.3829  accuracy: 48.34%  val_loss: 1.4167  val_accuracy: 51.57%
  Epoch [6/500]  loss: 1.3242  accuracy: 50.87%  val_loss: 1.3239  val_accuracy: 54.70%
  Epoch [7/500]  loss: 1.2818  accuracy: 52.97%  val_loss: 1.2843  val_accuracy: 56.45%
  Epoch [8/500]  loss: 1.2390  accuracy: 52.53%  val_loss: 1.2951  val_accuracy: 56.10%
  Epoch [9/500]  loss: 1.2415  accuracy: 53.05%  val_loss: 1.2634  val_accuracy: 57.49%
  Epoch [10/500]  loss: 1.2361  accuracy: 55.67%  val_loss: 1.2533  val_accuracy: 56.79%
  Epoch [11/500]  loss: 1.1887  accuracy: 55.32%  val_loss: 1.2255  val_accuracy: 60.28%
  Epoch [12/500]  loss: 1.2256  accuracy: 54.19%  val_loss: 1.2451  val_accuracy: 57.14%
  Epoch [13/500]  loss: 1.1921  accuracy: 55.24%  val_loss: 1.2460  val_accuracy: 58.19%
  Epoch [14/500]  loss: 1.1813  accuracy: 57.16%  val_loss: 1.2298  val_accuracy: 58.89%
  Epoch [15/500]  loss: 1.1925  accuracy: 55.15%  val_loss: 1.2461  val_accuracy: 58.89%
  Epoch [16/500]  loss: 1.1677  accuracy: 55.85%  val_loss: 1.2322  val_accuracy: 58.54%
  Epoch [17/500]  loss: 1.1408  accuracy: 57.33%  val_loss: 1.2079  val_accuracy: 58.89%
  Epoch [18/500]  loss: 1.1392  accuracy: 57.85%  val_loss: 1.2209  val_accuracy: 57.84%
  Epoch [19/500]  loss: 1.1604  accuracy: 57.24%  val_loss: 1.2089  val_accuracy: 60.28%
  Epoch [20/500]  loss: 1.1446  accuracy: 56.89%  val_loss: 1.2001  val_accuracy: 60.28%
  Epoch [21/500]  loss: 1.1494  accuracy: 56.28%  val_loss: 1.2437  val_accuracy: 59.23%
  Epoch [22/500]  loss: 1.1201  accuracy: 58.12%  val_loss: 1.1848  val_accuracy: 56.79%
  Epoch [23/500]  loss: 1.1091  accuracy: 58.38%  val_loss: 1.1822  val_accuracy: 60.28%
  Epoch [24/500]  loss: 1.1165  accuracy: 58.38%  val_loss: 1.1792  val_accuracy: 59.93%
  Epoch [25/500]  loss: 1.1241  accuracy: 59.86%  val_loss: 1.1778  val_accuracy: 59.93%
  Epoch [26/500]  loss: 1.1309  accuracy: 59.42%  val_loss: 1.1815  val_accuracy: 59.93%
  Epoch [27/500]  loss: 1.1037  accuracy: 58.46%  val_loss: 1.1876  val_accuracy: 62.02%
  Epoch [28/500]  loss: 1.0970  accuracy: 60.03%  val_loss: 1.2183  val_accuracy: 60.28%
  Epoch [29/500]  loss: 1.0876  accuracy: 60.56%  val_loss: 1.2109  val_accuracy: 58.89%
  Epoch [30/500]  loss: 1.0722  accuracy: 60.12%  val_loss: 1.1594  val_accuracy: 61.67%
  Epoch [31/500]  loss: 1.0585  accuracy: 61.08%  val_loss: 1.1732  val_accuracy: 58.89%
  Epoch [32/500]  loss: 1.0581  accuracy: 61.17%  val_loss: 1.1548  val_accuracy: 57.84%
  Epoch [33/500]  loss: 1.0537  accuracy: 60.21%  val_loss: 1.1636  val_accuracy: 60.28%
  Epoch [34/500]  loss: 1.0619  accuracy: 60.21%  val_loss: 1.1499  val_accuracy: 59.93%
  Epoch [35/500]  loss: 1.0739  accuracy: 59.60%  val_loss: 1.1808  val_accuracy: 60.63%
  Epoch [36/500]  loss: 1.0702  accuracy: 60.73%  val_loss: 1.1600  val_accuracy: 62.02%
  Epoch [37/500]  loss: 1.0622  accuracy: 60.38%  val_loss: 1.1651  val_accuracy: 62.37%
  Epoch [38/500]  loss: 1.0609  accuracy: 60.65%  val_loss: 1.1793  val_accuracy: 60.98%
  Epoch [39/500]  loss: 1.0419  accuracy: 60.65%  val_loss: 1.1781  val_accuracy: 60.98%
  Epoch [40/500]  loss: 1.0109  accuracy: 62.13%  val_loss: 1.1480  val_accuracy: 63.07%
  Epoch [41/500]  loss: 1.0263  accuracy: 60.99%  val_loss: 1.1448  val_accuracy: 60.98%
  Epoch [42/500]  loss: 1.0175  accuracy: 62.74%  val_loss: 1.1709  val_accuracy: 59.23%
  Epoch [43/500]  loss: 1.0208  accuracy: 61.26%  val_loss: 1.1597  val_accuracy: 61.67%
  Epoch [44/500]  loss: 1.0436  accuracy: 61.34%  val_loss: 1.1697  val_accuracy: 60.28%
  Epoch [45/500]  loss: 1.0411  accuracy: 60.82%  val_loss: 1.1540  val_accuracy: 62.02%
  Epoch [46/500]  loss: 1.0229  accuracy: 60.47%  val_loss: 1.1382  val_accuracy: 64.11%
  Epoch [47/500]  loss: 1.0225  accuracy: 63.09%  val_loss: 1.1472  val_accuracy: 62.37%
  Epoch [48/500]  loss: 1.0297  accuracy: 61.43%  val_loss: 1.1358  val_accuracy: 61.32%
  Epoch [49/500]  loss: 1.0172  accuracy: 61.08%  val_loss: 1.1865  val_accuracy: 62.37%
  Epoch [50/500]  loss: 1.0323  accuracy: 62.13%  val_loss: 1.1454  val_accuracy: 60.98%
  Epoch [51/500]  loss: 1.0089  accuracy: 62.57%  val_loss: 1.1474  val_accuracy: 59.93%
  Epoch [52/500]  loss: 1.0039  accuracy: 61.69%  val_loss: 1.1217  val_accuracy: 61.32%
  Epoch [53/500]  loss: 0.9882  accuracy: 63.26%  val_loss: 1.1427  val_accuracy: 63.07%
  Epoch [54/500]  loss: 0.9947  accuracy: 62.48%  val_loss: 1.1259  val_accuracy: 62.02%
  Epoch [55/500]  loss: 1.0029  accuracy: 62.74%  val_loss: 1.1317  val_accuracy: 62.02%
  Epoch [56/500]  loss: 0.9794  accuracy: 62.48%  val_loss: 1.1381  val_accuracy: 63.76%
  Epoch [57/500]  loss: 0.9939  accuracy: 63.61%  val_loss: 1.1310  val_accuracy: 63.41%
  Epoch [58/500]  loss: 0.9994  accuracy: 62.22%  val_loss: 1.1445  val_accuracy: 62.02%
  Epoch [59/500]  loss: 0.9985  accuracy: 61.78%  val_loss: 1.1882  val_accuracy: 60.63%
  Epoch [60/500]  loss: 0.9911  accuracy: 63.96%  val_loss: 1.1373  val_accuracy: 64.11%
  Epoch [61/500]  loss: 0.9961  accuracy: 62.74%  val_loss: 1.2110  val_accuracy: 59.23%
  Epoch [62/500]  loss: 0.9694  accuracy: 63.61%  val_loss: 1.1443  val_accuracy: 63.07%
  Epoch [63/500]  loss: 0.9921  accuracy: 63.44%  val_loss: 1.1291  val_accuracy: 63.07%
  Epoch [64/500]  loss: 0.9740  accuracy: 63.26%  val_loss: 1.1284  val_accuracy: 62.02%
  Epoch [65/500]  loss: 0.9853  accuracy: 63.79%  val_loss: 1.1434  val_accuracy: 61.32%
  Epoch [66/500]  loss: 0.9698  accuracy: 64.49%  val_loss: 1.1110  val_accuracy: 63.76%
  Epoch [67/500]  loss: 0.9675  accuracy: 64.49%  val_loss: 1.1479  val_accuracy: 60.28%
  Epoch [68/500]  loss: 0.9749  accuracy: 65.01%  val_loss: 1.1047  val_accuracy: 65.16%
  Epoch [69/500]  loss: 0.9805  accuracy: 63.09%  val_loss: 1.1586  val_accuracy: 62.37%
  Epoch [70/500]  loss: 0.9787  accuracy: 63.87%  val_loss: 1.0939  val_accuracy: 66.20%
  Epoch [71/500]  loss: 0.9720  accuracy: 64.14%  val_loss: 1.1195  val_accuracy: 64.11%
  Epoch [72/500]  loss: 0.9542  accuracy: 64.40%  val_loss: 1.1122  val_accuracy: 65.51%
  Epoch [73/500]  loss: 0.9376  accuracy: 65.18%  val_loss: 1.1893  val_accuracy: 61.67%
  Epoch [74/500]  loss: 0.9516  accuracy: 64.14%  val_loss: 1.1119  val_accuracy: 62.37%
  Epoch [75/500]  loss: 0.9476  accuracy: 65.45%  val_loss: 1.1279  val_accuracy: 63.07%
  Epoch [76/500]  loss: 0.9703  accuracy: 64.66%  val_loss: 1.1123  val_accuracy: 63.76%
  Epoch [77/500]  loss: 0.9521  accuracy: 65.10%  val_loss: 1.1473  val_accuracy: 62.72%
  Epoch [78/500]  loss: 0.9494  accuracy: 65.01%  val_loss: 1.1412  val_accuracy: 65.85%
  Epoch [79/500]  loss: 0.9179  accuracy: 65.45%  val_loss: 1.1179  val_accuracy: 61.32%
  Epoch [80/500]  loss: 0.9498  accuracy: 63.53%  val_loss: 1.1336  val_accuracy: 64.46%
  Epoch [81/500]  loss: 0.9531  accuracy: 65.45%  val_loss: 1.1212  val_accuracy: 64.11%
  Epoch [82/500]  loss: 0.9442  accuracy: 65.45%  val_loss: 1.1069  val_accuracy: 63.41%
  Epoch [83/500]  loss: 0.9408  accuracy: 65.62%  val_loss: 1.1725  val_accuracy: 61.32%
  Epoch [84/500]  loss: 0.9603  accuracy: 65.10%  val_loss: 1.1401  val_accuracy: 62.37%
  Epoch [85/500]  loss: 0.9456  accuracy: 66.32%  val_loss: 1.1019  val_accuracy: 63.41%
  Epoch [86/500]  loss: 0.9334  accuracy: 66.40%  val_loss: 1.1169  val_accuracy: 62.72%
  Epoch [87/500]  loss: 0.9057  accuracy: 68.32%  val_loss: 1.1277  val_accuracy: 63.41%
  Epoch [88/500]  loss: 0.9246  accuracy: 68.06%  val_loss: 1.1184  val_accuracy: 63.41%
  Epoch [89/500]  loss: 0.9343  accuracy: 64.83%  val_loss: 1.1074  val_accuracy: 63.41%
  Epoch [90/500]  loss: 0.9454  accuracy: 65.71%  val_loss: 1.0965  val_accuracy: 64.81%
  Early stopping triggered after 90 epochs (no improvement for 20 epochs).

  Fold 2 result: val_loss: 1.0939  val_accuracy: 66.20%

Fold [3 / 5]
----------------------------------------------------------------------
  Epoch [1/500]  loss: 1.9689  accuracy: 27.31%  val_loss: 1.6440  val_accuracy: 40.07%
  Epoch [2/500]  loss: 1.5949  accuracy: 35.86%  val_loss: 1.5239  val_accuracy: 44.60%
  Epoch [3/500]  loss: 1.4976  accuracy: 42.15%  val_loss: 1.4822  val_accuracy: 44.60%
  Epoch [4/500]  loss: 1.4533  accuracy: 42.50%  val_loss: 1.3738  val_accuracy: 52.61%
  Epoch [5/500]  loss: 1.3776  accuracy: 44.76%  val_loss: 1.3941  val_accuracy: 56.10%
  Epoch [6/500]  loss: 1.3125  accuracy: 51.92%  val_loss: 1.3294  val_accuracy: 56.10%
  Epoch [7/500]  loss: 1.3410  accuracy: 49.39%  val_loss: 1.3413  val_accuracy: 59.93%
  Epoch [8/500]  loss: 1.3187  accuracy: 49.74%  val_loss: 1.2681  val_accuracy: 59.93%
  Epoch [9/500]  loss: 1.2843  accuracy: 52.27%  val_loss: 1.2647  val_accuracy: 58.89%
  Epoch [10/500]  loss: 1.3131  accuracy: 49.30%  val_loss: 1.2705  val_accuracy: 58.54%
  Epoch [11/500]  loss: 1.2742  accuracy: 52.44%  val_loss: 1.2338  val_accuracy: 61.67%
  Epoch [12/500]  loss: 1.2355  accuracy: 53.66%  val_loss: 1.2406  val_accuracy: 59.58%
  Epoch [13/500]  loss: 1.2233  accuracy: 53.84%  val_loss: 1.2282  val_accuracy: 58.89%
  Epoch [14/500]  loss: 1.2190  accuracy: 54.54%  val_loss: 1.2180  val_accuracy: 62.37%
  Epoch [15/500]  loss: 1.1934  accuracy: 56.11%  val_loss: 1.2332  val_accuracy: 62.72%
  Epoch [16/500]  loss: 1.1711  accuracy: 56.63%  val_loss: 1.1873  val_accuracy: 61.67%
  Epoch [17/500]  loss: 1.1986  accuracy: 54.54%  val_loss: 1.1894  val_accuracy: 63.41%
  Epoch [18/500]  loss: 1.1684  accuracy: 56.11%  val_loss: 1.2284  val_accuracy: 61.67%
  Epoch [19/500]  loss: 1.1825  accuracy: 54.71%  val_loss: 1.1983  val_accuracy: 60.98%
  Epoch [20/500]  loss: 1.2051  accuracy: 54.19%  val_loss: 1.2051  val_accuracy: 59.23%
  Epoch [21/500]  loss: 1.1744  accuracy: 52.62%  val_loss: 1.1733  val_accuracy: 62.72%
  Epoch [22/500]  loss: 1.1750  accuracy: 55.50%  val_loss: 1.1670  val_accuracy: 63.41%
  Epoch [23/500]  loss: 1.1399  accuracy: 56.89%  val_loss: 1.1457  val_accuracy: 64.11%
  Epoch [24/500]  loss: 1.1390  accuracy: 58.55%  val_loss: 1.2247  val_accuracy: 62.37%
  Epoch [25/500]  loss: 1.1520  accuracy: 56.89%  val_loss: 1.1665  val_accuracy: 62.37%
  Epoch [26/500]  loss: 1.1314  accuracy: 57.94%  val_loss: 1.1459  val_accuracy: 65.51%
  Epoch [27/500]  loss: 1.1277  accuracy: 57.33%  val_loss: 1.2111  val_accuracy: 62.72%
  Epoch [28/500]  loss: 1.1259  accuracy: 56.72%  val_loss: 1.1882  val_accuracy: 63.41%
  Epoch [29/500]  loss: 1.1050  accuracy: 58.81%  val_loss: 1.1606  val_accuracy: 64.46%
  Epoch [30/500]  loss: 1.1131  accuracy: 58.20%  val_loss: 1.2783  val_accuracy: 62.72%
  Epoch [31/500]  loss: 1.1117  accuracy: 58.03%  val_loss: 1.2356  val_accuracy: 61.67%
  Epoch [32/500]  loss: 1.0808  accuracy: 58.20%  val_loss: 1.1985  val_accuracy: 63.41%
  Epoch [33/500]  loss: 1.1062  accuracy: 58.03%  val_loss: 1.2389  val_accuracy: 60.63%
  Epoch [34/500]  loss: 1.0862  accuracy: 59.60%  val_loss: 1.1698  val_accuracy: 65.51%
  Epoch [35/500]  loss: 1.0794  accuracy: 60.47%  val_loss: 1.1935  val_accuracy: 65.85%
  Epoch [36/500]  loss: 1.1033  accuracy: 59.08%  val_loss: 1.1920  val_accuracy: 61.32%
  Epoch [37/500]  loss: 1.0837  accuracy: 58.12%  val_loss: 1.2224  val_accuracy: 64.11%
  Epoch [38/500]  loss: 1.0820  accuracy: 59.16%  val_loss: 1.1890  val_accuracy: 61.67%
  Epoch [39/500]  loss: 1.0595  accuracy: 61.08%  val_loss: 1.1510  val_accuracy: 63.07%
  Epoch [40/500]  loss: 1.0651  accuracy: 60.12%  val_loss: 1.2189  val_accuracy: 62.37%
  Epoch [41/500]  loss: 1.0649  accuracy: 60.30%  val_loss: 1.2008  val_accuracy: 64.11%
  Epoch [42/500]  loss: 1.0612  accuracy: 60.12%  val_loss: 1.1598  val_accuracy: 64.46%
  Epoch [43/500]  loss: 1.0551  accuracy: 61.17%  val_loss: 1.1338  val_accuracy: 63.07%
  Epoch [44/500]  loss: 1.0513  accuracy: 60.99%  val_loss: 1.2281  val_accuracy: 65.16%
  Epoch [45/500]  loss: 1.0253  accuracy: 61.17%  val_loss: 1.1778  val_accuracy: 64.11%
  Epoch [46/500]  loss: 1.0418  accuracy: 62.13%  val_loss: 1.2070  val_accuracy: 62.02%
  Epoch [47/500]  loss: 1.0344  accuracy: 59.69%  val_loss: 1.1806  val_accuracy: 64.46%
  Epoch [48/500]  loss: 1.0769  accuracy: 59.25%  val_loss: 1.1367  val_accuracy: 64.46%
  Epoch [49/500]  loss: 1.0507  accuracy: 58.46%  val_loss: 1.1396  val_accuracy: 62.37%
  Epoch [50/500]  loss: 1.0286  accuracy: 61.69%  val_loss: 1.2628  val_accuracy: 61.67%
  Epoch [51/500]  loss: 1.0253  accuracy: 60.73%  val_loss: 1.1689  val_accuracy: 64.11%
  Epoch [52/500]  loss: 1.0138  accuracy: 61.52%  val_loss: 1.1705  val_accuracy: 63.76%
  Epoch [53/500]  loss: 1.0175  accuracy: 60.38%  val_loss: 1.1231  val_accuracy: 65.51%
  Epoch [54/500]  loss: 1.0202  accuracy: 61.08%  val_loss: 1.1429  val_accuracy: 63.07%
  Epoch [55/500]  loss: 1.0254  accuracy: 62.74%  val_loss: 1.1377  val_accuracy: 67.25%
  Epoch [56/500]  loss: 1.0211  accuracy: 61.69%  val_loss: 1.1247  val_accuracy: 66.20%
  Epoch [57/500]  loss: 1.0241  accuracy: 61.34%  val_loss: 1.1359  val_accuracy: 65.16%
  Epoch [58/500]  loss: 1.0093  accuracy: 63.00%  val_loss: 1.1525  val_accuracy: 65.51%
  Epoch [59/500]  loss: 1.0086  accuracy: 61.34%  val_loss: 1.1423  val_accuracy: 64.46%
  Epoch [60/500]  loss: 0.9911  accuracy: 62.83%  val_loss: 1.1083  val_accuracy: 67.60%
  Epoch [61/500]  loss: 1.0079  accuracy: 62.13%  val_loss: 1.1765  val_accuracy: 63.76%
  Epoch [62/500]  loss: 0.9945  accuracy: 62.30%  val_loss: 1.1469  val_accuracy: 66.55%
  Epoch [63/500]  loss: 0.9962  accuracy: 64.05%  val_loss: 1.1729  val_accuracy: 63.76%
  Epoch [64/500]  loss: 0.9794  accuracy: 63.44%  val_loss: 1.1831  val_accuracy: 63.07%
  Epoch [65/500]  loss: 1.0053  accuracy: 64.83%  val_loss: 1.1202  val_accuracy: 67.94%
  Epoch [66/500]  loss: 0.9789  accuracy: 64.57%  val_loss: 1.2204  val_accuracy: 64.46%
  Epoch [67/500]  loss: 1.0023  accuracy: 61.95%  val_loss: 1.1305  val_accuracy: 68.64%
  Epoch [68/500]  loss: 0.9831  accuracy: 64.22%  val_loss: 1.1002  val_accuracy: 66.20%
  Epoch [69/500]  loss: 0.9750  accuracy: 64.66%  val_loss: 1.1325  val_accuracy: 66.20%
  Epoch [70/500]  loss: 0.9721  accuracy: 65.18%  val_loss: 1.1069  val_accuracy: 67.60%
  Epoch [71/500]  loss: 1.0063  accuracy: 61.43%  val_loss: 1.2555  val_accuracy: 60.98%
  Epoch [72/500]  loss: 0.9635  accuracy: 64.83%  val_loss: 1.1195  val_accuracy: 68.64%
  Epoch [73/500]  loss: 0.9654  accuracy: 64.75%  val_loss: 1.1086  val_accuracy: 66.20%
  Epoch [74/500]  loss: 0.9795  accuracy: 63.70%  val_loss: 1.2127  val_accuracy: 61.32%
  Epoch [75/500]  loss: 0.9961  accuracy: 63.44%  val_loss: 1.1254  val_accuracy: 65.16%
  Epoch [76/500]  loss: 0.9609  accuracy: 65.10%  val_loss: 1.1315  val_accuracy: 64.81%
  Epoch [77/500]  loss: 0.9788  accuracy: 64.31%  val_loss: 1.0758  val_accuracy: 65.85%
  Epoch [78/500]  loss: 0.9558  accuracy: 65.27%  val_loss: 1.1389  val_accuracy: 65.85%
  Epoch [79/500]  loss: 0.9500  accuracy: 64.75%  val_loss: 1.1283  val_accuracy: 67.94%
  Epoch [80/500]  loss: 0.9739  accuracy: 63.87%  val_loss: 1.2012  val_accuracy: 65.16%
  Epoch [81/500]  loss: 0.9849  accuracy: 63.44%  val_loss: 1.1095  val_accuracy: 65.85%
  Epoch [82/500]  loss: 0.9571  accuracy: 64.31%  val_loss: 1.1290  val_accuracy: 65.16%
  Epoch [83/500]  loss: 0.9417  accuracy: 66.06%  val_loss: 1.1052  val_accuracy: 66.55%
  Epoch [84/500]  loss: 0.9522  accuracy: 63.79%  val_loss: 1.1348  val_accuracy: 65.51%
  Epoch [85/500]  loss: 0.9655  accuracy: 65.18%  val_loss: 1.0832  val_accuracy: 68.64%
  Epoch [86/500]  loss: 0.9527  accuracy: 66.06%  val_loss: 1.1121  val_accuracy: 65.85%
  Epoch [87/500]  loss: 0.9424  accuracy: 65.18%  val_loss: 1.0747  val_accuracy: 66.20%
  Epoch [88/500]  loss: 0.9589  accuracy: 65.88%  val_loss: 1.1307  val_accuracy: 66.90%
  Epoch [89/500]  loss: 0.9383  accuracy: 65.45%  val_loss: 1.1827  val_accuracy: 64.46%
  Epoch [90/500]  loss: 0.9403  accuracy: 64.92%  val_loss: 1.1203  val_accuracy: 67.94%
  Epoch [91/500]  loss: 0.9441  accuracy: 67.28%  val_loss: 1.1641  val_accuracy: 67.94%
  Epoch [92/500]  loss: 0.9768  accuracy: 64.22%  val_loss: 1.1242  val_accuracy: 67.60%
  Epoch [93/500]  loss: 0.9328  accuracy: 67.19%  val_loss: 1.1722  val_accuracy: 67.25%
  Epoch [94/500]  loss: 0.9349  accuracy: 65.36%  val_loss: 1.0962  val_accuracy: 67.60%
  Epoch [95/500]  loss: 0.9538  accuracy: 64.83%  val_loss: 1.1300  val_accuracy: 68.29%
  Epoch [96/500]  loss: 0.9367  accuracy: 65.18%  val_loss: 1.0750  val_accuracy: 68.29%
  Epoch [97/500]  loss: 0.9220  accuracy: 64.92%  val_loss: 1.1530  val_accuracy: 65.51%
  Epoch [98/500]  loss: 0.9243  accuracy: 66.14%  val_loss: 1.0870  val_accuracy: 68.64%
  Epoch [99/500]  loss: 0.9301  accuracy: 65.88%  val_loss: 1.1199  val_accuracy: 66.20%
  Epoch [100/500]  loss: 0.9233  accuracy: 66.67%  val_loss: 1.1220  val_accuracy: 65.85%
  Epoch [101/500]  loss: 0.9400  accuracy: 65.62%  val_loss: 1.1512  val_accuracy: 65.51%
  Epoch [102/500]  loss: 0.9242  accuracy: 66.32%  val_loss: 1.1640  val_accuracy: 66.20%
  Epoch [103/500]  loss: 0.9416  accuracy: 67.10%  val_loss: 1.1012  val_accuracy: 67.25%
  Epoch [104/500]  loss: 0.9151  accuracy: 65.88%  val_loss: 1.1242  val_accuracy: 68.99%
  Epoch [105/500]  loss: 0.9228  accuracy: 67.28%  val_loss: 1.1649  val_accuracy: 65.85%
  Epoch [106/500]  loss: 0.9041  accuracy: 67.19%  val_loss: 1.1254  val_accuracy: 69.34%
  Epoch [107/500]  loss: 0.9020  accuracy: 67.89%  val_loss: 1.1381  val_accuracy: 69.34%
  Early stopping triggered after 107 epochs (no improvement for 20 epochs).

  Fold 3 result: val_loss: 1.0747  val_accuracy: 66.20%

Fold [4 / 5]
----------------------------------------------------------------------
  Epoch [1/500]  loss: 1.8300  accuracy: 31.65%  val_loss: 1.6241  val_accuracy: 42.66%
  Epoch [2/500]  loss: 1.5289  accuracy: 40.80%  val_loss: 1.4932  val_accuracy: 49.65%
  Epoch [3/500]  loss: 1.4143  accuracy: 44.64%  val_loss: 1.4442  val_accuracy: 52.10%
  Epoch [4/500]  loss: 1.3934  accuracy: 46.29%  val_loss: 1.3910  val_accuracy: 53.85%
  Epoch [5/500]  loss: 1.3371  accuracy: 49.87%  val_loss: 1.3688  val_accuracy: 54.55%
  Epoch [6/500]  loss: 1.3146  accuracy: 52.14%  val_loss: 1.3532  val_accuracy: 55.94%
  Epoch [7/500]  loss: 1.3137  accuracy: 51.70%  val_loss: 1.3525  val_accuracy: 54.90%
  Epoch [8/500]  loss: 1.2461  accuracy: 52.57%  val_loss: 1.3312  val_accuracy: 55.94%
  Epoch [9/500]  loss: 1.2636  accuracy: 53.62%  val_loss: 1.2697  val_accuracy: 58.39%
  Epoch [10/500]  loss: 1.2299  accuracy: 53.97%  val_loss: 1.2335  val_accuracy: 59.44%
  Epoch [11/500]  loss: 1.1647  accuracy: 56.32%  val_loss: 1.2443  val_accuracy: 60.84%
  Epoch [12/500]  loss: 1.2021  accuracy: 56.23%  val_loss: 1.2623  val_accuracy: 58.39%
  Epoch [13/500]  loss: 1.1767  accuracy: 55.45%  val_loss: 1.2103  val_accuracy: 59.44%
  Epoch [14/500]  loss: 1.1598  accuracy: 57.19%  val_loss: 1.1889  val_accuracy: 59.09%
  Epoch [15/500]  loss: 1.1396  accuracy: 57.98%  val_loss: 1.2189  val_accuracy: 56.99%
  Epoch [16/500]  loss: 1.1642  accuracy: 57.37%  val_loss: 1.1888  val_accuracy: 61.19%
  Epoch [17/500]  loss: 1.1624  accuracy: 56.76%  val_loss: 1.2268  val_accuracy: 58.39%
  Epoch [18/500]  loss: 1.1199  accuracy: 57.80%  val_loss: 1.1659  val_accuracy: 61.54%
  Epoch [19/500]  loss: 1.1190  accuracy: 58.59%  val_loss: 1.1697  val_accuracy: 63.29%
  Epoch [20/500]  loss: 1.1242  accuracy: 59.20%  val_loss: 1.1527  val_accuracy: 63.29%
  Epoch [21/500]  loss: 1.0973  accuracy: 59.29%  val_loss: 1.1449  val_accuracy: 60.49%
  Epoch [22/500]  loss: 1.0904  accuracy: 60.59%  val_loss: 1.1700  val_accuracy: 60.84%
  Epoch [23/500]  loss: 1.1039  accuracy: 56.93%  val_loss: 1.1608  val_accuracy: 61.89%
  Epoch [24/500]  loss: 1.0734  accuracy: 60.16%  val_loss: 1.1525  val_accuracy: 62.94%
  Epoch [25/500]  loss: 1.0738  accuracy: 61.03%  val_loss: 1.1491  val_accuracy: 63.99%
  Epoch [26/500]  loss: 1.0802  accuracy: 59.90%  val_loss: 1.1688  val_accuracy: 61.54%
  Epoch [27/500]  loss: 1.0884  accuracy: 59.63%  val_loss: 1.1322  val_accuracy: 63.64%
  Epoch [28/500]  loss: 1.1022  accuracy: 59.11%  val_loss: 1.1200  val_accuracy: 63.64%
  Epoch [29/500]  loss: 1.0949  accuracy: 58.76%  val_loss: 1.1424  val_accuracy: 61.54%
  Epoch [30/500]  loss: 1.0632  accuracy: 61.73%  val_loss: 1.1182  val_accuracy: 63.64%
  Epoch [31/500]  loss: 1.0589  accuracy: 60.16%  val_loss: 1.1862  val_accuracy: 62.24%
  Epoch [32/500]  loss: 1.0562  accuracy: 62.60%  val_loss: 1.1447  val_accuracy: 62.24%
  Epoch [33/500]  loss: 1.0910  accuracy: 61.38%  val_loss: 1.1107  val_accuracy: 63.29%
  Epoch [34/500]  loss: 1.0680  accuracy: 60.94%  val_loss: 1.1453  val_accuracy: 63.64%
  Epoch [35/500]  loss: 1.0420  accuracy: 61.12%  val_loss: 1.1028  val_accuracy: 63.99%
  Epoch [36/500]  loss: 1.0463  accuracy: 63.38%  val_loss: 1.1138  val_accuracy: 62.94%
  Epoch [37/500]  loss: 1.0389  accuracy: 62.77%  val_loss: 1.0974  val_accuracy: 62.24%
  Epoch [38/500]  loss: 1.0644  accuracy: 59.37%  val_loss: 1.1805  val_accuracy: 60.49%
  Epoch [39/500]  loss: 1.0452  accuracy: 62.25%  val_loss: 1.1086  val_accuracy: 62.94%
  Epoch [40/500]  loss: 1.0335  accuracy: 62.95%  val_loss: 1.1430  val_accuracy: 62.24%
  Epoch [41/500]  loss: 1.0531  accuracy: 61.81%  val_loss: 1.1632  val_accuracy: 59.79%
  Epoch [42/500]  loss: 1.0452  accuracy: 60.68%  val_loss: 1.1144  val_accuracy: 63.29%
  Epoch [43/500]  loss: 1.0461  accuracy: 61.90%  val_loss: 1.0970  val_accuracy: 63.29%
  Epoch [44/500]  loss: 1.0236  accuracy: 61.55%  val_loss: 1.0957  val_accuracy: 63.64%
  Epoch [45/500]  loss: 1.0229  accuracy: 62.86%  val_loss: 1.1199  val_accuracy: 62.24%
  Epoch [46/500]  loss: 1.0190  accuracy: 62.77%  val_loss: 1.1189  val_accuracy: 62.24%
  Epoch [47/500]  loss: 1.0135  accuracy: 63.47%  val_loss: 1.1187  val_accuracy: 61.89%
  Epoch [48/500]  loss: 1.0312  accuracy: 62.95%  val_loss: 1.1521  val_accuracy: 60.84%
  Epoch [49/500]  loss: 1.0223  accuracy: 62.77%  val_loss: 1.0945  val_accuracy: 63.99%
  Epoch [50/500]  loss: 1.0120  accuracy: 63.82%  val_loss: 1.1145  val_accuracy: 62.59%
  Epoch [51/500]  loss: 1.0240  accuracy: 62.60%  val_loss: 1.0619  val_accuracy: 65.03%
  Epoch [52/500]  loss: 0.9903  accuracy: 63.99%  val_loss: 1.1092  val_accuracy: 62.24%
  Epoch [53/500]  loss: 0.9926  accuracy: 63.03%  val_loss: 1.0923  val_accuracy: 63.99%
  Epoch [54/500]  loss: 1.0192  accuracy: 62.34%  val_loss: 1.1139  val_accuracy: 63.29%
  Epoch [55/500]  loss: 0.9841  accuracy: 65.39%  val_loss: 1.0877  val_accuracy: 64.34%
  Epoch [56/500]  loss: 0.9886  accuracy: 66.09%  val_loss: 1.0884  val_accuracy: 63.64%
  Epoch [57/500]  loss: 1.0094  accuracy: 64.08%  val_loss: 1.1210  val_accuracy: 63.29%
  Epoch [58/500]  loss: 0.9820  accuracy: 65.74%  val_loss: 1.0902  val_accuracy: 63.64%
  Epoch [59/500]  loss: 0.9752  accuracy: 64.08%  val_loss: 1.1033  val_accuracy: 61.54%
  Epoch [60/500]  loss: 0.9848  accuracy: 64.34%  val_loss: 1.0894  val_accuracy: 62.94%
  Epoch [61/500]  loss: 0.9877  accuracy: 65.13%  val_loss: 1.0972  val_accuracy: 65.03%
  Epoch [62/500]  loss: 0.9842  accuracy: 65.30%  val_loss: 1.0817  val_accuracy: 63.64%
  Epoch [63/500]  loss: 0.9505  accuracy: 65.13%  val_loss: 1.0948  val_accuracy: 62.94%
  Epoch [64/500]  loss: 0.9703  accuracy: 65.56%  val_loss: 1.0849  val_accuracy: 62.59%
  Epoch [65/500]  loss: 0.9675  accuracy: 64.95%  val_loss: 1.0702  val_accuracy: 65.38%
  Epoch [66/500]  loss: 0.9630  accuracy: 65.04%  val_loss: 1.0877  val_accuracy: 62.94%
  Epoch [67/500]  loss: 0.9539  accuracy: 66.70%  val_loss: 1.1069  val_accuracy: 62.59%
  Epoch [68/500]  loss: 0.9481  accuracy: 66.70%  val_loss: 1.0987  val_accuracy: 62.24%
  Epoch [69/500]  loss: 0.9869  accuracy: 64.43%  val_loss: 1.0931  val_accuracy: 65.03%
  Epoch [70/500]  loss: 0.9662  accuracy: 66.26%  val_loss: 1.0987  val_accuracy: 61.19%
  Epoch [71/500]  loss: 0.9733  accuracy: 64.43%  val_loss: 1.0744  val_accuracy: 65.03%
  Early stopping triggered after 71 epochs (no improvement for 20 epochs).

  Fold 4 result: val_loss: 1.0619  val_accuracy: 65.03%

Fold [5 / 5]
----------------------------------------------------------------------
  Epoch [1/500]  loss: 1.9211  accuracy: 28.29%  val_loss: 1.6577  val_accuracy: 44.01%
  Epoch [2/500]  loss: 1.5862  accuracy: 37.25%  val_loss: 1.5164  val_accuracy: 49.65%
  Epoch [3/500]  loss: 1.4855  accuracy: 42.30%  val_loss: 1.4157  val_accuracy: 54.23%
  Epoch [4/500]  loss: 1.3520  accuracy: 49.78%  val_loss: 1.3919  val_accuracy: 53.52%
  Epoch [5/500]  loss: 1.3156  accuracy: 50.30%  val_loss: 1.3242  val_accuracy: 58.80%
  Epoch [6/500]  loss: 1.2432  accuracy: 53.79%  val_loss: 1.2963  val_accuracy: 57.39%
  Epoch [7/500]  loss: 1.3072  accuracy: 50.91%  val_loss: 1.2966  val_accuracy: 55.63%
  Epoch [8/500]  loss: 1.2178  accuracy: 54.66%  val_loss: 1.2753  val_accuracy: 58.80%
  Epoch [9/500]  loss: 1.2150  accuracy: 53.09%  val_loss: 1.2488  val_accuracy: 59.15%
  Epoch [10/500]  loss: 1.2083  accuracy: 55.61%  val_loss: 1.2355  val_accuracy: 57.75%
  Epoch [11/500]  loss: 1.1823  accuracy: 54.57%  val_loss: 1.2440  val_accuracy: 55.99%
  Epoch [12/500]  loss: 1.1755  accuracy: 57.01%  val_loss: 1.2481  val_accuracy: 54.23%
  Epoch [13/500]  loss: 1.1832  accuracy: 56.05%  val_loss: 1.2090  val_accuracy: 61.62%
  Epoch [14/500]  loss: 1.1848  accuracy: 55.96%  val_loss: 1.2060  val_accuracy: 60.21%
  Epoch [15/500]  loss: 1.1973  accuracy: 55.00%  val_loss: 1.2244  val_accuracy: 60.21%
  Epoch [16/500]  loss: 1.1441  accuracy: 58.92%  val_loss: 1.2112  val_accuracy: 60.56%
  Epoch [17/500]  loss: 1.1381  accuracy: 58.31%  val_loss: 1.2009  val_accuracy: 58.80%
  Epoch [18/500]  loss: 1.1467  accuracy: 58.22%  val_loss: 1.2564  val_accuracy: 55.99%
  Epoch [19/500]  loss: 1.1420  accuracy: 57.96%  val_loss: 1.1907  val_accuracy: 58.80%
  Epoch [20/500]  loss: 1.1388  accuracy: 58.22%  val_loss: 1.1824  val_accuracy: 59.86%
  Epoch [21/500]  loss: 1.1371  accuracy: 58.31%  val_loss: 1.1708  val_accuracy: 58.45%
  Epoch [22/500]  loss: 1.1016  accuracy: 59.36%  val_loss: 1.1714  val_accuracy: 60.21%
  Epoch [23/500]  loss: 1.1048  accuracy: 58.49%  val_loss: 1.1927  val_accuracy: 59.15%
  Epoch [24/500]  loss: 1.1026  accuracy: 58.83%  val_loss: 1.1796  val_accuracy: 60.56%
  Epoch [25/500]  loss: 1.1002  accuracy: 58.05%  val_loss: 1.1515  val_accuracy: 61.97%
  Epoch [26/500]  loss: 1.0873  accuracy: 58.14%  val_loss: 1.1814  val_accuracy: 61.27%
  Epoch [27/500]  loss: 1.0866  accuracy: 59.53%  val_loss: 1.1542  val_accuracy: 61.62%
  Epoch [28/500]  loss: 1.0698  accuracy: 59.44%  val_loss: 1.1733  val_accuracy: 58.80%
  Epoch [29/500]  loss: 1.0849  accuracy: 59.36%  val_loss: 1.1690  val_accuracy: 59.51%
  Epoch [30/500]  loss: 1.0868  accuracy: 59.09%  val_loss: 1.1872  val_accuracy: 60.56%
  Epoch [31/500]  loss: 1.0625  accuracy: 61.10%  val_loss: 1.1444  val_accuracy: 60.56%
  Epoch [32/500]  loss: 1.0437  accuracy: 61.01%  val_loss: 1.2077  val_accuracy: 59.15%
  Epoch [33/500]  loss: 1.0469  accuracy: 60.40%  val_loss: 1.1297  val_accuracy: 60.56%
  Epoch [34/500]  loss: 1.0430  accuracy: 62.66%  val_loss: 1.1501  val_accuracy: 60.21%
  Epoch [35/500]  loss: 1.0537  accuracy: 62.14%  val_loss: 1.1307  val_accuracy: 62.68%
  Epoch [36/500]  loss: 1.0573  accuracy: 60.66%  val_loss: 1.1426  val_accuracy: 61.62%
  Epoch [37/500]  loss: 1.0719  accuracy: 60.31%  val_loss: 1.1660  val_accuracy: 59.86%
  Epoch [38/500]  loss: 1.0620  accuracy: 61.62%  val_loss: 1.1396  val_accuracy: 60.92%
  Epoch [39/500]  loss: 1.0422  accuracy: 61.97%  val_loss: 1.1450  val_accuracy: 61.62%
  Epoch [40/500]  loss: 1.0567  accuracy: 61.62%  val_loss: 1.1185  val_accuracy: 64.44%
  Epoch [41/500]  loss: 1.0317  accuracy: 62.84%  val_loss: 1.1175  val_accuracy: 61.97%
  Epoch [42/500]  loss: 1.0069  accuracy: 63.62%  val_loss: 1.1156  val_accuracy: 63.03%
  Epoch [43/500]  loss: 1.0458  accuracy: 60.40%  val_loss: 1.1147  val_accuracy: 63.73%
  Epoch [44/500]  loss: 1.0179  accuracy: 62.58%  val_loss: 1.1436  val_accuracy: 62.32%
  Epoch [45/500]  loss: 1.0360  accuracy: 61.62%  val_loss: 1.1146  val_accuracy: 63.03%
  Epoch [46/500]  loss: 1.0082  accuracy: 63.88%  val_loss: 1.1327  val_accuracy: 60.92%
  Epoch [47/500]  loss: 1.0103  accuracy: 62.32%  val_loss: 1.1260  val_accuracy: 60.21%
  Epoch [48/500]  loss: 1.0361  accuracy: 61.36%  val_loss: 1.1264  val_accuracy: 59.51%
  Epoch [49/500]  loss: 0.9885  accuracy: 64.14%  val_loss: 1.1223  val_accuracy: 61.97%
  Epoch [50/500]  loss: 0.9891  accuracy: 64.06%  val_loss: 1.1678  val_accuracy: 59.86%
  Epoch [51/500]  loss: 1.0196  accuracy: 62.14%  val_loss: 1.1004  val_accuracy: 60.56%
  Epoch [52/500]  loss: 1.0158  accuracy: 62.75%  val_loss: 1.1118  val_accuracy: 62.32%
  Epoch [53/500]  loss: 0.9819  accuracy: 63.62%  val_loss: 1.1079  val_accuracy: 62.32%
  Epoch [54/500]  loss: 1.0070  accuracy: 63.36%  val_loss: 1.1235  val_accuracy: 61.62%
  Epoch [55/500]  loss: 0.9846  accuracy: 62.92%  val_loss: 1.1039  val_accuracy: 60.56%
  Epoch [56/500]  loss: 0.9888  accuracy: 64.06%  val_loss: 1.1258  val_accuracy: 61.27%
  Epoch [57/500]  loss: 0.9836  accuracy: 63.71%  val_loss: 1.1635  val_accuracy: 59.51%
  Epoch [58/500]  loss: 0.9956  accuracy: 62.84%  val_loss: 1.1058  val_accuracy: 61.27%
  Epoch [59/500]  loss: 0.9982  accuracy: 63.88%  val_loss: 1.1364  val_accuracy: 59.51%
  Epoch [60/500]  loss: 0.9690  accuracy: 65.01%  val_loss: 1.1074  val_accuracy: 61.97%
  Epoch [61/500]  loss: 0.9578  accuracy: 65.88%  val_loss: 1.1104  val_accuracy: 60.56%
  Epoch [62/500]  loss: 0.9729  accuracy: 65.19%  val_loss: 1.1090  val_accuracy: 58.45%
  Epoch [63/500]  loss: 0.9680  accuracy: 64.58%  val_loss: 1.0834  val_accuracy: 62.32%
  Epoch [64/500]  loss: 0.9960  accuracy: 64.49%  val_loss: 1.1141  val_accuracy: 60.21%
  Epoch [65/500]  loss: 0.9576  accuracy: 64.32%  val_loss: 1.1251  val_accuracy: 61.62%
  Epoch [66/500]  loss: 0.9826  accuracy: 64.06%  val_loss: 1.1281  val_accuracy: 59.86%
  Epoch [67/500]  loss: 0.9689  accuracy: 66.58%  val_loss: 1.1090  val_accuracy: 63.03%
  Epoch [68/500]  loss: 0.9431  accuracy: 65.10%  val_loss: 1.1100  val_accuracy: 61.27%
  Epoch [69/500]  loss: 0.9530  accuracy: 65.54%  val_loss: 1.1211  val_accuracy: 63.03%
  Epoch [70/500]  loss: 0.9338  accuracy: 67.54%  val_loss: 1.1244  val_accuracy: 61.62%
  Epoch [71/500]  loss: 0.9582  accuracy: 65.27%  val_loss: 1.1089  val_accuracy: 64.08%
  Epoch [72/500]  loss: 0.9431  accuracy: 65.10%  val_loss: 1.1141  val_accuracy: 62.32%
  Epoch [73/500]  loss: 0.9388  accuracy: 65.54%  val_loss: 1.1464  val_accuracy: 61.27%
  Epoch [74/500]  loss: 0.9436  accuracy: 65.80%  val_loss: 1.1349  val_accuracy: 61.62%
  Epoch [75/500]  loss: 0.9645  accuracy: 64.32%  val_loss: 1.0996  val_accuracy: 60.21%
  Epoch [76/500]  loss: 0.9441  accuracy: 65.80%  val_loss: 1.1045  val_accuracy: 61.62%
  Epoch [77/500]  loss: 0.9269  accuracy: 67.54%  val_loss: 1.0973  val_accuracy: 61.62%
  Epoch [78/500]  loss: 0.9270  accuracy: 66.84%  val_loss: 1.1103  val_accuracy: 59.86%
  Epoch [79/500]  loss: 0.9444  accuracy: 64.93%  val_loss: 1.1006  val_accuracy: 60.56%
  Epoch [80/500]  loss: 0.9229  accuracy: 66.23%  val_loss: 1.0896  val_accuracy: 63.38%
  Epoch [81/500]  loss: 0.9100  accuracy: 66.75%  val_loss: 1.1012  val_accuracy: 63.73%
  Epoch [82/500]  loss: 0.9275  accuracy: 67.19%  val_loss: 1.0885  val_accuracy: 60.21%
  Epoch [83/500]  loss: 0.9310  accuracy: 66.93%  val_loss: 1.1283  val_accuracy: 60.92%
  Early stopping triggered after 83 epochs (no improvement for 20 epochs).

  Fold 5 result: val_loss: 1.0834  val_accuracy: 62.32%

======================================================================
Cross-Validation Summary
======================================================================
    Fold      Val Loss      Val Accuracy
  ----------------------------------------
       1        1.0897            62.28%
       2        1.0939            66.20%
       3        1.0747            66.20%
       4        1.0619            65.03%
       5        1.0834            62.32%
  ----------------------------------------
    Mean        1.0807 ± 0.0128        64.41% ± 1.98%
======================================================================

Training final model on the full train+val pool...
----------------------------------------------------------------------
  Epoch [1/500]  loss: 1.7774  accuracy: 33.50%
  Epoch [2/500]  loss: 1.4274  accuracy: 46.48%
  Epoch [3/500]  loss: 1.3593  accuracy: 49.13%
  Epoch [4/500]  loss: 1.3039  accuracy: 50.73%
  Epoch [5/500]  loss: 1.2808  accuracy: 52.48%
  Epoch [6/500]  loss: 1.2188  accuracy: 53.18%
  Epoch [7/500]  loss: 1.2241  accuracy: 55.06%
  Epoch [8/500]  loss: 1.2369  accuracy: 52.97%
  Epoch [9/500]  loss: 1.1914  accuracy: 55.34%
  Epoch [10/500]  loss: 1.1566  accuracy: 57.22%
  Epoch [11/500]  loss: 1.1615  accuracy: 56.80%
  Epoch [12/500]  loss: 1.1602  accuracy: 57.01%
  Epoch [13/500]  loss: 1.1235  accuracy: 57.71%
  Epoch [14/500]  loss: 1.1458  accuracy: 57.22%
  Epoch [15/500]  loss: 1.1365  accuracy: 57.43%
  Epoch [16/500]  loss: 1.1301  accuracy: 59.18%
  Epoch [17/500]  loss: 1.1157  accuracy: 59.04%
  Epoch [18/500]  loss: 1.1006  accuracy: 59.87%
  Epoch [19/500]  loss: 1.1043  accuracy: 59.04%
  Epoch [20/500]  loss: 1.0932  accuracy: 59.11%
  Epoch [21/500]  loss: 1.0860  accuracy: 58.83%
  Epoch [22/500]  loss: 1.1087  accuracy: 58.76%
  Epoch [23/500]  loss: 1.0664  accuracy: 61.55%
  Epoch [24/500]  loss: 1.0769  accuracy: 60.01%
  Epoch [25/500]  loss: 1.0677  accuracy: 60.01%
  Epoch [26/500]  loss: 1.0716  accuracy: 60.78%
  Epoch [27/500]  loss: 1.0810  accuracy: 60.78%
  Epoch [28/500]  loss: 1.0608  accuracy: 61.55%
  Epoch [29/500]  loss: 1.0446  accuracy: 61.48%
  Epoch [30/500]  loss: 1.0623  accuracy: 60.78%
  Epoch [31/500]  loss: 1.0611  accuracy: 62.67%
  Epoch [32/500]  loss: 1.0246  accuracy: 63.01%
  Epoch [33/500]  loss: 1.0348  accuracy: 61.62%
  Epoch [34/500]  loss: 1.0116  accuracy: 61.97%
  Epoch [35/500]  loss: 1.0495  accuracy: 62.11%
  Epoch [36/500]  loss: 1.0296  accuracy: 61.55%
  Epoch [37/500]  loss: 1.0244  accuracy: 63.01%
  Epoch [38/500]  loss: 1.0243  accuracy: 62.18%
  Epoch [39/500]  loss: 1.0172  accuracy: 63.15%
  Epoch [40/500]  loss: 1.0361  accuracy: 62.60%
  Epoch [41/500]  loss: 1.0064  accuracy: 63.50%
  Epoch [42/500]  loss: 1.0290  accuracy: 62.81%
  Epoch [43/500]  loss: 1.0039  accuracy: 63.08%
  Epoch [44/500]  loss: 1.0029  accuracy: 63.71%
  Epoch [45/500]  loss: 1.0013  accuracy: 64.06%
  Epoch [46/500]  loss: 1.0079  accuracy: 63.29%
  Epoch [47/500]  loss: 0.9918  accuracy: 64.69%
  Epoch [48/500]  loss: 0.9842  accuracy: 64.27%
  Epoch [49/500]  loss: 0.9985  accuracy: 65.04%
  Epoch [50/500]  loss: 1.0025  accuracy: 63.85%
  Epoch [51/500]  loss: 1.0012  accuracy: 64.06%
  Epoch [52/500]  loss: 0.9874  accuracy: 64.62%
  Epoch [53/500]  loss: 0.9890  accuracy: 64.34%
  Epoch [54/500]  loss: 0.9888  accuracy: 63.64%
  Epoch [55/500]  loss: 0.9745  accuracy: 65.32%
  Epoch [56/500]  loss: 0.9751  accuracy: 63.85%
  Epoch [57/500]  loss: 0.9382  accuracy: 66.64%
  Epoch [58/500]  loss: 0.9540  accuracy: 65.32%
  Epoch [59/500]  loss: 0.9468  accuracy: 65.53%
  Epoch [60/500]  loss: 0.9587  accuracy: 65.67%
  Epoch [61/500]  loss: 0.9659  accuracy: 64.90%
  Epoch [62/500]  loss: 0.9485  accuracy: 65.95%
  Epoch [63/500]  loss: 0.9576  accuracy: 64.97%
  Epoch [64/500]  loss: 0.9596  accuracy: 65.67%
  Epoch [65/500]  loss: 0.9382  accuracy: 66.50%
  Epoch [66/500]  loss: 0.9480  accuracy: 65.60%
  Epoch [67/500]  loss: 0.9574  accuracy: 65.53%
  Epoch [68/500]  loss: 0.9297  accuracy: 65.95%
  Epoch [69/500]  loss: 0.9447  accuracy: 66.50%
  Epoch [70/500]  loss: 0.9351  accuracy: 67.48%
  Epoch [71/500]  loss: 0.9338  accuracy: 67.48%
  Epoch [72/500]  loss: 0.9447  accuracy: 65.74%
  Epoch [73/500]  loss: 0.9638  accuracy: 65.74%
  Epoch [74/500]  loss: 0.9262  accuracy: 66.50%
  Epoch [75/500]  loss: 0.9192  accuracy: 67.76%
  Epoch [76/500]  loss: 0.9189  accuracy: 66.92%
  Epoch [77/500]  loss: 0.9346  accuracy: 67.27%
  Epoch [78/500]  loss: 0.9258  accuracy: 66.92%
  Epoch [79/500]  loss: 0.9091  accuracy: 67.83%
  Epoch [80/500]  loss: 0.9095  accuracy: 68.11%
  Epoch [81/500]  loss: 0.9180  accuracy: 67.90%
  Epoch [82/500]  loss: 0.9369  accuracy: 66.85%
  Epoch [83/500]  loss: 0.9305  accuracy: 66.36%
  Epoch [84/500]  loss: 0.9360  accuracy: 66.22%
  Epoch [85/500]  loss: 0.8972  accuracy: 68.32%
  Epoch [86/500]  loss: 0.9114  accuracy: 67.20%
  Epoch [87/500]  loss: 0.8916  accuracy: 69.78%
  Epoch [88/500]  loss: 0.9053  accuracy: 67.13%
  Epoch [89/500]  loss: 0.9041  accuracy: 69.16%
  Epoch [90/500]  loss: 0.9042  accuracy: 67.69%
  Epoch [91/500]  loss: 0.9017  accuracy: 68.46%
  Epoch [92/500]  loss: 0.9120  accuracy: 68.67%
  Epoch [93/500]  loss: 0.9271  accuracy: 67.55%
  Epoch [94/500]  loss: 0.9167  accuracy: 67.41%
  Epoch [95/500]  loss: 0.8762  accuracy: 69.30%
  Epoch [96/500]  loss: 0.9000  accuracy: 68.67%
  Epoch [97/500]  loss: 0.8830  accuracy: 68.74%
  Epoch [98/500]  loss: 0.8901  accuracy: 69.02%
  Epoch [99/500]  loss: 0.8812  accuracy: 69.02%
  Epoch [100/500]  loss: 0.8899  accuracy: 69.30%
  Epoch [101/500]  loss: 0.9013  accuracy: 66.99%
  Epoch [102/500]  loss: 0.8763  accuracy: 69.78%
  Epoch [103/500]  loss: 0.8807  accuracy: 70.06%
  Epoch [104/500]  loss: 0.8861  accuracy: 69.02%
  Epoch [105/500]  loss: 0.8677  accuracy: 70.34%
  Epoch [106/500]  loss: 0.8985  accuracy: 68.32%
  Epoch [107/500]  loss: 0.8848  accuracy: 68.53%
  Epoch [108/500]  loss: 0.8636  accuracy: 69.36%
  Epoch [109/500]  loss: 0.8538  accuracy: 69.99%
  Epoch [110/500]  loss: 0.8598  accuracy: 70.20%
  Epoch [111/500]  loss: 0.8766  accuracy: 68.67%
  Epoch [112/500]  loss: 0.8541  accuracy: 70.20%
  Epoch [113/500]  loss: 0.8652  accuracy: 70.27%
  Epoch [114/500]  loss: 0.8674  accuracy: 70.76%
  Epoch [115/500]  loss: 0.8635  accuracy: 70.41%
  Epoch [116/500]  loss: 0.8677  accuracy: 68.95%
  Epoch [117/500]  loss: 0.8795  accuracy: 69.09%
  Epoch [118/500]  loss: 0.8832  accuracy: 69.02%
  Epoch [119/500]  loss: 0.8499  accuracy: 70.62%
  Epoch [120/500]  loss: 0.8723  accuracy: 70.13%
  Epoch [121/500]  loss: 0.8691  accuracy: 70.41%
  Epoch [122/500]  loss: 0.8666  accuracy: 70.27%
  Epoch [123/500]  loss: 0.8453  accuracy: 70.41%
  Epoch [124/500]  loss: 0.8553  accuracy: 71.32%
  Epoch [125/500]  loss: 0.8661  accuracy: 70.62%
  Epoch [126/500]  loss: 0.8508  accuracy: 70.83%
  Epoch [127/500]  loss: 0.8465  accuracy: 72.99%
  Epoch [128/500]  loss: 0.8505  accuracy: 69.71%
  Epoch [129/500]  loss: 0.8667  accuracy: 71.11%
  Epoch [130/500]  loss: 0.8482  accuracy: 71.11%
  Epoch [131/500]  loss: 0.8420  accuracy: 71.53%
  Epoch [132/500]  loss: 0.8411  accuracy: 71.46%
  Epoch [133/500]  loss: 0.8476  accuracy: 71.18%
  Epoch [134/500]  loss: 0.8630  accuracy: 69.99%
  Epoch [135/500]  loss: 0.8585  accuracy: 70.97%
  Epoch [136/500]  loss: 0.8362  accuracy: 72.09%
  Epoch [137/500]  loss: 0.8421  accuracy: 71.39%
  Epoch [138/500]  loss: 0.8383  accuracy: 71.88%
  Epoch [139/500]  loss: 0.8499  accuracy: 71.81%
  Epoch [140/500]  loss: 0.8432  accuracy: 72.23%
  Epoch [141/500]  loss: 0.8326  accuracy: 71.53%
  Epoch [142/500]  loss: 0.8208  accuracy: 72.71%
  Epoch [143/500]  loss: 0.8296  accuracy: 72.16%
  Epoch [144/500]  loss: 0.8397  accuracy: 72.37%
  Epoch [145/500]  loss: 0.8397  accuracy: 72.02%
  Epoch [146/500]  loss: 0.8236  accuracy: 71.74%
  Epoch [147/500]  loss: 0.8188  accuracy: 72.85%
  Epoch [148/500]  loss: 0.8331  accuracy: 72.51%
  Epoch [149/500]  loss: 0.8242  accuracy: 72.23%
  Epoch [150/500]  loss: 0.8243  accuracy: 71.88%
  Epoch [151/500]  loss: 0.8308  accuracy: 72.99%
  Epoch [152/500]  loss: 0.8218  accuracy: 73.06%
  Epoch [153/500]  loss: 0.8400  accuracy: 72.44%
  Epoch [154/500]  loss: 0.8302  accuracy: 72.23%
  Epoch [155/500]  loss: 0.8239  accuracy: 72.71%
  Epoch [156/500]  loss: 0.8287  accuracy: 72.37%
  Epoch [157/500]  loss: 0.8149  accuracy: 73.76%
  Epoch [158/500]  loss: 0.8116  accuracy: 73.20%
  Epoch [159/500]  loss: 0.8190  accuracy: 72.99%
  Epoch [160/500]  loss: 0.8048  accuracy: 72.92%
  Epoch [161/500]  loss: 0.8153  accuracy: 72.99%
  Epoch [162/500]  loss: 0.8295  accuracy: 72.99%
  Epoch [163/500]  loss: 0.8199  accuracy: 72.92%
  Epoch [164/500]  loss: 0.8106  accuracy: 73.62%
  Epoch [165/500]  loss: 0.8266  accuracy: 72.71%
  Epoch [166/500]  loss: 0.8125  accuracy: 73.06%
  Epoch [167/500]  loss: 0.8083  accuracy: 73.55%
  Epoch [168/500]  loss: 0.7994  accuracy: 73.62%
  Epoch [169/500]  loss: 0.8035  accuracy: 73.90%
  Epoch [170/500]  loss: 0.8204  accuracy: 73.27%
  Epoch [171/500]  loss: 0.7969  accuracy: 75.51%
  Epoch [172/500]  loss: 0.8050  accuracy: 75.37%
  Epoch [173/500]  loss: 0.8075  accuracy: 72.23%
  Epoch [174/500]  loss: 0.7965  accuracy: 74.25%
  Epoch [175/500]  loss: 0.8031  accuracy: 73.90%
  Epoch [176/500]  loss: 0.7993  accuracy: 74.88%
  Epoch [177/500]  loss: 0.8075  accuracy: 73.20%
  Epoch [178/500]  loss: 0.7972  accuracy: 73.55%
  Epoch [179/500]  loss: 0.7944  accuracy: 75.58%
  Epoch [180/500]  loss: 0.7876  accuracy: 74.95%
  Epoch [181/500]  loss: 0.7883  accuracy: 74.95%
  Epoch [182/500]  loss: 0.7909  accuracy: 74.46%
  Epoch [183/500]  loss: 0.8002  accuracy: 72.71%
  Epoch [184/500]  loss: 0.7851  accuracy: 74.74%
  Epoch [185/500]  loss: 0.7907  accuracy: 74.25%
  Epoch [186/500]  loss: 0.7976  accuracy: 74.25%
  Epoch [187/500]  loss: 0.7921  accuracy: 75.58%
  Epoch [188/500]  loss: 0.7872  accuracy: 74.67%
  Epoch [189/500]  loss: 0.8014  accuracy: 75.02%
  Epoch [190/500]  loss: 0.7986  accuracy: 73.62%
  Epoch [191/500]  loss: 0.7883  accuracy: 74.95%
  Epoch [192/500]  loss: 0.7769  accuracy: 76.06%
  Epoch [193/500]  loss: 0.7974  accuracy: 75.09%
  Epoch [194/500]  loss: 0.7717  accuracy: 74.46%
  Epoch [195/500]  loss: 0.7797  accuracy: 74.88%
  Epoch [196/500]  loss: 0.7798  accuracy: 75.37%
  Epoch [197/500]  loss: 0.7595  accuracy: 76.13%
  Epoch [198/500]  loss: 0.7775  accuracy: 75.37%
  Epoch [199/500]  loss: 0.7767  accuracy: 76.27%
  Epoch [200/500]  loss: 0.7769  accuracy: 75.58%
  Epoch [201/500]  loss: 0.7710  accuracy: 76.34%
  Epoch [202/500]  loss: 0.7734  accuracy: 76.69%
  Epoch [203/500]  loss: 0.7792  accuracy: 74.88%
  Epoch [204/500]  loss: 0.7766  accuracy: 75.51%
  Epoch [205/500]  loss: 0.7693  accuracy: 75.51%
  Epoch [206/500]  loss: 0.7580  accuracy: 77.18%
  Epoch [207/500]  loss: 0.7694  accuracy: 76.62%
  Epoch [208/500]  loss: 0.7757  accuracy: 75.58%
  Epoch [209/500]  loss: 0.7652  accuracy: 76.27%
  Epoch [210/500]  loss: 0.7692  accuracy: 76.69%
  Epoch [211/500]  loss: 0.7516  accuracy: 77.67%
  Epoch [212/500]  loss: 0.7576  accuracy: 77.18%
  Epoch [213/500]  loss: 0.7693  accuracy: 76.76%
  Epoch [214/500]  loss: 0.7573  accuracy: 77.11%
  Epoch [215/500]  loss: 0.7671  accuracy: 75.16%
  Epoch [216/500]  loss: 0.7659  accuracy: 76.83%
  Epoch [217/500]  loss: 0.7628  accuracy: 75.92%
  Epoch [218/500]  loss: 0.7729  accuracy: 76.13%
  Epoch [219/500]  loss: 0.7639  accuracy: 77.18%
  Epoch [220/500]  loss: 0.7603  accuracy: 76.76%
  Epoch [221/500]  loss: 0.7547  accuracy: 77.60%
  Epoch [222/500]  loss: 0.7533  accuracy: 76.76%
  Epoch [223/500]  loss: 0.7545  accuracy: 77.32%
  Epoch [224/500]  loss: 0.7455  accuracy: 77.95%
  Epoch [225/500]  loss: 0.7540  accuracy: 77.39%
  Epoch [226/500]  loss: 0.7595  accuracy: 77.74%
  Epoch [227/500]  loss: 0.7763  accuracy: 75.58%
  Epoch [228/500]  loss: 0.7269  accuracy: 78.79%
  Epoch [229/500]  loss: 0.7298  accuracy: 78.86%
  Epoch [230/500]  loss: 0.7464  accuracy: 78.23%
  Epoch [231/500]  loss: 0.7553  accuracy: 77.32%
  Epoch [232/500]  loss: 0.7406  accuracy: 78.02%
  Epoch [233/500]  loss: 0.7521  accuracy: 78.58%
  Epoch [234/500]  loss: 0.7515  accuracy: 77.88%
  Epoch [235/500]  loss: 0.7384  accuracy: 79.13%
  Epoch [236/500]  loss: 0.7374  accuracy: 78.44%
  Epoch [237/500]  loss: 0.7647  accuracy: 77.74%
  Epoch [238/500]  loss: 0.7429  accuracy: 78.86%
  Epoch [239/500]  loss: 0.7344  accuracy: 78.30%
  Epoch [240/500]  loss: 0.7453  accuracy: 78.02%
  Epoch [241/500]  loss: 0.7406  accuracy: 78.30%
  Epoch [242/500]  loss: 0.7434  accuracy: 79.06%
  Epoch [243/500]  loss: 0.7525  accuracy: 76.97%
  Epoch [244/500]  loss: 0.7357  accuracy: 78.51%
  Epoch [245/500]  loss: 0.7511  accuracy: 78.23%
  Epoch [246/500]  loss: 0.7296  accuracy: 78.23%
  Epoch [247/500]  loss: 0.7305  accuracy: 79.13%
  Epoch [248/500]  loss: 0.7259  accuracy: 79.20%
  Epoch [249/500]  loss: 0.7217  accuracy: 78.93%
  Epoch [250/500]  loss: 0.7620  accuracy: 76.69%
  Epoch [251/500]  loss: 0.7390  accuracy: 78.30%
  Epoch [252/500]  loss: 0.7153  accuracy: 80.39%
  Epoch [253/500]  loss: 0.7207  accuracy: 79.83%
  Epoch [254/500]  loss: 0.7333  accuracy: 79.27%
  Epoch [255/500]  loss: 0.7542  accuracy: 77.81%
  Epoch [256/500]  loss: 0.7461  accuracy: 79.55%
  Epoch [257/500]  loss: 0.7233  accuracy: 79.41%
  Epoch [258/500]  loss: 0.7308  accuracy: 79.41%
  Epoch [259/500]  loss: 0.7235  accuracy: 79.55%
  Epoch [260/500]  loss: 0.7288  accuracy: 79.13%
  Epoch [261/500]  loss: 0.7205  accuracy: 80.25%
  Epoch [262/500]  loss: 0.7357  accuracy: 79.97%
  Epoch [263/500]  loss: 0.7318  accuracy: 80.18%
  Epoch [264/500]  loss: 0.7204  accuracy: 80.46%
  Epoch [265/500]  loss: 0.7282  accuracy: 80.11%
  Epoch [266/500]  loss: 0.7088  accuracy: 80.67%
  Epoch [267/500]  loss: 0.7188  accuracy: 79.62%
  Epoch [268/500]  loss: 0.7103  accuracy: 80.04%
  Epoch [269/500]  loss: 0.7331  accuracy: 79.27%
  Epoch [270/500]  loss: 0.7074  accuracy: 81.86%
  Epoch [271/500]  loss: 0.7168  accuracy: 81.09%
  Epoch [272/500]  loss: 0.7063  accuracy: 80.60%
  Epoch [273/500]  loss: 0.7279  accuracy: 80.39%
  Epoch [274/500]  loss: 0.7085  accuracy: 81.72%
  Epoch [275/500]  loss: 0.7236  accuracy: 81.02%
  Epoch [276/500]  loss: 0.7201  accuracy: 80.60%
  Epoch [277/500]  loss: 0.7248  accuracy: 79.27%
  Epoch [278/500]  loss: 0.7104  accuracy: 81.37%
  Epoch [279/500]  loss: 0.7116  accuracy: 81.09%
  Epoch [280/500]  loss: 0.7117  accuracy: 80.88%
  Epoch [281/500]  loss: 0.7158  accuracy: 80.60%
  Epoch [282/500]  loss: 0.6931  accuracy: 82.97%
  Epoch [283/500]  loss: 0.7162  accuracy: 80.53%
  Epoch [284/500]  loss: 0.7249  accuracy: 79.62%
  Epoch [285/500]  loss: 0.7142  accuracy: 80.32%
  Epoch [286/500]  loss: 0.7170  accuracy: 81.37%
  Epoch [287/500]  loss: 0.7055  accuracy: 82.14%
  Epoch [288/500]  loss: 0.7088  accuracy: 81.16%
  Epoch [289/500]  loss: 0.7100  accuracy: 81.30%
  Epoch [290/500]  loss: 0.7123  accuracy: 81.02%
  Epoch [291/500]  loss: 0.7242  accuracy: 80.74%
  Epoch [292/500]  loss: 0.6917  accuracy: 82.41%
  Epoch [293/500]  loss: 0.7063  accuracy: 81.51%
  Epoch [294/500]  loss: 0.7119  accuracy: 80.39%
  Epoch [295/500]  loss: 0.7082  accuracy: 81.51%
  Epoch [296/500]  loss: 0.6956  accuracy: 81.79%
  Epoch [297/500]  loss: 0.6740  accuracy: 83.81%
  Epoch [298/500]  loss: 0.7010  accuracy: 82.21%
  Epoch [299/500]  loss: 0.7086  accuracy: 81.51%
  Epoch [300/500]  loss: 0.7110  accuracy: 81.51%
  Epoch [301/500]  loss: 0.6893  accuracy: 82.90%
  Epoch [302/500]  loss: 0.6886  accuracy: 83.04%
  Epoch [303/500]  loss: 0.6911  accuracy: 82.07%
  Epoch [304/500]  loss: 0.7123  accuracy: 81.44%
  Epoch [305/500]  loss: 0.6958  accuracy: 82.97%
  Epoch [306/500]  loss: 0.7044  accuracy: 81.79%
  Epoch [307/500]  loss: 0.6972  accuracy: 82.69%
  Epoch [308/500]  loss: 0.7047  accuracy: 81.09%
  Epoch [309/500]  loss: 0.7091  accuracy: 81.23%
  Epoch [310/500]  loss: 0.6898  accuracy: 82.69%
  Epoch [311/500]  loss: 0.6862  accuracy: 82.48%
  Epoch [312/500]  loss: 0.6848  accuracy: 82.76%
  Epoch [313/500]  loss: 0.6850  accuracy: 82.76%
  Epoch [314/500]  loss: 0.6947  accuracy: 81.51%
  Epoch [315/500]  loss: 0.6837  accuracy: 84.16%
  Epoch [316/500]  loss: 0.6814  accuracy: 83.39%
  Epoch [317/500]  loss: 0.6859  accuracy: 83.32%
  Epoch [318/500]  loss: 0.6801  accuracy: 83.39%
  Epoch [319/500]  loss: 0.7019  accuracy: 80.88%
  Epoch [320/500]  loss: 0.6787  accuracy: 83.67%
  Epoch [321/500]  loss: 0.6822  accuracy: 83.25%
  Epoch [322/500]  loss: 0.6888  accuracy: 83.46%
  Epoch [323/500]  loss: 0.6817  accuracy: 83.39%
  Epoch [324/500]  loss: 0.6929  accuracy: 83.18%
  Epoch [325/500]  loss: 0.6908  accuracy: 82.55%
  Epoch [326/500]  loss: 0.6845  accuracy: 83.81%
  Epoch [327/500]  loss: 0.6758  accuracy: 85.07%
  Epoch [328/500]  loss: 0.6709  accuracy: 84.58%
  Epoch [329/500]  loss: 0.6811  accuracy: 82.21%
  Epoch [330/500]  loss: 0.6801  accuracy: 82.41%
  Epoch [331/500]  loss: 0.6956  accuracy: 83.32%
  Epoch [332/500]  loss: 0.6693  accuracy: 85.00%
  Epoch [333/500]  loss: 0.6930  accuracy: 82.21%
  Epoch [334/500]  loss: 0.6728  accuracy: 83.88%
  Epoch [335/500]  loss: 0.6915  accuracy: 84.23%
  Epoch [336/500]  loss: 0.6723  accuracy: 83.95%
  Epoch [337/500]  loss: 0.6712  accuracy: 84.44%
  Epoch [338/500]  loss: 0.6904  accuracy: 83.25%
  Epoch [339/500]  loss: 0.6733  accuracy: 84.93%
  Epoch [340/500]  loss: 0.6669  accuracy: 85.97%
  Epoch [341/500]  loss: 0.6831  accuracy: 82.62%
  Epoch [342/500]  loss: 0.6619  accuracy: 85.48%
  Epoch [343/500]  loss: 0.6882  accuracy: 83.04%
  Epoch [344/500]  loss: 0.6832  accuracy: 83.25%
  Epoch [345/500]  loss: 0.6821  accuracy: 84.72%
  Epoch [346/500]  loss: 0.6830  accuracy: 83.53%
  Epoch [347/500]  loss: 0.6673  accuracy: 83.88%
  Epoch [348/500]  loss: 0.6739  accuracy: 84.37%
  Epoch [349/500]  loss: 0.6670  accuracy: 84.65%
  Epoch [350/500]  loss: 0.6840  accuracy: 84.23%
  Epoch [351/500]  loss: 0.6725  accuracy: 84.65%
  Epoch [352/500]  loss: 0.6803  accuracy: 83.18%
  Epoch [353/500]  loss: 0.6807  accuracy: 83.81%
  Epoch [354/500]  loss: 0.6598  accuracy: 84.86%
  Epoch [355/500]  loss: 0.6590  accuracy: 84.58%
  Epoch [356/500]  loss: 0.6566  accuracy: 84.86%
  Epoch [357/500]  loss: 0.6538  accuracy: 85.42%
  Epoch [358/500]  loss: 0.6688  accuracy: 85.00%
  Epoch [359/500]  loss: 0.6811  accuracy: 85.42%
  Epoch [360/500]  loss: 0.6828  accuracy: 85.00%
  Epoch [361/500]  loss: 0.6797  accuracy: 84.23%
  Epoch [362/500]  loss: 0.6726  accuracy: 84.02%
  Epoch [363/500]  loss: 0.6648  accuracy: 84.44%
  Epoch [364/500]  loss: 0.6627  accuracy: 85.21%
  Epoch [365/500]  loss: 0.6482  accuracy: 86.25%
  Epoch [366/500]  loss: 0.6480  accuracy: 85.90%
  Epoch [367/500]  loss: 0.6675  accuracy: 84.23%
  Epoch [368/500]  loss: 0.6658  accuracy: 84.02%
  Epoch [369/500]  loss: 0.6654  accuracy: 84.93%
  Epoch [370/500]  loss: 0.6685  accuracy: 84.79%
  Epoch [371/500]  loss: 0.6754  accuracy: 84.58%
  Epoch [372/500]  loss: 0.6535  accuracy: 85.55%
  Epoch [373/500]  loss: 0.6647  accuracy: 85.14%
  Epoch [374/500]  loss: 0.6606  accuracy: 84.86%
  Epoch [375/500]  loss: 0.6635  accuracy: 85.07%
  Epoch [376/500]  loss: 0.6614  accuracy: 85.21%
  Epoch [377/500]  loss: 0.6559  accuracy: 86.11%
  Epoch [378/500]  loss: 0.6600  accuracy: 85.48%
  Epoch [379/500]  loss: 0.6398  accuracy: 86.81%
  Epoch [380/500]  loss: 0.6505  accuracy: 86.11%
  Epoch [381/500]  loss: 0.6609  accuracy: 85.48%
  Epoch [382/500]  loss: 0.6595  accuracy: 86.18%
  Epoch [383/500]  loss: 0.6580  accuracy: 86.53%
  Epoch [384/500]  loss: 0.6500  accuracy: 86.11%
  Epoch [385/500]  loss: 0.6472  accuracy: 85.90%
  Epoch [386/500]  loss: 0.6583  accuracy: 85.97%
  Epoch [387/500]  loss: 0.6536  accuracy: 86.04%
  Epoch [388/500]  loss: 0.6334  accuracy: 87.30%
  Epoch [389/500]  loss: 0.6576  accuracy: 84.79%
  Epoch [390/500]  loss: 0.6464  accuracy: 86.39%
  Epoch [391/500]  loss: 0.6404  accuracy: 87.72%
  Epoch [392/500]  loss: 0.6363  accuracy: 85.83%
  Epoch [393/500]  loss: 0.6433  accuracy: 86.25%
  Epoch [394/500]  loss: 0.6307  accuracy: 87.44%
  Epoch [395/500]  loss: 0.6444  accuracy: 85.97%
  Epoch [396/500]  loss: 0.6401  accuracy: 86.18%
  Epoch [397/500]  loss: 0.6641  accuracy: 84.16%
  Epoch [398/500]  loss: 0.6508  accuracy: 85.21%
  Epoch [399/500]  loss: 0.6639  accuracy: 85.00%
  Epoch [400/500]  loss: 0.6485  accuracy: 85.97%
  Epoch [401/500]  loss: 0.6322  accuracy: 87.09%
  Epoch [402/500]  loss: 0.6362  accuracy: 87.16%
  Epoch [403/500]  loss: 0.6456  accuracy: 85.62%
  Epoch [404/500]  loss: 0.6301  accuracy: 86.74%
  Epoch [405/500]  loss: 0.6455  accuracy: 87.23%
  Epoch [406/500]  loss: 0.6412  accuracy: 87.02%
  Epoch [407/500]  loss: 0.6355  accuracy: 87.30%
  Epoch [408/500]  loss: 0.6660  accuracy: 85.21%
  Epoch [409/500]  loss: 0.6474  accuracy: 86.53%
  Epoch [410/500]  loss: 0.6267  accuracy: 87.44%
  Epoch [411/500]  loss: 0.6376  accuracy: 86.67%
  Epoch [412/500]  loss: 0.6479  accuracy: 85.35%
  Epoch [413/500]  loss: 0.6237  accuracy: 87.65%
  Epoch [414/500]  loss: 0.6388  accuracy: 86.95%
  Epoch [415/500]  loss: 0.6304  accuracy: 86.39%
  Epoch [416/500]  loss: 0.6392  accuracy: 87.37%
  Epoch [417/500]  loss: 0.6451  accuracy: 86.04%
  Epoch [418/500]  loss: 0.6538  accuracy: 86.25%
  Epoch [419/500]  loss: 0.6404  accuracy: 87.65%
  Epoch [420/500]  loss: 0.6411  accuracy: 86.60%
  Epoch [421/500]  loss: 0.6463  accuracy: 86.67%
  Epoch [422/500]  loss: 0.6171  accuracy: 88.35%
  Epoch [423/500]  loss: 0.6226  accuracy: 88.35%
  Epoch [424/500]  loss: 0.6205  accuracy: 87.65%
  Epoch [425/500]  loss: 0.6391  accuracy: 87.51%
  Epoch [426/500]  loss: 0.6416  accuracy: 87.09%
  Epoch [427/500]  loss: 0.6231  accuracy: 87.58%
  Epoch [428/500]  loss: 0.6355  accuracy: 88.63%
  Epoch [429/500]  loss: 0.6279  accuracy: 87.79%
  Epoch [430/500]  loss: 0.6404  accuracy: 87.79%
  Epoch [431/500]  loss: 0.6330  accuracy: 86.88%
  Epoch [432/500]  loss: 0.6278  accuracy: 87.37%
  Epoch [433/500]  loss: 0.6276  accuracy: 87.44%
  Epoch [434/500]  loss: 0.6389  accuracy: 86.81%
  Epoch [435/500]  loss: 0.6295  accuracy: 88.00%
  Epoch [436/500]  loss: 0.6234  accuracy: 87.37%
  Epoch [437/500]  loss: 0.6230  accuracy: 88.42%
  Epoch [438/500]  loss: 0.6188  accuracy: 88.70%
  Epoch [439/500]  loss: 0.6108  accuracy: 89.18%
  Epoch [440/500]  loss: 0.6189  accuracy: 88.83%
  Epoch [441/500]  loss: 0.6220  accuracy: 89.04%
  Epoch [442/500]  loss: 0.6200  accuracy: 88.21%
  Epoch [443/500]  loss: 0.6030  accuracy: 89.46%
  Epoch [444/500]  loss: 0.6223  accuracy: 87.37%
  Epoch [445/500]  loss: 0.6368  accuracy: 87.86%
  Epoch [446/500]  loss: 0.6320  accuracy: 87.09%
  Epoch [447/500]  loss: 0.6245  accuracy: 88.49%
  Epoch [448/500]  loss: 0.6396  accuracy: 87.72%
  Epoch [449/500]  loss: 0.6163  accuracy: 88.49%
  Epoch [450/500]  loss: 0.6374  accuracy: 87.51%
  Epoch [451/500]  loss: 0.6236  accuracy: 88.49%
  Epoch [452/500]  loss: 0.6138  accuracy: 88.21%
  Epoch [453/500]  loss: 0.6001  accuracy: 89.32%
  Epoch [454/500]  loss: 0.6221  accuracy: 89.53%
  Epoch [455/500]  loss: 0.6281  accuracy: 87.79%
  Epoch [456/500]  loss: 0.6108  accuracy: 89.53%
  Epoch [457/500]  loss: 0.6207  accuracy: 89.74%
  Epoch [458/500]  loss: 0.6123  accuracy: 89.53%
  Epoch [459/500]  loss: 0.6180  accuracy: 88.97%
  Epoch [460/500]  loss: 0.6099  accuracy: 89.53%
  Epoch [461/500]  loss: 0.6045  accuracy: 89.67%
  Epoch [462/500]  loss: 0.6150  accuracy: 87.93%
  Epoch [463/500]  loss: 0.6116  accuracy: 89.39%
  Epoch [464/500]  loss: 0.6145  accuracy: 89.11%
  Epoch [465/500]  loss: 0.6107  accuracy: 88.83%
  Epoch [466/500]  loss: 0.6132  accuracy: 88.70%
  Epoch [467/500]  loss: 0.5990  accuracy: 88.90%
  Epoch [468/500]  loss: 0.6153  accuracy: 87.93%
  Epoch [469/500]  loss: 0.6155  accuracy: 89.46%
  Epoch [470/500]  loss: 0.6030  accuracy: 89.88%
  Epoch [471/500]  loss: 0.6141  accuracy: 88.90%
  Epoch [472/500]  loss: 0.6165  accuracy: 89.04%
  Epoch [473/500]  loss: 0.6202  accuracy: 88.14%
  Epoch [474/500]  loss: 0.6126  accuracy: 89.46%
  Epoch [475/500]  loss: 0.6123  accuracy: 89.74%
  Epoch [476/500]  loss: 0.6165  accuracy: 89.74%
  Epoch [477/500]  loss: 0.6108  accuracy: 88.35%
  Epoch [478/500]  loss: 0.6100  accuracy: 89.53%
  Epoch [479/500]  loss: 0.6195  accuracy: 89.04%
  Epoch [480/500]  loss: 0.6118  accuracy: 90.30%
  Epoch [481/500]  loss: 0.6141  accuracy: 89.04%
  Epoch [482/500]  loss: 0.6055  accuracy: 90.16%
  Epoch [483/500]  loss: 0.6025  accuracy: 89.81%
  Epoch [484/500]  loss: 0.6056  accuracy: 89.53%
  Epoch [485/500]  loss: 0.5951  accuracy: 90.30%
  Epoch [486/500]  loss: 0.6182  accuracy: 88.76%
  Epoch [487/500]  loss: 0.6058  accuracy: 90.79%
  Epoch [488/500]  loss: 0.6128  accuracy: 89.04%
  Epoch [489/500]  loss: 0.6167  accuracy: 88.21%
  Epoch [490/500]  loss: 0.6211  accuracy: 88.97%
  Epoch [491/500]  loss: 0.6146  accuracy: 88.97%
  Epoch [492/500]  loss: 0.5999  accuracy: 90.30%
  Epoch [493/500]  loss: 0.5984  accuracy: 90.37%
  Epoch [494/500]  loss: 0.6208  accuracy: 89.32%
  Epoch [495/500]  loss: 0.6182  accuracy: 89.18%
  Epoch [496/500]  loss: 0.5998  accuracy: 90.51%
  Epoch [497/500]  loss: 0.6138  accuracy: 88.97%
  Epoch [498/500]  loss: 0.5927  accuracy: 90.09%
  Epoch [499/500]  loss: 0.6065  accuracy: 89.81%
  Epoch [500/500]  loss: 0.6011  accuracy: 89.39%

======================================================================
Testing
======================================================================
  Test accuracy: 62.45%

  Class                      Samples  Precision   Recall       F1
  ---------------------------------------------------------------
  Cabernet Sauvignon             29     0.3929   0.3793   0.3860
  Chardonnay                     32     0.4800   0.3750   0.4211
  Malbec                         24     0.4167   0.4167   0.4167
  Pinot Noir                     23     0.3478   0.3478   0.3478
  Sauvignon blanc                31     0.4000   0.4516   0.4242
  orange wine                    33     0.7879   0.7879   0.7879
  rose wine                      89     0.8817   0.9213   0.9011

  Checkpoint saved to results/v13/checkpoint.pth
  Results saved to results/v13/results.json
Parsing log: results/v13/slurm_364535.out
Mode: cross_validation  |  Folds: 5  |  Total epochs parsed: 415
Plot saved to: results/v13/training_curves.png
