
Dataset Validation
======================================================================

  Split: train    STATUS: OK
    orange wine                       147 images
    rose wine                         412 images
    Sauvignon blanc                   137 images
    Chardonnay                        144 images
    Cabernet Sauvignon                131 images
    Pinot Noir                        102 images
    Malbec                            108 images

  Split: val    STATUS: OK
    orange wine                       31 images
    rose wine                         88 images
    Sauvignon blanc                   29 images
    Chardonnay                        31 images
    Cabernet Sauvignon                28 images
    Pinot Noir                        22 images
    Malbec                            23 images

  Split: test    STATUS: OK
    orange wine                       33 images
    rose wine                         89 images
    Sauvignon blanc                   31 images
    Chardonnay                        32 images
    Cabernet Sauvignon                29 images
    Pinot Noir                        23 images
    Malbec                            24 images

======================================================================
VALIDATION RESULT: PASSED   (all splits and classes found)
======================================================================

  Class weights (inverse-frequency):
    orange wine                      147 samples  weight: 0.9491
    rose wine                        412 samples  weight: 0.3387
    Sauvignon blanc                  137 samples  weight: 1.0184
    Chardonnay                       144 samples  weight: 0.9689
    Cabernet Sauvignon               131 samples  weight: 1.0651
    Pinot Noir                       102 samples  weight: 1.3679
    Malbec                           108 samples  weight: 1.2919
  Config snapshot saved to results/v20/config_snapshot.json
======================================================================
Cross-Validation  (5 folds)
======================================================================

Fold [1 / 5]
----------------------------------------------------------------------
  Epoch [1/500]  loss: 1.9837  accuracy: 27.80%  val_loss: 1.5666  val_accuracy: 40.83%
  Epoch [2/500]  loss: 1.5819  accuracy: 37.41%  val_loss: 1.5352  val_accuracy: 45.67%
  Epoch [3/500]  loss: 1.4980  accuracy: 42.05%  val_loss: 1.4674  val_accuracy: 47.75%
  Epoch [4/500]  loss: 1.4312  accuracy: 44.14%  val_loss: 1.4112  val_accuracy: 49.83%
  Epoch [5/500]  loss: 1.4003  accuracy: 45.98%  val_loss: 1.3691  val_accuracy: 57.09%
  Epoch [6/500]  loss: 1.4001  accuracy: 46.50%  val_loss: 1.3682  val_accuracy: 59.52%
  Epoch [7/500]  loss: 1.3186  accuracy: 51.40%  val_loss: 1.3175  val_accuracy: 55.36%
  Epoch [8/500]  loss: 1.3435  accuracy: 48.34%  val_loss: 1.3292  val_accuracy: 59.52%
  Epoch [9/500]  loss: 1.3116  accuracy: 50.09%  val_loss: 1.2702  val_accuracy: 57.44%
  Epoch [10/500]  loss: 1.2709  accuracy: 53.93%  val_loss: 1.2635  val_accuracy: 59.86%
  Epoch [11/500]  loss: 1.2618  accuracy: 53.67%  val_loss: 1.2644  val_accuracy: 57.79%
  Epoch [12/500]  loss: 1.2147  accuracy: 56.82%  val_loss: 1.2545  val_accuracy: 57.79%
  Epoch [13/500]  loss: 1.2173  accuracy: 55.16%  val_loss: 1.2342  val_accuracy: 59.86%
  Epoch [14/500]  loss: 1.2280  accuracy: 56.29%  val_loss: 1.2658  val_accuracy: 59.86%
  Epoch [15/500]  loss: 1.2256  accuracy: 55.33%  val_loss: 1.2113  val_accuracy: 59.86%
  Epoch [16/500]  loss: 1.1838  accuracy: 57.52%  val_loss: 1.2098  val_accuracy: 59.17%
  Epoch [17/500]  loss: 1.1833  accuracy: 57.87%  val_loss: 1.2184  val_accuracy: 58.82%
  Epoch [18/500]  loss: 1.2009  accuracy: 57.26%  val_loss: 1.2180  val_accuracy: 60.90%
  Epoch [19/500]  loss: 1.1712  accuracy: 56.56%  val_loss: 1.1970  val_accuracy: 59.17%
  Epoch [20/500]  loss: 1.1626  accuracy: 58.65%  val_loss: 1.2060  val_accuracy: 58.82%
  Epoch [21/500]  loss: 1.1561  accuracy: 57.52%  val_loss: 1.2111  val_accuracy: 61.94%
  Epoch [22/500]  loss: 1.1350  accuracy: 58.30%  val_loss: 1.2065  val_accuracy: 61.94%
  Epoch [23/500]  loss: 1.1972  accuracy: 56.91%  val_loss: 1.2045  val_accuracy: 59.86%
  Epoch [24/500]  loss: 1.1733  accuracy: 57.34%  val_loss: 1.2092  val_accuracy: 60.21%
  Epoch [25/500]  loss: 1.1119  accuracy: 59.35%  val_loss: 1.1830  val_accuracy: 60.90%
  Epoch [26/500]  loss: 1.1357  accuracy: 57.43%  val_loss: 1.1873  val_accuracy: 63.32%
  Epoch [27/500]  loss: 1.1341  accuracy: 57.69%  val_loss: 1.1909  val_accuracy: 59.86%
  Epoch [28/500]  loss: 1.1515  accuracy: 58.39%  val_loss: 1.2061  val_accuracy: 61.25%
  Epoch [29/500]  loss: 1.1402  accuracy: 58.74%  val_loss: 1.1765  val_accuracy: 63.32%
  Epoch [30/500]  loss: 1.1082  accuracy: 60.75%  val_loss: 1.1672  val_accuracy: 62.98%
  Epoch [31/500]  loss: 1.1147  accuracy: 58.57%  val_loss: 1.1856  val_accuracy: 60.90%
  Epoch [32/500]  loss: 1.0763  accuracy: 60.84%  val_loss: 1.1938  val_accuracy: 61.59%
  Epoch [33/500]  loss: 1.0952  accuracy: 60.14%  val_loss: 1.1880  val_accuracy: 60.90%
  Epoch [34/500]  loss: 1.0646  accuracy: 63.11%  val_loss: 1.1872  val_accuracy: 61.59%
  Epoch [35/500]  loss: 1.0675  accuracy: 60.84%  val_loss: 1.1917  val_accuracy: 60.21%
  Epoch [36/500]  loss: 1.0733  accuracy: 61.63%  val_loss: 1.1738  val_accuracy: 62.63%
  Epoch [37/500]  loss: 1.0737  accuracy: 63.37%  val_loss: 1.1520  val_accuracy: 62.28%
  Epoch [38/500]  loss: 1.0791  accuracy: 61.89%  val_loss: 1.1620  val_accuracy: 62.63%
  Epoch [39/500]  loss: 1.0897  accuracy: 61.63%  val_loss: 1.1679  val_accuracy: 60.55%
  Epoch [40/500]  loss: 1.0749  accuracy: 61.19%  val_loss: 1.1847  val_accuracy: 62.98%
  Epoch [41/500]  loss: 1.0356  accuracy: 62.94%  val_loss: 1.2522  val_accuracy: 60.21%
  Epoch [42/500]  loss: 1.0561  accuracy: 62.24%  val_loss: 1.1640  val_accuracy: 60.21%
  Epoch [43/500]  loss: 1.0192  accuracy: 64.42%  val_loss: 1.1367  val_accuracy: 62.28%
  Epoch [44/500]  loss: 1.0387  accuracy: 62.24%  val_loss: 1.1679  val_accuracy: 62.63%
  Epoch [45/500]  loss: 1.0477  accuracy: 63.20%  val_loss: 1.1601  val_accuracy: 63.67%
  Epoch [46/500]  loss: 1.0359  accuracy: 63.02%  val_loss: 1.1626  val_accuracy: 63.32%
  Epoch [47/500]  loss: 1.0300  accuracy: 61.71%  val_loss: 1.1797  val_accuracy: 60.90%
  Epoch [48/500]  loss: 1.0388  accuracy: 62.15%  val_loss: 1.1446  val_accuracy: 62.28%
  Epoch [49/500]  loss: 1.0192  accuracy: 63.46%  val_loss: 1.1495  val_accuracy: 60.90%
  Epoch [50/500]  loss: 1.0201  accuracy: 62.94%  val_loss: 1.1371  val_accuracy: 64.01%
  Epoch [51/500]  loss: 1.0206  accuracy: 63.46%  val_loss: 1.1233  val_accuracy: 63.67%
  Epoch [52/500]  loss: 1.0287  accuracy: 63.99%  val_loss: 1.1376  val_accuracy: 64.01%
  Epoch [53/500]  loss: 1.0124  accuracy: 63.81%  val_loss: 1.1329  val_accuracy: 62.98%
  Epoch [54/500]  loss: 1.0182  accuracy: 63.99%  val_loss: 1.1554  val_accuracy: 63.32%
  Epoch [55/500]  loss: 1.0240  accuracy: 63.11%  val_loss: 1.1510  val_accuracy: 63.67%
  Epoch [56/500]  loss: 0.9927  accuracy: 64.95%  val_loss: 1.1479  val_accuracy: 62.98%
  Epoch [57/500]  loss: 1.0011  accuracy: 64.69%  val_loss: 1.1840  val_accuracy: 60.90%
  Epoch [58/500]  loss: 1.0080  accuracy: 63.99%  val_loss: 1.1356  val_accuracy: 61.25%
  Epoch [59/500]  loss: 1.0006  accuracy: 65.82%  val_loss: 1.1657  val_accuracy: 62.98%
  Epoch [60/500]  loss: 1.0042  accuracy: 63.02%  val_loss: 1.1283  val_accuracy: 62.63%
  Epoch [61/500]  loss: 0.9875  accuracy: 64.34%  val_loss: 1.1343  val_accuracy: 63.32%
  Epoch [62/500]  loss: 0.9621  accuracy: 65.73%  val_loss: 1.1096  val_accuracy: 62.98%
  Epoch [63/500]  loss: 1.0010  accuracy: 64.34%  val_loss: 1.1415  val_accuracy: 63.67%
  Epoch [64/500]  loss: 0.9796  accuracy: 64.42%  val_loss: 1.1177  val_accuracy: 64.71%
  Epoch [65/500]  loss: 0.9632  accuracy: 66.43%  val_loss: 1.1109  val_accuracy: 62.98%
  Epoch [66/500]  loss: 0.9830  accuracy: 63.55%  val_loss: 1.1220  val_accuracy: 62.98%
  Epoch [67/500]  loss: 0.9721  accuracy: 65.30%  val_loss: 1.1200  val_accuracy: 62.98%
  Epoch [68/500]  loss: 0.9564  accuracy: 65.56%  val_loss: 1.1201  val_accuracy: 64.71%
  Epoch [69/500]  loss: 0.9491  accuracy: 66.35%  val_loss: 1.1331  val_accuracy: 61.94%
  Epoch [70/500]  loss: 0.9574  accuracy: 65.91%  val_loss: 1.1294  val_accuracy: 63.67%
  Epoch [71/500]  loss: 0.9608  accuracy: 66.00%  val_loss: 1.1164  val_accuracy: 64.01%
  Epoch [72/500]  loss: 0.9479  accuracy: 67.74%  val_loss: 1.1482  val_accuracy: 61.25%
  Epoch [73/500]  loss: 0.9705  accuracy: 64.60%  val_loss: 1.1186  val_accuracy: 64.71%
  Epoch [74/500]  loss: 0.9552  accuracy: 65.65%  val_loss: 1.1141  val_accuracy: 64.01%
  Epoch [75/500]  loss: 0.9603  accuracy: 65.38%  val_loss: 1.1172  val_accuracy: 64.01%
  Epoch [76/500]  loss: 0.9514  accuracy: 66.26%  val_loss: 1.1301  val_accuracy: 62.28%
  Epoch [77/500]  loss: 0.9614  accuracy: 67.05%  val_loss: 1.1469  val_accuracy: 62.98%
  Epoch [78/500]  loss: 0.9527  accuracy: 66.00%  val_loss: 1.1354  val_accuracy: 63.67%
  Epoch [79/500]  loss: 0.9651  accuracy: 64.86%  val_loss: 1.1204  val_accuracy: 62.63%
  Epoch [80/500]  loss: 0.9385  accuracy: 66.26%  val_loss: 1.1304  val_accuracy: 64.01%
  Epoch [81/500]  loss: 0.9483  accuracy: 66.96%  val_loss: 1.1390  val_accuracy: 59.17%
  Epoch [82/500]  loss: 0.9250  accuracy: 67.66%  val_loss: 1.1368  val_accuracy: 61.59%
  Epoch [83/500]  loss: 0.9352  accuracy: 67.22%  val_loss: 1.1343  val_accuracy: 61.59%
  Epoch [84/500]  loss: 0.9225  accuracy: 66.61%  val_loss: 1.1326  val_accuracy: 64.01%
  Epoch [85/500]  loss: 0.9339  accuracy: 68.62%  val_loss: 1.1096  val_accuracy: 64.01%
  Epoch [86/500]  loss: 0.9339  accuracy: 68.62%  val_loss: 1.1273  val_accuracy: 63.67%
  Epoch [87/500]  loss: 0.9265  accuracy: 66.87%  val_loss: 1.1373  val_accuracy: 63.67%
  Epoch [88/500]  loss: 0.9085  accuracy: 68.27%  val_loss: 1.1206  val_accuracy: 63.67%
  Epoch [89/500]  loss: 0.9117  accuracy: 69.32%  val_loss: 1.1117  val_accuracy: 63.32%
  Epoch [90/500]  loss: 0.9249  accuracy: 67.22%  val_loss: 1.1197  val_accuracy: 62.98%
  Epoch [91/500]  loss: 0.9090  accuracy: 68.88%  val_loss: 1.1406  val_accuracy: 63.67%
  Epoch [92/500]  loss: 0.9060  accuracy: 68.18%  val_loss: 1.1537  val_accuracy: 60.21%
  Early stopping triggered after 92 epochs (no improvement for 30 epochs).

  Fold 1 result: val_loss: 1.1096  val_accuracy: 62.98%

Fold [2 / 5]
----------------------------------------------------------------------
  Epoch [1/500]  loss: 2.0047  accuracy: 26.61%  val_loss: 1.5856  val_accuracy: 39.02%
  Epoch [2/500]  loss: 1.5712  accuracy: 36.13%  val_loss: 1.4930  val_accuracy: 51.57%
  Epoch [3/500]  loss: 1.4913  accuracy: 41.01%  val_loss: 1.4520  val_accuracy: 52.26%
  Epoch [4/500]  loss: 1.4638  accuracy: 44.33%  val_loss: 1.4068  val_accuracy: 52.61%
  Epoch [5/500]  loss: 1.4327  accuracy: 45.55%  val_loss: 1.3745  val_accuracy: 57.14%
  Epoch [6/500]  loss: 1.3347  accuracy: 50.00%  val_loss: 1.3684  val_accuracy: 60.63%
  Epoch [7/500]  loss: 1.3791  accuracy: 48.25%  val_loss: 1.3271  val_accuracy: 55.40%
  Epoch [8/500]  loss: 1.3279  accuracy: 51.22%  val_loss: 1.2881  val_accuracy: 62.02%
  Epoch [9/500]  loss: 1.3084  accuracy: 51.57%  val_loss: 1.2995  val_accuracy: 58.54%
  Epoch [10/500]  loss: 1.3070  accuracy: 50.87%  val_loss: 1.2903  val_accuracy: 59.23%
  Epoch [11/500]  loss: 1.2406  accuracy: 54.45%  val_loss: 1.2433  val_accuracy: 59.23%
  Epoch [12/500]  loss: 1.2297  accuracy: 54.97%  val_loss: 1.2384  val_accuracy: 60.28%
  Epoch [13/500]  loss: 1.2135  accuracy: 53.58%  val_loss: 1.2491  val_accuracy: 56.45%
  Epoch [14/500]  loss: 1.1949  accuracy: 54.80%  val_loss: 1.2275  val_accuracy: 58.19%
  Epoch [15/500]  loss: 1.2027  accuracy: 56.20%  val_loss: 1.2369  val_accuracy: 60.63%
  Epoch [16/500]  loss: 1.2229  accuracy: 54.54%  val_loss: 1.2579  val_accuracy: 59.23%
  Epoch [17/500]  loss: 1.2107  accuracy: 55.32%  val_loss: 1.2060  val_accuracy: 60.98%
  Epoch [18/500]  loss: 1.1972  accuracy: 54.89%  val_loss: 1.1873  val_accuracy: 62.72%
  Epoch [19/500]  loss: 1.1445  accuracy: 58.55%  val_loss: 1.2073  val_accuracy: 60.28%
  Epoch [20/500]  loss: 1.1611  accuracy: 57.68%  val_loss: 1.1960  val_accuracy: 60.98%
  Epoch [21/500]  loss: 1.1707  accuracy: 56.98%  val_loss: 1.2362  val_accuracy: 58.89%
  Epoch [22/500]  loss: 1.1652  accuracy: 56.89%  val_loss: 1.1830  val_accuracy: 63.07%
  Epoch [23/500]  loss: 1.1308  accuracy: 58.64%  val_loss: 1.1917  val_accuracy: 62.02%
  Epoch [24/500]  loss: 1.1497  accuracy: 57.16%  val_loss: 1.1860  val_accuracy: 60.98%
  Epoch [25/500]  loss: 1.1303  accuracy: 58.64%  val_loss: 1.1858  val_accuracy: 63.41%
  Epoch [26/500]  loss: 1.1394  accuracy: 58.12%  val_loss: 1.1591  val_accuracy: 62.02%
  Epoch [27/500]  loss: 1.1286  accuracy: 57.24%  val_loss: 1.2119  val_accuracy: 63.07%
  Epoch [28/500]  loss: 1.0951  accuracy: 60.47%  val_loss: 1.1784  val_accuracy: 62.72%
  Epoch [29/500]  loss: 1.0940  accuracy: 60.73%  val_loss: 1.1758  val_accuracy: 63.07%
  Epoch [30/500]  loss: 1.1104  accuracy: 59.69%  val_loss: 1.1664  val_accuracy: 63.76%
  Epoch [31/500]  loss: 1.0580  accuracy: 61.61%  val_loss: 1.1518  val_accuracy: 63.07%
  Epoch [32/500]  loss: 1.0828  accuracy: 60.73%  val_loss: 1.1522  val_accuracy: 65.85%
  Epoch [33/500]  loss: 1.0651  accuracy: 60.73%  val_loss: 1.1687  val_accuracy: 63.41%
  Epoch [34/500]  loss: 1.0999  accuracy: 60.65%  val_loss: 1.1598  val_accuracy: 62.37%
  Epoch [35/500]  loss: 1.0737  accuracy: 60.12%  val_loss: 1.1476  val_accuracy: 65.85%
  Epoch [36/500]  loss: 1.0797  accuracy: 58.90%  val_loss: 1.1479  val_accuracy: 62.02%
  Epoch [37/500]  loss: 1.0632  accuracy: 62.65%  val_loss: 1.1528  val_accuracy: 65.51%
  Epoch [38/500]  loss: 1.0548  accuracy: 61.52%  val_loss: 1.1394  val_accuracy: 63.41%
  Epoch [39/500]  loss: 1.0811  accuracy: 60.56%  val_loss: 1.1824  val_accuracy: 65.16%
  Epoch [40/500]  loss: 1.0424  accuracy: 60.91%  val_loss: 1.1524  val_accuracy: 66.20%
  Epoch [41/500]  loss: 1.0359  accuracy: 62.48%  val_loss: 1.1705  val_accuracy: 62.72%
  Epoch [42/500]  loss: 1.0393  accuracy: 62.04%  val_loss: 1.1321  val_accuracy: 65.51%
  Epoch [43/500]  loss: 1.0372  accuracy: 62.13%  val_loss: 1.1422  val_accuracy: 65.16%
  Epoch [44/500]  loss: 1.0386  accuracy: 62.83%  val_loss: 1.1500  val_accuracy: 61.32%
  Epoch [45/500]  loss: 1.0407  accuracy: 64.22%  val_loss: 1.1450  val_accuracy: 63.07%
  Epoch [46/500]  loss: 1.0114  accuracy: 63.00%  val_loss: 1.1236  val_accuracy: 64.11%
  Epoch [47/500]  loss: 1.0145  accuracy: 63.00%  val_loss: 1.1314  val_accuracy: 64.46%
  Epoch [48/500]  loss: 1.0203  accuracy: 63.87%  val_loss: 1.1585  val_accuracy: 60.28%
  Epoch [49/500]  loss: 1.0053  accuracy: 64.31%  val_loss: 1.1247  val_accuracy: 66.20%
  Epoch [50/500]  loss: 1.0165  accuracy: 62.48%  val_loss: 1.1375  val_accuracy: 63.41%
  Epoch [51/500]  loss: 1.0235  accuracy: 62.83%  val_loss: 1.1248  val_accuracy: 64.11%
  Epoch [52/500]  loss: 1.0338  accuracy: 61.69%  val_loss: 1.1255  val_accuracy: 65.51%
  Epoch [53/500]  loss: 0.9782  accuracy: 65.18%  val_loss: 1.1253  val_accuracy: 62.72%
  Epoch [54/500]  loss: 1.0230  accuracy: 63.35%  val_loss: 1.1767  val_accuracy: 63.07%
  Epoch [55/500]  loss: 1.0071  accuracy: 64.40%  val_loss: 1.1375  val_accuracy: 65.16%
  Epoch [56/500]  loss: 1.0139  accuracy: 62.91%  val_loss: 1.1581  val_accuracy: 62.72%
  Epoch [57/500]  loss: 1.0199  accuracy: 63.09%  val_loss: 1.1475  val_accuracy: 61.32%
  Epoch [58/500]  loss: 1.0230  accuracy: 61.87%  val_loss: 1.1170  val_accuracy: 64.11%
  Epoch [59/500]  loss: 0.9749  accuracy: 65.45%  val_loss: 1.1606  val_accuracy: 64.11%
  Epoch [60/500]  loss: 0.9828  accuracy: 65.18%  val_loss: 1.1623  val_accuracy: 63.41%
  Epoch [61/500]  loss: 1.0022  accuracy: 63.96%  val_loss: 1.1416  val_accuracy: 64.46%
  Epoch [62/500]  loss: 0.9881  accuracy: 63.96%  val_loss: 1.1067  val_accuracy: 65.51%
  Epoch [63/500]  loss: 0.9654  accuracy: 66.58%  val_loss: 1.1170  val_accuracy: 63.41%
  Epoch [64/500]  loss: 0.9532  accuracy: 65.88%  val_loss: 1.1083  val_accuracy: 64.11%
  Epoch [65/500]  loss: 0.9684  accuracy: 65.01%  val_loss: 1.1420  val_accuracy: 64.11%
  Epoch [66/500]  loss: 0.9631  accuracy: 65.10%  val_loss: 1.1053  val_accuracy: 67.60%
  Epoch [67/500]  loss: 0.9817  accuracy: 63.70%  val_loss: 1.1155  val_accuracy: 64.11%
  Epoch [68/500]  loss: 0.9552  accuracy: 65.27%  val_loss: 1.1049  val_accuracy: 65.16%
  Epoch [69/500]  loss: 0.9692  accuracy: 65.97%  val_loss: 1.1125  val_accuracy: 63.07%
  Epoch [70/500]  loss: 0.9618  accuracy: 65.97%  val_loss: 1.1293  val_accuracy: 66.20%
  Epoch [71/500]  loss: 0.9377  accuracy: 65.97%  val_loss: 1.0873  val_accuracy: 64.46%
  Epoch [72/500]  loss: 0.9479  accuracy: 66.40%  val_loss: 1.1125  val_accuracy: 63.07%
  Epoch [73/500]  loss: 0.9522  accuracy: 66.75%  val_loss: 1.1174  val_accuracy: 64.11%
  Epoch [74/500]  loss: 0.9300  accuracy: 66.58%  val_loss: 1.1256  val_accuracy: 63.76%
  Epoch [75/500]  loss: 0.9189  accuracy: 67.28%  val_loss: 1.0980  val_accuracy: 65.85%
  Epoch [76/500]  loss: 0.9325  accuracy: 67.36%  val_loss: 1.1200  val_accuracy: 65.51%
  Epoch [77/500]  loss: 0.9506  accuracy: 66.06%  val_loss: 1.1172  val_accuracy: 64.11%
  Epoch [78/500]  loss: 0.9537  accuracy: 64.75%  val_loss: 1.1185  val_accuracy: 64.81%
  Epoch [79/500]  loss: 0.9368  accuracy: 65.88%  val_loss: 1.1030  val_accuracy: 64.46%
  Epoch [80/500]  loss: 0.9437  accuracy: 66.58%  val_loss: 1.1382  val_accuracy: 63.41%
  Epoch [81/500]  loss: 0.9362  accuracy: 66.32%  val_loss: 1.1089  val_accuracy: 64.81%
  Epoch [82/500]  loss: 0.9446  accuracy: 66.67%  val_loss: 1.1263  val_accuracy: 64.11%
  Epoch [83/500]  loss: 0.9469  accuracy: 66.49%  val_loss: 1.0834  val_accuracy: 65.85%
  Epoch [84/500]  loss: 0.9260  accuracy: 66.93%  val_loss: 1.1166  val_accuracy: 65.85%
  Epoch [85/500]  loss: 0.9204  accuracy: 67.28%  val_loss: 1.1046  val_accuracy: 66.55%
  Epoch [86/500]  loss: 0.9125  accuracy: 68.15%  val_loss: 1.1301  val_accuracy: 64.46%
  Epoch [87/500]  loss: 0.8953  accuracy: 69.72%  val_loss: 1.1176  val_accuracy: 65.16%
  Epoch [88/500]  loss: 0.9225  accuracy: 67.19%  val_loss: 1.1236  val_accuracy: 63.76%
  Epoch [89/500]  loss: 0.9183  accuracy: 67.19%  val_loss: 1.1071  val_accuracy: 64.81%
  Epoch [90/500]  loss: 0.9136  accuracy: 67.36%  val_loss: 1.1165  val_accuracy: 67.94%
  Epoch [91/500]  loss: 0.8866  accuracy: 71.20%  val_loss: 1.1356  val_accuracy: 66.55%
  Epoch [92/500]  loss: 0.9097  accuracy: 67.71%  val_loss: 1.1390  val_accuracy: 63.76%
  Epoch [93/500]  loss: 0.8959  accuracy: 67.98%  val_loss: 1.1036  val_accuracy: 65.16%
  Epoch [94/500]  loss: 0.9148  accuracy: 67.54%  val_loss: 1.1193  val_accuracy: 63.41%
  Epoch [95/500]  loss: 0.9129  accuracy: 68.06%  val_loss: 1.1170  val_accuracy: 64.81%
  Epoch [96/500]  loss: 0.9178  accuracy: 69.46%  val_loss: 1.1257  val_accuracy: 63.76%
  Epoch [97/500]  loss: 0.9180  accuracy: 68.32%  val_loss: 1.1218  val_accuracy: 66.90%
  Epoch [98/500]  loss: 0.8864  accuracy: 70.16%  val_loss: 1.1208  val_accuracy: 64.11%
  Epoch [99/500]  loss: 0.9111  accuracy: 67.10%  val_loss: 1.1136  val_accuracy: 66.20%
  Epoch [100/500]  loss: 0.8994  accuracy: 67.80%  val_loss: 1.1417  val_accuracy: 64.11%
  Epoch [101/500]  loss: 0.8949  accuracy: 68.59%  val_loss: 1.1573  val_accuracy: 65.85%
  Epoch [102/500]  loss: 0.8701  accuracy: 70.07%  val_loss: 1.1281  val_accuracy: 65.51%
  Epoch [103/500]  loss: 0.8754  accuracy: 68.50%  val_loss: 1.1101  val_accuracy: 64.81%
  Epoch [104/500]  loss: 0.8789  accuracy: 70.07%  val_loss: 1.1285  val_accuracy: 64.81%
  Epoch [105/500]  loss: 0.8787  accuracy: 69.28%  val_loss: 1.1194  val_accuracy: 66.20%
  Epoch [106/500]  loss: 0.8755  accuracy: 70.68%  val_loss: 1.0849  val_accuracy: 65.51%
  Epoch [107/500]  loss: 0.8784  accuracy: 70.33%  val_loss: 1.1110  val_accuracy: 63.76%
  Epoch [108/500]  loss: 0.8864  accuracy: 69.55%  val_loss: 1.1175  val_accuracy: 64.46%
  Epoch [109/500]  loss: 0.8739  accuracy: 70.51%  val_loss: 1.1028  val_accuracy: 66.90%
  Epoch [110/500]  loss: 0.8854  accuracy: 70.07%  val_loss: 1.1129  val_accuracy: 62.72%
  Epoch [111/500]  loss: 0.8728  accuracy: 70.42%  val_loss: 1.1251  val_accuracy: 66.55%
  Epoch [112/500]  loss: 0.8859  accuracy: 70.77%  val_loss: 1.1310  val_accuracy: 67.60%
  Epoch [113/500]  loss: 0.8689  accuracy: 70.68%  val_loss: 1.1228  val_accuracy: 63.41%
  Early stopping triggered after 113 epochs (no improvement for 30 epochs).

  Fold 2 result: val_loss: 1.0834  val_accuracy: 65.85%

Fold [3 / 5]
----------------------------------------------------------------------
  Epoch [1/500]  loss: 2.0179  accuracy: 26.70%  val_loss: 1.6678  val_accuracy: 36.93%
  Epoch [2/500]  loss: 1.6166  accuracy: 33.16%  val_loss: 1.5480  val_accuracy: 43.90%
  Epoch [3/500]  loss: 1.5031  accuracy: 40.40%  val_loss: 1.5377  val_accuracy: 47.04%
  Epoch [4/500]  loss: 1.4547  accuracy: 43.46%  val_loss: 1.4464  val_accuracy: 55.05%
  Epoch [5/500]  loss: 1.3957  accuracy: 45.81%  val_loss: 1.3593  val_accuracy: 57.49%
  Epoch [6/500]  loss: 1.3764  accuracy: 47.64%  val_loss: 1.3571  val_accuracy: 57.84%
  Epoch [7/500]  loss: 1.3549  accuracy: 48.25%  val_loss: 1.2966  val_accuracy: 60.63%
  Epoch [8/500]  loss: 1.3148  accuracy: 50.00%  val_loss: 1.2423  val_accuracy: 59.58%
  Epoch [9/500]  loss: 1.3011  accuracy: 52.09%  val_loss: 1.2286  val_accuracy: 60.63%
  Epoch [10/500]  loss: 1.2781  accuracy: 52.88%  val_loss: 1.1920  val_accuracy: 62.37%
  Epoch [11/500]  loss: 1.2589  accuracy: 54.28%  val_loss: 1.2020  val_accuracy: 61.67%
  Epoch [12/500]  loss: 1.2691  accuracy: 52.62%  val_loss: 1.2231  val_accuracy: 60.98%
  Epoch [13/500]  loss: 1.2199  accuracy: 53.66%  val_loss: 1.1870  val_accuracy: 60.28%
  Epoch [14/500]  loss: 1.2447  accuracy: 52.88%  val_loss: 1.1556  val_accuracy: 59.23%
  Epoch [15/500]  loss: 1.2474  accuracy: 52.53%  val_loss: 1.1730  val_accuracy: 60.98%
  Epoch [16/500]  loss: 1.2292  accuracy: 54.45%  val_loss: 1.2066  val_accuracy: 61.67%
  Epoch [17/500]  loss: 1.2324  accuracy: 53.93%  val_loss: 1.1626  val_accuracy: 61.32%
  Epoch [18/500]  loss: 1.2039  accuracy: 55.58%  val_loss: 1.1881  val_accuracy: 60.98%
  Epoch [19/500]  loss: 1.1982  accuracy: 54.19%  val_loss: 1.1905  val_accuracy: 62.02%
  Epoch [20/500]  loss: 1.1661  accuracy: 56.89%  val_loss: 1.1339  val_accuracy: 62.72%
  Epoch [21/500]  loss: 1.1624  accuracy: 57.24%  val_loss: 1.1372  val_accuracy: 61.32%
  Epoch [22/500]  loss: 1.1889  accuracy: 56.89%  val_loss: 1.1449  val_accuracy: 62.37%
  Epoch [23/500]  loss: 1.1659  accuracy: 58.29%  val_loss: 1.1395  val_accuracy: 63.07%
  Epoch [24/500]  loss: 1.1701  accuracy: 57.85%  val_loss: 1.1305  val_accuracy: 61.67%
  Epoch [25/500]  loss: 1.1365  accuracy: 58.03%  val_loss: 1.1833  val_accuracy: 60.28%
  Epoch [26/500]  loss: 1.1480  accuracy: 57.42%  val_loss: 1.1224  val_accuracy: 64.46%
  Epoch [27/500]  loss: 1.1415  accuracy: 58.90%  val_loss: 1.1357  val_accuracy: 63.07%
  Epoch [28/500]  loss: 1.1340  accuracy: 57.24%  val_loss: 1.1193  val_accuracy: 64.46%
  Epoch [29/500]  loss: 1.1610  accuracy: 57.68%  val_loss: 1.1005  val_accuracy: 65.16%
  Epoch [30/500]  loss: 1.0928  accuracy: 59.60%  val_loss: 1.1184  val_accuracy: 63.76%
  Epoch [31/500]  loss: 1.1224  accuracy: 59.16%  val_loss: 1.1092  val_accuracy: 63.76%
  Epoch [32/500]  loss: 1.0835  accuracy: 59.69%  val_loss: 1.1221  val_accuracy: 63.07%
  Epoch [33/500]  loss: 1.1094  accuracy: 58.20%  val_loss: 1.0957  val_accuracy: 62.37%
  Epoch [34/500]  loss: 1.0924  accuracy: 59.60%  val_loss: 1.1443  val_accuracy: 64.81%
  Epoch [35/500]  loss: 1.0873  accuracy: 58.99%  val_loss: 1.1227  val_accuracy: 62.02%
  Epoch [36/500]  loss: 1.0636  accuracy: 59.86%  val_loss: 1.1355  val_accuracy: 60.98%
  Epoch [37/500]  loss: 1.0934  accuracy: 60.03%  val_loss: 1.0979  val_accuracy: 65.51%
  Epoch [38/500]  loss: 1.0944  accuracy: 59.69%  val_loss: 1.0751  val_accuracy: 62.37%
  Epoch [39/500]  loss: 1.0810  accuracy: 61.69%  val_loss: 1.0915  val_accuracy: 65.51%
  Epoch [40/500]  loss: 1.0986  accuracy: 58.38%  val_loss: 1.1043  val_accuracy: 64.46%
  Epoch [41/500]  loss: 1.0570  accuracy: 61.26%  val_loss: 1.0977  val_accuracy: 65.16%
  Epoch [42/500]  loss: 1.0869  accuracy: 60.47%  val_loss: 1.0768  val_accuracy: 66.20%
  Epoch [43/500]  loss: 1.0320  accuracy: 60.82%  val_loss: 1.0959  val_accuracy: 65.16%
  Epoch [44/500]  loss: 1.0431  accuracy: 62.30%  val_loss: 1.1000  val_accuracy: 65.85%
  Epoch [45/500]  loss: 1.0790  accuracy: 61.08%  val_loss: 1.1028  val_accuracy: 63.41%
  Epoch [46/500]  loss: 1.0769  accuracy: 60.12%  val_loss: 1.1013  val_accuracy: 64.81%
  Epoch [47/500]  loss: 1.0302  accuracy: 61.52%  val_loss: 1.0876  val_accuracy: 65.85%
  Epoch [48/500]  loss: 1.0499  accuracy: 60.91%  val_loss: 1.0853  val_accuracy: 65.51%
  Epoch [49/500]  loss: 1.0312  accuracy: 61.78%  val_loss: 1.0828  val_accuracy: 65.85%
  Epoch [50/500]  loss: 1.0243  accuracy: 62.65%  val_loss: 1.0879  val_accuracy: 63.41%
  Epoch [51/500]  loss: 1.0301  accuracy: 61.87%  val_loss: 1.0987  val_accuracy: 66.90%
  Epoch [52/500]  loss: 1.0138  accuracy: 62.91%  val_loss: 1.0696  val_accuracy: 65.85%
  Epoch [53/500]  loss: 1.0469  accuracy: 62.91%  val_loss: 1.0814  val_accuracy: 68.29%
  Epoch [54/500]  loss: 1.0175  accuracy: 62.39%  val_loss: 1.0589  val_accuracy: 66.90%
  Epoch [55/500]  loss: 1.0088  accuracy: 63.53%  val_loss: 1.0934  val_accuracy: 65.51%
  Epoch [56/500]  loss: 1.0231  accuracy: 62.39%  val_loss: 1.1126  val_accuracy: 64.46%
  Epoch [57/500]  loss: 1.0428  accuracy: 61.43%  val_loss: 1.0899  val_accuracy: 64.11%
  Epoch [58/500]  loss: 1.0164  accuracy: 61.87%  val_loss: 1.0821  val_accuracy: 64.81%
  Epoch [59/500]  loss: 1.0295  accuracy: 61.17%  val_loss: 1.0943  val_accuracy: 65.51%
  Epoch [60/500]  loss: 1.0095  accuracy: 63.00%  val_loss: 1.1194  val_accuracy: 67.25%
  Epoch [61/500]  loss: 0.9974  accuracy: 62.83%  val_loss: 1.0711  val_accuracy: 66.55%
  Epoch [62/500]  loss: 0.9941  accuracy: 63.44%  val_loss: 1.0662  val_accuracy: 66.20%
  Epoch [63/500]  loss: 0.9943  accuracy: 63.09%  val_loss: 1.0976  val_accuracy: 64.81%
  Epoch [64/500]  loss: 0.9851  accuracy: 64.40%  val_loss: 1.0660  val_accuracy: 65.16%
  Epoch [65/500]  loss: 0.9925  accuracy: 64.05%  val_loss: 1.0646  val_accuracy: 64.81%
  Epoch [66/500]  loss: 0.9879  accuracy: 64.40%  val_loss: 1.0714  val_accuracy: 65.51%
  Epoch [67/500]  loss: 0.9891  accuracy: 65.27%  val_loss: 1.1179  val_accuracy: 66.20%
  Epoch [68/500]  loss: 1.0042  accuracy: 63.26%  val_loss: 1.0957  val_accuracy: 65.85%
  Epoch [69/500]  loss: 0.9806  accuracy: 63.96%  val_loss: 1.0932  val_accuracy: 66.55%
  Epoch [70/500]  loss: 0.9788  accuracy: 63.87%  val_loss: 1.0605  val_accuracy: 66.55%
  Epoch [71/500]  loss: 0.9808  accuracy: 66.14%  val_loss: 1.0890  val_accuracy: 67.25%
  Epoch [72/500]  loss: 0.9683  accuracy: 64.31%  val_loss: 1.0660  val_accuracy: 66.90%
  Epoch [73/500]  loss: 0.9752  accuracy: 64.31%  val_loss: 1.0608  val_accuracy: 67.94%
  Epoch [74/500]  loss: 0.9829  accuracy: 64.31%  val_loss: 1.0653  val_accuracy: 65.16%
  Epoch [75/500]  loss: 0.9882  accuracy: 63.35%  val_loss: 1.0760  val_accuracy: 65.51%
  Epoch [76/500]  loss: 0.9606  accuracy: 65.53%  val_loss: 1.0899  val_accuracy: 66.55%
  Epoch [77/500]  loss: 1.0022  accuracy: 63.44%  val_loss: 1.0983  val_accuracy: 68.99%
  Epoch [78/500]  loss: 0.9521  accuracy: 66.23%  val_loss: 1.0965  val_accuracy: 67.25%
  Epoch [79/500]  loss: 0.9545  accuracy: 65.62%  val_loss: 1.0693  val_accuracy: 65.16%
  Epoch [80/500]  loss: 0.9628  accuracy: 66.06%  val_loss: 1.0606  val_accuracy: 67.94%
  Epoch [81/500]  loss: 0.9402  accuracy: 65.79%  val_loss: 1.0842  val_accuracy: 65.85%
  Epoch [82/500]  loss: 0.9457  accuracy: 66.06%  val_loss: 1.0778  val_accuracy: 67.25%
  Epoch [83/500]  loss: 0.9538  accuracy: 65.88%  val_loss: 1.0845  val_accuracy: 64.81%
  Epoch [84/500]  loss: 0.9450  accuracy: 67.54%  val_loss: 1.0622  val_accuracy: 67.60%
  Early stopping triggered after 84 epochs (no improvement for 30 epochs).

  Fold 3 result: val_loss: 1.0589  val_accuracy: 66.90%

Fold [4 / 5]
----------------------------------------------------------------------
  Epoch [1/500]  loss: 2.0587  accuracy: 24.93%  val_loss: 1.7190  val_accuracy: 34.97%
  Epoch [2/500]  loss: 1.5973  accuracy: 35.75%  val_loss: 1.5900  val_accuracy: 35.31%
  Epoch [3/500]  loss: 1.5259  accuracy: 39.67%  val_loss: 1.5190  val_accuracy: 44.76%
  Epoch [4/500]  loss: 1.4568  accuracy: 42.02%  val_loss: 1.4816  val_accuracy: 50.35%
  Epoch [5/500]  loss: 1.3592  accuracy: 46.29%  val_loss: 1.4655  val_accuracy: 53.85%
  Epoch [6/500]  loss: 1.4292  accuracy: 45.07%  val_loss: 1.4311  val_accuracy: 54.20%
  Epoch [7/500]  loss: 1.3819  accuracy: 46.64%  val_loss: 1.4294  val_accuracy: 50.35%
  Epoch [8/500]  loss: 1.3584  accuracy: 47.25%  val_loss: 1.4085  val_accuracy: 55.59%
  Epoch [9/500]  loss: 1.3169  accuracy: 49.08%  val_loss: 1.3634  val_accuracy: 55.94%
  Epoch [10/500]  loss: 1.2876  accuracy: 49.00%  val_loss: 1.3374  val_accuracy: 57.69%
  Epoch [11/500]  loss: 1.2848  accuracy: 51.53%  val_loss: 1.3195  val_accuracy: 56.99%
  Epoch [12/500]  loss: 1.2952  accuracy: 50.48%  val_loss: 1.3306  val_accuracy: 59.44%
  Epoch [13/500]  loss: 1.2524  accuracy: 50.39%  val_loss: 1.3031  val_accuracy: 59.09%
  Epoch [14/500]  loss: 1.2546  accuracy: 52.66%  val_loss: 1.3596  val_accuracy: 58.74%
  Epoch [15/500]  loss: 1.2659  accuracy: 51.96%  val_loss: 1.3448  val_accuracy: 53.50%
  Epoch [16/500]  loss: 1.2429  accuracy: 53.01%  val_loss: 1.3347  val_accuracy: 58.39%
  Epoch [17/500]  loss: 1.2110  accuracy: 53.79%  val_loss: 1.2861  val_accuracy: 56.99%
  Epoch [18/500]  loss: 1.2077  accuracy: 53.97%  val_loss: 1.2685  val_accuracy: 58.04%
  Epoch [19/500]  loss: 1.2010  accuracy: 54.75%  val_loss: 1.2739  val_accuracy: 60.84%
  Epoch [20/500]  loss: 1.1696  accuracy: 56.84%  val_loss: 1.2576  val_accuracy: 58.39%
  Epoch [21/500]  loss: 1.2018  accuracy: 55.71%  val_loss: 1.2590  val_accuracy: 59.79%
  Epoch [22/500]  loss: 1.1678  accuracy: 56.06%  val_loss: 1.2505  val_accuracy: 60.14%
  Epoch [23/500]  loss: 1.2044  accuracy: 55.36%  val_loss: 1.2921  val_accuracy: 57.69%
  Epoch [24/500]  loss: 1.1832  accuracy: 55.01%  val_loss: 1.2563  val_accuracy: 56.99%
  Epoch [25/500]  loss: 1.1722  accuracy: 57.98%  val_loss: 1.3296  val_accuracy: 56.99%
  Epoch [26/500]  loss: 1.1628  accuracy: 56.58%  val_loss: 1.2310  val_accuracy: 58.74%
  Epoch [27/500]  loss: 1.1564  accuracy: 56.50%  val_loss: 1.2125  val_accuracy: 59.44%
  Epoch [28/500]  loss: 1.1624  accuracy: 56.41%  val_loss: 1.2442  val_accuracy: 60.14%
  Epoch [29/500]  loss: 1.1210  accuracy: 58.50%  val_loss: 1.2348  val_accuracy: 58.39%
  Epoch [30/500]  loss: 1.1526  accuracy: 57.28%  val_loss: 1.2277  val_accuracy: 60.14%
  Epoch [31/500]  loss: 1.1241  accuracy: 59.46%  val_loss: 1.2007  val_accuracy: 61.89%
  Epoch [32/500]  loss: 1.1186  accuracy: 58.50%  val_loss: 1.2382  val_accuracy: 60.49%
  Epoch [33/500]  loss: 1.1078  accuracy: 59.55%  val_loss: 1.2592  val_accuracy: 58.39%
  Epoch [34/500]  loss: 1.1159  accuracy: 58.15%  val_loss: 1.2219  val_accuracy: 63.99%
  Epoch [35/500]  loss: 1.1235  accuracy: 58.24%  val_loss: 1.2454  val_accuracy: 61.89%
  Epoch [36/500]  loss: 1.0995  accuracy: 60.07%  val_loss: 1.2242  val_accuracy: 61.54%
  Epoch [37/500]  loss: 1.1080  accuracy: 58.59%  val_loss: 1.1884  val_accuracy: 63.64%
  Epoch [38/500]  loss: 1.0978  accuracy: 59.20%  val_loss: 1.2221  val_accuracy: 60.49%
  Epoch [39/500]  loss: 1.1219  accuracy: 57.72%  val_loss: 1.1552  val_accuracy: 62.59%
  Epoch [40/500]  loss: 1.1185  accuracy: 57.54%  val_loss: 1.1918  val_accuracy: 62.59%
  Epoch [41/500]  loss: 1.1140  accuracy: 58.94%  val_loss: 1.2179  val_accuracy: 60.84%
  Epoch [42/500]  loss: 1.0911  accuracy: 59.20%  val_loss: 1.2219  val_accuracy: 62.24%
  Epoch [43/500]  loss: 1.0804  accuracy: 59.37%  val_loss: 1.1743  val_accuracy: 63.64%
  Epoch [44/500]  loss: 1.0929  accuracy: 60.42%  val_loss: 1.2045  val_accuracy: 63.29%
  Epoch [45/500]  loss: 1.0733  accuracy: 61.64%  val_loss: 1.1691  val_accuracy: 62.24%
  Epoch [46/500]  loss: 1.0864  accuracy: 59.20%  val_loss: 1.2162  val_accuracy: 59.79%
  Epoch [47/500]  loss: 1.0502  accuracy: 61.29%  val_loss: 1.1691  val_accuracy: 64.34%
  Epoch [48/500]  loss: 1.0603  accuracy: 61.38%  val_loss: 1.2430  val_accuracy: 57.69%
  Epoch [49/500]  loss: 1.0487  accuracy: 61.99%  val_loss: 1.1930  val_accuracy: 61.89%
  Epoch [50/500]  loss: 1.0354  accuracy: 62.07%  val_loss: 1.2003  val_accuracy: 62.24%
  Epoch [51/500]  loss: 1.0373  accuracy: 60.68%  val_loss: 1.2052  val_accuracy: 61.89%
  Epoch [52/500]  loss: 1.0549  accuracy: 60.68%  val_loss: 1.2092  val_accuracy: 63.99%
  Epoch [53/500]  loss: 1.0244  accuracy: 63.30%  val_loss: 1.2435  val_accuracy: 62.94%
  Epoch [54/500]  loss: 1.0656  accuracy: 60.77%  val_loss: 1.1826  val_accuracy: 63.99%
  Epoch [55/500]  loss: 1.0286  accuracy: 61.64%  val_loss: 1.2087  val_accuracy: 60.14%
  Epoch [56/500]  loss: 1.0395  accuracy: 60.33%  val_loss: 1.2023  val_accuracy: 62.24%
  Epoch [57/500]  loss: 0.9911  accuracy: 64.17%  val_loss: 1.1824  val_accuracy: 63.64%
  Epoch [58/500]  loss: 1.0130  accuracy: 62.16%  val_loss: 1.2023  val_accuracy: 63.29%
  Epoch [59/500]  loss: 1.0342  accuracy: 60.85%  val_loss: 1.1984  val_accuracy: 64.69%
  Epoch [60/500]  loss: 1.0148  accuracy: 62.77%  val_loss: 1.2030  val_accuracy: 61.54%
  Epoch [61/500]  loss: 1.0099  accuracy: 63.03%  val_loss: 1.2296  val_accuracy: 61.89%
  Epoch [62/500]  loss: 1.0223  accuracy: 62.42%  val_loss: 1.2107  val_accuracy: 60.84%
  Epoch [63/500]  loss: 1.0231  accuracy: 62.86%  val_loss: 1.1900  val_accuracy: 64.34%
  Epoch [64/500]  loss: 1.0259  accuracy: 63.21%  val_loss: 1.1739  val_accuracy: 62.94%
  Epoch [65/500]  loss: 1.0069  accuracy: 63.82%  val_loss: 1.1887  val_accuracy: 61.89%
  Epoch [66/500]  loss: 1.0193  accuracy: 62.51%  val_loss: 1.1670  val_accuracy: 61.89%
  Epoch [67/500]  loss: 0.9939  accuracy: 62.25%  val_loss: 1.1823  val_accuracy: 63.64%
  Epoch [68/500]  loss: 0.9838  accuracy: 63.30%  val_loss: 1.1891  val_accuracy: 63.29%
  Epoch [69/500]  loss: 0.9922  accuracy: 63.82%  val_loss: 1.1891  val_accuracy: 62.24%
  Early stopping triggered after 69 epochs (no improvement for 30 epochs).

  Fold 4 result: val_loss: 1.1552  val_accuracy: 62.59%

Fold [5 / 5]
----------------------------------------------------------------------
  Epoch [1/500]  loss: 1.9634  accuracy: 28.29%  val_loss: 1.6195  val_accuracy: 38.38%
  Epoch [2/500]  loss: 1.5871  accuracy: 35.07%  val_loss: 1.5805  val_accuracy: 46.13%
  Epoch [3/500]  loss: 1.5234  accuracy: 38.64%  val_loss: 1.5429  val_accuracy: 39.79%
  Epoch [4/500]  loss: 1.4908  accuracy: 39.43%  val_loss: 1.4867  val_accuracy: 49.30%
  Epoch [5/500]  loss: 1.4541  accuracy: 41.51%  val_loss: 1.4487  val_accuracy: 52.82%
  Epoch [6/500]  loss: 1.4439  accuracy: 41.86%  val_loss: 1.4459  val_accuracy: 47.89%
  Epoch [7/500]  loss: 1.4217  accuracy: 43.86%  val_loss: 1.3783  val_accuracy: 58.80%
  Epoch [8/500]  loss: 1.3927  accuracy: 45.26%  val_loss: 1.3619  val_accuracy: 59.15%
  Epoch [9/500]  loss: 1.3223  accuracy: 48.13%  val_loss: 1.3163  val_accuracy: 59.86%
  Epoch [10/500]  loss: 1.3282  accuracy: 48.83%  val_loss: 1.2973  val_accuracy: 60.56%
  Epoch [11/500]  loss: 1.3036  accuracy: 48.65%  val_loss: 1.2776  val_accuracy: 59.15%
  Epoch [12/500]  loss: 1.2866  accuracy: 49.61%  val_loss: 1.3033  val_accuracy: 60.21%
  Epoch [13/500]  loss: 1.2766  accuracy: 50.13%  val_loss: 1.2538  val_accuracy: 60.92%
  Epoch [14/500]  loss: 1.2836  accuracy: 51.17%  val_loss: 1.2610  val_accuracy: 59.51%
  Epoch [15/500]  loss: 1.2279  accuracy: 52.65%  val_loss: 1.2323  val_accuracy: 58.80%
  Epoch [16/500]  loss: 1.2248  accuracy: 53.87%  val_loss: 1.2132  val_accuracy: 61.62%
  Epoch [17/500]  loss: 1.2701  accuracy: 52.22%  val_loss: 1.2321  val_accuracy: 60.21%
  Epoch [18/500]  loss: 1.2566  accuracy: 52.48%  val_loss: 1.2324  val_accuracy: 61.62%
  Epoch [19/500]  loss: 1.2130  accuracy: 54.48%  val_loss: 1.2004  val_accuracy: 61.97%
  Epoch [20/500]  loss: 1.1991  accuracy: 54.57%  val_loss: 1.2037  val_accuracy: 60.56%
  Epoch [21/500]  loss: 1.2054  accuracy: 54.40%  val_loss: 1.2051  val_accuracy: 61.27%
  Epoch [22/500]  loss: 1.1797  accuracy: 55.00%  val_loss: 1.1764  val_accuracy: 61.27%
  Epoch [23/500]  loss: 1.1874  accuracy: 53.96%  val_loss: 1.2038  val_accuracy: 60.56%
  Epoch [24/500]  loss: 1.1477  accuracy: 57.96%  val_loss: 1.1466  val_accuracy: 62.68%
  Epoch [25/500]  loss: 1.1950  accuracy: 54.92%  val_loss: 1.1555  val_accuracy: 63.03%
  Epoch [26/500]  loss: 1.1712  accuracy: 56.14%  val_loss: 1.1646  val_accuracy: 62.32%
  Epoch [27/500]  loss: 1.1425  accuracy: 55.27%  val_loss: 1.1582  val_accuracy: 64.08%
  Epoch [28/500]  loss: 1.1435  accuracy: 54.92%  val_loss: 1.1373  val_accuracy: 63.03%
  Epoch [29/500]  loss: 1.1452  accuracy: 57.01%  val_loss: 1.1276  val_accuracy: 65.14%
  Epoch [30/500]  loss: 1.1299  accuracy: 58.83%  val_loss: 1.1434  val_accuracy: 61.97%
  Epoch [31/500]  loss: 1.1004  accuracy: 58.49%  val_loss: 1.1509  val_accuracy: 63.03%
  Epoch [32/500]  loss: 1.1224  accuracy: 58.49%  val_loss: 1.1839  val_accuracy: 61.27%
  Epoch [33/500]  loss: 1.1238  accuracy: 58.75%  val_loss: 1.1641  val_accuracy: 61.97%
  Epoch [34/500]  loss: 1.1131  accuracy: 57.88%  val_loss: 1.1512  val_accuracy: 63.73%
  Epoch [35/500]  loss: 1.1129  accuracy: 59.53%  val_loss: 1.1032  val_accuracy: 64.08%
  Epoch [36/500]  loss: 1.0908  accuracy: 58.31%  val_loss: 1.1293  val_accuracy: 64.79%
  Epoch [37/500]  loss: 1.0963  accuracy: 58.40%  val_loss: 1.1380  val_accuracy: 62.32%
  Epoch [38/500]  loss: 1.0971  accuracy: 60.31%  val_loss: 1.1661  val_accuracy: 61.27%
  Epoch [39/500]  loss: 1.1036  accuracy: 58.40%  val_loss: 1.1459  val_accuracy: 62.32%
  Epoch [40/500]  loss: 1.1049  accuracy: 58.22%  val_loss: 1.1146  val_accuracy: 65.85%
  Epoch [41/500]  loss: 1.1216  accuracy: 59.18%  val_loss: 1.1473  val_accuracy: 61.27%
  Epoch [42/500]  loss: 1.0821  accuracy: 59.27%  val_loss: 1.1494  val_accuracy: 63.38%
  Epoch [43/500]  loss: 1.0946  accuracy: 59.27%  val_loss: 1.1319  val_accuracy: 61.62%
  Epoch [44/500]  loss: 1.0826  accuracy: 58.05%  val_loss: 1.1227  val_accuracy: 63.38%
  Epoch [45/500]  loss: 1.1077  accuracy: 59.62%  val_loss: 1.1518  val_accuracy: 61.27%
  Epoch [46/500]  loss: 1.0765  accuracy: 59.44%  val_loss: 1.1417  val_accuracy: 63.73%
  Epoch [47/500]  loss: 1.0544  accuracy: 60.57%  val_loss: 1.1429  val_accuracy: 62.68%
  Epoch [48/500]  loss: 1.0492  accuracy: 61.36%  val_loss: 1.1328  val_accuracy: 65.14%
  Epoch [49/500]  loss: 1.0660  accuracy: 59.62%  val_loss: 1.1271  val_accuracy: 64.79%
  Epoch [50/500]  loss: 1.0619  accuracy: 60.23%  val_loss: 1.1145  val_accuracy: 64.08%
  Epoch [51/500]  loss: 1.0428  accuracy: 60.49%  val_loss: 1.1246  val_accuracy: 63.73%
  Epoch [52/500]  loss: 1.0596  accuracy: 59.53%  val_loss: 1.1409  val_accuracy: 63.03%
  Epoch [53/500]  loss: 1.0475  accuracy: 61.71%  val_loss: 1.1398  val_accuracy: 61.27%
  Epoch [54/500]  loss: 1.0248  accuracy: 61.01%  val_loss: 1.1324  val_accuracy: 62.68%
  Epoch [55/500]  loss: 1.0313  accuracy: 61.36%  val_loss: 1.1148  val_accuracy: 64.44%
  Epoch [56/500]  loss: 1.0401  accuracy: 61.88%  val_loss: 1.1310  val_accuracy: 63.38%
  Epoch [57/500]  loss: 1.0418  accuracy: 62.32%  val_loss: 1.1179  val_accuracy: 62.32%
  Epoch [58/500]  loss: 1.0229  accuracy: 61.10%  val_loss: 1.1021  val_accuracy: 66.20%
  Epoch [59/500]  loss: 1.0109  accuracy: 63.01%  val_loss: 1.1250  val_accuracy: 64.08%
  Epoch [60/500]  loss: 1.0258  accuracy: 61.79%  val_loss: 1.1358  val_accuracy: 63.03%
  Epoch [61/500]  loss: 1.0115  accuracy: 62.40%  val_loss: 1.1243  val_accuracy: 63.38%
  Epoch [62/500]  loss: 1.0192  accuracy: 62.23%  val_loss: 1.1776  val_accuracy: 61.97%
  Epoch [63/500]  loss: 1.0101  accuracy: 64.40%  val_loss: 1.1422  val_accuracy: 63.03%
  Epoch [64/500]  loss: 1.0267  accuracy: 62.05%  val_loss: 1.1532  val_accuracy: 62.68%
  Epoch [65/500]  loss: 1.0329  accuracy: 62.40%  val_loss: 1.1416  val_accuracy: 62.32%
  Epoch [66/500]  loss: 0.9878  accuracy: 63.45%  val_loss: 1.1175  val_accuracy: 63.38%
  Epoch [67/500]  loss: 1.0005  accuracy: 63.27%  val_loss: 1.1210  val_accuracy: 67.61%
  Epoch [68/500]  loss: 1.0284  accuracy: 62.23%  val_loss: 1.1092  val_accuracy: 63.73%
  Epoch [69/500]  loss: 0.9981  accuracy: 63.27%  val_loss: 1.1072  val_accuracy: 63.03%
  Epoch [70/500]  loss: 1.0006  accuracy: 63.36%  val_loss: 1.1187  val_accuracy: 64.44%
  Epoch [71/500]  loss: 0.9890  accuracy: 63.01%  val_loss: 1.1205  val_accuracy: 64.08%
  Epoch [72/500]  loss: 1.0127  accuracy: 61.27%  val_loss: 1.1129  val_accuracy: 64.79%
  Epoch [73/500]  loss: 1.0039  accuracy: 63.27%  val_loss: 1.1374  val_accuracy: 64.08%
  Epoch [74/500]  loss: 1.0081  accuracy: 63.36%  val_loss: 1.1495  val_accuracy: 64.79%
  Epoch [75/500]  loss: 0.9833  accuracy: 63.01%  val_loss: 1.1334  val_accuracy: 64.08%
  Epoch [76/500]  loss: 0.9818  accuracy: 64.49%  val_loss: 1.1627  val_accuracy: 61.97%
  Epoch [77/500]  loss: 0.9653  accuracy: 65.01%  val_loss: 1.1078  val_accuracy: 64.44%
  Epoch [78/500]  loss: 0.9766  accuracy: 63.88%  val_loss: 1.1243  val_accuracy: 64.44%
  Epoch [79/500]  loss: 0.9861  accuracy: 64.32%  val_loss: 1.1524  val_accuracy: 63.03%
  Epoch [80/500]  loss: 0.9638  accuracy: 64.93%  val_loss: 1.1588  val_accuracy: 64.08%
  Epoch [81/500]  loss: 0.9630  accuracy: 64.84%  val_loss: 1.1377  val_accuracy: 64.44%
  Epoch [82/500]  loss: 0.9802  accuracy: 64.49%  val_loss: 1.1343  val_accuracy: 62.32%
  Epoch [83/500]  loss: 0.9663  accuracy: 64.66%  val_loss: 1.1318  val_accuracy: 63.73%
  Epoch [84/500]  loss: 0.9767  accuracy: 64.40%  val_loss: 1.1589  val_accuracy: 60.92%
  Epoch [85/500]  loss: 0.9780  accuracy: 64.58%  val_loss: 1.1428  val_accuracy: 63.38%
  Epoch [86/500]  loss: 0.9789  accuracy: 64.49%  val_loss: 1.1157  val_accuracy: 63.38%
  Epoch [87/500]  loss: 0.9596  accuracy: 65.10%  val_loss: 1.1319  val_accuracy: 64.08%
  Epoch [88/500]  loss: 0.9509  accuracy: 65.62%  val_loss: 1.1300  val_accuracy: 64.79%
  Early stopping triggered after 88 epochs (no improvement for 30 epochs).

  Fold 5 result: val_loss: 1.1021  val_accuracy: 66.20%

======================================================================
Cross-Validation Summary
======================================================================
    Fold      Val Loss      Val Accuracy
  ----------------------------------------
       1        1.1096            62.98%
       2        1.0834            65.85%
       3        1.0589            66.90%
       4        1.1552            62.59%
       5        1.1021            66.20%
  ----------------------------------------
    Mean        1.1018 ± 0.0357        64.90% ± 1.98%
======================================================================

Training final model on the full train+val pool...
----------------------------------------------------------------------
  Epoch [1/500]  loss: 2.0204  accuracy: 26.24%
  Epoch [2/500]  loss: 1.6110  accuracy: 34.40%
  Epoch [3/500]  loss: 1.4871  accuracy: 39.57%
  Epoch [4/500]  loss: 1.4260  accuracy: 42.01%
  Epoch [5/500]  loss: 1.4097  accuracy: 43.75%
  Epoch [6/500]  loss: 1.3641  accuracy: 46.27%
  Epoch [7/500]  loss: 1.3444  accuracy: 46.34%
  Epoch [8/500]  loss: 1.3268  accuracy: 50.52%
  Epoch [9/500]  loss: 1.3110  accuracy: 49.83%
  Epoch [10/500]  loss: 1.2613  accuracy: 51.43%
  Epoch [11/500]  loss: 1.2657  accuracy: 52.41%
  Epoch [12/500]  loss: 1.2308  accuracy: 54.36%
  Epoch [13/500]  loss: 1.2694  accuracy: 51.15%
  Epoch [14/500]  loss: 1.2046  accuracy: 55.76%
  Epoch [15/500]  loss: 1.2171  accuracy: 54.57%
  Epoch [16/500]  loss: 1.2286  accuracy: 53.04%
  Epoch [17/500]  loss: 1.2073  accuracy: 54.36%
  Epoch [18/500]  loss: 1.1866  accuracy: 56.80%
  Epoch [19/500]  loss: 1.1823  accuracy: 56.52%
  Epoch [20/500]  loss: 1.1629  accuracy: 57.08%
  Epoch [21/500]  loss: 1.1588  accuracy: 56.94%
  Epoch [22/500]  loss: 1.1491  accuracy: 57.57%
  Epoch [23/500]  loss: 1.1419  accuracy: 58.20%
  Epoch [24/500]  loss: 1.1670  accuracy: 57.01%
  Epoch [25/500]  loss: 1.1446  accuracy: 59.04%
  Epoch [26/500]  loss: 1.1401  accuracy: 57.29%
  Epoch [27/500]  loss: 1.1198  accuracy: 59.11%
  Epoch [28/500]  loss: 1.1303  accuracy: 58.06%
  Epoch [29/500]  loss: 1.1066  accuracy: 58.83%
  Epoch [30/500]  loss: 1.1267  accuracy: 58.06%
  Epoch [31/500]  loss: 1.1117  accuracy: 59.18%
  Epoch [32/500]  loss: 1.1270  accuracy: 57.36%
  Epoch [33/500]  loss: 1.1136  accuracy: 59.18%
  Epoch [34/500]  loss: 1.0842  accuracy: 58.83%
  Epoch [35/500]  loss: 1.1020  accuracy: 59.67%
  Epoch [36/500]  loss: 1.0895  accuracy: 59.18%
  Epoch [37/500]  loss: 1.0725  accuracy: 61.13%
  Epoch [38/500]  loss: 1.0621  accuracy: 59.32%
  Epoch [39/500]  loss: 1.0760  accuracy: 59.94%
  Epoch [40/500]  loss: 1.0495  accuracy: 63.71%
  Epoch [41/500]  loss: 1.0590  accuracy: 61.41%
  Epoch [42/500]  loss: 1.0563  accuracy: 60.01%
  Epoch [43/500]  loss: 1.0594  accuracy: 61.62%
  Epoch [44/500]  loss: 1.0719  accuracy: 60.57%
  Epoch [45/500]  loss: 1.0515  accuracy: 61.83%
  Epoch [46/500]  loss: 1.0686  accuracy: 61.13%
  Epoch [47/500]  loss: 1.0647  accuracy: 60.08%
  Epoch [48/500]  loss: 1.0550  accuracy: 60.64%
  Epoch [49/500]  loss: 1.0205  accuracy: 62.04%
  Epoch [50/500]  loss: 1.0306  accuracy: 60.57%
  Epoch [51/500]  loss: 1.0138  accuracy: 62.04%
  Epoch [52/500]  loss: 1.0178  accuracy: 63.43%
  Epoch [53/500]  loss: 1.0228  accuracy: 61.90%
  Epoch [54/500]  loss: 1.0047  accuracy: 63.64%
  Epoch [55/500]  loss: 1.0122  accuracy: 61.83%
  Epoch [56/500]  loss: 0.9836  accuracy: 65.04%
  Epoch [57/500]  loss: 1.0086  accuracy: 62.60%
  Epoch [58/500]  loss: 1.0119  accuracy: 62.25%
  Epoch [59/500]  loss: 0.9931  accuracy: 63.22%
  Epoch [60/500]  loss: 0.9978  accuracy: 64.13%
  Epoch [61/500]  loss: 0.9867  accuracy: 64.13%
  Epoch [62/500]  loss: 0.9785  accuracy: 63.08%
  Epoch [63/500]  loss: 0.9890  accuracy: 64.41%
  Epoch [64/500]  loss: 0.9892  accuracy: 63.78%
  Epoch [65/500]  loss: 0.9912  accuracy: 62.60%
  Epoch [66/500]  loss: 0.9798  accuracy: 63.15%
  Epoch [67/500]  loss: 0.9756  accuracy: 63.57%
  Epoch [68/500]  loss: 0.9729  accuracy: 64.34%
  Epoch [69/500]  loss: 0.9563  accuracy: 64.97%
  Epoch [70/500]  loss: 0.9796  accuracy: 63.85%
  Epoch [71/500]  loss: 0.9643  accuracy: 64.20%
  Epoch [72/500]  loss: 0.9485  accuracy: 66.02%
  Epoch [73/500]  loss: 0.9603  accuracy: 65.32%
  Epoch [74/500]  loss: 0.9726  accuracy: 64.20%
  Epoch [75/500]  loss: 0.9600  accuracy: 63.57%
  Epoch [76/500]  loss: 0.9674  accuracy: 64.83%
  Epoch [77/500]  loss: 0.9680  accuracy: 63.71%
  Epoch [78/500]  loss: 0.9783  accuracy: 65.04%
  Epoch [79/500]  loss: 0.9769  accuracy: 64.13%
  Epoch [80/500]  loss: 0.9618  accuracy: 63.15%
  Epoch [81/500]  loss: 0.9593  accuracy: 64.27%
  Epoch [82/500]  loss: 0.9612  accuracy: 64.97%
  Epoch [83/500]  loss: 0.9443  accuracy: 65.18%
  Epoch [84/500]  loss: 0.9285  accuracy: 66.02%
  Epoch [85/500]  loss: 0.9586  accuracy: 64.27%
  Epoch [86/500]  loss: 0.9520  accuracy: 64.97%
  Epoch [87/500]  loss: 0.9476  accuracy: 65.25%
  Epoch [88/500]  loss: 0.9258  accuracy: 65.81%
  Epoch [89/500]  loss: 0.9317  accuracy: 65.18%
  Epoch [90/500]  loss: 0.9381  accuracy: 65.25%
  Epoch [91/500]  loss: 0.9331  accuracy: 65.95%
  Epoch [92/500]  loss: 0.9359  accuracy: 66.02%
  Epoch [93/500]  loss: 0.9403  accuracy: 65.95%
  Epoch [94/500]  loss: 0.9218  accuracy: 65.60%
  Epoch [95/500]  loss: 0.9344  accuracy: 65.53%
  Epoch [96/500]  loss: 0.9617  accuracy: 65.25%
  Epoch [97/500]  loss: 0.9211  accuracy: 66.50%
  Epoch [98/500]  loss: 0.9352  accuracy: 64.97%
  Epoch [99/500]  loss: 0.9276  accuracy: 65.95%
  Epoch [100/500]  loss: 0.9345  accuracy: 64.90%
  Epoch [101/500]  loss: 0.9207  accuracy: 67.62%
  Epoch [102/500]  loss: 0.9141  accuracy: 66.64%
  Epoch [103/500]  loss: 0.9026  accuracy: 67.20%
  Epoch [104/500]  loss: 0.8877  accuracy: 68.74%
  Epoch [105/500]  loss: 0.8931  accuracy: 67.62%
  Epoch [106/500]  loss: 0.9083  accuracy: 67.48%
  Epoch [107/500]  loss: 0.8990  accuracy: 66.92%
  Epoch [108/500]  loss: 0.8997  accuracy: 67.41%
  Epoch [109/500]  loss: 0.8921  accuracy: 67.97%
  Epoch [110/500]  loss: 0.8877  accuracy: 67.76%
  Epoch [111/500]  loss: 0.9006  accuracy: 67.55%
  Epoch [112/500]  loss: 0.8938  accuracy: 67.83%
  Epoch [113/500]  loss: 0.8857  accuracy: 67.90%
  Epoch [114/500]  loss: 0.9166  accuracy: 66.02%
  Epoch [115/500]  loss: 0.9047  accuracy: 68.18%
  Epoch [116/500]  loss: 0.8947  accuracy: 66.92%
  Epoch [117/500]  loss: 0.8981  accuracy: 66.57%
  Epoch [118/500]  loss: 0.8839  accuracy: 67.76%
  Epoch [119/500]  loss: 0.8876  accuracy: 68.11%
  Epoch [120/500]  loss: 0.8983  accuracy: 66.36%
  Epoch [121/500]  loss: 0.8757  accuracy: 69.92%
  Epoch [122/500]  loss: 0.8967  accuracy: 68.04%
  Epoch [123/500]  loss: 0.8780  accuracy: 68.81%
  Epoch [124/500]  loss: 0.9009  accuracy: 66.85%
  Epoch [125/500]  loss: 0.8720  accuracy: 68.95%
  Epoch [126/500]  loss: 0.8746  accuracy: 67.97%
  Epoch [127/500]  loss: 0.8751  accuracy: 67.97%
  Epoch [128/500]  loss: 0.8798  accuracy: 67.27%
  Epoch [129/500]  loss: 0.8727  accuracy: 69.23%
  Epoch [130/500]  loss: 0.8803  accuracy: 68.32%
  Epoch [131/500]  loss: 0.8682  accuracy: 69.09%
  Epoch [132/500]  loss: 0.8675  accuracy: 68.81%
  Epoch [133/500]  loss: 0.8710  accuracy: 68.95%
  Epoch [134/500]  loss: 0.8679  accuracy: 68.04%
  Epoch [135/500]  loss: 0.8449  accuracy: 70.83%
  Epoch [136/500]  loss: 0.8568  accuracy: 69.36%
  Epoch [137/500]  loss: 0.8625  accuracy: 68.88%
  Epoch [138/500]  loss: 0.8627  accuracy: 68.88%
  Epoch [139/500]  loss: 0.8692  accuracy: 68.81%
  Epoch [140/500]  loss: 0.8700  accuracy: 69.99%
  Epoch [141/500]  loss: 0.8612  accuracy: 69.78%
  Epoch [142/500]  loss: 0.8789  accuracy: 68.46%
  Epoch [143/500]  loss: 0.8765  accuracy: 68.25%
  Epoch [144/500]  loss: 0.8588  accuracy: 69.92%
  Epoch [145/500]  loss: 0.8448  accuracy: 70.27%
  Epoch [146/500]  loss: 0.8565  accuracy: 69.78%
  Epoch [147/500]  loss: 0.8504  accuracy: 69.92%
  Epoch [148/500]  loss: 0.8597  accuracy: 69.09%
  Epoch [149/500]  loss: 0.8507  accuracy: 69.02%
  Epoch [150/500]  loss: 0.8464  accuracy: 69.57%
  Epoch [151/500]  loss: 0.8466  accuracy: 70.69%
  Epoch [152/500]  loss: 0.8474  accuracy: 70.20%
  Epoch [153/500]  loss: 0.8436  accuracy: 69.50%
  Epoch [154/500]  loss: 0.8372  accuracy: 70.27%
  Epoch [155/500]  loss: 0.8581  accuracy: 68.88%
  Epoch [156/500]  loss: 0.8262  accuracy: 70.97%
  Epoch [157/500]  loss: 0.8300  accuracy: 71.39%
  Epoch [158/500]  loss: 0.8432  accuracy: 70.06%
  Epoch [159/500]  loss: 0.8308  accuracy: 70.34%
  Epoch [160/500]  loss: 0.8324  accuracy: 70.69%
  Epoch [161/500]  loss: 0.8414  accuracy: 69.71%
  Epoch [162/500]  loss: 0.8351  accuracy: 71.32%
  Epoch [163/500]  loss: 0.8436  accuracy: 71.25%
  Epoch [164/500]  loss: 0.8365  accuracy: 71.11%
  Epoch [165/500]  loss: 0.8478  accuracy: 69.64%
  Epoch [166/500]  loss: 0.8251  accuracy: 71.46%
  Epoch [167/500]  loss: 0.8203  accuracy: 72.02%
  Epoch [168/500]  loss: 0.8215  accuracy: 70.83%
  Epoch [169/500]  loss: 0.8411  accuracy: 70.48%
  Epoch [170/500]  loss: 0.8286  accuracy: 70.90%
  Epoch [171/500]  loss: 0.8216  accuracy: 71.74%
  Epoch [172/500]  loss: 0.8315  accuracy: 70.76%
  Epoch [173/500]  loss: 0.8201  accuracy: 71.04%
  Epoch [174/500]  loss: 0.8182  accuracy: 71.39%
  Epoch [175/500]  loss: 0.8268  accuracy: 70.83%
  Epoch [176/500]  loss: 0.8281  accuracy: 71.53%
  Epoch [177/500]  loss: 0.8009  accuracy: 72.64%
  Epoch [178/500]  loss: 0.8374  accuracy: 70.76%
  Epoch [179/500]  loss: 0.8113  accuracy: 72.92%
  Epoch [180/500]  loss: 0.8151  accuracy: 72.44%
  Epoch [181/500]  loss: 0.8578  accuracy: 70.76%
  Epoch [182/500]  loss: 0.8129  accuracy: 70.90%
  Epoch [183/500]  loss: 0.8082  accuracy: 72.85%
  Epoch [184/500]  loss: 0.8164  accuracy: 72.16%
  Epoch [185/500]  loss: 0.8002  accuracy: 73.20%
  Epoch [186/500]  loss: 0.7984  accuracy: 72.58%
  Epoch [187/500]  loss: 0.8009  accuracy: 72.71%
  Epoch [188/500]  loss: 0.8212  accuracy: 71.39%
  Epoch [189/500]  loss: 0.8116  accuracy: 72.78%
  Epoch [190/500]  loss: 0.8116  accuracy: 72.23%
  Epoch [191/500]  loss: 0.7944  accuracy: 72.78%
  Epoch [192/500]  loss: 0.7968  accuracy: 73.41%
  Epoch [193/500]  loss: 0.8210  accuracy: 71.88%
  Epoch [194/500]  loss: 0.8001  accuracy: 72.85%
  Epoch [195/500]  loss: 0.8000  accuracy: 72.78%
  Epoch [196/500]  loss: 0.7985  accuracy: 72.23%
  Epoch [197/500]  loss: 0.8154  accuracy: 72.92%
  Epoch [198/500]  loss: 0.8016  accuracy: 72.78%
  Epoch [199/500]  loss: 0.8141  accuracy: 71.67%
  Epoch [200/500]  loss: 0.8077  accuracy: 72.09%
  Epoch [201/500]  loss: 0.7922  accuracy: 72.78%
  Epoch [202/500]  loss: 0.8078  accuracy: 72.85%
  Epoch [203/500]  loss: 0.8127  accuracy: 72.92%
  Epoch [204/500]  loss: 0.7855  accuracy: 74.60%
  Epoch [205/500]  loss: 0.7936  accuracy: 72.92%
  Epoch [206/500]  loss: 0.7916  accuracy: 73.06%
  Epoch [207/500]  loss: 0.7816  accuracy: 72.99%
  Epoch [208/500]  loss: 0.7982  accuracy: 72.85%
  Epoch [209/500]  loss: 0.7880  accuracy: 73.76%
  Epoch [210/500]  loss: 0.7872  accuracy: 73.48%
  Epoch [211/500]  loss: 0.7909  accuracy: 72.30%
  Epoch [212/500]  loss: 0.7983  accuracy: 72.99%
  Epoch [213/500]  loss: 0.7901  accuracy: 73.48%
  Epoch [214/500]  loss: 0.7848  accuracy: 73.34%
  Epoch [215/500]  loss: 0.7839  accuracy: 74.53%
  Epoch [216/500]  loss: 0.7726  accuracy: 75.02%
  Epoch [217/500]  loss: 0.7754  accuracy: 73.90%
  Epoch [218/500]  loss: 0.7721  accuracy: 74.74%
  Epoch [219/500]  loss: 0.7784  accuracy: 75.23%
  Epoch [220/500]  loss: 0.7812  accuracy: 73.34%
  Epoch [221/500]  loss: 0.7701  accuracy: 74.53%
  Epoch [222/500]  loss: 0.7641  accuracy: 75.09%
  Epoch [223/500]  loss: 0.7730  accuracy: 75.16%
  Epoch [224/500]  loss: 0.7925  accuracy: 74.39%
  Epoch [225/500]  loss: 0.7632  accuracy: 75.65%
  Epoch [226/500]  loss: 0.7731  accuracy: 74.39%
  Epoch [227/500]  loss: 0.7759  accuracy: 74.88%
  Epoch [228/500]  loss: 0.7749  accuracy: 75.37%
  Epoch [229/500]  loss: 0.7798  accuracy: 74.81%
  Epoch [230/500]  loss: 0.7777  accuracy: 74.53%
  Epoch [231/500]  loss: 0.7755  accuracy: 74.11%
  Epoch [232/500]  loss: 0.7695  accuracy: 75.30%
  Epoch [233/500]  loss: 0.7776  accuracy: 74.60%
  Epoch [234/500]  loss: 0.7756  accuracy: 75.37%
  Epoch [235/500]  loss: 0.7658  accuracy: 75.85%
  Epoch [236/500]  loss: 0.7698  accuracy: 73.83%
  Epoch [237/500]  loss: 0.7775  accuracy: 74.39%
  Epoch [238/500]  loss: 0.7848  accuracy: 74.11%
  Epoch [239/500]  loss: 0.7707  accuracy: 75.02%
  Epoch [240/500]  loss: 0.7760  accuracy: 74.11%
  Epoch [241/500]  loss: 0.7689  accuracy: 74.88%
  Epoch [242/500]  loss: 0.7764  accuracy: 75.92%
  Epoch [243/500]  loss: 0.7598  accuracy: 75.72%
  Epoch [244/500]  loss: 0.7470  accuracy: 75.92%
  Epoch [245/500]  loss: 0.7612  accuracy: 75.51%
  Epoch [246/500]  loss: 0.7739  accuracy: 75.30%
  Epoch [247/500]  loss: 0.7598  accuracy: 75.44%
  Epoch [248/500]  loss: 0.7393  accuracy: 77.32%
  Epoch [249/500]  loss: 0.7628  accuracy: 76.13%
  Epoch [250/500]  loss: 0.7601  accuracy: 74.95%
  Epoch [251/500]  loss: 0.7607  accuracy: 76.41%
  Epoch [252/500]  loss: 0.7880  accuracy: 74.46%
  Epoch [253/500]  loss: 0.7440  accuracy: 76.20%
  Epoch [254/500]  loss: 0.7457  accuracy: 75.85%
  Epoch [255/500]  loss: 0.7778  accuracy: 75.16%
  Epoch [256/500]  loss: 0.7726  accuracy: 74.04%
  Epoch [257/500]  loss: 0.7362  accuracy: 77.04%
  Epoch [258/500]  loss: 0.7369  accuracy: 77.18%
  Epoch [259/500]  loss: 0.7618  accuracy: 75.92%
  Epoch [260/500]  loss: 0.7349  accuracy: 77.18%
  Epoch [261/500]  loss: 0.7451  accuracy: 77.74%
  Epoch [262/500]  loss: 0.7427  accuracy: 77.39%
  Epoch [263/500]  loss: 0.7432  accuracy: 77.25%
  Epoch [264/500]  loss: 0.7473  accuracy: 76.83%
  Epoch [265/500]  loss: 0.7266  accuracy: 78.37%
  Epoch [266/500]  loss: 0.7580  accuracy: 75.85%
  Epoch [267/500]  loss: 0.7437  accuracy: 76.62%
  Epoch [268/500]  loss: 0.7498  accuracy: 77.60%
  Epoch [269/500]  loss: 0.7439  accuracy: 76.90%
  Epoch [270/500]  loss: 0.7396  accuracy: 78.86%
  Epoch [271/500]  loss: 0.7389  accuracy: 77.32%
  Epoch [272/500]  loss: 0.7343  accuracy: 77.95%
  Epoch [273/500]  loss: 0.7310  accuracy: 77.04%
  Epoch [274/500]  loss: 0.7312  accuracy: 78.51%
  Epoch [275/500]  loss: 0.7365  accuracy: 77.32%
  Epoch [276/500]  loss: 0.7293  accuracy: 77.81%
  Epoch [277/500]  loss: 0.7332  accuracy: 77.04%
  Epoch [278/500]  loss: 0.7259  accuracy: 78.86%
  Epoch [279/500]  loss: 0.7353  accuracy: 77.11%
  Epoch [280/500]  loss: 0.7551  accuracy: 76.20%
  Epoch [281/500]  loss: 0.7202  accuracy: 78.72%
  Epoch [282/500]  loss: 0.7363  accuracy: 77.18%
  Epoch [283/500]  loss: 0.7420  accuracy: 77.74%
  Epoch [284/500]  loss: 0.7268  accuracy: 78.23%
  Epoch [285/500]  loss: 0.7312  accuracy: 77.60%
  Epoch [286/500]  loss: 0.7146  accuracy: 78.93%
  Epoch [287/500]  loss: 0.7231  accuracy: 78.23%
  Epoch [288/500]  loss: 0.7564  accuracy: 76.41%
  Epoch [289/500]  loss: 0.7413  accuracy: 78.23%
  Epoch [290/500]  loss: 0.7096  accuracy: 79.20%
  Epoch [291/500]  loss: 0.7200  accuracy: 78.65%
  Epoch [292/500]  loss: 0.7461  accuracy: 77.04%
  Epoch [293/500]  loss: 0.7085  accuracy: 78.79%
  Epoch [294/500]  loss: 0.7225  accuracy: 78.79%
  Epoch [295/500]  loss: 0.7308  accuracy: 78.16%
  Epoch [296/500]  loss: 0.7520  accuracy: 77.25%
  Epoch [297/500]  loss: 0.7268  accuracy: 78.79%
  Epoch [298/500]  loss: 0.7111  accuracy: 78.51%
  Epoch [299/500]  loss: 0.7049  accuracy: 80.04%
  Epoch [300/500]  loss: 0.7166  accuracy: 79.41%
  Epoch [301/500]  loss: 0.7093  accuracy: 80.46%
  Epoch [302/500]  loss: 0.7170  accuracy: 78.58%
  Epoch [303/500]  loss: 0.7292  accuracy: 78.37%
  Epoch [304/500]  loss: 0.7194  accuracy: 78.51%
  Epoch [305/500]  loss: 0.7487  accuracy: 77.11%
  Epoch [306/500]  loss: 0.7065  accuracy: 79.48%
  Epoch [307/500]  loss: 0.7152  accuracy: 79.97%
  Epoch [308/500]  loss: 0.7206  accuracy: 78.58%
  Epoch [309/500]  loss: 0.7104  accuracy: 79.34%
  Epoch [310/500]  loss: 0.7130  accuracy: 79.83%
  Epoch [311/500]  loss: 0.7164  accuracy: 79.41%
  Epoch [312/500]  loss: 0.7112  accuracy: 80.11%
  Epoch [313/500]  loss: 0.6983  accuracy: 80.81%
  Epoch [314/500]  loss: 0.7143  accuracy: 80.67%
  Epoch [315/500]  loss: 0.7163  accuracy: 79.55%
  Epoch [316/500]  loss: 0.7169  accuracy: 79.76%
  Epoch [317/500]  loss: 0.7111  accuracy: 79.48%
  Epoch [318/500]  loss: 0.7121  accuracy: 79.55%
  Epoch [319/500]  loss: 0.6989  accuracy: 81.02%
  Epoch [320/500]  loss: 0.6942  accuracy: 80.39%
  Epoch [321/500]  loss: 0.7059  accuracy: 79.97%
  Epoch [322/500]  loss: 0.7291  accuracy: 78.30%
  Epoch [323/500]  loss: 0.7107  accuracy: 80.04%
  Epoch [324/500]  loss: 0.7045  accuracy: 79.83%
  Epoch [325/500]  loss: 0.7181  accuracy: 78.09%
  Epoch [326/500]  loss: 0.7007  accuracy: 80.18%
  Epoch [327/500]  loss: 0.6986  accuracy: 80.88%
  Epoch [328/500]  loss: 0.6913  accuracy: 81.93%
  Epoch [329/500]  loss: 0.6971  accuracy: 80.74%
  Epoch [330/500]  loss: 0.7105  accuracy: 80.60%
  Epoch [331/500]  loss: 0.6880  accuracy: 81.93%
  Epoch [332/500]  loss: 0.6906  accuracy: 80.74%
  Epoch [333/500]  loss: 0.6948  accuracy: 80.32%
  Epoch [334/500]  loss: 0.7007  accuracy: 81.37%
  Epoch [335/500]  loss: 0.7053  accuracy: 79.69%
  Epoch [336/500]  loss: 0.6989  accuracy: 79.62%
  Epoch [337/500]  loss: 0.6975  accuracy: 80.74%
  Epoch [338/500]  loss: 0.7154  accuracy: 80.53%
  Epoch [339/500]  loss: 0.6867  accuracy: 80.67%
  Epoch [340/500]  loss: 0.6903  accuracy: 81.65%
  Epoch [341/500]  loss: 0.6900  accuracy: 80.46%
  Epoch [342/500]  loss: 0.6844  accuracy: 80.53%
  Epoch [343/500]  loss: 0.6877  accuracy: 81.86%
  Epoch [344/500]  loss: 0.7085  accuracy: 79.27%
  Epoch [345/500]  loss: 0.6935  accuracy: 80.74%
  Epoch [346/500]  loss: 0.6878  accuracy: 80.88%
  Epoch [347/500]  loss: 0.7022  accuracy: 80.25%
  Epoch [348/500]  loss: 0.6946  accuracy: 80.60%
  Epoch [349/500]  loss: 0.6900  accuracy: 82.14%
  Epoch [350/500]  loss: 0.6921  accuracy: 80.46%
  Epoch [351/500]  loss: 0.6805  accuracy: 82.62%
  Epoch [352/500]  loss: 0.6907  accuracy: 82.00%
  Epoch [353/500]  loss: 0.6687  accuracy: 82.55%
  Epoch [354/500]  loss: 0.6817  accuracy: 81.93%
  Epoch [355/500]  loss: 0.6768  accuracy: 82.27%
  Epoch [356/500]  loss: 0.7040  accuracy: 82.07%
  Epoch [357/500]  loss: 0.6826  accuracy: 81.37%
  Epoch [358/500]  loss: 0.6956  accuracy: 81.51%
  Epoch [359/500]  loss: 0.7045  accuracy: 80.74%
  Epoch [360/500]  loss: 0.6856  accuracy: 80.53%
  Epoch [361/500]  loss: 0.6685  accuracy: 82.07%
  Epoch [362/500]  loss: 0.6820  accuracy: 81.51%
  Epoch [363/500]  loss: 0.6879  accuracy: 82.69%
  Epoch [364/500]  loss: 0.6944  accuracy: 81.16%
  Epoch [365/500]  loss: 0.6754  accuracy: 82.07%
  Epoch [366/500]  loss: 0.6920  accuracy: 81.72%
  Epoch [367/500]  loss: 0.6832  accuracy: 82.83%
  Epoch [368/500]  loss: 0.6906  accuracy: 82.00%
  Epoch [369/500]  loss: 0.6762  accuracy: 83.53%
  Epoch [370/500]  loss: 0.6794  accuracy: 83.04%
  Epoch [371/500]  loss: 0.6829  accuracy: 83.11%
  Epoch [372/500]  loss: 0.6688  accuracy: 83.60%
  Epoch [373/500]  loss: 0.6761  accuracy: 82.48%
  Epoch [374/500]  loss: 0.6831  accuracy: 83.46%
  Epoch [375/500]  loss: 0.6601  accuracy: 83.53%
  Epoch [376/500]  loss: 0.6775  accuracy: 82.27%
  Epoch [377/500]  loss: 0.6792  accuracy: 81.79%
  Epoch [378/500]  loss: 0.6749  accuracy: 82.83%
  Epoch [379/500]  loss: 0.6688  accuracy: 84.30%
  Epoch [380/500]  loss: 0.6647  accuracy: 83.60%
  Epoch [381/500]  loss: 0.6669  accuracy: 82.76%
  Epoch [382/500]  loss: 0.6789  accuracy: 82.62%
  Epoch [383/500]  loss: 0.6789  accuracy: 83.25%
  Epoch [384/500]  loss: 0.6699  accuracy: 83.04%
  Epoch [385/500]  loss: 0.6747  accuracy: 82.62%
  Epoch [386/500]  loss: 0.6706  accuracy: 82.76%
  Epoch [387/500]  loss: 0.6592  accuracy: 83.88%
  Epoch [388/500]  loss: 0.6626  accuracy: 83.81%
  Epoch [389/500]  loss: 0.6742  accuracy: 83.18%
  Epoch [390/500]  loss: 0.6750  accuracy: 83.32%
  Epoch [391/500]  loss: 0.6597  accuracy: 84.16%
  Epoch [392/500]  loss: 0.6637  accuracy: 83.18%
  Epoch [393/500]  loss: 0.6492  accuracy: 83.88%
  Epoch [394/500]  loss: 0.6625  accuracy: 82.90%
  Epoch [395/500]  loss: 0.6606  accuracy: 83.25%
  Epoch [396/500]  loss: 0.6602  accuracy: 83.88%
  Epoch [397/500]  loss: 0.6706  accuracy: 83.04%
  Epoch [398/500]  loss: 0.6448  accuracy: 85.48%
  Epoch [399/500]  loss: 0.6665  accuracy: 84.23%
  Epoch [400/500]  loss: 0.6747  accuracy: 83.53%
  Epoch [401/500]  loss: 0.6619  accuracy: 83.25%
  Epoch [402/500]  loss: 0.6567  accuracy: 84.30%
  Epoch [403/500]  loss: 0.6608  accuracy: 83.67%
  Epoch [404/500]  loss: 0.6454  accuracy: 85.07%
  Epoch [405/500]  loss: 0.6581  accuracy: 84.58%
  Epoch [406/500]  loss: 0.6626  accuracy: 84.02%
  Epoch [407/500]  loss: 0.6601  accuracy: 83.60%
  Epoch [408/500]  loss: 0.6587  accuracy: 83.39%
  Epoch [409/500]  loss: 0.6537  accuracy: 84.79%
  Epoch [410/500]  loss: 0.6508  accuracy: 84.37%
  Epoch [411/500]  loss: 0.6533  accuracy: 84.93%
  Epoch [412/500]  loss: 0.6465  accuracy: 84.93%
  Epoch [413/500]  loss: 0.6474  accuracy: 85.35%
  Epoch [414/500]  loss: 0.6561  accuracy: 84.23%
  Epoch [415/500]  loss: 0.6358  accuracy: 85.21%
  Epoch [416/500]  loss: 0.6540  accuracy: 84.65%
  Epoch [417/500]  loss: 0.6541  accuracy: 85.07%
  Epoch [418/500]  loss: 0.6720  accuracy: 85.42%
  Epoch [419/500]  loss: 0.6652  accuracy: 83.32%
  Epoch [420/500]  loss: 0.6695  accuracy: 83.95%
  Epoch [421/500]  loss: 0.6350  accuracy: 85.97%
  Epoch [422/500]  loss: 0.6386  accuracy: 85.48%
  Epoch [423/500]  loss: 0.6611  accuracy: 83.39%
  Epoch [424/500]  loss: 0.6548  accuracy: 84.30%
  Epoch [425/500]  loss: 0.6380  accuracy: 86.32%
  Epoch [426/500]  loss: 0.6540  accuracy: 85.48%
  Epoch [427/500]  loss: 0.6516  accuracy: 85.48%
  Epoch [428/500]  loss: 0.6407  accuracy: 86.25%
  Epoch [429/500]  loss: 0.6444  accuracy: 85.90%
  Epoch [430/500]  loss: 0.6274  accuracy: 87.09%
  Epoch [431/500]  loss: 0.6551  accuracy: 85.21%
  Epoch [432/500]  loss: 0.6522  accuracy: 84.86%
  Epoch [433/500]  loss: 0.6435  accuracy: 84.44%
  Epoch [434/500]  loss: 0.6431  accuracy: 85.14%
  Epoch [435/500]  loss: 0.6435  accuracy: 86.39%
  Epoch [436/500]  loss: 0.6469  accuracy: 84.72%
  Epoch [437/500]  loss: 0.6375  accuracy: 87.16%
  Epoch [438/500]  loss: 0.6326  accuracy: 85.76%
  Epoch [439/500]  loss: 0.6194  accuracy: 86.53%
  Epoch [440/500]  loss: 0.6350  accuracy: 86.18%
  Epoch [441/500]  loss: 0.6490  accuracy: 86.11%
  Epoch [442/500]  loss: 0.6416  accuracy: 85.35%
  Epoch [443/500]  loss: 0.6542  accuracy: 84.86%
  Epoch [444/500]  loss: 0.6377  accuracy: 86.46%
  Epoch [445/500]  loss: 0.6316  accuracy: 87.30%
  Epoch [446/500]  loss: 0.6391  accuracy: 86.04%
  Epoch [447/500]  loss: 0.6383  accuracy: 86.74%
  Epoch [448/500]  loss: 0.6419  accuracy: 86.04%
  Epoch [449/500]  loss: 0.6421  accuracy: 84.86%
  Epoch [450/500]  loss: 0.6336  accuracy: 85.28%
  Epoch [451/500]  loss: 0.6228  accuracy: 86.88%
  Epoch [452/500]  loss: 0.6420  accuracy: 85.62%
  Epoch [453/500]  loss: 0.6307  accuracy: 86.11%
  Epoch [454/500]  loss: 0.6240  accuracy: 87.16%
  Epoch [455/500]  loss: 0.6302  accuracy: 87.79%
  Epoch [456/500]  loss: 0.6310  accuracy: 86.81%
  Epoch [457/500]  loss: 0.6242  accuracy: 86.88%
  Epoch [458/500]  loss: 0.6222  accuracy: 87.51%
  Epoch [459/500]  loss: 0.6334  accuracy: 87.09%
  Epoch [460/500]  loss: 0.6257  accuracy: 87.09%
  Epoch [461/500]  loss: 0.6186  accuracy: 87.65%
  Epoch [462/500]  loss: 0.6304  accuracy: 87.02%
  Epoch [463/500]  loss: 0.6390  accuracy: 86.18%
  Epoch [464/500]  loss: 0.6507  accuracy: 86.46%
  Epoch [465/500]  loss: 0.6277  accuracy: 86.53%
  Epoch [466/500]  loss: 0.6321  accuracy: 86.32%
  Epoch [467/500]  loss: 0.6201  accuracy: 87.37%
  Epoch [468/500]  loss: 0.6330  accuracy: 87.58%
  Epoch [469/500]  loss: 0.6306  accuracy: 87.65%
  Epoch [470/500]  loss: 0.6233  accuracy: 87.58%
  Epoch [471/500]  loss: 0.6415  accuracy: 86.32%
  Epoch [472/500]  loss: 0.6325  accuracy: 86.53%
  Epoch [473/500]  loss: 0.6238  accuracy: 87.02%
  Epoch [474/500]  loss: 0.6440  accuracy: 85.76%
  Epoch [475/500]  loss: 0.6431  accuracy: 86.18%
  Epoch [476/500]  loss: 0.6373  accuracy: 87.09%
  Epoch [477/500]  loss: 0.6278  accuracy: 86.11%
  Epoch [478/500]  loss: 0.6300  accuracy: 86.81%
  Epoch [479/500]  loss: 0.6207  accuracy: 87.44%
  Epoch [480/500]  loss: 0.6202  accuracy: 86.81%
  Epoch [481/500]  loss: 0.6186  accuracy: 87.16%
  Epoch [482/500]  loss: 0.6336  accuracy: 86.95%
  Epoch [483/500]  loss: 0.5964  accuracy: 88.76%
  Epoch [484/500]  loss: 0.6229  accuracy: 86.95%
  Epoch [485/500]  loss: 0.6284  accuracy: 86.81%
  Epoch [486/500]  loss: 0.6170  accuracy: 86.46%
  Epoch [487/500]  loss: 0.6308  accuracy: 87.44%
  Epoch [488/500]  loss: 0.6286  accuracy: 86.88%
  Epoch [489/500]  loss: 0.6050  accuracy: 88.28%
  Epoch [490/500]  loss: 0.6095  accuracy: 88.56%
  Epoch [491/500]  loss: 0.6266  accuracy: 87.79%
  Epoch [492/500]  loss: 0.6275  accuracy: 87.02%
  Epoch [493/500]  loss: 0.6312  accuracy: 86.60%
  Epoch [494/500]  loss: 0.6124  accuracy: 87.86%
  Epoch [495/500]  loss: 0.6229  accuracy: 87.65%
  Epoch [496/500]  loss: 0.6120  accuracy: 88.35%
  Epoch [497/500]  loss: 0.6269  accuracy: 88.14%
  Epoch [498/500]  loss: 0.6162  accuracy: 88.83%
  Epoch [499/500]  loss: 0.6248  accuracy: 86.81%
  Epoch [500/500]  loss: 0.6133  accuracy: 88.07%

======================================================================
Testing
======================================================================
  Test accuracy: 65.52%

  Class                      Samples  Precision   Recall       F1
  ---------------------------------------------------------------
  Cabernet Sauvignon             29     0.5882   0.3448   0.4348
  Chardonnay                     32     0.6061   0.6250   0.6154
  Malbec                         24     0.3810   0.3333   0.3556
  Pinot Noir                     23     0.3158   0.5217   0.3934
  Sauvignon blanc                31     0.6207   0.5806   0.6000
  orange wine                    33     0.8519   0.6970   0.7667
  rose wine                      89     0.8333   0.8989   0.8649

  Checkpoint saved to results/v20/checkpoint.pth
  Results saved to results/v20/results.json
Parsing log: results/v20/slurm_364631.out
Mode: cross_validation  |  Folds: 5  |  Total epochs parsed: 446
Plot saved to: results/v20/training_curves.png
