
Dataset Validation
======================================================================

  Split: train    STATUS: OK
    orange wine                       147 images
    rose wine                         412 images
    Sauvignon blanc                   137 images
    Chardonnay                        144 images
    Cabernet Sauvignon                131 images
    Pinot Noir                        102 images
    Malbec                            108 images

  Split: val    STATUS: OK
    orange wine                       31 images
    rose wine                         88 images
    Sauvignon blanc                   29 images
    Chardonnay                        31 images
    Cabernet Sauvignon                28 images
    Pinot Noir                        22 images
    Malbec                            23 images

  Split: test    STATUS: OK
    orange wine                       33 images
    rose wine                         89 images
    Sauvignon blanc                   31 images
    Chardonnay                        32 images
    Cabernet Sauvignon                29 images
    Pinot Noir                        23 images
    Malbec                            24 images

======================================================================
VALIDATION RESULT: PASSED   (all splits and classes found)
======================================================================

  Class weights (inverse-frequency):
    orange wine                      147 samples  weight: 0.9491
    rose wine                        412 samples  weight: 0.3387
    Sauvignon blanc                  137 samples  weight: 1.0184
    Chardonnay                       144 samples  weight: 0.9689
    Cabernet Sauvignon               131 samples  weight: 1.0651
    Pinot Noir                       102 samples  weight: 1.3679
    Malbec                           108 samples  weight: 1.2919
  Config snapshot saved to results/v19/config_snapshot.json
======================================================================
Cross-Validation  (5 folds)
======================================================================

Fold [1 / 5]
----------------------------------------------------------------------
  Epoch [1/500]  loss: 1.9927  accuracy: 29.55%  val_loss: 1.5762  val_accuracy: 43.60%
  Epoch [2/500]  loss: 1.5564  accuracy: 35.84%  val_loss: 1.4944  val_accuracy: 48.10%
  Epoch [3/500]  loss: 1.4455  accuracy: 42.92%  val_loss: 1.4296  val_accuracy: 49.13%
  Epoch [4/500]  loss: 1.4378  accuracy: 42.22%  val_loss: 1.4006  val_accuracy: 51.90%
  Epoch [5/500]  loss: 1.4106  accuracy: 44.32%  val_loss: 1.3819  val_accuracy: 49.83%
  Epoch [6/500]  loss: 1.3666  accuracy: 43.79%  val_loss: 1.3464  val_accuracy: 54.33%
  Epoch [7/500]  loss: 1.3142  accuracy: 47.81%  val_loss: 1.3228  val_accuracy: 53.98%
  Epoch [8/500]  loss: 1.3172  accuracy: 48.86%  val_loss: 1.3416  val_accuracy: 53.29%
  Epoch [9/500]  loss: 1.3162  accuracy: 49.91%  val_loss: 1.3265  val_accuracy: 57.09%
  Epoch [10/500]  loss: 1.2979  accuracy: 49.21%  val_loss: 1.3036  val_accuracy: 55.71%
  Epoch [11/500]  loss: 1.2712  accuracy: 51.75%  val_loss: 1.2607  val_accuracy: 59.86%
  Epoch [12/500]  loss: 1.2338  accuracy: 52.80%  val_loss: 1.2645  val_accuracy: 61.25%
  Epoch [13/500]  loss: 1.2504  accuracy: 52.62%  val_loss: 1.2328  val_accuracy: 58.13%
  Epoch [14/500]  loss: 1.2304  accuracy: 53.23%  val_loss: 1.2531  val_accuracy: 58.48%
  Epoch [15/500]  loss: 1.2214  accuracy: 54.63%  val_loss: 1.2050  val_accuracy: 60.55%
  Epoch [16/500]  loss: 1.1993  accuracy: 55.51%  val_loss: 1.2043  val_accuracy: 59.86%
  Epoch [17/500]  loss: 1.1877  accuracy: 54.98%  val_loss: 1.1927  val_accuracy: 61.25%
  Epoch [18/500]  loss: 1.2026  accuracy: 55.16%  val_loss: 1.2122  val_accuracy: 58.13%
  Epoch [19/500]  loss: 1.1466  accuracy: 55.94%  val_loss: 1.2159  val_accuracy: 59.17%
  Epoch [20/500]  loss: 1.1668  accuracy: 55.51%  val_loss: 1.1836  val_accuracy: 60.21%
  Epoch [21/500]  loss: 1.1582  accuracy: 55.68%  val_loss: 1.1815  val_accuracy: 61.25%
  Epoch [22/500]  loss: 1.1546  accuracy: 57.69%  val_loss: 1.1666  val_accuracy: 62.63%
  Epoch [23/500]  loss: 1.1579  accuracy: 57.95%  val_loss: 1.1685  val_accuracy: 62.63%
  Epoch [24/500]  loss: 1.1348  accuracy: 57.69%  val_loss: 1.1682  val_accuracy: 63.67%
  Epoch [25/500]  loss: 1.1632  accuracy: 55.33%  val_loss: 1.1844  val_accuracy: 62.28%
  Epoch [26/500]  loss: 1.1086  accuracy: 58.92%  val_loss: 1.1567  val_accuracy: 62.28%
  Epoch [27/500]  loss: 1.1511  accuracy: 56.21%  val_loss: 1.2080  val_accuracy: 59.52%
  Epoch [28/500]  loss: 1.1274  accuracy: 57.34%  val_loss: 1.1386  val_accuracy: 62.28%
  Epoch [29/500]  loss: 1.0692  accuracy: 61.28%  val_loss: 1.1535  val_accuracy: 62.98%
  Epoch [30/500]  loss: 1.1085  accuracy: 58.13%  val_loss: 1.2055  val_accuracy: 63.67%
  Epoch [31/500]  loss: 1.1081  accuracy: 59.79%  val_loss: 1.1531  val_accuracy: 62.28%
  Epoch [32/500]  loss: 1.0862  accuracy: 59.09%  val_loss: 1.1607  val_accuracy: 64.36%
  Epoch [33/500]  loss: 1.1104  accuracy: 56.82%  val_loss: 1.1766  val_accuracy: 61.25%
  Epoch [34/500]  loss: 1.0702  accuracy: 60.14%  val_loss: 1.1461  val_accuracy: 63.67%
  Epoch [35/500]  loss: 1.0841  accuracy: 59.00%  val_loss: 1.1637  val_accuracy: 60.90%
  Epoch [36/500]  loss: 1.0931  accuracy: 59.44%  val_loss: 1.2038  val_accuracy: 60.90%
  Epoch [37/500]  loss: 1.0862  accuracy: 60.66%  val_loss: 1.1578  val_accuracy: 63.67%
  Epoch [38/500]  loss: 1.0448  accuracy: 62.33%  val_loss: 1.1399  val_accuracy: 63.32%
  Epoch [39/500]  loss: 1.0546  accuracy: 61.54%  val_loss: 1.1624  val_accuracy: 59.86%
  Epoch [40/500]  loss: 1.0610  accuracy: 60.93%  val_loss: 1.1444  val_accuracy: 64.01%
  Epoch [41/500]  loss: 1.0414  accuracy: 61.36%  val_loss: 1.1859  val_accuracy: 62.63%
  Epoch [42/500]  loss: 1.0340  accuracy: 61.28%  val_loss: 1.1768  val_accuracy: 62.63%
  Epoch [43/500]  loss: 1.0339  accuracy: 63.02%  val_loss: 1.2137  val_accuracy: 58.82%
  Epoch [44/500]  loss: 1.0330  accuracy: 60.75%  val_loss: 1.1378  val_accuracy: 64.36%
  Epoch [45/500]  loss: 1.0435  accuracy: 60.75%  val_loss: 1.1667  val_accuracy: 61.94%
  Epoch [46/500]  loss: 1.0424  accuracy: 62.15%  val_loss: 1.1501  val_accuracy: 61.25%
  Epoch [47/500]  loss: 1.0429  accuracy: 61.36%  val_loss: 1.1523  val_accuracy: 62.98%
  Epoch [48/500]  loss: 1.0158  accuracy: 62.06%  val_loss: 1.1511  val_accuracy: 60.55%
  Epoch [49/500]  loss: 1.0141  accuracy: 62.85%  val_loss: 1.1217  val_accuracy: 62.28%
  Epoch [50/500]  loss: 1.0397  accuracy: 60.40%  val_loss: 1.1613  val_accuracy: 64.71%
  Epoch [51/500]  loss: 1.0073  accuracy: 62.67%  val_loss: 1.1348  val_accuracy: 65.05%
  Epoch [52/500]  loss: 0.9987  accuracy: 63.72%  val_loss: 1.1492  val_accuracy: 63.32%
  Epoch [53/500]  loss: 1.0308  accuracy: 60.31%  val_loss: 1.1470  val_accuracy: 62.98%
  Epoch [54/500]  loss: 1.0236  accuracy: 62.33%  val_loss: 1.1417  val_accuracy: 65.40%
  Epoch [55/500]  loss: 1.0231  accuracy: 63.37%  val_loss: 1.1001  val_accuracy: 64.36%
  Epoch [56/500]  loss: 0.9954  accuracy: 62.94%  val_loss: 1.1385  val_accuracy: 60.55%
  Epoch [57/500]  loss: 0.9974  accuracy: 62.85%  val_loss: 1.1253  val_accuracy: 66.09%
  Epoch [58/500]  loss: 0.9980  accuracy: 64.95%  val_loss: 1.1049  val_accuracy: 65.74%
  Epoch [59/500]  loss: 0.9946  accuracy: 63.37%  val_loss: 1.1209  val_accuracy: 65.40%
  Epoch [60/500]  loss: 0.9999  accuracy: 62.50%  val_loss: 1.1246  val_accuracy: 66.44%
  Epoch [61/500]  loss: 1.0056  accuracy: 63.20%  val_loss: 1.1012  val_accuracy: 66.44%
  Epoch [62/500]  loss: 0.9723  accuracy: 64.86%  val_loss: 1.1037  val_accuracy: 66.44%
  Epoch [63/500]  loss: 0.9994  accuracy: 62.41%  val_loss: 1.1112  val_accuracy: 66.44%
  Epoch [64/500]  loss: 0.9739  accuracy: 63.99%  val_loss: 1.1019  val_accuracy: 66.44%
  Epoch [65/500]  loss: 0.9770  accuracy: 64.16%  val_loss: 1.1291  val_accuracy: 68.86%
  Epoch [66/500]  loss: 0.9662  accuracy: 64.60%  val_loss: 1.1207  val_accuracy: 66.44%
  Epoch [67/500]  loss: 0.9719  accuracy: 62.67%  val_loss: 1.1125  val_accuracy: 66.44%
  Epoch [68/500]  loss: 0.9856  accuracy: 63.46%  val_loss: 1.1124  val_accuracy: 65.05%
  Epoch [69/500]  loss: 0.9654  accuracy: 64.51%  val_loss: 1.0939  val_accuracy: 66.44%
  Epoch [70/500]  loss: 0.9705  accuracy: 65.03%  val_loss: 1.1338  val_accuracy: 67.47%
  Epoch [71/500]  loss: 0.9724  accuracy: 64.07%  val_loss: 1.1348  val_accuracy: 64.36%
  Epoch [72/500]  loss: 0.9962  accuracy: 63.64%  val_loss: 1.0999  val_accuracy: 67.13%
  Epoch [73/500]  loss: 0.9683  accuracy: 63.90%  val_loss: 1.1150  val_accuracy: 64.01%
  Epoch [74/500]  loss: 0.9566  accuracy: 65.82%  val_loss: 1.1329  val_accuracy: 67.13%
  Epoch [75/500]  loss: 0.9614  accuracy: 65.38%  val_loss: 1.0956  val_accuracy: 67.82%
  Epoch [76/500]  loss: 0.9281  accuracy: 67.13%  val_loss: 1.0988  val_accuracy: 67.47%
  Epoch [77/500]  loss: 0.9445  accuracy: 64.95%  val_loss: 1.0999  val_accuracy: 64.01%
  Epoch [78/500]  loss: 0.9734  accuracy: 65.12%  val_loss: 1.0906  val_accuracy: 65.05%
  Epoch [79/500]  loss: 0.9546  accuracy: 64.77%  val_loss: 1.1140  val_accuracy: 68.86%
  Epoch [80/500]  loss: 0.9350  accuracy: 65.82%  val_loss: 1.1197  val_accuracy: 64.36%
  Epoch [81/500]  loss: 0.9556  accuracy: 65.38%  val_loss: 1.1048  val_accuracy: 67.47%
  Epoch [82/500]  loss: 0.9418  accuracy: 66.87%  val_loss: 1.0724  val_accuracy: 68.51%
  Epoch [83/500]  loss: 0.9553  accuracy: 66.17%  val_loss: 1.1055  val_accuracy: 67.82%
  Epoch [84/500]  loss: 0.9391  accuracy: 66.61%  val_loss: 1.0941  val_accuracy: 68.51%
  Epoch [85/500]  loss: 0.9169  accuracy: 67.22%  val_loss: 1.0707  val_accuracy: 70.59%
  Epoch [86/500]  loss: 0.9430  accuracy: 66.61%  val_loss: 1.0964  val_accuracy: 65.05%
  Epoch [87/500]  loss: 0.9525  accuracy: 65.12%  val_loss: 1.0982  val_accuracy: 65.74%
  Epoch [88/500]  loss: 0.9201  accuracy: 68.53%  val_loss: 1.0815  val_accuracy: 69.20%
  Epoch [89/500]  loss: 0.9175  accuracy: 66.43%  val_loss: 1.0777  val_accuracy: 68.51%
  Epoch [90/500]  loss: 0.9162  accuracy: 67.92%  val_loss: 1.1331  val_accuracy: 64.01%
  Epoch [91/500]  loss: 0.9401  accuracy: 67.40%  val_loss: 1.0803  val_accuracy: 66.09%
  Epoch [92/500]  loss: 0.9332  accuracy: 66.70%  val_loss: 1.0802  val_accuracy: 69.55%
  Epoch [93/500]  loss: 0.9348  accuracy: 66.78%  val_loss: 1.0950  val_accuracy: 69.90%
  Epoch [94/500]  loss: 0.9248  accuracy: 67.48%  val_loss: 1.1339  val_accuracy: 64.01%
  Epoch [95/500]  loss: 0.9175  accuracy: 67.40%  val_loss: 1.1315  val_accuracy: 66.09%
  Epoch [96/500]  loss: 0.9216  accuracy: 67.74%  val_loss: 1.0838  val_accuracy: 70.24%
  Epoch [97/500]  loss: 0.9065  accuracy: 67.31%  val_loss: 1.0918  val_accuracy: 66.09%
  Epoch [98/500]  loss: 0.9211  accuracy: 65.91%  val_loss: 1.1025  val_accuracy: 68.17%
  Epoch [99/500]  loss: 0.9136  accuracy: 67.92%  val_loss: 1.1070  val_accuracy: 67.47%
  Epoch [100/500]  loss: 0.9147  accuracy: 68.44%  val_loss: 1.1108  val_accuracy: 65.40%
  Epoch [101/500]  loss: 0.8932  accuracy: 69.32%  val_loss: 1.1478  val_accuracy: 65.05%
  Epoch [102/500]  loss: 0.9078  accuracy: 68.53%  val_loss: 1.1020  val_accuracy: 66.78%
  Epoch [103/500]  loss: 0.8861  accuracy: 69.67%  val_loss: 1.0920  val_accuracy: 69.90%
  Epoch [104/500]  loss: 0.8903  accuracy: 68.88%  val_loss: 1.1007  val_accuracy: 69.20%
  Epoch [105/500]  loss: 0.9053  accuracy: 68.18%  val_loss: 1.0958  val_accuracy: 67.13%
  Epoch [106/500]  loss: 0.9432  accuracy: 68.18%  val_loss: 1.1497  val_accuracy: 65.74%
  Epoch [107/500]  loss: 0.8892  accuracy: 68.62%  val_loss: 1.0996  val_accuracy: 66.78%
  Epoch [108/500]  loss: 0.8884  accuracy: 68.53%  val_loss: 1.0883  val_accuracy: 66.78%
  Epoch [109/500]  loss: 0.8964  accuracy: 69.93%  val_loss: 1.1049  val_accuracy: 69.55%
  Epoch [110/500]  loss: 0.8830  accuracy: 68.18%  val_loss: 1.1300  val_accuracy: 67.13%
  Epoch [111/500]  loss: 0.8960  accuracy: 68.53%  val_loss: 1.0860  val_accuracy: 67.13%
  Epoch [112/500]  loss: 0.8936  accuracy: 69.49%  val_loss: 1.1003  val_accuracy: 67.47%
  Epoch [113/500]  loss: 0.8881  accuracy: 69.23%  val_loss: 1.0940  val_accuracy: 69.55%
  Epoch [114/500]  loss: 0.8828  accuracy: 71.59%  val_loss: 1.1092  val_accuracy: 67.82%
  Epoch [115/500]  loss: 0.8630  accuracy: 69.84%  val_loss: 1.0724  val_accuracy: 69.55%
  Early stopping triggered after 115 epochs (no improvement for 30 epochs).

  Fold 1 result: val_loss: 1.0707  val_accuracy: 70.59%

Fold [2 / 5]
----------------------------------------------------------------------
  Epoch [1/500]  loss: 2.0045  accuracy: 27.23%  val_loss: 1.5614  val_accuracy: 38.33%
  Epoch [2/500]  loss: 1.6281  accuracy: 37.00%  val_loss: 1.4752  val_accuracy: 47.39%
  Epoch [3/500]  loss: 1.5201  accuracy: 39.09%  val_loss: 1.4351  val_accuracy: 56.45%
  Epoch [4/500]  loss: 1.4489  accuracy: 42.93%  val_loss: 1.3904  val_accuracy: 53.31%
  Epoch [5/500]  loss: 1.3962  accuracy: 45.46%  val_loss: 1.3363  val_accuracy: 57.84%
  Epoch [6/500]  loss: 1.3859  accuracy: 46.95%  val_loss: 1.3620  val_accuracy: 57.14%
  Epoch [7/500]  loss: 1.3512  accuracy: 49.21%  val_loss: 1.3155  val_accuracy: 57.84%
  Epoch [8/500]  loss: 1.2984  accuracy: 50.35%  val_loss: 1.2837  val_accuracy: 60.63%
  Epoch [9/500]  loss: 1.2647  accuracy: 52.53%  val_loss: 1.3000  val_accuracy: 59.58%
  Epoch [10/500]  loss: 1.2499  accuracy: 53.66%  val_loss: 1.2750  val_accuracy: 60.28%
  Epoch [11/500]  loss: 1.2672  accuracy: 52.62%  val_loss: 1.2943  val_accuracy: 57.14%
  Epoch [12/500]  loss: 1.2557  accuracy: 53.58%  val_loss: 1.2606  val_accuracy: 57.84%
  Epoch [13/500]  loss: 1.2218  accuracy: 56.11%  val_loss: 1.2382  val_accuracy: 59.58%
  Epoch [14/500]  loss: 1.2232  accuracy: 56.11%  val_loss: 1.2441  val_accuracy: 60.28%
  Epoch [15/500]  loss: 1.2105  accuracy: 54.97%  val_loss: 1.2219  val_accuracy: 60.28%
  Epoch [16/500]  loss: 1.1952  accuracy: 57.07%  val_loss: 1.2513  val_accuracy: 57.14%
  Epoch [17/500]  loss: 1.1894  accuracy: 57.24%  val_loss: 1.2290  val_accuracy: 60.98%
  Epoch [18/500]  loss: 1.2210  accuracy: 57.24%  val_loss: 1.1955  val_accuracy: 61.67%
  Epoch [19/500]  loss: 1.1803  accuracy: 56.46%  val_loss: 1.1816  val_accuracy: 60.28%
  Epoch [20/500]  loss: 1.1679  accuracy: 56.89%  val_loss: 1.2086  val_accuracy: 63.07%
  Epoch [21/500]  loss: 1.1834  accuracy: 56.89%  val_loss: 1.2494  val_accuracy: 59.58%
  Epoch [22/500]  loss: 1.1505  accuracy: 57.33%  val_loss: 1.2272  val_accuracy: 61.32%
  Epoch [23/500]  loss: 1.1860  accuracy: 55.58%  val_loss: 1.2389  val_accuracy: 61.67%
  Epoch [24/500]  loss: 1.1530  accuracy: 58.46%  val_loss: 1.1815  val_accuracy: 62.72%
  Epoch [25/500]  loss: 1.1548  accuracy: 57.68%  val_loss: 1.2131  val_accuracy: 61.67%
  Epoch [26/500]  loss: 1.1022  accuracy: 60.38%  val_loss: 1.1788  val_accuracy: 63.07%
  Epoch [27/500]  loss: 1.1026  accuracy: 58.90%  val_loss: 1.2138  val_accuracy: 61.32%
  Epoch [28/500]  loss: 1.0999  accuracy: 60.91%  val_loss: 1.2067  val_accuracy: 62.72%
  Epoch [29/500]  loss: 1.1348  accuracy: 57.94%  val_loss: 1.1678  val_accuracy: 61.67%
  Epoch [30/500]  loss: 1.0971  accuracy: 60.99%  val_loss: 1.2101  val_accuracy: 62.72%
  Epoch [31/500]  loss: 1.0976  accuracy: 58.90%  val_loss: 1.1775  val_accuracy: 62.37%
  Epoch [32/500]  loss: 1.0724  accuracy: 61.08%  val_loss: 1.1697  val_accuracy: 65.85%
  Epoch [33/500]  loss: 1.1180  accuracy: 59.60%  val_loss: 1.1692  val_accuracy: 64.11%
  Epoch [34/500]  loss: 1.0347  accuracy: 62.57%  val_loss: 1.1550  val_accuracy: 64.81%
  Epoch [35/500]  loss: 1.0514  accuracy: 62.91%  val_loss: 1.1596  val_accuracy: 63.76%
  Epoch [36/500]  loss: 1.0633  accuracy: 61.26%  val_loss: 1.1800  val_accuracy: 62.72%
  Epoch [37/500]  loss: 1.0498  accuracy: 63.26%  val_loss: 1.1825  val_accuracy: 62.37%
  Epoch [38/500]  loss: 1.0776  accuracy: 61.43%  val_loss: 1.1519  val_accuracy: 63.76%
  Epoch [39/500]  loss: 1.0551  accuracy: 61.78%  val_loss: 1.1345  val_accuracy: 63.76%
  Epoch [40/500]  loss: 1.0553  accuracy: 61.34%  val_loss: 1.1504  val_accuracy: 63.41%
  Epoch [41/500]  loss: 1.0463  accuracy: 61.52%  val_loss: 1.1812  val_accuracy: 63.41%
  Epoch [42/500]  loss: 1.0390  accuracy: 62.91%  val_loss: 1.1281  val_accuracy: 65.51%
  Epoch [43/500]  loss: 0.9899  accuracy: 64.66%  val_loss: 1.1705  val_accuracy: 62.02%
  Epoch [44/500]  loss: 1.0122  accuracy: 63.96%  val_loss: 1.1288  val_accuracy: 62.37%
  Epoch [45/500]  loss: 1.0186  accuracy: 63.87%  val_loss: 1.1376  val_accuracy: 64.81%
  Epoch [46/500]  loss: 1.0279  accuracy: 61.69%  val_loss: 1.1313  val_accuracy: 63.41%
  Epoch [47/500]  loss: 1.0222  accuracy: 63.61%  val_loss: 1.1261  val_accuracy: 65.85%
  Epoch [48/500]  loss: 1.0005  accuracy: 62.48%  val_loss: 1.1221  val_accuracy: 64.81%
  Epoch [49/500]  loss: 0.9986  accuracy: 64.22%  val_loss: 1.1623  val_accuracy: 63.76%
  Epoch [50/500]  loss: 1.0242  accuracy: 62.39%  val_loss: 1.1082  val_accuracy: 67.25%
  Epoch [51/500]  loss: 1.0200  accuracy: 63.35%  val_loss: 1.1345  val_accuracy: 65.51%
  Epoch [52/500]  loss: 1.0177  accuracy: 64.05%  val_loss: 1.1319  val_accuracy: 63.07%
  Epoch [53/500]  loss: 0.9693  accuracy: 65.97%  val_loss: 1.1370  val_accuracy: 66.20%
  Epoch [54/500]  loss: 1.0076  accuracy: 64.40%  val_loss: 1.1546  val_accuracy: 65.16%
  Epoch [55/500]  loss: 1.0115  accuracy: 64.22%  val_loss: 1.1963  val_accuracy: 64.11%
  Epoch [56/500]  loss: 0.9859  accuracy: 64.57%  val_loss: 1.1385  val_accuracy: 63.76%
  Epoch [57/500]  loss: 0.9826  accuracy: 65.10%  val_loss: 1.1346  val_accuracy: 64.81%
  Epoch [58/500]  loss: 0.9938  accuracy: 63.44%  val_loss: 1.1277  val_accuracy: 64.46%
  Epoch [59/500]  loss: 0.9816  accuracy: 64.57%  val_loss: 1.1335  val_accuracy: 64.11%
  Epoch [60/500]  loss: 1.0032  accuracy: 64.75%  val_loss: 1.1159  val_accuracy: 64.81%
  Epoch [61/500]  loss: 0.9781  accuracy: 65.45%  val_loss: 1.1261  val_accuracy: 63.76%
  Epoch [62/500]  loss: 0.9411  accuracy: 66.75%  val_loss: 1.1073  val_accuracy: 66.55%
  Epoch [63/500]  loss: 0.9717  accuracy: 65.79%  val_loss: 1.1690  val_accuracy: 64.46%
  Epoch [64/500]  loss: 0.9866  accuracy: 63.61%  val_loss: 1.1634  val_accuracy: 63.76%
  Epoch [65/500]  loss: 0.9595  accuracy: 66.32%  val_loss: 1.1837  val_accuracy: 62.37%
  Epoch [66/500]  loss: 0.9699  accuracy: 65.01%  val_loss: 1.1282  val_accuracy: 67.25%
  Epoch [67/500]  loss: 0.9752  accuracy: 65.18%  val_loss: 1.1375  val_accuracy: 65.85%
  Epoch [68/500]  loss: 0.9635  accuracy: 65.18%  val_loss: 1.1277  val_accuracy: 63.76%
  Epoch [69/500]  loss: 0.9469  accuracy: 67.28%  val_loss: 1.1199  val_accuracy: 63.76%
  Epoch [70/500]  loss: 0.9468  accuracy: 66.06%  val_loss: 1.1631  val_accuracy: 65.51%
  Epoch [71/500]  loss: 0.9595  accuracy: 66.40%  val_loss: 1.1409  val_accuracy: 65.16%
  Epoch [72/500]  loss: 0.9421  accuracy: 67.36%  val_loss: 1.1634  val_accuracy: 64.81%
  Epoch [73/500]  loss: 0.9628  accuracy: 66.14%  val_loss: 1.1416  val_accuracy: 63.07%
  Epoch [74/500]  loss: 0.9544  accuracy: 66.23%  val_loss: 1.1254  val_accuracy: 65.51%
  Epoch [75/500]  loss: 0.9381  accuracy: 67.63%  val_loss: 1.1103  val_accuracy: 65.51%
  Epoch [76/500]  loss: 0.9525  accuracy: 65.62%  val_loss: 1.1035  val_accuracy: 64.46%
  Epoch [77/500]  loss: 0.9404  accuracy: 66.58%  val_loss: 1.1323  val_accuracy: 64.81%
  Epoch [78/500]  loss: 0.9236  accuracy: 67.80%  val_loss: 1.1126  val_accuracy: 67.60%
  Epoch [79/500]  loss: 0.9171  accuracy: 67.63%  val_loss: 1.1305  val_accuracy: 67.60%
  Epoch [80/500]  loss: 0.9094  accuracy: 68.50%  val_loss: 1.1261  val_accuracy: 67.94%
  Epoch [81/500]  loss: 0.9267  accuracy: 68.15%  val_loss: 1.1276  val_accuracy: 66.55%
  Epoch [82/500]  loss: 0.9431  accuracy: 66.49%  val_loss: 1.1395  val_accuracy: 63.41%
  Epoch [83/500]  loss: 0.9242  accuracy: 67.45%  val_loss: 1.1257  val_accuracy: 65.51%
  Epoch [84/500]  loss: 0.8988  accuracy: 69.81%  val_loss: 1.1730  val_accuracy: 65.16%
  Epoch [85/500]  loss: 0.9319  accuracy: 68.50%  val_loss: 1.1332  val_accuracy: 64.81%
  Epoch [86/500]  loss: 0.9182  accuracy: 68.15%  val_loss: 1.1161  val_accuracy: 64.46%
  Epoch [87/500]  loss: 0.9227  accuracy: 67.80%  val_loss: 1.1195  val_accuracy: 66.55%
  Epoch [88/500]  loss: 0.9033  accuracy: 68.32%  val_loss: 1.1819  val_accuracy: 63.76%
  Epoch [89/500]  loss: 0.9077  accuracy: 69.37%  val_loss: 1.1147  val_accuracy: 65.16%
  Epoch [90/500]  loss: 0.9172  accuracy: 67.89%  val_loss: 1.1416  val_accuracy: 63.76%
  Epoch [91/500]  loss: 0.9265  accuracy: 68.76%  val_loss: 1.1365  val_accuracy: 66.55%
  Epoch [92/500]  loss: 0.9022  accuracy: 69.20%  val_loss: 1.1255  val_accuracy: 66.20%
  Epoch [93/500]  loss: 0.8977  accuracy: 68.50%  val_loss: 1.1174  val_accuracy: 66.20%
  Epoch [94/500]  loss: 0.8933  accuracy: 69.98%  val_loss: 1.0998  val_accuracy: 66.55%
  Epoch [95/500]  loss: 0.9113  accuracy: 68.59%  val_loss: 1.0962  val_accuracy: 65.51%
  Epoch [96/500]  loss: 0.9060  accuracy: 68.32%  val_loss: 1.1622  val_accuracy: 66.55%
  Epoch [97/500]  loss: 0.8916  accuracy: 70.51%  val_loss: 1.1502  val_accuracy: 66.55%
  Epoch [98/500]  loss: 0.9228  accuracy: 67.10%  val_loss: 1.1142  val_accuracy: 66.55%
  Epoch [99/500]  loss: 0.8975  accuracy: 69.37%  val_loss: 1.1261  val_accuracy: 65.16%
  Epoch [100/500]  loss: 0.8823  accuracy: 71.03%  val_loss: 1.1532  val_accuracy: 63.07%
  Epoch [101/500]  loss: 0.9037  accuracy: 68.50%  val_loss: 1.0872  val_accuracy: 65.16%
  Epoch [102/500]  loss: 0.8829  accuracy: 71.47%  val_loss: 1.1090  val_accuracy: 66.90%
  Epoch [103/500]  loss: 0.8873  accuracy: 69.98%  val_loss: 1.1248  val_accuracy: 66.20%
  Epoch [104/500]  loss: 0.8865  accuracy: 69.20%  val_loss: 1.1306  val_accuracy: 68.29%
  Epoch [105/500]  loss: 0.8709  accuracy: 70.59%  val_loss: 1.1757  val_accuracy: 65.85%
  Epoch [106/500]  loss: 0.9030  accuracy: 70.68%  val_loss: 1.1261  val_accuracy: 65.16%
  Epoch [107/500]  loss: 0.8681  accuracy: 71.90%  val_loss: 1.1144  val_accuracy: 66.20%
  Epoch [108/500]  loss: 0.8892  accuracy: 68.76%  val_loss: 1.1053  val_accuracy: 64.11%
  Epoch [109/500]  loss: 0.8616  accuracy: 71.20%  val_loss: 1.1311  val_accuracy: 66.90%
  Epoch [110/500]  loss: 0.8691  accuracy: 72.86%  val_loss: 1.1100  val_accuracy: 68.64%
  Epoch [111/500]  loss: 0.8916  accuracy: 70.16%  val_loss: 1.1096  val_accuracy: 69.34%
  Epoch [112/500]  loss: 0.8682  accuracy: 70.51%  val_loss: 1.1591  val_accuracy: 65.85%
  Epoch [113/500]  loss: 0.8501  accuracy: 72.77%  val_loss: 1.1382  val_accuracy: 65.16%
  Epoch [114/500]  loss: 0.8686  accuracy: 70.77%  val_loss: 1.1202  val_accuracy: 66.20%
  Epoch [115/500]  loss: 0.8646  accuracy: 71.90%  val_loss: 1.0977  val_accuracy: 65.16%
  Epoch [116/500]  loss: 0.8549  accuracy: 72.25%  val_loss: 1.1085  val_accuracy: 67.94%
  Epoch [117/500]  loss: 0.8492  accuracy: 72.25%  val_loss: 1.1303  val_accuracy: 63.76%
  Epoch [118/500]  loss: 0.8526  accuracy: 72.95%  val_loss: 1.1236  val_accuracy: 67.25%
  Epoch [119/500]  loss: 0.8590  accuracy: 72.16%  val_loss: 1.1440  val_accuracy: 66.55%
  Epoch [120/500]  loss: 0.8542  accuracy: 73.21%  val_loss: 1.1356  val_accuracy: 65.51%
  Epoch [121/500]  loss: 0.8242  accuracy: 72.86%  val_loss: 1.1389  val_accuracy: 65.51%
  Epoch [122/500]  loss: 0.8380  accuracy: 71.99%  val_loss: 1.1309  val_accuracy: 64.11%
  Epoch [123/500]  loss: 0.8452  accuracy: 72.34%  val_loss: 1.1301  val_accuracy: 67.25%
  Epoch [124/500]  loss: 0.8480  accuracy: 72.86%  val_loss: 1.1340  val_accuracy: 68.99%
  Epoch [125/500]  loss: 0.8382  accuracy: 73.21%  val_loss: 1.1148  val_accuracy: 64.46%
  Epoch [126/500]  loss: 0.8602  accuracy: 72.77%  val_loss: 1.1401  val_accuracy: 65.16%
  Epoch [127/500]  loss: 0.8334  accuracy: 73.12%  val_loss: 1.1528  val_accuracy: 64.81%
  Epoch [128/500]  loss: 0.8244  accuracy: 73.82%  val_loss: 1.1446  val_accuracy: 65.51%
  Epoch [129/500]  loss: 0.8476  accuracy: 72.34%  val_loss: 1.1624  val_accuracy: 63.76%
  Epoch [130/500]  loss: 0.8524  accuracy: 71.73%  val_loss: 1.1090  val_accuracy: 68.99%
  Epoch [131/500]  loss: 0.8292  accuracy: 74.00%  val_loss: 1.1010  val_accuracy: 66.55%
  Early stopping triggered after 131 epochs (no improvement for 30 epochs).

  Fold 2 result: val_loss: 1.0872  val_accuracy: 65.16%

Fold [3 / 5]
----------------------------------------------------------------------
  Epoch [1/500]  loss: 2.0166  accuracy: 27.14%  val_loss: 1.5928  val_accuracy: 40.77%
  Epoch [2/500]  loss: 1.5613  accuracy: 36.30%  val_loss: 1.4843  val_accuracy: 46.69%
  Epoch [3/500]  loss: 1.4750  accuracy: 41.62%  val_loss: 1.4401  val_accuracy: 49.48%
  Epoch [4/500]  loss: 1.4369  accuracy: 44.15%  val_loss: 1.4351  val_accuracy: 49.13%
  Epoch [5/500]  loss: 1.4203  accuracy: 43.98%  val_loss: 1.3986  val_accuracy: 50.87%
  Epoch [6/500]  loss: 1.3911  accuracy: 44.85%  val_loss: 1.3408  val_accuracy: 54.01%
  Epoch [7/500]  loss: 1.3655  accuracy: 47.03%  val_loss: 1.3300  val_accuracy: 51.22%
  Epoch [8/500]  loss: 1.3281  accuracy: 49.91%  val_loss: 1.2933  val_accuracy: 55.75%
  Epoch [9/500]  loss: 1.3224  accuracy: 47.82%  val_loss: 1.2807  val_accuracy: 56.10%
  Epoch [10/500]  loss: 1.2964  accuracy: 51.31%  val_loss: 1.2668  val_accuracy: 58.19%
  Epoch [11/500]  loss: 1.2771  accuracy: 52.53%  val_loss: 1.2217  val_accuracy: 59.93%
  Epoch [12/500]  loss: 1.2504  accuracy: 52.62%  val_loss: 1.2211  val_accuracy: 62.02%
  Epoch [13/500]  loss: 1.2343  accuracy: 52.27%  val_loss: 1.2185  val_accuracy: 60.98%
  Epoch [14/500]  loss: 1.2291  accuracy: 53.14%  val_loss: 1.2353  val_accuracy: 59.58%
  Epoch [15/500]  loss: 1.2059  accuracy: 55.32%  val_loss: 1.2170  val_accuracy: 59.93%
  Epoch [16/500]  loss: 1.2009  accuracy: 54.45%  val_loss: 1.1575  val_accuracy: 62.72%
  Epoch [17/500]  loss: 1.1750  accuracy: 56.54%  val_loss: 1.1822  val_accuracy: 63.41%
  Epoch [18/500]  loss: 1.1995  accuracy: 55.76%  val_loss: 1.1621  val_accuracy: 62.72%
  Epoch [19/500]  loss: 1.1772  accuracy: 55.76%  val_loss: 1.1776  val_accuracy: 61.32%
  Epoch [20/500]  loss: 1.1729  accuracy: 55.93%  val_loss: 1.1587  val_accuracy: 61.32%
  Epoch [21/500]  loss: 1.2055  accuracy: 54.62%  val_loss: 1.2296  val_accuracy: 61.67%
  Epoch [22/500]  loss: 1.1602  accuracy: 57.07%  val_loss: 1.1226  val_accuracy: 62.37%
  Epoch [23/500]  loss: 1.1436  accuracy: 58.20%  val_loss: 1.1425  val_accuracy: 62.02%
  Epoch [24/500]  loss: 1.1596  accuracy: 57.59%  val_loss: 1.1507  val_accuracy: 63.41%
  Epoch [25/500]  loss: 1.1418  accuracy: 56.72%  val_loss: 1.1874  val_accuracy: 62.37%
  Epoch [26/500]  loss: 1.1425  accuracy: 58.12%  val_loss: 1.1915  val_accuracy: 61.67%
  Epoch [27/500]  loss: 1.1277  accuracy: 59.16%  val_loss: 1.1341  val_accuracy: 62.02%
  Epoch [28/500]  loss: 1.1276  accuracy: 58.38%  val_loss: 1.1599  val_accuracy: 63.07%
  Epoch [29/500]  loss: 1.0931  accuracy: 59.51%  val_loss: 1.1907  val_accuracy: 62.72%
  Epoch [30/500]  loss: 1.1087  accuracy: 57.77%  val_loss: 1.1471  val_accuracy: 62.37%
  Epoch [31/500]  loss: 1.1287  accuracy: 58.73%  val_loss: 1.1758  val_accuracy: 60.28%
  Epoch [32/500]  loss: 1.1071  accuracy: 58.64%  val_loss: 1.1584  val_accuracy: 63.07%
  Epoch [33/500]  loss: 1.0970  accuracy: 58.99%  val_loss: 1.1593  val_accuracy: 64.81%
  Epoch [34/500]  loss: 1.1113  accuracy: 60.30%  val_loss: 1.1401  val_accuracy: 62.72%
  Epoch [35/500]  loss: 1.0910  accuracy: 59.51%  val_loss: 1.1417  val_accuracy: 62.72%
  Epoch [36/500]  loss: 1.0654  accuracy: 60.82%  val_loss: 1.1321  val_accuracy: 63.41%
  Epoch [37/500]  loss: 1.0682  accuracy: 62.57%  val_loss: 1.1383  val_accuracy: 64.11%
  Epoch [38/500]  loss: 1.0705  accuracy: 61.08%  val_loss: 1.1342  val_accuracy: 62.37%
  Epoch [39/500]  loss: 1.1019  accuracy: 59.34%  val_loss: 1.1413  val_accuracy: 63.76%
  Epoch [40/500]  loss: 1.0671  accuracy: 60.03%  val_loss: 1.1362  val_accuracy: 62.72%
  Epoch [41/500]  loss: 1.0582  accuracy: 60.99%  val_loss: 1.1285  val_accuracy: 62.72%
  Epoch [42/500]  loss: 1.0604  accuracy: 61.43%  val_loss: 1.1477  val_accuracy: 64.11%
  Epoch [43/500]  loss: 1.0497  accuracy: 60.73%  val_loss: 1.1322  val_accuracy: 62.72%
  Epoch [44/500]  loss: 1.0517  accuracy: 60.91%  val_loss: 1.1249  val_accuracy: 63.76%
  Epoch [45/500]  loss: 1.0383  accuracy: 62.39%  val_loss: 1.1312  val_accuracy: 64.46%
  Epoch [46/500]  loss: 1.0569  accuracy: 60.12%  val_loss: 1.1397  val_accuracy: 64.46%
  Epoch [47/500]  loss: 1.0528  accuracy: 61.43%  val_loss: 1.1139  val_accuracy: 64.11%
  Epoch [48/500]  loss: 1.0541  accuracy: 61.08%  val_loss: 1.1434  val_accuracy: 63.76%
  Epoch [49/500]  loss: 1.0124  accuracy: 62.83%  val_loss: 1.1370  val_accuracy: 63.07%
  Epoch [50/500]  loss: 1.0334  accuracy: 62.30%  val_loss: 1.1174  val_accuracy: 63.76%
  Epoch [51/500]  loss: 1.0342  accuracy: 63.26%  val_loss: 1.1266  val_accuracy: 65.16%
  Epoch [52/500]  loss: 1.0232  accuracy: 61.61%  val_loss: 1.1308  val_accuracy: 63.76%
  Epoch [53/500]  loss: 1.0026  accuracy: 62.83%  val_loss: 1.1289  val_accuracy: 65.16%
  Epoch [54/500]  loss: 1.0221  accuracy: 63.00%  val_loss: 1.0794  val_accuracy: 64.46%
  Epoch [55/500]  loss: 1.0190  accuracy: 62.91%  val_loss: 1.1195  val_accuracy: 61.67%
  Epoch [56/500]  loss: 1.0161  accuracy: 63.61%  val_loss: 1.1106  val_accuracy: 63.07%
  Epoch [57/500]  loss: 1.0008  accuracy: 63.26%  val_loss: 1.0914  val_accuracy: 63.41%
  Epoch [58/500]  loss: 1.0002  accuracy: 62.65%  val_loss: 1.1298  val_accuracy: 64.81%
  Epoch [59/500]  loss: 1.0088  accuracy: 62.04%  val_loss: 1.1702  val_accuracy: 63.41%
  Epoch [60/500]  loss: 0.9883  accuracy: 63.53%  val_loss: 1.1331  val_accuracy: 65.85%
  Epoch [61/500]  loss: 0.9964  accuracy: 63.35%  val_loss: 1.0845  val_accuracy: 67.60%
  Epoch [62/500]  loss: 0.9857  accuracy: 64.40%  val_loss: 1.0959  val_accuracy: 63.76%
  Epoch [63/500]  loss: 0.9739  accuracy: 63.18%  val_loss: 1.0874  val_accuracy: 65.16%
  Epoch [64/500]  loss: 0.9770  accuracy: 64.66%  val_loss: 1.1030  val_accuracy: 65.85%
  Epoch [65/500]  loss: 0.9890  accuracy: 62.48%  val_loss: 1.1193  val_accuracy: 64.11%
  Epoch [66/500]  loss: 1.0016  accuracy: 61.69%  val_loss: 1.1578  val_accuracy: 63.07%
  Epoch [67/500]  loss: 0.9609  accuracy: 64.22%  val_loss: 1.1313  val_accuracy: 63.76%
  Epoch [68/500]  loss: 0.9857  accuracy: 64.92%  val_loss: 1.1317  val_accuracy: 62.37%
  Epoch [69/500]  loss: 0.9669  accuracy: 64.05%  val_loss: 1.1075  val_accuracy: 65.16%
  Epoch [70/500]  loss: 0.9624  accuracy: 65.01%  val_loss: 1.1117  val_accuracy: 64.81%
  Epoch [71/500]  loss: 0.9764  accuracy: 65.10%  val_loss: 1.1560  val_accuracy: 63.41%
  Epoch [72/500]  loss: 0.9654  accuracy: 64.22%  val_loss: 1.0988  val_accuracy: 64.46%
  Epoch [73/500]  loss: 0.9813  accuracy: 63.79%  val_loss: 1.0990  val_accuracy: 63.76%
  Epoch [74/500]  loss: 0.9701  accuracy: 65.62%  val_loss: 1.0802  val_accuracy: 66.90%
  Epoch [75/500]  loss: 0.9727  accuracy: 64.83%  val_loss: 1.1056  val_accuracy: 66.20%
  Epoch [76/500]  loss: 0.9693  accuracy: 63.44%  val_loss: 1.1035  val_accuracy: 64.11%
  Epoch [77/500]  loss: 0.9388  accuracy: 66.14%  val_loss: 1.1058  val_accuracy: 64.11%
  Epoch [78/500]  loss: 0.9589  accuracy: 66.14%  val_loss: 1.0967  val_accuracy: 66.90%
  Epoch [79/500]  loss: 0.9574  accuracy: 64.49%  val_loss: 1.1010  val_accuracy: 64.81%
  Epoch [80/500]  loss: 0.9561  accuracy: 65.18%  val_loss: 1.1059  val_accuracy: 64.81%
  Epoch [81/500]  loss: 0.9422  accuracy: 66.32%  val_loss: 1.0990  val_accuracy: 65.16%
  Epoch [82/500]  loss: 0.9545  accuracy: 65.10%  val_loss: 1.1125  val_accuracy: 63.41%
  Epoch [83/500]  loss: 0.9459  accuracy: 65.01%  val_loss: 1.1151  val_accuracy: 62.37%
  Epoch [84/500]  loss: 0.9529  accuracy: 66.32%  val_loss: 1.1272  val_accuracy: 63.07%
  Early stopping triggered after 84 epochs (no improvement for 30 epochs).

  Fold 3 result: val_loss: 1.0794  val_accuracy: 64.46%

Fold [4 / 5]
----------------------------------------------------------------------
  Epoch [1/500]  loss: 2.0109  accuracy: 27.81%  val_loss: 1.6523  val_accuracy: 36.36%
  Epoch [2/500]  loss: 1.5704  accuracy: 38.19%  val_loss: 1.5065  val_accuracy: 47.90%
  Epoch [3/500]  loss: 1.4877  accuracy: 41.33%  val_loss: 1.4613  val_accuracy: 51.40%
  Epoch [4/500]  loss: 1.4280  accuracy: 45.68%  val_loss: 1.3924  val_accuracy: 53.85%
  Epoch [5/500]  loss: 1.4215  accuracy: 44.64%  val_loss: 1.4071  val_accuracy: 56.29%
  Epoch [6/500]  loss: 1.4072  accuracy: 44.73%  val_loss: 1.3868  val_accuracy: 54.55%
  Epoch [7/500]  loss: 1.3572  accuracy: 48.39%  val_loss: 1.3501  val_accuracy: 58.04%
  Epoch [8/500]  loss: 1.3292  accuracy: 49.35%  val_loss: 1.3647  val_accuracy: 55.94%
  Epoch [9/500]  loss: 1.3691  accuracy: 47.78%  val_loss: 1.3609  val_accuracy: 55.94%
  Epoch [10/500]  loss: 1.3038  accuracy: 51.35%  val_loss: 1.3084  val_accuracy: 59.09%
  Epoch [11/500]  loss: 1.3112  accuracy: 51.61%  val_loss: 1.3305  val_accuracy: 57.34%
  Epoch [12/500]  loss: 1.2621  accuracy: 52.75%  val_loss: 1.3062  val_accuracy: 55.94%
  Epoch [13/500]  loss: 1.2816  accuracy: 52.31%  val_loss: 1.3283  val_accuracy: 57.69%
  Epoch [14/500]  loss: 1.2362  accuracy: 53.44%  val_loss: 1.3185  val_accuracy: 56.99%
  Epoch [15/500]  loss: 1.2358  accuracy: 54.84%  val_loss: 1.3166  val_accuracy: 58.04%
  Epoch [16/500]  loss: 1.2504  accuracy: 54.40%  val_loss: 1.2708  val_accuracy: 56.64%
  Epoch [17/500]  loss: 1.1936  accuracy: 56.41%  val_loss: 1.2530  val_accuracy: 59.09%
  Epoch [18/500]  loss: 1.2401  accuracy: 54.14%  val_loss: 1.2639  val_accuracy: 57.69%
  Epoch [19/500]  loss: 1.2120  accuracy: 55.01%  val_loss: 1.2398  val_accuracy: 58.04%
  Epoch [20/500]  loss: 1.1947  accuracy: 55.97%  val_loss: 1.2662  val_accuracy: 58.74%
  Epoch [21/500]  loss: 1.1607  accuracy: 56.58%  val_loss: 1.2744  val_accuracy: 58.04%
  Epoch [22/500]  loss: 1.1474  accuracy: 57.37%  val_loss: 1.2365  val_accuracy: 59.09%
  Epoch [23/500]  loss: 1.1862  accuracy: 55.97%  val_loss: 1.2281  val_accuracy: 57.34%
  Epoch [24/500]  loss: 1.1509  accuracy: 57.54%  val_loss: 1.2480  val_accuracy: 59.09%
  Epoch [25/500]  loss: 1.1849  accuracy: 57.54%  val_loss: 1.2226  val_accuracy: 58.74%
  Epoch [26/500]  loss: 1.1574  accuracy: 58.15%  val_loss: 1.2207  val_accuracy: 60.14%
  Epoch [27/500]  loss: 1.1079  accuracy: 60.77%  val_loss: 1.2192  val_accuracy: 59.44%
  Epoch [28/500]  loss: 1.1598  accuracy: 57.89%  val_loss: 1.2459  val_accuracy: 59.09%
  Epoch [29/500]  loss: 1.1303  accuracy: 59.02%  val_loss: 1.2097  val_accuracy: 59.09%
  Epoch [30/500]  loss: 1.1600  accuracy: 57.89%  val_loss: 1.2219  val_accuracy: 58.39%
  Epoch [31/500]  loss: 1.1303  accuracy: 59.20%  val_loss: 1.2168  val_accuracy: 56.99%
  Epoch [32/500]  loss: 1.0931  accuracy: 59.55%  val_loss: 1.2008  val_accuracy: 59.44%
  Epoch [33/500]  loss: 1.1188  accuracy: 59.98%  val_loss: 1.1966  val_accuracy: 60.84%
  Epoch [34/500]  loss: 1.0876  accuracy: 60.42%  val_loss: 1.1779  val_accuracy: 60.84%
  Epoch [35/500]  loss: 1.0879  accuracy: 60.16%  val_loss: 1.1758  val_accuracy: 59.44%
  Epoch [36/500]  loss: 1.0890  accuracy: 59.98%  val_loss: 1.1730  val_accuracy: 58.39%
  Epoch [37/500]  loss: 1.0780  accuracy: 61.99%  val_loss: 1.2050  val_accuracy: 58.74%
  Epoch [38/500]  loss: 1.0657  accuracy: 61.81%  val_loss: 1.1864  val_accuracy: 59.44%
  Epoch [39/500]  loss: 1.0851  accuracy: 62.25%  val_loss: 1.2037  val_accuracy: 57.69%
  Epoch [40/500]  loss: 1.0506  accuracy: 61.81%  val_loss: 1.1817  val_accuracy: 59.79%
  Epoch [41/500]  loss: 1.0826  accuracy: 59.90%  val_loss: 1.1802  val_accuracy: 60.14%
  Epoch [42/500]  loss: 1.0725  accuracy: 60.68%  val_loss: 1.1973  val_accuracy: 60.84%
  Epoch [43/500]  loss: 1.0494  accuracy: 62.25%  val_loss: 1.1808  val_accuracy: 62.24%
  Epoch [44/500]  loss: 1.0925  accuracy: 60.51%  val_loss: 1.1784  val_accuracy: 62.24%
  Epoch [45/500]  loss: 1.0459  accuracy: 62.25%  val_loss: 1.1847  val_accuracy: 59.79%
  Epoch [46/500]  loss: 1.0583  accuracy: 59.63%  val_loss: 1.1746  val_accuracy: 61.54%
  Epoch [47/500]  loss: 1.0447  accuracy: 63.21%  val_loss: 1.1893  val_accuracy: 59.09%
  Epoch [48/500]  loss: 1.0298  accuracy: 62.16%  val_loss: 1.1797  val_accuracy: 61.19%
  Epoch [49/500]  loss: 1.0350  accuracy: 60.94%  val_loss: 1.1725  val_accuracy: 60.14%
  Epoch [50/500]  loss: 1.0282  accuracy: 61.12%  val_loss: 1.1743  val_accuracy: 59.44%
  Epoch [51/500]  loss: 1.0203  accuracy: 63.03%  val_loss: 1.1851  val_accuracy: 56.99%
  Epoch [52/500]  loss: 1.0160  accuracy: 64.52%  val_loss: 1.1672  val_accuracy: 59.79%
  Epoch [53/500]  loss: 1.0079  accuracy: 64.34%  val_loss: 1.1581  val_accuracy: 59.09%
  Epoch [54/500]  loss: 1.0122  accuracy: 63.56%  val_loss: 1.1970  val_accuracy: 60.14%
  Epoch [55/500]  loss: 1.0219  accuracy: 62.42%  val_loss: 1.1778  val_accuracy: 59.09%
  Epoch [56/500]  loss: 0.9938  accuracy: 64.95%  val_loss: 1.1718  val_accuracy: 60.49%
  Epoch [57/500]  loss: 1.0003  accuracy: 64.43%  val_loss: 1.1524  val_accuracy: 59.44%
  Epoch [58/500]  loss: 1.0210  accuracy: 63.82%  val_loss: 1.1908  val_accuracy: 58.04%
  Epoch [59/500]  loss: 0.9975  accuracy: 63.47%  val_loss: 1.1760  val_accuracy: 58.04%
  Epoch [60/500]  loss: 1.0083  accuracy: 64.43%  val_loss: 1.1725  val_accuracy: 60.84%
  Epoch [61/500]  loss: 0.9815  accuracy: 65.82%  val_loss: 1.1682  val_accuracy: 59.79%
  Epoch [62/500]  loss: 1.0063  accuracy: 65.30%  val_loss: 1.1584  val_accuracy: 58.74%
  Epoch [63/500]  loss: 0.9794  accuracy: 64.25%  val_loss: 1.1552  val_accuracy: 59.44%
  Epoch [64/500]  loss: 0.9849  accuracy: 63.91%  val_loss: 1.1608  val_accuracy: 57.34%
  Epoch [65/500]  loss: 0.9776  accuracy: 64.52%  val_loss: 1.1508  val_accuracy: 58.39%
  Epoch [66/500]  loss: 0.9614  accuracy: 66.35%  val_loss: 1.1492  val_accuracy: 59.09%
  Epoch [67/500]  loss: 0.9731  accuracy: 65.04%  val_loss: 1.1556  val_accuracy: 59.44%
  Epoch [68/500]  loss: 0.9531  accuracy: 66.61%  val_loss: 1.1863  val_accuracy: 59.09%
  Epoch [69/500]  loss: 0.9773  accuracy: 64.60%  val_loss: 1.1455  val_accuracy: 58.04%
  Epoch [70/500]  loss: 0.9495  accuracy: 65.65%  val_loss: 1.1461  val_accuracy: 59.44%
  Epoch [71/500]  loss: 0.9744  accuracy: 63.91%  val_loss: 1.1445  val_accuracy: 57.34%
  Epoch [72/500]  loss: 0.9538  accuracy: 64.78%  val_loss: 1.1498  val_accuracy: 57.69%
  Epoch [73/500]  loss: 0.9635  accuracy: 64.52%  val_loss: 1.1653  val_accuracy: 58.04%
  Epoch [74/500]  loss: 0.9524  accuracy: 65.48%  val_loss: 1.1681  val_accuracy: 57.34%
  Epoch [75/500]  loss: 0.9593  accuracy: 66.00%  val_loss: 1.1587  val_accuracy: 58.74%
  Epoch [76/500]  loss: 0.9427  accuracy: 66.17%  val_loss: 1.1446  val_accuracy: 59.79%
  Epoch [77/500]  loss: 0.9437  accuracy: 66.52%  val_loss: 1.1655  val_accuracy: 60.14%
  Epoch [78/500]  loss: 0.9360  accuracy: 67.57%  val_loss: 1.1485  val_accuracy: 59.79%
  Epoch [79/500]  loss: 0.9351  accuracy: 66.26%  val_loss: 1.1807  val_accuracy: 59.09%
  Epoch [80/500]  loss: 0.9385  accuracy: 66.26%  val_loss: 1.1520  val_accuracy: 59.09%
  Epoch [81/500]  loss: 0.9204  accuracy: 66.78%  val_loss: 1.1770  val_accuracy: 60.14%
  Epoch [82/500]  loss: 0.9297  accuracy: 67.22%  val_loss: 1.1587  val_accuracy: 60.14%
  Epoch [83/500]  loss: 0.9312  accuracy: 66.17%  val_loss: 1.1459  val_accuracy: 60.14%
  Epoch [84/500]  loss: 0.9310  accuracy: 67.39%  val_loss: 1.1573  val_accuracy: 59.09%
  Epoch [85/500]  loss: 0.9290  accuracy: 66.87%  val_loss: 1.1358  val_accuracy: 60.84%
  Epoch [86/500]  loss: 0.9276  accuracy: 67.57%  val_loss: 1.1968  val_accuracy: 60.49%
  Epoch [87/500]  loss: 0.9267  accuracy: 68.44%  val_loss: 1.1604  val_accuracy: 59.44%
  Epoch [88/500]  loss: 0.9065  accuracy: 68.00%  val_loss: 1.1662  val_accuracy: 58.39%
  Epoch [89/500]  loss: 0.9125  accuracy: 67.83%  val_loss: 1.2007  val_accuracy: 58.39%
  Epoch [90/500]  loss: 0.9224  accuracy: 67.92%  val_loss: 1.1516  val_accuracy: 58.39%
  Epoch [91/500]  loss: 0.9040  accuracy: 68.70%  val_loss: 1.1640  val_accuracy: 60.84%
  Epoch [92/500]  loss: 0.9123  accuracy: 66.96%  val_loss: 1.1564  val_accuracy: 58.39%
  Epoch [93/500]  loss: 0.9191  accuracy: 67.74%  val_loss: 1.1349  val_accuracy: 58.39%
  Epoch [94/500]  loss: 0.9251  accuracy: 66.17%  val_loss: 1.1408  val_accuracy: 59.44%
  Epoch [95/500]  loss: 0.9027  accuracy: 67.65%  val_loss: 1.1558  val_accuracy: 61.54%
  Epoch [96/500]  loss: 0.9040  accuracy: 67.92%  val_loss: 1.2082  val_accuracy: 56.64%
  Epoch [97/500]  loss: 0.9078  accuracy: 67.74%  val_loss: 1.1602  val_accuracy: 59.79%
  Epoch [98/500]  loss: 0.9081  accuracy: 67.74%  val_loss: 1.1556  val_accuracy: 61.54%
  Epoch [99/500]  loss: 0.8875  accuracy: 69.14%  val_loss: 1.1653  val_accuracy: 63.99%
  Epoch [100/500]  loss: 0.9002  accuracy: 69.22%  val_loss: 1.1457  val_accuracy: 59.79%
  Epoch [101/500]  loss: 0.8948  accuracy: 68.61%  val_loss: 1.1351  val_accuracy: 60.14%
  Epoch [102/500]  loss: 0.9108  accuracy: 67.65%  val_loss: 1.1674  val_accuracy: 60.14%
  Epoch [103/500]  loss: 0.8822  accuracy: 70.18%  val_loss: 1.1599  val_accuracy: 60.49%
  Epoch [104/500]  loss: 0.8614  accuracy: 70.44%  val_loss: 1.1730  val_accuracy: 60.14%
  Epoch [105/500]  loss: 0.8825  accuracy: 69.83%  val_loss: 1.1657  val_accuracy: 62.59%
  Epoch [106/500]  loss: 0.8832  accuracy: 69.14%  val_loss: 1.1397  val_accuracy: 59.09%
  Epoch [107/500]  loss: 0.8897  accuracy: 68.18%  val_loss: 1.1808  val_accuracy: 59.09%
  Epoch [108/500]  loss: 0.8868  accuracy: 69.40%  val_loss: 1.1753  val_accuracy: 60.14%
  Epoch [109/500]  loss: 0.8838  accuracy: 69.66%  val_loss: 1.1677  val_accuracy: 59.79%
  Epoch [110/500]  loss: 0.8839  accuracy: 69.40%  val_loss: 1.1756  val_accuracy: 58.74%
  Epoch [111/500]  loss: 0.8861  accuracy: 69.49%  val_loss: 1.2012  val_accuracy: 60.14%
  Epoch [112/500]  loss: 0.9104  accuracy: 68.70%  val_loss: 1.1859  val_accuracy: 60.49%
  Epoch [113/500]  loss: 0.8714  accuracy: 70.53%  val_loss: 1.1623  val_accuracy: 62.59%
  Epoch [114/500]  loss: 0.8851  accuracy: 69.66%  val_loss: 1.1671  val_accuracy: 61.54%
  Epoch [115/500]  loss: 0.8803  accuracy: 68.70%  val_loss: 1.1500  val_accuracy: 62.94%
  Epoch [116/500]  loss: 0.8748  accuracy: 69.22%  val_loss: 1.2072  val_accuracy: 60.84%
  Epoch [117/500]  loss: 0.8603  accuracy: 70.53%  val_loss: 1.1788  val_accuracy: 62.59%
  Epoch [118/500]  loss: 0.8790  accuracy: 70.88%  val_loss: 1.1648  val_accuracy: 60.84%
  Epoch [119/500]  loss: 0.8698  accuracy: 70.62%  val_loss: 1.1809  val_accuracy: 62.94%
  Epoch [120/500]  loss: 0.8666  accuracy: 69.05%  val_loss: 1.1655  val_accuracy: 60.84%
  Epoch [121/500]  loss: 0.8654  accuracy: 69.92%  val_loss: 1.2183  val_accuracy: 59.44%
  Epoch [122/500]  loss: 0.8704  accuracy: 71.05%  val_loss: 1.1801  val_accuracy: 61.19%
  Epoch [123/500]  loss: 0.8288  accuracy: 71.05%  val_loss: 1.1866  val_accuracy: 61.54%
  Early stopping triggered after 123 epochs (no improvement for 30 epochs).

  Fold 4 result: val_loss: 1.1349  val_accuracy: 58.39%

Fold [5 / 5]
----------------------------------------------------------------------
  Epoch [1/500]  loss: 2.0291  accuracy: 25.33%  val_loss: 1.7348  val_accuracy: 35.21%
  Epoch [2/500]  loss: 1.6319  accuracy: 33.16%  val_loss: 1.6005  val_accuracy: 39.44%
  Epoch [3/500]  loss: 1.5880  accuracy: 37.60%  val_loss: 1.6000  val_accuracy: 36.97%
  Epoch [4/500]  loss: 1.5134  accuracy: 38.90%  val_loss: 1.5362  val_accuracy: 44.72%
  Epoch [5/500]  loss: 1.4604  accuracy: 41.51%  val_loss: 1.4777  val_accuracy: 49.65%
  Epoch [6/500]  loss: 1.4626  accuracy: 41.69%  val_loss: 1.4810  val_accuracy: 50.70%
  Epoch [7/500]  loss: 1.4151  accuracy: 44.47%  val_loss: 1.4545  val_accuracy: 50.35%
  Epoch [8/500]  loss: 1.3665  accuracy: 47.43%  val_loss: 1.3892  val_accuracy: 55.99%
  Epoch [9/500]  loss: 1.3451  accuracy: 47.35%  val_loss: 1.4091  val_accuracy: 50.35%
  Epoch [10/500]  loss: 1.3494  accuracy: 47.00%  val_loss: 1.3651  val_accuracy: 56.69%
  Epoch [11/500]  loss: 1.3292  accuracy: 48.22%  val_loss: 1.3619  val_accuracy: 58.45%
  Epoch [12/500]  loss: 1.3081  accuracy: 49.00%  val_loss: 1.3423  val_accuracy: 57.39%
  Epoch [13/500]  loss: 1.2962  accuracy: 50.57%  val_loss: 1.3267  val_accuracy: 59.15%
  Epoch [14/500]  loss: 1.2565  accuracy: 51.78%  val_loss: 1.3469  val_accuracy: 58.45%
  Epoch [15/500]  loss: 1.2646  accuracy: 52.13%  val_loss: 1.3291  val_accuracy: 57.75%
  Epoch [16/500]  loss: 1.2447  accuracy: 52.92%  val_loss: 1.2694  val_accuracy: 59.15%
  Epoch [17/500]  loss: 1.2319  accuracy: 53.52%  val_loss: 1.2953  val_accuracy: 58.45%
  Epoch [18/500]  loss: 1.2290  accuracy: 52.48%  val_loss: 1.2986  val_accuracy: 59.51%
  Epoch [19/500]  loss: 1.2065  accuracy: 53.52%  val_loss: 1.3032  val_accuracy: 58.45%
  Epoch [20/500]  loss: 1.2246  accuracy: 54.22%  val_loss: 1.2880  val_accuracy: 59.86%
  Epoch [21/500]  loss: 1.2224  accuracy: 53.79%  val_loss: 1.2740  val_accuracy: 61.27%
  Epoch [22/500]  loss: 1.1873  accuracy: 53.87%  val_loss: 1.2724  val_accuracy: 60.21%
  Epoch [23/500]  loss: 1.1914  accuracy: 54.66%  val_loss: 1.2514  val_accuracy: 59.51%
  Epoch [24/500]  loss: 1.1777  accuracy: 56.05%  val_loss: 1.2825  val_accuracy: 59.51%
  Epoch [25/500]  loss: 1.1922  accuracy: 54.13%  val_loss: 1.2597  val_accuracy: 61.27%
  Epoch [26/500]  loss: 1.1621  accuracy: 55.79%  val_loss: 1.2513  val_accuracy: 63.38%
  Epoch [27/500]  loss: 1.1437  accuracy: 56.92%  val_loss: 1.2562  val_accuracy: 61.62%
  Epoch [28/500]  loss: 1.1665  accuracy: 56.48%  val_loss: 1.3074  val_accuracy: 60.21%
  Epoch [29/500]  loss: 1.1412  accuracy: 57.01%  val_loss: 1.2762  val_accuracy: 60.92%
  Epoch [30/500]  loss: 1.1567  accuracy: 54.92%  val_loss: 1.2467  val_accuracy: 61.62%
  Epoch [31/500]  loss: 1.1443  accuracy: 55.27%  val_loss: 1.1986  val_accuracy: 60.92%
  Epoch [32/500]  loss: 1.1582  accuracy: 56.14%  val_loss: 1.2516  val_accuracy: 58.45%
  Epoch [33/500]  loss: 1.1287  accuracy: 57.79%  val_loss: 1.2429  val_accuracy: 65.14%
  Epoch [34/500]  loss: 1.1432  accuracy: 57.88%  val_loss: 1.1939  val_accuracy: 61.97%
  Epoch [35/500]  loss: 1.1212  accuracy: 57.35%  val_loss: 1.2217  val_accuracy: 62.32%
  Epoch [36/500]  loss: 1.1358  accuracy: 57.62%  val_loss: 1.1972  val_accuracy: 63.73%
  Epoch [37/500]  loss: 1.1086  accuracy: 58.22%  val_loss: 1.2531  val_accuracy: 61.97%
  Epoch [38/500]  loss: 1.0971  accuracy: 58.40%  val_loss: 1.2027  val_accuracy: 63.03%
  Epoch [39/500]  loss: 1.0943  accuracy: 58.22%  val_loss: 1.2537  val_accuracy: 64.08%
  Epoch [40/500]  loss: 1.1156  accuracy: 57.18%  val_loss: 1.2010  val_accuracy: 62.32%
  Epoch [41/500]  loss: 1.0882  accuracy: 60.92%  val_loss: 1.1956  val_accuracy: 61.62%
  Epoch [42/500]  loss: 1.0927  accuracy: 57.62%  val_loss: 1.2092  val_accuracy: 65.85%
  Epoch [43/500]  loss: 1.0846  accuracy: 59.70%  val_loss: 1.2075  val_accuracy: 62.68%
  Epoch [44/500]  loss: 1.1205  accuracy: 58.22%  val_loss: 1.1731  val_accuracy: 61.62%
  Epoch [45/500]  loss: 1.0916  accuracy: 59.09%  val_loss: 1.2762  val_accuracy: 61.27%
  Epoch [46/500]  loss: 1.0786  accuracy: 59.36%  val_loss: 1.2095  val_accuracy: 63.38%
  Epoch [47/500]  loss: 1.0903  accuracy: 59.27%  val_loss: 1.1973  val_accuracy: 61.97%
  Epoch [48/500]  loss: 1.0603  accuracy: 61.27%  val_loss: 1.1791  val_accuracy: 62.32%
  Epoch [49/500]  loss: 1.0805  accuracy: 60.40%  val_loss: 1.2377  val_accuracy: 59.86%
  Epoch [50/500]  loss: 1.0554  accuracy: 60.49%  val_loss: 1.1767  val_accuracy: 61.97%
  Epoch [51/500]  loss: 1.0468  accuracy: 60.92%  val_loss: 1.1928  val_accuracy: 63.03%
  Epoch [52/500]  loss: 1.0670  accuracy: 60.57%  val_loss: 1.2374  val_accuracy: 61.97%
  Epoch [53/500]  loss: 1.0576  accuracy: 61.10%  val_loss: 1.1809  val_accuracy: 64.44%
  Epoch [54/500]  loss: 1.0366  accuracy: 61.01%  val_loss: 1.1887  val_accuracy: 62.68%
  Epoch [55/500]  loss: 1.0522  accuracy: 61.53%  val_loss: 1.2204  val_accuracy: 62.32%
  Epoch [56/500]  loss: 1.0347  accuracy: 62.23%  val_loss: 1.2048  val_accuracy: 62.68%
  Epoch [57/500]  loss: 1.0453  accuracy: 61.88%  val_loss: 1.1612  val_accuracy: 64.44%
  Epoch [58/500]  loss: 1.0434  accuracy: 60.49%  val_loss: 1.1856  val_accuracy: 62.68%
  Epoch [59/500]  loss: 1.0327  accuracy: 61.79%  val_loss: 1.1901  val_accuracy: 62.32%
  Epoch [60/500]  loss: 1.0177  accuracy: 61.27%  val_loss: 1.2006  val_accuracy: 60.92%
  Epoch [61/500]  loss: 1.0282  accuracy: 61.01%  val_loss: 1.2061  val_accuracy: 62.32%
  Epoch [62/500]  loss: 1.0411  accuracy: 62.23%  val_loss: 1.1758  val_accuracy: 61.97%
  Epoch [63/500]  loss: 1.0113  accuracy: 61.88%  val_loss: 1.1978  val_accuracy: 61.62%
  Epoch [64/500]  loss: 1.0121  accuracy: 61.97%  val_loss: 1.1782  val_accuracy: 61.27%
  Epoch [65/500]  loss: 1.0046  accuracy: 63.62%  val_loss: 1.1832  val_accuracy: 62.32%
  Epoch [66/500]  loss: 1.0109  accuracy: 62.75%  val_loss: 1.2057  val_accuracy: 59.51%
  Epoch [67/500]  loss: 0.9948  accuracy: 63.71%  val_loss: 1.1813  val_accuracy: 60.21%
  Epoch [68/500]  loss: 1.0119  accuracy: 62.32%  val_loss: 1.1799  val_accuracy: 60.92%
  Epoch [69/500]  loss: 1.0071  accuracy: 62.32%  val_loss: 1.1848  val_accuracy: 61.27%
  Epoch [70/500]  loss: 1.0060  accuracy: 63.27%  val_loss: 1.1893  val_accuracy: 64.79%
  Epoch [71/500]  loss: 0.9952  accuracy: 62.49%  val_loss: 1.1849  val_accuracy: 61.62%
  Epoch [72/500]  loss: 0.9976  accuracy: 63.97%  val_loss: 1.1959  val_accuracy: 59.86%
  Epoch [73/500]  loss: 0.9905  accuracy: 62.75%  val_loss: 1.1652  val_accuracy: 61.97%
  Epoch [74/500]  loss: 1.0009  accuracy: 62.32%  val_loss: 1.1703  val_accuracy: 62.32%
  Epoch [75/500]  loss: 0.9676  accuracy: 64.23%  val_loss: 1.1872  val_accuracy: 61.27%
  Epoch [76/500]  loss: 0.9705  accuracy: 63.10%  val_loss: 1.1856  val_accuracy: 64.08%
  Epoch [77/500]  loss: 0.9854  accuracy: 64.93%  val_loss: 1.2330  val_accuracy: 59.86%
  Epoch [78/500]  loss: 0.9715  accuracy: 65.71%  val_loss: 1.1653  val_accuracy: 60.21%
  Epoch [79/500]  loss: 0.9834  accuracy: 63.97%  val_loss: 1.1717  val_accuracy: 61.97%
  Epoch [80/500]  loss: 0.9856  accuracy: 64.23%  val_loss: 1.1884  val_accuracy: 60.92%
  Epoch [81/500]  loss: 0.9634  accuracy: 64.84%  val_loss: 1.1684  val_accuracy: 63.03%
  Epoch [82/500]  loss: 0.9539  accuracy: 65.80%  val_loss: 1.1688  val_accuracy: 62.68%
  Epoch [83/500]  loss: 0.9668  accuracy: 63.88%  val_loss: 1.1707  val_accuracy: 63.73%
  Epoch [84/500]  loss: 0.9472  accuracy: 65.88%  val_loss: 1.1888  val_accuracy: 63.73%
  Epoch [85/500]  loss: 0.9537  accuracy: 64.32%  val_loss: 1.1736  val_accuracy: 63.73%
  Epoch [86/500]  loss: 0.9370  accuracy: 66.49%  val_loss: 1.1769  val_accuracy: 63.38%
  Epoch [87/500]  loss: 0.9506  accuracy: 65.97%  val_loss: 1.1636  val_accuracy: 63.38%
  Early stopping triggered after 87 epochs (no improvement for 30 epochs).

  Fold 5 result: val_loss: 1.1612  val_accuracy: 64.44%

======================================================================
Cross-Validation Summary
======================================================================
    Fold      Val Loss      Val Accuracy
  ----------------------------------------
       1        1.0707            70.59%
       2        1.0872            65.16%
       3        1.0794            64.46%
       4        1.1349            58.39%
       5        1.1612            64.44%
  ----------------------------------------
    Mean        1.1067 ± 0.0393        64.61% ± 4.32%
======================================================================

Training final model on the full train+val pool...
----------------------------------------------------------------------
  Epoch [1/500]  loss: 2.0515  accuracy: 25.96%
  Epoch [2/500]  loss: 1.5958  accuracy: 35.59%
  Epoch [3/500]  loss: 1.5341  accuracy: 37.06%
  Epoch [4/500]  loss: 1.4837  accuracy: 39.15%
  Epoch [5/500]  loss: 1.4133  accuracy: 42.15%
  Epoch [6/500]  loss: 1.3933  accuracy: 43.41%
  Epoch [7/500]  loss: 1.3940  accuracy: 45.92%
  Epoch [8/500]  loss: 1.3587  accuracy: 46.69%
  Epoch [9/500]  loss: 1.3120  accuracy: 49.13%
  Epoch [10/500]  loss: 1.2749  accuracy: 49.41%
  Epoch [11/500]  loss: 1.3108  accuracy: 48.92%
  Epoch [12/500]  loss: 1.2756  accuracy: 49.69%
  Epoch [13/500]  loss: 1.2871  accuracy: 52.06%
  Epoch [14/500]  loss: 1.2657  accuracy: 51.85%
  Epoch [15/500]  loss: 1.2638  accuracy: 51.36%
  Epoch [16/500]  loss: 1.2223  accuracy: 53.18%
  Epoch [17/500]  loss: 1.2192  accuracy: 54.57%
  Epoch [18/500]  loss: 1.2323  accuracy: 54.36%
  Epoch [19/500]  loss: 1.2164  accuracy: 52.62%
  Epoch [20/500]  loss: 1.2036  accuracy: 55.13%
  Epoch [21/500]  loss: 1.1991  accuracy: 52.97%
  Epoch [22/500]  loss: 1.1642  accuracy: 55.83%
  Epoch [23/500]  loss: 1.1872  accuracy: 52.90%
  Epoch [24/500]  loss: 1.1800  accuracy: 55.48%
  Epoch [25/500]  loss: 1.1472  accuracy: 55.48%
  Epoch [26/500]  loss: 1.1551  accuracy: 57.36%
  Epoch [27/500]  loss: 1.1638  accuracy: 55.90%
  Epoch [28/500]  loss: 1.1731  accuracy: 55.69%
  Epoch [29/500]  loss: 1.1368  accuracy: 55.97%
  Epoch [30/500]  loss: 1.1424  accuracy: 57.50%
  Epoch [31/500]  loss: 1.1279  accuracy: 57.01%
  Epoch [32/500]  loss: 1.0989  accuracy: 57.92%
  Epoch [33/500]  loss: 1.1258  accuracy: 57.99%
  Epoch [34/500]  loss: 1.1226  accuracy: 58.34%
  Epoch [35/500]  loss: 1.0973  accuracy: 59.67%
  Epoch [36/500]  loss: 1.1342  accuracy: 56.66%
  Epoch [37/500]  loss: 1.0909  accuracy: 57.78%
  Epoch [38/500]  loss: 1.0931  accuracy: 58.13%
  Epoch [39/500]  loss: 1.0836  accuracy: 59.94%
  Epoch [40/500]  loss: 1.0902  accuracy: 59.04%
  Epoch [41/500]  loss: 1.1061  accuracy: 58.69%
  Epoch [42/500]  loss: 1.0736  accuracy: 59.46%
  Epoch [43/500]  loss: 1.0763  accuracy: 59.67%
  Epoch [44/500]  loss: 1.0862  accuracy: 58.76%
  Epoch [45/500]  loss: 1.0801  accuracy: 60.29%
  Epoch [46/500]  loss: 1.0765  accuracy: 60.08%
  Epoch [47/500]  loss: 1.0736  accuracy: 59.53%
  Epoch [48/500]  loss: 1.0484  accuracy: 60.92%
  Epoch [49/500]  loss: 1.0524  accuracy: 60.64%
  Epoch [50/500]  loss: 1.0474  accuracy: 61.76%
  Epoch [51/500]  loss: 1.0643  accuracy: 60.29%
  Epoch [52/500]  loss: 1.0533  accuracy: 60.64%
  Epoch [53/500]  loss: 1.0584  accuracy: 59.87%
  Epoch [54/500]  loss: 1.0451  accuracy: 60.99%
  Epoch [55/500]  loss: 1.0325  accuracy: 61.90%
  Epoch [56/500]  loss: 1.0264  accuracy: 60.92%
  Epoch [57/500]  loss: 1.0385  accuracy: 62.53%
  Epoch [58/500]  loss: 1.0248  accuracy: 61.13%
  Epoch [59/500]  loss: 1.0282  accuracy: 61.06%
  Epoch [60/500]  loss: 1.0303  accuracy: 60.71%
  Epoch [61/500]  loss: 1.0388  accuracy: 61.20%
  Epoch [62/500]  loss: 1.0452  accuracy: 60.15%
  Epoch [63/500]  loss: 1.0102  accuracy: 61.97%
  Epoch [64/500]  loss: 1.0266  accuracy: 61.34%
  Epoch [65/500]  loss: 1.0101  accuracy: 61.83%
  Epoch [66/500]  loss: 1.0003  accuracy: 62.32%
  Epoch [67/500]  loss: 1.0191  accuracy: 61.06%
  Epoch [68/500]  loss: 0.9991  accuracy: 63.99%
  Epoch [69/500]  loss: 0.9994  accuracy: 62.46%
  Epoch [70/500]  loss: 1.0075  accuracy: 61.76%
  Epoch [71/500]  loss: 0.9890  accuracy: 62.46%
  Epoch [72/500]  loss: 1.0059  accuracy: 62.39%
  Epoch [73/500]  loss: 0.9959  accuracy: 62.39%
  Epoch [74/500]  loss: 0.9827  accuracy: 62.53%
  Epoch [75/500]  loss: 1.0148  accuracy: 62.32%
  Epoch [76/500]  loss: 0.9709  accuracy: 63.29%
  Epoch [77/500]  loss: 0.9764  accuracy: 62.67%
  Epoch [78/500]  loss: 0.9758  accuracy: 63.15%
  Epoch [79/500]  loss: 0.9902  accuracy: 62.94%
  Epoch [80/500]  loss: 0.9883  accuracy: 62.74%
  Epoch [81/500]  loss: 0.9799  accuracy: 64.13%
  Epoch [82/500]  loss: 0.9701  accuracy: 64.06%
  Epoch [83/500]  loss: 0.9609  accuracy: 63.78%
  Epoch [84/500]  loss: 0.9586  accuracy: 64.97%
  Epoch [85/500]  loss: 0.9728  accuracy: 63.43%
  Epoch [86/500]  loss: 0.9608  accuracy: 64.69%
  Epoch [87/500]  loss: 0.9781  accuracy: 63.22%
  Epoch [88/500]  loss: 0.9503  accuracy: 64.27%
  Epoch [89/500]  loss: 0.9732  accuracy: 62.94%
  Epoch [90/500]  loss: 0.9697  accuracy: 65.04%
  Epoch [91/500]  loss: 0.9542  accuracy: 63.50%
  Epoch [92/500]  loss: 0.9518  accuracy: 64.20%
  Epoch [93/500]  loss: 0.9529  accuracy: 63.22%
  Epoch [94/500]  loss: 0.9287  accuracy: 65.46%
  Epoch [95/500]  loss: 0.9488  accuracy: 64.76%
  Epoch [96/500]  loss: 0.9452  accuracy: 65.53%
  Epoch [97/500]  loss: 0.9515  accuracy: 64.76%
  Epoch [98/500]  loss: 0.9562  accuracy: 64.48%
  Epoch [99/500]  loss: 0.9314  accuracy: 66.43%
  Epoch [100/500]  loss: 0.9415  accuracy: 65.39%
  Epoch [101/500]  loss: 0.9517  accuracy: 62.60%
  Epoch [102/500]  loss: 0.9290  accuracy: 64.76%
  Epoch [103/500]  loss: 0.9504  accuracy: 66.09%
  Epoch [104/500]  loss: 0.9271  accuracy: 65.46%
  Epoch [105/500]  loss: 0.9316  accuracy: 66.02%
  Epoch [106/500]  loss: 0.9241  accuracy: 65.32%
  Epoch [107/500]  loss: 0.9411  accuracy: 66.36%
  Epoch [108/500]  loss: 0.9163  accuracy: 67.27%
  Epoch [109/500]  loss: 0.9028  accuracy: 66.57%
  Epoch [110/500]  loss: 0.9272  accuracy: 66.15%
  Epoch [111/500]  loss: 0.9387  accuracy: 64.55%
  Epoch [112/500]  loss: 0.9058  accuracy: 67.90%
  Epoch [113/500]  loss: 0.9074  accuracy: 66.22%
  Epoch [114/500]  loss: 0.9120  accuracy: 65.46%
  Epoch [115/500]  loss: 0.8991  accuracy: 67.34%
  Epoch [116/500]  loss: 0.9260  accuracy: 66.43%
  Epoch [117/500]  loss: 0.9024  accuracy: 66.99%
  Epoch [118/500]  loss: 0.8947  accuracy: 66.43%
  Epoch [119/500]  loss: 0.9155  accuracy: 66.85%
  Epoch [120/500]  loss: 0.9033  accuracy: 66.02%
  Epoch [121/500]  loss: 0.9098  accuracy: 66.78%
  Epoch [122/500]  loss: 0.8976  accuracy: 66.85%
  Epoch [123/500]  loss: 0.9101  accuracy: 66.78%
  Epoch [124/500]  loss: 0.9040  accuracy: 66.50%
  Epoch [125/500]  loss: 0.9103  accuracy: 66.36%
  Epoch [126/500]  loss: 0.9166  accuracy: 66.43%
  Epoch [127/500]  loss: 0.8941  accuracy: 67.34%
  Epoch [128/500]  loss: 0.8908  accuracy: 68.39%
  Epoch [129/500]  loss: 0.8830  accuracy: 66.92%
  Epoch [130/500]  loss: 0.8885  accuracy: 68.88%
  Epoch [131/500]  loss: 0.8906  accuracy: 67.76%
  Epoch [132/500]  loss: 0.8822  accuracy: 67.48%
  Epoch [133/500]  loss: 0.8783  accuracy: 67.34%
  Epoch [134/500]  loss: 0.8902  accuracy: 68.11%
  Epoch [135/500]  loss: 0.8795  accuracy: 68.53%
  Epoch [136/500]  loss: 0.8718  accuracy: 68.74%
  Epoch [137/500]  loss: 0.8752  accuracy: 68.32%
  Epoch [138/500]  loss: 0.8829  accuracy: 67.13%
  Epoch [139/500]  loss: 0.8837  accuracy: 67.48%
  Epoch [140/500]  loss: 0.8795  accuracy: 67.76%
  Epoch [141/500]  loss: 0.8737  accuracy: 69.23%
  Epoch [142/500]  loss: 0.8870  accuracy: 67.90%
  Epoch [143/500]  loss: 0.8867  accuracy: 67.13%
  Epoch [144/500]  loss: 0.8634  accuracy: 68.46%
  Epoch [145/500]  loss: 0.8696  accuracy: 67.97%
  Epoch [146/500]  loss: 0.8839  accuracy: 67.97%
  Epoch [147/500]  loss: 0.8914  accuracy: 68.39%
  Epoch [148/500]  loss: 0.8876  accuracy: 66.92%
  Epoch [149/500]  loss: 0.8851  accuracy: 67.83%
  Epoch [150/500]  loss: 0.8707  accuracy: 69.16%
  Epoch [151/500]  loss: 0.8633  accuracy: 69.78%
  Epoch [152/500]  loss: 0.8631  accuracy: 69.71%
  Epoch [153/500]  loss: 0.8756  accuracy: 67.90%
  Epoch [154/500]  loss: 0.8421  accuracy: 69.64%
  Epoch [155/500]  loss: 0.8702  accuracy: 69.02%
  Epoch [156/500]  loss: 0.8632  accuracy: 68.25%
  Epoch [157/500]  loss: 0.8683  accuracy: 69.36%
  Epoch [158/500]  loss: 0.8651  accuracy: 69.43%
  Epoch [159/500]  loss: 0.8600  accuracy: 69.30%
  Epoch [160/500]  loss: 0.8521  accuracy: 69.78%
  Epoch [161/500]  loss: 0.8722  accuracy: 68.53%
  Epoch [162/500]  loss: 0.8617  accuracy: 69.64%
  Epoch [163/500]  loss: 0.8638  accuracy: 68.95%
  Epoch [164/500]  loss: 0.8423  accuracy: 70.48%
  Epoch [165/500]  loss: 0.8358  accuracy: 70.06%
  Epoch [166/500]  loss: 0.8496  accuracy: 69.57%
  Epoch [167/500]  loss: 0.8413  accuracy: 69.50%
  Epoch [168/500]  loss: 0.8496  accuracy: 68.67%
  Epoch [169/500]  loss: 0.8474  accuracy: 71.11%
  Epoch [170/500]  loss: 0.8537  accuracy: 69.71%
  Epoch [171/500]  loss: 0.8421  accuracy: 69.64%
  Epoch [172/500]  loss: 0.8543  accuracy: 69.85%
  Epoch [173/500]  loss: 0.8397  accuracy: 70.55%
  Epoch [174/500]  loss: 0.8621  accuracy: 69.02%
  Epoch [175/500]  loss: 0.8392  accuracy: 70.90%
  Epoch [176/500]  loss: 0.8411  accuracy: 70.97%
  Epoch [177/500]  loss: 0.8440  accuracy: 69.50%
  Epoch [178/500]  loss: 0.8456  accuracy: 70.41%
  Epoch [179/500]  loss: 0.8372  accuracy: 70.76%
  Epoch [180/500]  loss: 0.8317  accuracy: 71.11%
  Epoch [181/500]  loss: 0.8479  accuracy: 69.92%
  Epoch [182/500]  loss: 0.8354  accuracy: 71.04%
  Epoch [183/500]  loss: 0.8233  accuracy: 71.46%
  Epoch [184/500]  loss: 0.8261  accuracy: 70.90%
  Epoch [185/500]  loss: 0.8390  accuracy: 70.06%
  Epoch [186/500]  loss: 0.8291  accuracy: 70.55%
  Epoch [187/500]  loss: 0.8380  accuracy: 70.13%
  Epoch [188/500]  loss: 0.8308  accuracy: 70.41%
  Epoch [189/500]  loss: 0.8255  accuracy: 71.11%
  Epoch [190/500]  loss: 0.8206  accuracy: 71.74%
  Epoch [191/500]  loss: 0.8194  accuracy: 72.30%
  Epoch [192/500]  loss: 0.8465  accuracy: 69.99%
  Epoch [193/500]  loss: 0.8379  accuracy: 69.71%
  Epoch [194/500]  loss: 0.8200  accuracy: 71.53%
  Epoch [195/500]  loss: 0.8340  accuracy: 71.39%
  Epoch [196/500]  loss: 0.8446  accuracy: 71.04%
  Epoch [197/500]  loss: 0.8308  accuracy: 71.67%
  Epoch [198/500]  loss: 0.8083  accuracy: 72.23%
  Epoch [199/500]  loss: 0.8337  accuracy: 71.11%
  Epoch [200/500]  loss: 0.8349  accuracy: 69.30%
  Epoch [201/500]  loss: 0.8325  accuracy: 70.13%
  Epoch [202/500]  loss: 0.8116  accuracy: 72.09%
  Epoch [203/500]  loss: 0.8114  accuracy: 72.02%
  Epoch [204/500]  loss: 0.8286  accuracy: 70.20%
  Epoch [205/500]  loss: 0.8093  accuracy: 73.13%
  Epoch [206/500]  loss: 0.7945  accuracy: 72.71%
  Epoch [207/500]  loss: 0.8360  accuracy: 70.41%
  Epoch [208/500]  loss: 0.8123  accuracy: 73.13%
  Epoch [209/500]  loss: 0.8175  accuracy: 70.90%
  Epoch [210/500]  loss: 0.8151  accuracy: 72.51%
  Epoch [211/500]  loss: 0.8101  accuracy: 73.55%
  Epoch [212/500]  loss: 0.8124  accuracy: 71.60%
  Epoch [213/500]  loss: 0.8149  accuracy: 70.90%
  Epoch [214/500]  loss: 0.8088  accuracy: 71.81%
  Epoch [215/500]  loss: 0.8058  accuracy: 71.46%
  Epoch [216/500]  loss: 0.8011  accuracy: 73.27%
  Epoch [217/500]  loss: 0.8069  accuracy: 72.58%
  Epoch [218/500]  loss: 0.8065  accuracy: 72.37%
  Epoch [219/500]  loss: 0.8129  accuracy: 71.32%
  Epoch [220/500]  loss: 0.8044  accuracy: 73.62%
  Epoch [221/500]  loss: 0.8005  accuracy: 73.27%
  Epoch [222/500]  loss: 0.8112  accuracy: 72.23%
  Epoch [223/500]  loss: 0.8148  accuracy: 71.32%
  Epoch [224/500]  loss: 0.7975  accuracy: 73.06%
  Epoch [225/500]  loss: 0.8067  accuracy: 71.11%
  Epoch [226/500]  loss: 0.7821  accuracy: 73.90%
  Epoch [227/500]  loss: 0.8081  accuracy: 72.02%
  Epoch [228/500]  loss: 0.7905  accuracy: 72.64%
  Epoch [229/500]  loss: 0.8209  accuracy: 70.69%
  Epoch [230/500]  loss: 0.8044  accuracy: 73.27%
  Epoch [231/500]  loss: 0.7913  accuracy: 72.37%
  Epoch [232/500]  loss: 0.7957  accuracy: 72.51%
  Epoch [233/500]  loss: 0.8018  accuracy: 72.23%
  Epoch [234/500]  loss: 0.8055  accuracy: 73.62%
  Epoch [235/500]  loss: 0.8042  accuracy: 72.44%
  Epoch [236/500]  loss: 0.7976  accuracy: 72.51%
  Epoch [237/500]  loss: 0.7900  accuracy: 72.99%
  Epoch [238/500]  loss: 0.7786  accuracy: 74.04%
  Epoch [239/500]  loss: 0.7856  accuracy: 74.11%
  Epoch [240/500]  loss: 0.7836  accuracy: 74.74%
  Epoch [241/500]  loss: 0.7918  accuracy: 73.69%
  Epoch [242/500]  loss: 0.7788  accuracy: 73.13%
  Epoch [243/500]  loss: 0.8084  accuracy: 72.37%
  Epoch [244/500]  loss: 0.7830  accuracy: 74.18%
  Epoch [245/500]  loss: 0.7807  accuracy: 73.97%
  Epoch [246/500]  loss: 0.7795  accuracy: 73.62%
  Epoch [247/500]  loss: 0.7861  accuracy: 73.20%
  Epoch [248/500]  loss: 0.7884  accuracy: 73.06%
  Epoch [249/500]  loss: 0.7883  accuracy: 74.04%
  Epoch [250/500]  loss: 0.7877  accuracy: 73.41%
  Epoch [251/500]  loss: 0.7851  accuracy: 74.18%
  Epoch [252/500]  loss: 0.7891  accuracy: 73.97%
  Epoch [253/500]  loss: 0.7891  accuracy: 74.11%
  Epoch [254/500]  loss: 0.7816  accuracy: 74.81%
  Epoch [255/500]  loss: 0.7792  accuracy: 74.60%
  Epoch [256/500]  loss: 0.7741  accuracy: 73.90%
  Epoch [257/500]  loss: 0.7851  accuracy: 75.09%
  Epoch [258/500]  loss: 0.7739  accuracy: 74.88%
  Epoch [259/500]  loss: 0.7876  accuracy: 73.97%
  Epoch [260/500]  loss: 0.7676  accuracy: 75.65%
  Epoch [261/500]  loss: 0.7824  accuracy: 75.30%
  Epoch [262/500]  loss: 0.7610  accuracy: 76.34%
  Epoch [263/500]  loss: 0.7663  accuracy: 73.76%
  Epoch [264/500]  loss: 0.7816  accuracy: 73.62%
  Epoch [265/500]  loss: 0.7788  accuracy: 73.62%
  Epoch [266/500]  loss: 0.7765  accuracy: 75.16%
  Epoch [267/500]  loss: 0.7868  accuracy: 73.62%
  Epoch [268/500]  loss: 0.7767  accuracy: 75.02%
  Epoch [269/500]  loss: 0.7773  accuracy: 74.53%
  Epoch [270/500]  loss: 0.7731  accuracy: 74.32%
  Epoch [271/500]  loss: 0.7738  accuracy: 74.74%
  Epoch [272/500]  loss: 0.7672  accuracy: 74.39%
  Epoch [273/500]  loss: 0.7653  accuracy: 75.58%
  Epoch [274/500]  loss: 0.7768  accuracy: 75.09%
  Epoch [275/500]  loss: 0.7454  accuracy: 75.85%
  Epoch [276/500]  loss: 0.7578  accuracy: 75.92%
  Epoch [277/500]  loss: 0.7604  accuracy: 75.51%
  Epoch [278/500]  loss: 0.7459  accuracy: 76.20%
  Epoch [279/500]  loss: 0.7569  accuracy: 75.51%
  Epoch [280/500]  loss: 0.7765  accuracy: 75.23%
  Epoch [281/500]  loss: 0.7771  accuracy: 75.72%
  Epoch [282/500]  loss: 0.7630  accuracy: 75.23%
  Epoch [283/500]  loss: 0.7710  accuracy: 76.06%
  Epoch [284/500]  loss: 0.7552  accuracy: 76.06%
  Epoch [285/500]  loss: 0.7371  accuracy: 76.97%
  Epoch [286/500]  loss: 0.7672  accuracy: 76.06%
  Epoch [287/500]  loss: 0.7384  accuracy: 77.25%
  Epoch [288/500]  loss: 0.7550  accuracy: 76.48%
  Epoch [289/500]  loss: 0.7503  accuracy: 76.69%
  Epoch [290/500]  loss: 0.7655  accuracy: 76.13%
  Epoch [291/500]  loss: 0.7698  accuracy: 75.44%
  Epoch [292/500]  loss: 0.7603  accuracy: 74.88%
  Epoch [293/500]  loss: 0.7350  accuracy: 77.74%
  Epoch [294/500]  loss: 0.7455  accuracy: 77.04%
  Epoch [295/500]  loss: 0.7454  accuracy: 76.69%
  Epoch [296/500]  loss: 0.7573  accuracy: 77.88%
  Epoch [297/500]  loss: 0.7386  accuracy: 78.44%
  Epoch [298/500]  loss: 0.7483  accuracy: 76.97%
  Epoch [299/500]  loss: 0.7539  accuracy: 77.39%
  Epoch [300/500]  loss: 0.7565  accuracy: 76.76%
  Epoch [301/500]  loss: 0.7417  accuracy: 77.74%
  Epoch [302/500]  loss: 0.7428  accuracy: 78.30%
  Epoch [303/500]  loss: 0.7434  accuracy: 76.97%
  Epoch [304/500]  loss: 0.7340  accuracy: 77.74%
  Epoch [305/500]  loss: 0.7546  accuracy: 76.83%
  Epoch [306/500]  loss: 0.7448  accuracy: 76.97%
  Epoch [307/500]  loss: 0.7374  accuracy: 77.46%
  Epoch [308/500]  loss: 0.7548  accuracy: 76.90%
  Epoch [309/500]  loss: 0.7527  accuracy: 75.79%
  Epoch [310/500]  loss: 0.7392  accuracy: 79.27%
  Epoch [311/500]  loss: 0.7264  accuracy: 78.51%
  Epoch [312/500]  loss: 0.7280  accuracy: 78.37%
  Epoch [313/500]  loss: 0.7165  accuracy: 79.34%
  Epoch [314/500]  loss: 0.7550  accuracy: 76.41%
  Epoch [315/500]  loss: 0.7444  accuracy: 77.11%
  Epoch [316/500]  loss: 0.7222  accuracy: 79.27%
  Epoch [317/500]  loss: 0.7353  accuracy: 77.60%
  Epoch [318/500]  loss: 0.7249  accuracy: 78.93%
  Epoch [319/500]  loss: 0.7228  accuracy: 78.37%
  Epoch [320/500]  loss: 0.7245  accuracy: 77.74%
  Epoch [321/500]  loss: 0.7424  accuracy: 79.00%
  Epoch [322/500]  loss: 0.7266  accuracy: 79.20%
  Epoch [323/500]  loss: 0.7440  accuracy: 78.23%
  Epoch [324/500]  loss: 0.7587  accuracy: 77.81%
  Epoch [325/500]  loss: 0.7239  accuracy: 79.20%
  Epoch [326/500]  loss: 0.7378  accuracy: 77.74%
  Epoch [327/500]  loss: 0.7240  accuracy: 78.58%
  Epoch [328/500]  loss: 0.7232  accuracy: 78.65%
  Epoch [329/500]  loss: 0.7412  accuracy: 78.93%
  Epoch [330/500]  loss: 0.7333  accuracy: 78.02%
  Epoch [331/500]  loss: 0.7235  accuracy: 79.83%
  Epoch [332/500]  loss: 0.7138  accuracy: 80.32%
  Epoch [333/500]  loss: 0.7313  accuracy: 79.13%
  Epoch [334/500]  loss: 0.7137  accuracy: 80.88%
  Epoch [335/500]  loss: 0.7372  accuracy: 79.00%
  Epoch [336/500]  loss: 0.7534  accuracy: 78.93%
  Epoch [337/500]  loss: 0.7223  accuracy: 79.20%
  Epoch [338/500]  loss: 0.7284  accuracy: 78.65%
  Epoch [339/500]  loss: 0.6987  accuracy: 80.39%
  Epoch [340/500]  loss: 0.7126  accuracy: 80.04%
  Epoch [341/500]  loss: 0.7306  accuracy: 79.20%
  Epoch [342/500]  loss: 0.7248  accuracy: 80.11%
  Epoch [343/500]  loss: 0.7233  accuracy: 79.62%
  Epoch [344/500]  loss: 0.7091  accuracy: 80.67%
  Epoch [345/500]  loss: 0.7131  accuracy: 80.32%
  Epoch [346/500]  loss: 0.7062  accuracy: 80.04%
  Epoch [347/500]  loss: 0.7106  accuracy: 78.86%
  Epoch [348/500]  loss: 0.7103  accuracy: 79.69%
  Epoch [349/500]  loss: 0.7099  accuracy: 79.00%
  Epoch [350/500]  loss: 0.7083  accuracy: 81.09%
  Epoch [351/500]  loss: 0.7216  accuracy: 79.62%
  Epoch [352/500]  loss: 0.7183  accuracy: 79.76%
  Epoch [353/500]  loss: 0.7139  accuracy: 80.46%
  Epoch [354/500]  loss: 0.7186  accuracy: 79.97%
  Epoch [355/500]  loss: 0.7105  accuracy: 81.51%
  Epoch [356/500]  loss: 0.7082  accuracy: 79.97%
  Epoch [357/500]  loss: 0.7133  accuracy: 80.95%
  Epoch [358/500]  loss: 0.7165  accuracy: 81.51%
  Epoch [359/500]  loss: 0.7141  accuracy: 78.86%
  Epoch [360/500]  loss: 0.7063  accuracy: 80.95%
  Epoch [361/500]  loss: 0.7144  accuracy: 80.04%
  Epoch [362/500]  loss: 0.7074  accuracy: 81.93%
  Epoch [363/500]  loss: 0.6978  accuracy: 81.65%
  Epoch [364/500]  loss: 0.7140  accuracy: 81.65%
  Epoch [365/500]  loss: 0.7010  accuracy: 80.25%
  Epoch [366/500]  loss: 0.6892  accuracy: 82.21%
  Epoch [367/500]  loss: 0.6941  accuracy: 81.51%
  Epoch [368/500]  loss: 0.6915  accuracy: 82.62%
  Epoch [369/500]  loss: 0.6953  accuracy: 81.44%
  Epoch [370/500]  loss: 0.7060  accuracy: 81.16%
  Epoch [371/500]  loss: 0.7079  accuracy: 82.00%
  Epoch [372/500]  loss: 0.6863  accuracy: 81.16%
  Epoch [373/500]  loss: 0.6897  accuracy: 82.62%
  Epoch [374/500]  loss: 0.7234  accuracy: 79.34%
  Epoch [375/500]  loss: 0.6992  accuracy: 81.65%
  Epoch [376/500]  loss: 0.6853  accuracy: 81.09%
  Epoch [377/500]  loss: 0.6995  accuracy: 81.09%
  Epoch [378/500]  loss: 0.7036  accuracy: 81.72%
  Epoch [379/500]  loss: 0.6958  accuracy: 82.27%
  Epoch [380/500]  loss: 0.7072  accuracy: 80.81%
  Epoch [381/500]  loss: 0.6848  accuracy: 82.69%
  Epoch [382/500]  loss: 0.6934  accuracy: 82.21%
  Epoch [383/500]  loss: 0.7111  accuracy: 82.21%
  Epoch [384/500]  loss: 0.7163  accuracy: 81.58%
  Epoch [385/500]  loss: 0.7147  accuracy: 80.46%
  Epoch [386/500]  loss: 0.7018  accuracy: 83.11%
  Epoch [387/500]  loss: 0.6766  accuracy: 84.09%
  Epoch [388/500]  loss: 0.6777  accuracy: 83.88%
  Epoch [389/500]  loss: 0.6925  accuracy: 81.65%
  Epoch [390/500]  loss: 0.7069  accuracy: 81.51%
  Epoch [391/500]  loss: 0.6951  accuracy: 83.11%
  Epoch [392/500]  loss: 0.6993  accuracy: 81.65%
  Epoch [393/500]  loss: 0.6896  accuracy: 81.72%
  Epoch [394/500]  loss: 0.6862  accuracy: 82.07%
  Epoch [395/500]  loss: 0.6787  accuracy: 83.11%
  Epoch [396/500]  loss: 0.7009  accuracy: 82.21%
  Epoch [397/500]  loss: 0.6969  accuracy: 83.18%
  Epoch [398/500]  loss: 0.6809  accuracy: 82.76%
  Epoch [399/500]  loss: 0.7027  accuracy: 81.51%
  Epoch [400/500]  loss: 0.6907  accuracy: 81.65%
  Epoch [401/500]  loss: 0.6802  accuracy: 83.67%
  Epoch [402/500]  loss: 0.7054  accuracy: 81.23%
  Epoch [403/500]  loss: 0.7046  accuracy: 82.00%
  Epoch [404/500]  loss: 0.6810  accuracy: 82.21%
  Epoch [405/500]  loss: 0.6828  accuracy: 83.60%
  Epoch [406/500]  loss: 0.6706  accuracy: 84.02%
  Epoch [407/500]  loss: 0.6855  accuracy: 83.88%
  Epoch [408/500]  loss: 0.6731  accuracy: 83.81%
  Epoch [409/500]  loss: 0.6776  accuracy: 83.67%
  Epoch [410/500]  loss: 0.6853  accuracy: 83.25%
  Epoch [411/500]  loss: 0.6898  accuracy: 82.41%
  Epoch [412/500]  loss: 0.6931  accuracy: 83.46%
  Epoch [413/500]  loss: 0.6876  accuracy: 83.25%
  Epoch [414/500]  loss: 0.6704  accuracy: 84.51%
  Epoch [415/500]  loss: 0.6864  accuracy: 83.32%
  Epoch [416/500]  loss: 0.6750  accuracy: 85.14%
  Epoch [417/500]  loss: 0.6746  accuracy: 83.46%
  Epoch [418/500]  loss: 0.6718  accuracy: 84.37%
  Epoch [419/500]  loss: 0.7036  accuracy: 82.62%
  Epoch [420/500]  loss: 0.6547  accuracy: 85.69%
  Epoch [421/500]  loss: 0.6734  accuracy: 83.67%
  Epoch [422/500]  loss: 0.6627  accuracy: 85.00%
  Epoch [423/500]  loss: 0.6961  accuracy: 83.25%
  Epoch [424/500]  loss: 0.6786  accuracy: 82.69%
  Epoch [425/500]  loss: 0.6742  accuracy: 83.88%
  Epoch [426/500]  loss: 0.6713  accuracy: 83.25%
  Epoch [427/500]  loss: 0.6791  accuracy: 83.74%
  Epoch [428/500]  loss: 0.6873  accuracy: 82.62%
  Epoch [429/500]  loss: 0.6909  accuracy: 82.76%
  Epoch [430/500]  loss: 0.6689  accuracy: 84.30%
  Epoch [431/500]  loss: 0.6695  accuracy: 84.79%
  Epoch [432/500]  loss: 0.6503  accuracy: 84.58%
  Epoch [433/500]  loss: 0.6655  accuracy: 84.09%
  Epoch [434/500]  loss: 0.6763  accuracy: 83.88%
  Epoch [435/500]  loss: 0.6840  accuracy: 83.32%
  Epoch [436/500]  loss: 0.6834  accuracy: 84.51%
  Epoch [437/500]  loss: 0.6736  accuracy: 83.46%
  Epoch [438/500]  loss: 0.6496  accuracy: 86.11%
  Epoch [439/500]  loss: 0.6582  accuracy: 84.58%
  Epoch [440/500]  loss: 0.6821  accuracy: 82.97%
  Epoch [441/500]  loss: 0.6650  accuracy: 84.72%
  Epoch [442/500]  loss: 0.6801  accuracy: 83.95%
  Epoch [443/500]  loss: 0.6576  accuracy: 85.00%
  Epoch [444/500]  loss: 0.6508  accuracy: 84.72%
  Epoch [445/500]  loss: 0.6492  accuracy: 85.83%
  Epoch [446/500]  loss: 0.6424  accuracy: 86.04%
  Epoch [447/500]  loss: 0.6426  accuracy: 85.62%
  Epoch [448/500]  loss: 0.6636  accuracy: 85.97%
  Epoch [449/500]  loss: 0.6555  accuracy: 85.90%
  Epoch [450/500]  loss: 0.6602  accuracy: 86.04%
  Epoch [451/500]  loss: 0.6511  accuracy: 86.11%
  Epoch [452/500]  loss: 0.6585  accuracy: 85.42%
  Epoch [453/500]  loss: 0.6344  accuracy: 87.58%
  Epoch [454/500]  loss: 0.6401  accuracy: 86.39%
  Epoch [455/500]  loss: 0.6751  accuracy: 84.86%
  Epoch [456/500]  loss: 0.6875  accuracy: 84.02%
  Epoch [457/500]  loss: 0.6430  accuracy: 86.74%
  Epoch [458/500]  loss: 0.6722  accuracy: 84.65%
  Epoch [459/500]  loss: 0.6551  accuracy: 85.28%
  Epoch [460/500]  loss: 0.6673  accuracy: 85.83%
  Epoch [461/500]  loss: 0.6595  accuracy: 85.48%
  Epoch [462/500]  loss: 0.6621  accuracy: 85.90%
  Epoch [463/500]  loss: 0.6411  accuracy: 88.00%
  Epoch [464/500]  loss: 0.6645  accuracy: 84.58%
  Epoch [465/500]  loss: 0.6511  accuracy: 85.28%
  Epoch [466/500]  loss: 0.6620  accuracy: 84.58%
  Epoch [467/500]  loss: 0.6510  accuracy: 86.67%
  Epoch [468/500]  loss: 0.6442  accuracy: 86.04%
  Epoch [469/500]  loss: 0.6515  accuracy: 85.48%
  Epoch [470/500]  loss: 0.6409  accuracy: 85.90%
  Epoch [471/500]  loss: 0.6530  accuracy: 85.76%
  Epoch [472/500]  loss: 0.6479  accuracy: 85.97%
  Epoch [473/500]  loss: 0.6501  accuracy: 86.39%
  Epoch [474/500]  loss: 0.6534  accuracy: 85.90%
  Epoch [475/500]  loss: 0.6571  accuracy: 86.39%
  Epoch [476/500]  loss: 0.6342  accuracy: 87.72%
  Epoch [477/500]  loss: 0.6576  accuracy: 86.32%
  Epoch [478/500]  loss: 0.6670  accuracy: 85.00%
  Epoch [479/500]  loss: 0.6317  accuracy: 86.18%
  Epoch [480/500]  loss: 0.6380  accuracy: 87.51%
  Epoch [481/500]  loss: 0.6394  accuracy: 87.44%
  Epoch [482/500]  loss: 0.6345  accuracy: 87.51%
  Epoch [483/500]  loss: 0.6507  accuracy: 85.97%
  Epoch [484/500]  loss: 0.6583  accuracy: 85.62%
  Epoch [485/500]  loss: 0.6415  accuracy: 86.74%
  Epoch [486/500]  loss: 0.6532  accuracy: 85.35%
  Epoch [487/500]  loss: 0.6452  accuracy: 86.95%
  Epoch [488/500]  loss: 0.6585  accuracy: 86.74%
  Epoch [489/500]  loss: 0.6401  accuracy: 86.81%
  Epoch [490/500]  loss: 0.6645  accuracy: 85.07%
  Epoch [491/500]  loss: 0.6498  accuracy: 85.48%
  Epoch [492/500]  loss: 0.6553  accuracy: 86.32%
  Epoch [493/500]  loss: 0.6504  accuracy: 85.83%
  Epoch [494/500]  loss: 0.6688  accuracy: 86.04%
  Epoch [495/500]  loss: 0.6514  accuracy: 86.04%
  Epoch [496/500]  loss: 0.6523  accuracy: 86.32%
  Epoch [497/500]  loss: 0.6451  accuracy: 86.88%
  Epoch [498/500]  loss: 0.6508  accuracy: 85.90%
  Epoch [499/500]  loss: 0.6405  accuracy: 87.30%
  Epoch [500/500]  loss: 0.6357  accuracy: 87.09%

======================================================================
Testing
======================================================================
  Test accuracy: 65.52%

  Class                      Samples  Precision   Recall       F1
  ---------------------------------------------------------------
  Cabernet Sauvignon             29     0.4583   0.3793   0.4151
  Chardonnay                     32     0.5385   0.6562   0.5915
  Malbec                         24     0.3636   0.3333   0.3478
  Pinot Noir                     23     0.4783   0.4783   0.4783
  Sauvignon blanc                31     0.4688   0.4839   0.4762
  orange wine                    33     0.7714   0.8182   0.7941
  rose wine                      89     0.9070   0.8764   0.8914

  Checkpoint saved to results/v19/checkpoint.pth
  Results saved to results/v19/results.json
Parsing log: results/v19/slurm_364630.out
Mode: cross_validation  |  Folds: 5  |  Total epochs parsed: 540
Plot saved to: results/v19/training_curves.png
