
Dataset Validation
======================================================================

  Split: train    STATUS: OK
    Cider                             405 images
    IPA                               345 images
    Lager                             267 images
    Stout                             478 images
    Wheat                             433 images

  Split: val    STATUS: OK
    Cider                             86 images
    IPA                               74 images
    Lager                             57 images
    Stout                             102 images
    Wheat                             92 images

  Split: test    STATUS: OK
    Cider                             88 images
    IPA                               75 images
    Lager                             58 images
    Stout                             104 images
    Wheat                             94 images

======================================================================
VALIDATION RESULT: PASSED   (all splits and classes found)
======================================================================

  Class weights (inverse-frequency):
    Cider                            405 samples  weight: 0.9135
    IPA                              345 samples  weight: 1.0724
    Lager                            267 samples  weight: 1.3857
    Stout                            478 samples  weight: 0.7740
    Wheat                            433 samples  weight: 0.8544
  Config snapshot saved to results/v31/config_snapshot.json
======================================================================
Cross-Validation  (5 folds)
======================================================================

Fold [1 / 5]
----------------------------------------------------------------------
  Epoch [1/300]  loss: 1.6213  accuracy: 35.35%  val_loss: 1.3071  val_accuracy: 50.11%
  Epoch [2/300]  loss: 1.4375  accuracy: 40.86%  val_loss: 1.3049  val_accuracy: 53.52%
  Epoch [3/300]  loss: 1.4058  accuracy: 46.31%  val_loss: 1.2767  val_accuracy: 53.30%
  Epoch [4/300]  loss: 1.3788  accuracy: 48.72%  val_loss: 1.2719  val_accuracy: 56.29%
  Epoch [5/300]  loss: 1.3552  accuracy: 49.14%  val_loss: 1.2488  val_accuracy: 54.37%
  Epoch [6/300]  loss: 1.3350  accuracy: 51.60%  val_loss: 1.2294  val_accuracy: 55.65%
  Epoch [7/300]  loss: 1.3239  accuracy: 52.14%  val_loss: 1.2052  val_accuracy: 58.85%
  Epoch [8/300]  loss: 1.2865  accuracy: 54.39%  val_loss: 1.1844  val_accuracy: 58.85%
  Epoch [9/300]  loss: 1.2798  accuracy: 56.47%  val_loss: 1.1860  val_accuracy: 58.85%
  Epoch [10/300]  loss: 1.2615  accuracy: 58.13%  val_loss: 1.1635  val_accuracy: 59.49%
  Epoch [11/300]  loss: 1.2525  accuracy: 57.86%  val_loss: 1.1558  val_accuracy: 60.77%
  Epoch [12/300]  loss: 1.2560  accuracy: 58.29%  val_loss: 1.1612  val_accuracy: 61.41%
  Epoch [13/300]  loss: 1.2518  accuracy: 57.11%  val_loss: 1.2166  val_accuracy: 60.13%
  Epoch [14/300]  loss: 1.2280  accuracy: 58.24%  val_loss: 1.1333  val_accuracy: 62.26%
  Epoch [15/300]  loss: 1.2164  accuracy: 60.64%  val_loss: 1.1709  val_accuracy: 58.21%
  Epoch [16/300]  loss: 1.2024  accuracy: 59.57%  val_loss: 1.1429  val_accuracy: 60.13%
  Epoch [17/300]  loss: 1.2345  accuracy: 58.29%  val_loss: 1.1555  val_accuracy: 60.34%
  Epoch [18/300]  loss: 1.2039  accuracy: 61.18%  val_loss: 1.1528  val_accuracy: 61.41%
  Epoch [19/300]  loss: 1.1833  accuracy: 61.23%  val_loss: 1.1466  val_accuracy: 60.34%
  Epoch [20/300]  loss: 1.1775  accuracy: 62.62%  val_loss: 1.1397  val_accuracy: 62.47%
  Epoch [21/300]  loss: 1.1740  accuracy: 62.57%  val_loss: 1.1337  val_accuracy: 62.47%
  Epoch [22/300]  loss: 1.1752  accuracy: 61.98%  val_loss: 1.1330  val_accuracy: 60.77%
  Epoch [23/300]  loss: 1.1684  accuracy: 62.67%  val_loss: 1.1604  val_accuracy: 58.64%
  Epoch [24/300]  loss: 1.1556  accuracy: 63.58%  val_loss: 1.1356  val_accuracy: 62.47%
  Epoch [25/300]  loss: 1.1542  accuracy: 63.85%  val_loss: 1.1344  val_accuracy: 60.34%
  Epoch [26/300]  loss: 1.1666  accuracy: 62.99%  val_loss: 1.1328  val_accuracy: 62.26%
  Epoch [27/300]  loss: 1.1385  accuracy: 64.33%  val_loss: 1.1228  val_accuracy: 63.75%
  Epoch [28/300]  loss: 1.1370  accuracy: 64.71%  val_loss: 1.1108  val_accuracy: 63.54%
  Epoch [29/300]  loss: 1.1046  accuracy: 65.78%  val_loss: 1.1071  val_accuracy: 63.75%
  Epoch [30/300]  loss: 1.1174  accuracy: 65.78%  val_loss: 1.1245  val_accuracy: 62.26%
  Epoch [31/300]  loss: 1.1264  accuracy: 65.83%  val_loss: 1.1152  val_accuracy: 62.26%
  Epoch [32/300]  loss: 1.1303  accuracy: 64.87%  val_loss: 1.1180  val_accuracy: 62.69%
  Epoch [33/300]  loss: 1.1178  accuracy: 65.67%  val_loss: 1.1208  val_accuracy: 62.26%
  Epoch [34/300]  loss: 1.1137  accuracy: 67.65%  val_loss: 1.1214  val_accuracy: 62.69%
  Epoch [35/300]  loss: 1.1188  accuracy: 65.40%  val_loss: 1.1279  val_accuracy: 63.11%
  Epoch [36/300]  loss: 1.0925  accuracy: 66.36%  val_loss: 1.1088  val_accuracy: 61.62%
  Epoch [37/300]  loss: 1.0844  accuracy: 67.65%  val_loss: 1.1166  val_accuracy: 63.97%
  Epoch [38/300]  loss: 1.0955  accuracy: 66.79%  val_loss: 1.1182  val_accuracy: 63.54%
  Epoch [39/300]  loss: 1.0718  accuracy: 68.07%  val_loss: 1.1152  val_accuracy: 62.69%
  Epoch [40/300]  loss: 1.0808  accuracy: 68.18%  val_loss: 1.1275  val_accuracy: 63.11%
  Epoch [41/300]  loss: 1.0649  accuracy: 68.98%  val_loss: 1.1093  val_accuracy: 65.67%
  Epoch [42/300]  loss: 1.0652  accuracy: 67.97%  val_loss: 1.1288  val_accuracy: 62.26%
  Epoch [43/300]  loss: 1.0465  accuracy: 69.36%  val_loss: 1.1049  val_accuracy: 64.82%
  Epoch [44/300]  loss: 1.0617  accuracy: 70.32%  val_loss: 1.1128  val_accuracy: 63.54%
  Epoch [45/300]  loss: 1.0614  accuracy: 69.20%  val_loss: 1.1136  val_accuracy: 62.69%
  Epoch [46/300]  loss: 1.0425  accuracy: 69.52%  val_loss: 1.1340  val_accuracy: 65.03%
  Epoch [47/300]  loss: 1.0466  accuracy: 70.05%  val_loss: 1.1191  val_accuracy: 64.18%
  Epoch [48/300]  loss: 1.0349  accuracy: 70.16%  val_loss: 1.1161  val_accuracy: 66.10%
  Epoch [49/300]  loss: 1.0302  accuracy: 68.66%  val_loss: 1.1240  val_accuracy: 65.46%
  Epoch [50/300]  loss: 1.0526  accuracy: 70.37%  val_loss: 1.1344  val_accuracy: 66.10%
  Epoch [51/300]  loss: 1.0231  accuracy: 70.75%  val_loss: 1.1194  val_accuracy: 65.03%
  Epoch [52/300]  loss: 1.0095  accuracy: 71.02%  val_loss: 1.1130  val_accuracy: 64.18%
  Epoch [53/300]  loss: 1.0181  accuracy: 71.18%  val_loss: 1.1329  val_accuracy: 64.39%
  Epoch [54/300]  loss: 1.0026  accuracy: 71.07%  val_loss: 1.1217  val_accuracy: 63.97%
  Epoch [55/300]  loss: 1.0011  accuracy: 72.94%  val_loss: 1.1627  val_accuracy: 64.61%
  Epoch [56/300]  loss: 1.0198  accuracy: 71.07%  val_loss: 1.1365  val_accuracy: 64.39%
  Epoch [57/300]  loss: 1.0022  accuracy: 71.93%  val_loss: 1.1309  val_accuracy: 66.31%
  Epoch [58/300]  loss: 0.9981  accuracy: 71.66%  val_loss: 1.1265  val_accuracy: 63.33%
  Epoch [59/300]  loss: 0.9971  accuracy: 71.93%  val_loss: 1.1292  val_accuracy: 62.26%
  Epoch [60/300]  loss: 0.9798  accuracy: 73.10%  val_loss: 1.1326  val_accuracy: 64.39%
  Epoch [61/300]  loss: 0.9808  accuracy: 73.74%  val_loss: 1.1543  val_accuracy: 63.97%
  Epoch [62/300]  loss: 0.9691  accuracy: 73.64%  val_loss: 1.1295  val_accuracy: 65.46%
  Epoch [63/300]  loss: 0.9806  accuracy: 73.69%  val_loss: 1.1368  val_accuracy: 64.82%
  Epoch [64/300]  loss: 0.9647  accuracy: 74.39%  val_loss: 1.1453  val_accuracy: 64.18%
  Epoch [65/300]  loss: 0.9641  accuracy: 74.28%  val_loss: 1.1335  val_accuracy: 64.39%
  Epoch [66/300]  loss: 0.9768  accuracy: 73.48%  val_loss: 1.1171  val_accuracy: 65.25%
  Epoch [67/300]  loss: 0.9519  accuracy: 73.90%  val_loss: 1.1126  val_accuracy: 64.39%
  Epoch [68/300]  loss: 0.9592  accuracy: 73.85%  val_loss: 1.1427  val_accuracy: 63.97%
  Epoch [69/300]  loss: 0.9498  accuracy: 73.85%  val_loss: 1.1409  val_accuracy: 64.61%
  Epoch [70/300]  loss: 0.9596  accuracy: 74.92%  val_loss: 1.1443  val_accuracy: 62.47%
  Epoch [71/300]  loss: 0.9485  accuracy: 74.71%  val_loss: 1.1152  val_accuracy: 65.03%
  Epoch [72/300]  loss: 0.9498  accuracy: 74.44%  val_loss: 1.1563  val_accuracy: 64.61%
  Epoch [73/300]  loss: 0.9451  accuracy: 74.28%  val_loss: 1.1304  val_accuracy: 65.25%
  Early stopping triggered after 73 epochs (no improvement for 30 epochs).

  Fold 1 result: val_loss: 1.1049  val_accuracy: 64.82%

Fold [2 / 5]
----------------------------------------------------------------------
  Epoch [1/300]  loss: 1.6507  accuracy: 34.69%  val_loss: 1.3210  val_accuracy: 51.28%
  Epoch [2/300]  loss: 1.4234  accuracy: 43.51%  val_loss: 1.3041  val_accuracy: 54.06%
  Epoch [3/300]  loss: 1.4043  accuracy: 44.52%  val_loss: 1.3026  val_accuracy: 53.21%
  Epoch [4/300]  loss: 1.3786  accuracy: 46.34%  val_loss: 1.2545  val_accuracy: 57.05%
  Epoch [5/300]  loss: 1.3647  accuracy: 48.32%  val_loss: 1.2797  val_accuracy: 55.77%
  Epoch [6/300]  loss: 1.3554  accuracy: 47.62%  val_loss: 1.2454  val_accuracy: 56.84%
  Epoch [7/300]  loss: 1.3363  accuracy: 49.17%  val_loss: 1.2313  val_accuracy: 58.12%
  Epoch [8/300]  loss: 1.3255  accuracy: 50.61%  val_loss: 1.2311  val_accuracy: 58.55%
  Epoch [9/300]  loss: 1.2886  accuracy: 53.82%  val_loss: 1.2263  val_accuracy: 59.19%
  Epoch [10/300]  loss: 1.3098  accuracy: 52.86%  val_loss: 1.1892  val_accuracy: 61.32%
  Epoch [11/300]  loss: 1.2927  accuracy: 52.91%  val_loss: 1.2082  val_accuracy: 60.26%
  Epoch [12/300]  loss: 1.2770  accuracy: 56.55%  val_loss: 1.1837  val_accuracy: 61.32%
  Epoch [13/300]  loss: 1.2563  accuracy: 57.14%  val_loss: 1.1875  val_accuracy: 61.54%
  Epoch [14/300]  loss: 1.2601  accuracy: 58.04%  val_loss: 1.1811  val_accuracy: 62.18%
  Epoch [15/300]  loss: 1.2412  accuracy: 57.88%  val_loss: 1.2000  val_accuracy: 60.47%
  Epoch [16/300]  loss: 1.2278  accuracy: 58.74%  val_loss: 1.1677  val_accuracy: 60.68%
  Epoch [17/300]  loss: 1.2125  accuracy: 59.97%  val_loss: 1.1776  val_accuracy: 61.11%
  Epoch [18/300]  loss: 1.2124  accuracy: 60.66%  val_loss: 1.1869  val_accuracy: 63.46%
  Epoch [19/300]  loss: 1.2009  accuracy: 60.56%  val_loss: 1.1608  val_accuracy: 61.97%
  Epoch [20/300]  loss: 1.2043  accuracy: 59.86%  val_loss: 1.1406  val_accuracy: 64.10%
  Epoch [21/300]  loss: 1.1780  accuracy: 62.00%  val_loss: 1.1602  val_accuracy: 61.54%
  Epoch [22/300]  loss: 1.1926  accuracy: 61.46%  val_loss: 1.1358  val_accuracy: 63.46%
  Epoch [23/300]  loss: 1.1932  accuracy: 60.66%  val_loss: 1.1496  val_accuracy: 62.61%
  Epoch [24/300]  loss: 1.1647  accuracy: 62.16%  val_loss: 1.1334  val_accuracy: 66.67%
  Epoch [25/300]  loss: 1.1456  accuracy: 64.78%  val_loss: 1.1421  val_accuracy: 64.10%
  Epoch [26/300]  loss: 1.1518  accuracy: 64.14%  val_loss: 1.1456  val_accuracy: 63.03%
  Epoch [27/300]  loss: 1.1545  accuracy: 63.07%  val_loss: 1.1104  val_accuracy: 63.89%
  Epoch [28/300]  loss: 1.1474  accuracy: 63.28%  val_loss: 1.1253  val_accuracy: 64.74%
  Epoch [29/300]  loss: 1.1364  accuracy: 65.47%  val_loss: 1.1538  val_accuracy: 61.11%
  Epoch [30/300]  loss: 1.1308  accuracy: 65.31%  val_loss: 1.1187  val_accuracy: 62.82%
  Epoch [31/300]  loss: 1.1113  accuracy: 65.26%  val_loss: 1.1330  val_accuracy: 63.89%
  Epoch [32/300]  loss: 1.1254  accuracy: 64.08%  val_loss: 1.1133  val_accuracy: 64.10%
  Epoch [33/300]  loss: 1.1131  accuracy: 67.24%  val_loss: 1.1121  val_accuracy: 65.17%
  Epoch [34/300]  loss: 1.1094  accuracy: 65.69%  val_loss: 1.1159  val_accuracy: 62.82%
  Epoch [35/300]  loss: 1.0965  accuracy: 66.65%  val_loss: 1.0885  val_accuracy: 64.32%
  Epoch [36/300]  loss: 1.0961  accuracy: 66.54%  val_loss: 1.1225  val_accuracy: 64.10%
  Epoch [37/300]  loss: 1.0891  accuracy: 67.77%  val_loss: 1.1274  val_accuracy: 62.61%
  Epoch [38/300]  loss: 1.0964  accuracy: 66.27%  val_loss: 1.1142  val_accuracy: 64.32%
  Epoch [39/300]  loss: 1.0860  accuracy: 67.82%  val_loss: 1.1241  val_accuracy: 60.90%
  Epoch [40/300]  loss: 1.0816  accuracy: 67.82%  val_loss: 1.1317  val_accuracy: 62.18%
  Epoch [41/300]  loss: 1.0809  accuracy: 68.47%  val_loss: 1.1747  val_accuracy: 60.90%
  Epoch [42/300]  loss: 1.0520  accuracy: 68.09%  val_loss: 1.1408  val_accuracy: 64.10%
  Epoch [43/300]  loss: 1.0582  accuracy: 68.20%  val_loss: 1.1503  val_accuracy: 62.39%
  Epoch [44/300]  loss: 1.0723  accuracy: 67.66%  val_loss: 1.1522  val_accuracy: 61.32%
  Epoch [45/300]  loss: 1.0609  accuracy: 69.48%  val_loss: 1.1243  val_accuracy: 62.61%
  Epoch [46/300]  loss: 1.0525  accuracy: 69.59%  val_loss: 1.1062  val_accuracy: 63.25%
  Epoch [47/300]  loss: 1.0309  accuracy: 70.23%  val_loss: 1.1341  val_accuracy: 62.82%
  Epoch [48/300]  loss: 1.0346  accuracy: 69.91%  val_loss: 1.1204  val_accuracy: 63.25%
  Epoch [49/300]  loss: 1.0402  accuracy: 69.86%  val_loss: 1.1296  val_accuracy: 60.47%
  Epoch [50/300]  loss: 1.0389  accuracy: 70.18%  val_loss: 1.1030  val_accuracy: 63.68%
  Epoch [51/300]  loss: 1.0471  accuracy: 68.89%  val_loss: 1.1041  val_accuracy: 64.32%
  Epoch [52/300]  loss: 1.0209  accuracy: 71.25%  val_loss: 1.0993  val_accuracy: 64.53%
  Epoch [53/300]  loss: 1.0273  accuracy: 70.66%  val_loss: 1.1158  val_accuracy: 63.89%
  Epoch [54/300]  loss: 1.0167  accuracy: 71.89%  val_loss: 1.1239  val_accuracy: 62.82%
  Epoch [55/300]  loss: 1.0087  accuracy: 71.30%  val_loss: 1.1253  val_accuracy: 65.81%
  Epoch [56/300]  loss: 1.0055  accuracy: 71.78%  val_loss: 1.0977  val_accuracy: 68.38%
  Epoch [57/300]  loss: 0.9849  accuracy: 73.06%  val_loss: 1.1246  val_accuracy: 62.61%
  Epoch [58/300]  loss: 1.0050  accuracy: 73.06%  val_loss: 1.1470  val_accuracy: 64.10%
  Epoch [59/300]  loss: 1.0024  accuracy: 73.54%  val_loss: 1.1295  val_accuracy: 65.17%
  Epoch [60/300]  loss: 0.9926  accuracy: 73.12%  val_loss: 1.1016  val_accuracy: 65.17%
  Epoch [61/300]  loss: 0.9926  accuracy: 71.83%  val_loss: 1.1355  val_accuracy: 65.60%
  Epoch [62/300]  loss: 0.9840  accuracy: 73.28%  val_loss: 1.1185  val_accuracy: 64.96%
  Epoch [63/300]  loss: 0.9984  accuracy: 72.69%  val_loss: 1.1432  val_accuracy: 63.89%
  Epoch [64/300]  loss: 0.9699  accuracy: 73.22%  val_loss: 1.1236  val_accuracy: 67.09%
  Epoch [65/300]  loss: 0.9538  accuracy: 74.29%  val_loss: 1.0875  val_accuracy: 66.45%
  Epoch [66/300]  loss: 0.9508  accuracy: 74.51%  val_loss: 1.1037  val_accuracy: 66.03%
  Epoch [67/300]  loss: 0.9622  accuracy: 73.70%  val_loss: 1.1156  val_accuracy: 64.96%
  Epoch [68/300]  loss: 0.9671  accuracy: 73.86%  val_loss: 1.1005  val_accuracy: 67.31%
  Epoch [69/300]  loss: 0.9696  accuracy: 73.76%  val_loss: 1.1061  val_accuracy: 64.53%
  Epoch [70/300]  loss: 0.9454  accuracy: 75.09%  val_loss: 1.1385  val_accuracy: 62.82%
  Epoch [71/300]  loss: 0.9816  accuracy: 73.54%  val_loss: 1.1212  val_accuracy: 63.89%
  Epoch [72/300]  loss: 0.9623  accuracy: 73.97%  val_loss: 1.1193  val_accuracy: 63.46%
  Epoch [73/300]  loss: 0.9537  accuracy: 74.29%  val_loss: 1.1105  val_accuracy: 67.09%
  Epoch [74/300]  loss: 0.9338  accuracy: 76.06%  val_loss: 1.1246  val_accuracy: 66.88%
  Epoch [75/300]  loss: 0.9446  accuracy: 74.67%  val_loss: 1.1389  val_accuracy: 64.74%
  Epoch [76/300]  loss: 0.9248  accuracy: 77.12%  val_loss: 1.1094  val_accuracy: 67.31%
  Epoch [77/300]  loss: 0.9104  accuracy: 76.48%  val_loss: 1.1082  val_accuracy: 66.24%
  Epoch [78/300]  loss: 0.9077  accuracy: 76.70%  val_loss: 1.1038  val_accuracy: 66.45%
  Epoch [79/300]  loss: 0.9437  accuracy: 75.15%  val_loss: 1.1462  val_accuracy: 63.25%
  Epoch [80/300]  loss: 0.9271  accuracy: 75.52%  val_loss: 1.1527  val_accuracy: 66.24%
  Epoch [81/300]  loss: 0.8926  accuracy: 77.98%  val_loss: 1.1092  val_accuracy: 65.81%
  Epoch [82/300]  loss: 0.9244  accuracy: 75.95%  val_loss: 1.1338  val_accuracy: 65.38%
  Epoch [83/300]  loss: 0.9156  accuracy: 76.91%  val_loss: 1.1444  val_accuracy: 64.96%
  Epoch [84/300]  loss: 0.8919  accuracy: 77.98%  val_loss: 1.1090  val_accuracy: 65.38%
  Epoch [85/300]  loss: 0.8941  accuracy: 77.93%  val_loss: 1.1489  val_accuracy: 64.96%
  Epoch [86/300]  loss: 0.9004  accuracy: 77.12%  val_loss: 1.1447  val_accuracy: 65.60%
  Epoch [87/300]  loss: 0.8949  accuracy: 77.66%  val_loss: 1.1173  val_accuracy: 65.60%
  Epoch [88/300]  loss: 0.8875  accuracy: 78.25%  val_loss: 1.1517  val_accuracy: 66.45%
  Epoch [89/300]  loss: 0.8878  accuracy: 77.82%  val_loss: 1.1260  val_accuracy: 64.74%
  Epoch [90/300]  loss: 0.8836  accuracy: 78.30%  val_loss: 1.1440  val_accuracy: 66.03%
  Epoch [91/300]  loss: 0.8760  accuracy: 78.14%  val_loss: 1.1485  val_accuracy: 66.88%
  Epoch [92/300]  loss: 0.8711  accuracy: 78.89%  val_loss: 1.1461  val_accuracy: 67.74%
  Epoch [93/300]  loss: 0.8764  accuracy: 78.78%  val_loss: 1.1353  val_accuracy: 66.24%
  Epoch [94/300]  loss: 0.8918  accuracy: 78.03%  val_loss: 1.0930  val_accuracy: 67.95%
  Epoch [95/300]  loss: 0.8595  accuracy: 79.96%  val_loss: 1.1314  val_accuracy: 66.24%
  Early stopping triggered after 95 epochs (no improvement for 30 epochs).

  Fold 2 result: val_loss: 1.0875  val_accuracy: 66.45%

Fold [3 / 5]
----------------------------------------------------------------------
  Epoch [1/300]  loss: 1.6741  accuracy: 30.52%  val_loss: 1.3546  val_accuracy: 47.22%
  Epoch [2/300]  loss: 1.4530  accuracy: 40.30%  val_loss: 1.3024  val_accuracy: 51.71%
  Epoch [3/300]  loss: 1.4222  accuracy: 43.56%  val_loss: 1.3243  val_accuracy: 50.00%
  Epoch [4/300]  loss: 1.3979  accuracy: 44.09%  val_loss: 1.2627  val_accuracy: 54.91%
  Epoch [5/300]  loss: 1.3686  accuracy: 47.03%  val_loss: 1.2164  val_accuracy: 56.20%
  Epoch [6/300]  loss: 1.3521  accuracy: 48.80%  val_loss: 1.2603  val_accuracy: 53.21%
  Epoch [7/300]  loss: 1.3370  accuracy: 50.88%  val_loss: 1.2164  val_accuracy: 57.91%
  Epoch [8/300]  loss: 1.3110  accuracy: 52.75%  val_loss: 1.1780  val_accuracy: 60.26%
  Epoch [9/300]  loss: 1.2965  accuracy: 51.95%  val_loss: 1.2017  val_accuracy: 55.77%
  Epoch [10/300]  loss: 1.2839  accuracy: 54.52%  val_loss: 1.1677  val_accuracy: 59.62%
  Epoch [11/300]  loss: 1.2873  accuracy: 54.30%  val_loss: 1.1638  val_accuracy: 61.54%
  Epoch [12/300]  loss: 1.2646  accuracy: 57.03%  val_loss: 1.1857  val_accuracy: 56.62%
  Epoch [13/300]  loss: 1.2453  accuracy: 57.30%  val_loss: 1.1436  val_accuracy: 59.62%
  Epoch [14/300]  loss: 1.2468  accuracy: 57.62%  val_loss: 1.1592  val_accuracy: 60.47%
  Epoch [15/300]  loss: 1.2303  accuracy: 58.36%  val_loss: 1.1469  val_accuracy: 61.97%
  Epoch [16/300]  loss: 1.2206  accuracy: 59.70%  val_loss: 1.1165  val_accuracy: 62.18%
  Epoch [17/300]  loss: 1.2093  accuracy: 58.74%  val_loss: 1.1324  val_accuracy: 60.04%
  Epoch [18/300]  loss: 1.2085  accuracy: 58.90%  val_loss: 1.1425  val_accuracy: 63.25%
  Epoch [19/300]  loss: 1.2027  accuracy: 61.46%  val_loss: 1.1410  val_accuracy: 64.10%
  Epoch [20/300]  loss: 1.1742  accuracy: 63.07%  val_loss: 1.1292  val_accuracy: 63.46%
  Epoch [21/300]  loss: 1.1978  accuracy: 60.88%  val_loss: 1.1344  val_accuracy: 62.39%
  Epoch [22/300]  loss: 1.1802  accuracy: 61.57%  val_loss: 1.1386  val_accuracy: 61.54%
  Epoch [23/300]  loss: 1.1817  accuracy: 62.21%  val_loss: 1.1283  val_accuracy: 63.68%
  Epoch [24/300]  loss: 1.1848  accuracy: 62.27%  val_loss: 1.1189  val_accuracy: 65.38%
  Epoch [25/300]  loss: 1.1621  accuracy: 63.55%  val_loss: 1.0908  val_accuracy: 66.24%
  Epoch [26/300]  loss: 1.1638  accuracy: 62.80%  val_loss: 1.1196  val_accuracy: 66.24%
  Epoch [27/300]  loss: 1.1547  accuracy: 64.35%  val_loss: 1.1004  val_accuracy: 66.67%
  Epoch [28/300]  loss: 1.1571  accuracy: 63.71%  val_loss: 1.1052  val_accuracy: 65.17%
  Epoch [29/300]  loss: 1.1308  accuracy: 64.78%  val_loss: 1.1089  val_accuracy: 65.60%
  Epoch [30/300]  loss: 1.1279  accuracy: 66.27%  val_loss: 1.0920  val_accuracy: 66.88%
  Epoch [31/300]  loss: 1.1388  accuracy: 65.15%  val_loss: 1.0770  val_accuracy: 67.74%
  Epoch [32/300]  loss: 1.1121  accuracy: 65.95%  val_loss: 1.0867  val_accuracy: 67.31%
  Epoch [33/300]  loss: 1.1293  accuracy: 65.53%  val_loss: 1.1292  val_accuracy: 63.46%
  Epoch [34/300]  loss: 1.1338  accuracy: 64.78%  val_loss: 1.1000  val_accuracy: 66.24%
  Epoch [35/300]  loss: 1.0995  accuracy: 66.86%  val_loss: 1.0934  val_accuracy: 67.09%
  Epoch [36/300]  loss: 1.1048  accuracy: 66.22%  val_loss: 1.1727  val_accuracy: 61.11%
  Epoch [37/300]  loss: 1.1050  accuracy: 65.63%  val_loss: 1.0771  val_accuracy: 66.24%
  Epoch [38/300]  loss: 1.0940  accuracy: 66.81%  val_loss: 1.1282  val_accuracy: 63.68%
  Epoch [39/300]  loss: 1.1072  accuracy: 66.49%  val_loss: 1.1274  val_accuracy: 65.38%
  Epoch [40/300]  loss: 1.0847  accuracy: 68.31%  val_loss: 1.1113  val_accuracy: 66.67%
  Epoch [41/300]  loss: 1.0731  accuracy: 68.84%  val_loss: 1.1100  val_accuracy: 66.88%
  Epoch [42/300]  loss: 1.0646  accuracy: 68.57%  val_loss: 1.1004  val_accuracy: 66.24%
  Epoch [43/300]  loss: 1.0811  accuracy: 67.93%  val_loss: 1.1097  val_accuracy: 65.17%
  Epoch [44/300]  loss: 1.0775  accuracy: 69.37%  val_loss: 1.1177  val_accuracy: 65.17%
  Epoch [45/300]  loss: 1.0713  accuracy: 67.72%  val_loss: 1.0946  val_accuracy: 67.09%
  Epoch [46/300]  loss: 1.0611  accuracy: 68.47%  val_loss: 1.1073  val_accuracy: 65.81%
  Epoch [47/300]  loss: 1.0483  accuracy: 69.48%  val_loss: 1.1176  val_accuracy: 65.38%
  Epoch [48/300]  loss: 1.0792  accuracy: 69.16%  val_loss: 1.0910  val_accuracy: 67.31%
  Epoch [49/300]  loss: 1.0418  accuracy: 70.23%  val_loss: 1.0770  val_accuracy: 68.16%
  Epoch [50/300]  loss: 1.0435  accuracy: 70.92%  val_loss: 1.0980  val_accuracy: 67.74%
  Epoch [51/300]  loss: 1.0358  accuracy: 70.23%  val_loss: 1.0906  val_accuracy: 69.66%
  Epoch [52/300]  loss: 1.0393  accuracy: 70.28%  val_loss: 1.0932  val_accuracy: 69.02%
  Epoch [53/300]  loss: 1.0214  accuracy: 70.23%  val_loss: 1.0918  val_accuracy: 68.38%
  Epoch [54/300]  loss: 1.0316  accuracy: 71.62%  val_loss: 1.1046  val_accuracy: 66.24%
  Epoch [55/300]  loss: 1.0312  accuracy: 70.82%  val_loss: 1.1308  val_accuracy: 65.38%
  Epoch [56/300]  loss: 1.0382  accuracy: 69.91%  val_loss: 1.0832  val_accuracy: 68.38%
  Epoch [57/300]  loss: 1.0185  accuracy: 71.35%  val_loss: 1.1298  val_accuracy: 65.38%
  Epoch [58/300]  loss: 0.9997  accuracy: 71.46%  val_loss: 1.0838  val_accuracy: 68.16%
  Epoch [59/300]  loss: 0.9937  accuracy: 72.58%  val_loss: 1.0854  val_accuracy: 67.31%
  Epoch [60/300]  loss: 1.0137  accuracy: 73.12%  val_loss: 1.1131  val_accuracy: 66.24%
  Epoch [61/300]  loss: 0.9990  accuracy: 71.89%  val_loss: 1.1305  val_accuracy: 64.53%
  Epoch [62/300]  loss: 1.0067  accuracy: 71.83%  val_loss: 1.1253  val_accuracy: 66.45%
  Epoch [63/300]  loss: 1.0036  accuracy: 72.85%  val_loss: 1.1034  val_accuracy: 68.16%
  Epoch [64/300]  loss: 0.9971  accuracy: 72.96%  val_loss: 1.1101  val_accuracy: 67.52%
  Epoch [65/300]  loss: 1.0040  accuracy: 72.21%  val_loss: 1.1086  val_accuracy: 66.03%
  Epoch [66/300]  loss: 0.9962  accuracy: 73.44%  val_loss: 1.1221  val_accuracy: 65.38%
  Epoch [67/300]  loss: 1.0003  accuracy: 72.96%  val_loss: 1.0958  val_accuracy: 69.02%
  Epoch [68/300]  loss: 0.9906  accuracy: 73.76%  val_loss: 1.1023  val_accuracy: 66.88%
  Epoch [69/300]  loss: 0.9914  accuracy: 73.49%  val_loss: 1.1131  val_accuracy: 67.95%
  Epoch [70/300]  loss: 0.9872  accuracy: 72.96%  val_loss: 1.0819  val_accuracy: 69.02%
  Epoch [71/300]  loss: 0.9755  accuracy: 74.72%  val_loss: 1.1550  val_accuracy: 65.38%
  Epoch [72/300]  loss: 0.9785  accuracy: 73.60%  val_loss: 1.1257  val_accuracy: 66.67%
  Epoch [73/300]  loss: 0.9744  accuracy: 74.29%  val_loss: 1.1162  val_accuracy: 67.95%
  Epoch [74/300]  loss: 0.9597  accuracy: 74.24%  val_loss: 1.0999  val_accuracy: 68.16%
  Epoch [75/300]  loss: 0.9603  accuracy: 74.72%  val_loss: 1.1097  val_accuracy: 66.24%
  Epoch [76/300]  loss: 0.9543  accuracy: 74.83%  val_loss: 1.1340  val_accuracy: 66.03%
  Epoch [77/300]  loss: 0.9282  accuracy: 76.91%  val_loss: 1.1409  val_accuracy: 66.03%
  Epoch [78/300]  loss: 0.9479  accuracy: 75.04%  val_loss: 1.1550  val_accuracy: 65.81%
  Epoch [79/300]  loss: 0.9376  accuracy: 75.47%  val_loss: 1.1258  val_accuracy: 65.17%
  Early stopping triggered after 79 epochs (no improvement for 30 epochs).

  Fold 3 result: val_loss: 1.0770  val_accuracy: 68.16%

Fold [4 / 5]
----------------------------------------------------------------------
  Epoch [1/300]  loss: 1.6763  accuracy: 33.94%  val_loss: 1.3324  val_accuracy: 51.71%
  Epoch [2/300]  loss: 1.4390  accuracy: 42.38%  val_loss: 1.3102  val_accuracy: 53.42%
  Epoch [3/300]  loss: 1.4059  accuracy: 44.20%  val_loss: 1.3068  val_accuracy: 52.14%
  Epoch [4/300]  loss: 1.3857  accuracy: 46.93%  val_loss: 1.2741  val_accuracy: 54.49%
  Epoch [5/300]  loss: 1.3519  accuracy: 50.61%  val_loss: 1.2728  val_accuracy: 56.84%
  Epoch [6/300]  loss: 1.3548  accuracy: 49.81%  val_loss: 1.2292  val_accuracy: 59.40%
  Epoch [7/300]  loss: 1.3241  accuracy: 51.36%  val_loss: 1.2089  val_accuracy: 58.33%
  Epoch [8/300]  loss: 1.3031  accuracy: 51.68%  val_loss: 1.2002  val_accuracy: 57.48%
  Epoch [9/300]  loss: 1.3002  accuracy: 53.13%  val_loss: 1.2051  val_accuracy: 60.90%
  Epoch [10/300]  loss: 1.2811  accuracy: 55.32%  val_loss: 1.2190  val_accuracy: 61.11%
  Epoch [11/300]  loss: 1.2710  accuracy: 55.96%  val_loss: 1.1712  val_accuracy: 61.11%
  Epoch [12/300]  loss: 1.2517  accuracy: 56.07%  val_loss: 1.1765  val_accuracy: 60.47%
  Epoch [13/300]  loss: 1.2494  accuracy: 56.55%  val_loss: 1.1536  val_accuracy: 63.03%
  Epoch [14/300]  loss: 1.2366  accuracy: 57.72%  val_loss: 1.1620  val_accuracy: 60.90%
  Epoch [15/300]  loss: 1.2379  accuracy: 56.71%  val_loss: 1.1770  val_accuracy: 62.61%
  Epoch [16/300]  loss: 1.2249  accuracy: 58.85%  val_loss: 1.1805  val_accuracy: 61.97%
  Epoch [17/300]  loss: 1.2410  accuracy: 57.99%  val_loss: 1.1578  val_accuracy: 63.46%
  Epoch [18/300]  loss: 1.2168  accuracy: 58.04%  val_loss: 1.1542  val_accuracy: 64.74%
  Epoch [19/300]  loss: 1.2052  accuracy: 60.18%  val_loss: 1.1932  val_accuracy: 60.04%
  Epoch [20/300]  loss: 1.1851  accuracy: 60.98%  val_loss: 1.1937  val_accuracy: 62.39%
  Epoch [21/300]  loss: 1.2006  accuracy: 59.54%  val_loss: 1.1550  val_accuracy: 62.82%
  Epoch [22/300]  loss: 1.1929  accuracy: 62.21%  val_loss: 1.1542  val_accuracy: 64.53%
  Epoch [23/300]  loss: 1.1893  accuracy: 61.52%  val_loss: 1.1716  val_accuracy: 63.25%
  Epoch [24/300]  loss: 1.1795  accuracy: 61.84%  val_loss: 1.1608  val_accuracy: 60.68%
  Epoch [25/300]  loss: 1.1715  accuracy: 61.57%  val_loss: 1.1571  val_accuracy: 62.61%
  Epoch [26/300]  loss: 1.1518  accuracy: 63.82%  val_loss: 1.1368  val_accuracy: 64.53%
  Epoch [27/300]  loss: 1.1447  accuracy: 63.98%  val_loss: 1.1568  val_accuracy: 62.18%
  Epoch [28/300]  loss: 1.1440  accuracy: 64.03%  val_loss: 1.1475  val_accuracy: 63.89%
  Epoch [29/300]  loss: 1.1460  accuracy: 63.44%  val_loss: 1.1571  val_accuracy: 63.03%
  Epoch [30/300]  loss: 1.1549  accuracy: 62.85%  val_loss: 1.1284  val_accuracy: 63.03%
  Epoch [31/300]  loss: 1.1189  accuracy: 64.78%  val_loss: 1.1425  val_accuracy: 64.10%
  Epoch [32/300]  loss: 1.1372  accuracy: 64.89%  val_loss: 1.1226  val_accuracy: 63.68%
  Epoch [33/300]  loss: 1.1370  accuracy: 65.15%  val_loss: 1.1628  val_accuracy: 62.61%
  Epoch [34/300]  loss: 1.1221  accuracy: 65.31%  val_loss: 1.1326  val_accuracy: 64.74%
  Epoch [35/300]  loss: 1.1187  accuracy: 65.53%  val_loss: 1.1314  val_accuracy: 66.03%
  Epoch [36/300]  loss: 1.0879  accuracy: 68.09%  val_loss: 1.1520  val_accuracy: 63.89%
  Epoch [37/300]  loss: 1.0730  accuracy: 67.40%  val_loss: 1.1480  val_accuracy: 65.60%
  Epoch [38/300]  loss: 1.1003  accuracy: 66.76%  val_loss: 1.1296  val_accuracy: 65.17%
  Epoch [39/300]  loss: 1.0905  accuracy: 67.34%  val_loss: 1.1448  val_accuracy: 62.18%
  Epoch [40/300]  loss: 1.0781  accuracy: 67.77%  val_loss: 1.1355  val_accuracy: 65.60%
  Epoch [41/300]  loss: 1.0894  accuracy: 66.70%  val_loss: 1.1295  val_accuracy: 65.60%
  Epoch [42/300]  loss: 1.0491  accuracy: 68.79%  val_loss: 1.1425  val_accuracy: 64.96%
  Epoch [43/300]  loss: 1.0679  accuracy: 68.79%  val_loss: 1.1615  val_accuracy: 64.10%
  Epoch [44/300]  loss: 1.0609  accuracy: 68.63%  val_loss: 1.1570  val_accuracy: 65.17%
  Epoch [45/300]  loss: 1.0548  accuracy: 69.37%  val_loss: 1.1758  val_accuracy: 64.74%
  Epoch [46/300]  loss: 1.0502  accuracy: 70.34%  val_loss: 1.1571  val_accuracy: 64.74%
  Epoch [47/300]  loss: 1.0430  accuracy: 68.57%  val_loss: 1.1530  val_accuracy: 65.38%
  Epoch [48/300]  loss: 1.0357  accuracy: 69.37%  val_loss: 1.1959  val_accuracy: 65.38%
  Epoch [49/300]  loss: 1.0350  accuracy: 70.60%  val_loss: 1.1474  val_accuracy: 66.03%
  Epoch [50/300]  loss: 1.0266  accuracy: 69.91%  val_loss: 1.1607  val_accuracy: 64.53%
  Epoch [51/300]  loss: 1.0228  accuracy: 70.12%  val_loss: 1.1807  val_accuracy: 62.39%
  Epoch [52/300]  loss: 1.0204  accuracy: 70.18%  val_loss: 1.1864  val_accuracy: 62.82%
  Epoch [53/300]  loss: 1.0238  accuracy: 70.60%  val_loss: 1.1888  val_accuracy: 65.17%
  Epoch [54/300]  loss: 1.0152  accuracy: 71.03%  val_loss: 1.1633  val_accuracy: 63.68%
  Epoch [55/300]  loss: 1.0199  accuracy: 71.14%  val_loss: 1.1368  val_accuracy: 68.16%
  Epoch [56/300]  loss: 0.9902  accuracy: 73.33%  val_loss: 1.1744  val_accuracy: 65.17%
  Epoch [57/300]  loss: 1.0045  accuracy: 71.99%  val_loss: 1.1478  val_accuracy: 67.09%
  Epoch [58/300]  loss: 1.0029  accuracy: 72.53%  val_loss: 1.1767  val_accuracy: 66.45%
  Epoch [59/300]  loss: 0.9934  accuracy: 73.38%  val_loss: 1.1415  val_accuracy: 66.03%
  Epoch [60/300]  loss: 0.9834  accuracy: 72.69%  val_loss: 1.1572  val_accuracy: 66.03%
  Epoch [61/300]  loss: 0.9834  accuracy: 73.01%  val_loss: 1.1431  val_accuracy: 65.60%
  Epoch [62/300]  loss: 0.9984  accuracy: 72.63%  val_loss: 1.1659  val_accuracy: 65.38%
  Early stopping triggered after 62 epochs (no improvement for 30 epochs).

  Fold 4 result: val_loss: 1.1226  val_accuracy: 63.68%

Fold [5 / 5]
----------------------------------------------------------------------
  Epoch [1/300]  loss: 1.6398  accuracy: 34.01%  val_loss: 1.2920  val_accuracy: 55.15%
  Epoch [2/300]  loss: 1.4420  accuracy: 42.55%  val_loss: 1.2658  val_accuracy: 55.58%
  Epoch [3/300]  loss: 1.3988  accuracy: 45.38%  val_loss: 1.2490  val_accuracy: 57.08%
  Epoch [4/300]  loss: 1.3751  accuracy: 46.29%  val_loss: 1.2166  val_accuracy: 59.44%
  Epoch [5/300]  loss: 1.3477  accuracy: 50.88%  val_loss: 1.1915  val_accuracy: 61.16%
  Epoch [6/300]  loss: 1.3334  accuracy: 50.56%  val_loss: 1.1805  val_accuracy: 62.23%
  Epoch [7/300]  loss: 1.2946  accuracy: 54.67%  val_loss: 1.1472  val_accuracy: 62.45%
  Epoch [8/300]  loss: 1.2995  accuracy: 53.98%  val_loss: 1.1277  val_accuracy: 61.16%
  Epoch [9/300]  loss: 1.2719  accuracy: 55.47%  val_loss: 1.1485  val_accuracy: 62.02%
  Epoch [10/300]  loss: 1.2673  accuracy: 56.86%  val_loss: 1.1238  val_accuracy: 64.81%
  Epoch [11/300]  loss: 1.2626  accuracy: 57.71%  val_loss: 1.1492  val_accuracy: 60.30%
  Epoch [12/300]  loss: 1.2591  accuracy: 57.29%  val_loss: 1.1733  val_accuracy: 59.87%
  Epoch [13/300]  loss: 1.2236  accuracy: 59.37%  val_loss: 1.1312  val_accuracy: 58.80%
  Epoch [14/300]  loss: 1.2256  accuracy: 59.80%  val_loss: 1.1629  val_accuracy: 58.15%
  Epoch [15/300]  loss: 1.2353  accuracy: 58.04%  val_loss: 1.1423  val_accuracy: 60.52%
  Epoch [16/300]  loss: 1.2255  accuracy: 59.00%  val_loss: 1.1386  val_accuracy: 61.37%
  Epoch [17/300]  loss: 1.2057  accuracy: 60.33%  val_loss: 1.1258  val_accuracy: 62.23%
  Epoch [18/300]  loss: 1.2136  accuracy: 59.21%  val_loss: 1.0824  val_accuracy: 66.31%
  Epoch [19/300]  loss: 1.1928  accuracy: 60.65%  val_loss: 1.0892  val_accuracy: 64.59%
  Epoch [20/300]  loss: 1.2079  accuracy: 58.84%  val_loss: 1.0948  val_accuracy: 64.16%
  Epoch [21/300]  loss: 1.1605  accuracy: 61.83%  val_loss: 1.1193  val_accuracy: 66.09%
  Epoch [22/300]  loss: 1.1706  accuracy: 62.79%  val_loss: 1.0987  val_accuracy: 64.81%
  Epoch [23/300]  loss: 1.1583  accuracy: 63.69%  val_loss: 1.1330  val_accuracy: 62.23%
  Epoch [24/300]  loss: 1.1539  accuracy: 64.07%  val_loss: 1.1218  val_accuracy: 62.23%
  Epoch [25/300]  loss: 1.1664  accuracy: 62.79%  val_loss: 1.1042  val_accuracy: 63.73%
  Epoch [26/300]  loss: 1.1605  accuracy: 63.64%  val_loss: 1.0923  val_accuracy: 65.02%
  Epoch [27/300]  loss: 1.1528  accuracy: 64.23%  val_loss: 1.0963  val_accuracy: 65.02%
  Epoch [28/300]  loss: 1.1460  accuracy: 64.87%  val_loss: 1.1276  val_accuracy: 63.52%
  Epoch [29/300]  loss: 1.1388  accuracy: 63.64%  val_loss: 1.0839  val_accuracy: 65.88%
  Epoch [30/300]  loss: 1.1417  accuracy: 63.59%  val_loss: 1.0996  val_accuracy: 64.38%
  Epoch [31/300]  loss: 1.1186  accuracy: 66.20%  val_loss: 1.1094  val_accuracy: 66.09%
  Epoch [32/300]  loss: 1.1225  accuracy: 65.62%  val_loss: 1.1349  val_accuracy: 62.88%
  Epoch [33/300]  loss: 1.1049  accuracy: 66.04%  val_loss: 1.1099  val_accuracy: 64.38%
  Epoch [34/300]  loss: 1.1087  accuracy: 66.15%  val_loss: 1.1040  val_accuracy: 64.59%
  Epoch [35/300]  loss: 1.1064  accuracy: 66.42%  val_loss: 1.1373  val_accuracy: 63.52%
  Epoch [36/300]  loss: 1.0947  accuracy: 67.11%  val_loss: 1.0785  val_accuracy: 66.95%
  Epoch [37/300]  loss: 1.1014  accuracy: 66.52%  val_loss: 1.0952  val_accuracy: 64.81%
  Epoch [38/300]  loss: 1.0905  accuracy: 67.38%  val_loss: 1.0770  val_accuracy: 67.17%
  Epoch [39/300]  loss: 1.0814  accuracy: 68.23%  val_loss: 1.0996  val_accuracy: 66.31%
  Epoch [40/300]  loss: 1.0671  accuracy: 68.82%  val_loss: 1.0612  val_accuracy: 66.74%
  Epoch [41/300]  loss: 1.0736  accuracy: 68.13%  val_loss: 1.0675  val_accuracy: 66.31%
  Epoch [42/300]  loss: 1.0884  accuracy: 68.34%  val_loss: 1.0712  val_accuracy: 64.38%
  Epoch [43/300]  loss: 1.0731  accuracy: 68.82%  val_loss: 1.0581  val_accuracy: 67.60%
  Epoch [44/300]  loss: 1.0679  accuracy: 68.87%  val_loss: 1.0630  val_accuracy: 67.38%
  Epoch [45/300]  loss: 1.0543  accuracy: 70.15%  val_loss: 1.0763  val_accuracy: 67.60%
  Epoch [46/300]  loss: 1.0646  accuracy: 69.51%  val_loss: 1.0874  val_accuracy: 66.52%
  Epoch [47/300]  loss: 1.0538  accuracy: 69.99%  val_loss: 1.0643  val_accuracy: 66.09%
  Epoch [48/300]  loss: 1.0455  accuracy: 70.21%  val_loss: 1.1106  val_accuracy: 62.88%
  Epoch [49/300]  loss: 1.0312  accuracy: 69.89%  val_loss: 1.0834  val_accuracy: 64.81%
  Epoch [50/300]  loss: 1.0365  accuracy: 71.70%  val_loss: 1.0661  val_accuracy: 66.09%
  Epoch [51/300]  loss: 1.0252  accuracy: 71.49%  val_loss: 1.0795  val_accuracy: 67.81%
  Epoch [52/300]  loss: 1.0251  accuracy: 71.06%  val_loss: 1.0750  val_accuracy: 67.17%
  Epoch [53/300]  loss: 1.0115  accuracy: 71.44%  val_loss: 1.0646  val_accuracy: 66.95%
  Epoch [54/300]  loss: 1.0088  accuracy: 71.06%  val_loss: 1.0747  val_accuracy: 67.17%
  Epoch [55/300]  loss: 1.0075  accuracy: 71.97%  val_loss: 1.0723  val_accuracy: 68.24%
  Epoch [56/300]  loss: 0.9990  accuracy: 72.56%  val_loss: 1.0686  val_accuracy: 65.45%
  Epoch [57/300]  loss: 0.9974  accuracy: 71.97%  val_loss: 1.0717  val_accuracy: 68.88%
  Epoch [58/300]  loss: 1.0371  accuracy: 70.48%  val_loss: 1.0702  val_accuracy: 67.81%
  Epoch [59/300]  loss: 0.9898  accuracy: 73.30%  val_loss: 1.0861  val_accuracy: 67.38%
  Epoch [60/300]  loss: 1.0112  accuracy: 70.80%  val_loss: 1.0526  val_accuracy: 67.60%
  Epoch [61/300]  loss: 0.9669  accuracy: 73.73%  val_loss: 1.0948  val_accuracy: 68.03%
  Epoch [62/300]  loss: 0.9627  accuracy: 74.37%  val_loss: 1.0925  val_accuracy: 66.09%
  Epoch [63/300]  loss: 0.9638  accuracy: 73.84%  val_loss: 1.1262  val_accuracy: 65.02%
  Epoch [64/300]  loss: 0.9782  accuracy: 73.63%  val_loss: 1.0930  val_accuracy: 66.95%
  Epoch [65/300]  loss: 0.9759  accuracy: 73.84%  val_loss: 1.1420  val_accuracy: 65.02%
  Epoch [66/300]  loss: 0.9522  accuracy: 75.33%  val_loss: 1.0751  val_accuracy: 66.31%
  Epoch [67/300]  loss: 0.9489  accuracy: 74.91%  val_loss: 1.1249  val_accuracy: 64.38%
  Epoch [68/300]  loss: 0.9671  accuracy: 74.00%  val_loss: 1.0674  val_accuracy: 67.60%
  Epoch [69/300]  loss: 0.9562  accuracy: 74.91%  val_loss: 1.1095  val_accuracy: 65.02%
  Epoch [70/300]  loss: 0.9599  accuracy: 76.13%  val_loss: 1.0779  val_accuracy: 66.09%
  Epoch [71/300]  loss: 0.9312  accuracy: 76.67%  val_loss: 1.0901  val_accuracy: 67.17%
  Epoch [72/300]  loss: 0.9549  accuracy: 76.45%  val_loss: 1.1009  val_accuracy: 67.38%
  Epoch [73/300]  loss: 0.9234  accuracy: 76.99%  val_loss: 1.0905  val_accuracy: 67.60%
  Epoch [74/300]  loss: 0.9435  accuracy: 75.28%  val_loss: 1.1009  val_accuracy: 66.31%
  Epoch [75/300]  loss: 0.9258  accuracy: 76.51%  val_loss: 1.1006  val_accuracy: 66.74%
  Epoch [76/300]  loss: 0.9451  accuracy: 75.49%  val_loss: 1.0803  val_accuracy: 66.09%
  Epoch [77/300]  loss: 0.9547  accuracy: 74.59%  val_loss: 1.1265  val_accuracy: 65.24%
  Epoch [78/300]  loss: 0.9340  accuracy: 75.81%  val_loss: 1.1139  val_accuracy: 65.45%
  Epoch [79/300]  loss: 0.9161  accuracy: 77.20%  val_loss: 1.0737  val_accuracy: 66.52%
  Epoch [80/300]  loss: 0.9025  accuracy: 76.72%  val_loss: 1.1005  val_accuracy: 66.52%
  Epoch [81/300]  loss: 0.9297  accuracy: 76.78%  val_loss: 1.1639  val_accuracy: 65.45%
  Epoch [82/300]  loss: 0.9045  accuracy: 77.20%  val_loss: 1.0895  val_accuracy: 66.52%
  Epoch [83/300]  loss: 0.9030  accuracy: 76.94%  val_loss: 1.1462  val_accuracy: 62.88%
  Epoch [84/300]  loss: 0.9130  accuracy: 76.67%  val_loss: 1.0638  val_accuracy: 67.81%
  Epoch [85/300]  loss: 0.8977  accuracy: 78.54%  val_loss: 1.0624  val_accuracy: 68.67%
  Epoch [86/300]  loss: 0.8795  accuracy: 77.95%  val_loss: 1.0815  val_accuracy: 68.67%
  Epoch [87/300]  loss: 0.9131  accuracy: 77.15%  val_loss: 1.0826  val_accuracy: 67.60%
  Epoch [88/300]  loss: 0.8846  accuracy: 78.32%  val_loss: 1.1080  val_accuracy: 66.31%
  Epoch [89/300]  loss: 0.8910  accuracy: 78.54%  val_loss: 1.1376  val_accuracy: 68.45%
  Epoch [90/300]  loss: 0.8583  accuracy: 79.82%  val_loss: 1.1277  val_accuracy: 65.67%
  Early stopping triggered after 90 epochs (no improvement for 30 epochs).

  Fold 5 result: val_loss: 1.0526  val_accuracy: 67.60%

======================================================================
Cross-Validation Summary
======================================================================
    Fold      Val Loss      Val Accuracy
  ----------------------------------------
       1        1.1049            64.82%
       2        1.0875            66.45%
       3        1.0770            68.16%
       4        1.1226            63.68%
       5        1.0526            67.60%
  ----------------------------------------
    Mean        1.0889 ± 0.0267        66.14% ± 1.88%
======================================================================

Training final model on the full train+val pool...
----------------------------------------------------------------------
  Epoch [1/300]  loss: 1.5956  accuracy: 35.70%
  Epoch [2/300]  loss: 1.4264  accuracy: 43.57%
  Epoch [3/300]  loss: 1.3890  accuracy: 47.03%
  Epoch [4/300]  loss: 1.3675  accuracy: 48.27%
  Epoch [5/300]  loss: 1.3402  accuracy: 50.88%
  Epoch [6/300]  loss: 1.3427  accuracy: 51.13%
  Epoch [7/300]  loss: 1.2930  accuracy: 54.60%
  Epoch [8/300]  loss: 1.2990  accuracy: 54.30%
  Epoch [9/300]  loss: 1.2882  accuracy: 54.98%
  Epoch [10/300]  loss: 1.2665  accuracy: 56.09%
  Epoch [11/300]  loss: 1.2601  accuracy: 56.14%
  Epoch [12/300]  loss: 1.2525  accuracy: 57.46%
  Epoch [13/300]  loss: 1.2430  accuracy: 57.97%
  Epoch [14/300]  loss: 1.2223  accuracy: 59.56%
  Epoch [15/300]  loss: 1.2230  accuracy: 59.13%
  Epoch [16/300]  loss: 1.2084  accuracy: 60.67%
  Epoch [17/300]  loss: 1.2089  accuracy: 59.85%
  Epoch [18/300]  loss: 1.2123  accuracy: 59.77%
  Epoch [19/300]  loss: 1.1910  accuracy: 61.52%
  Epoch [20/300]  loss: 1.1892  accuracy: 61.61%
  Epoch [21/300]  loss: 1.1882  accuracy: 62.59%
  Epoch [22/300]  loss: 1.1687  accuracy: 62.21%
  Epoch [23/300]  loss: 1.1553  accuracy: 64.13%
  Epoch [24/300]  loss: 1.1658  accuracy: 62.63%
  Epoch [25/300]  loss: 1.1562  accuracy: 63.75%
  Epoch [26/300]  loss: 1.1617  accuracy: 61.95%
  Epoch [27/300]  loss: 1.1547  accuracy: 63.45%
  Epoch [28/300]  loss: 1.1361  accuracy: 64.17%
  Epoch [29/300]  loss: 1.1246  accuracy: 65.37%
  Epoch [30/300]  loss: 1.1174  accuracy: 65.03%
  Epoch [31/300]  loss: 1.1258  accuracy: 64.86%
  Epoch [32/300]  loss: 1.1176  accuracy: 65.58%
  Epoch [33/300]  loss: 1.1185  accuracy: 66.40%
  Epoch [34/300]  loss: 1.0928  accuracy: 67.08%
  Epoch [35/300]  loss: 1.0824  accuracy: 66.87%
  Epoch [36/300]  loss: 1.0911  accuracy: 67.29%
  Epoch [37/300]  loss: 1.0986  accuracy: 67.38%
  Epoch [38/300]  loss: 1.0857  accuracy: 67.08%
  Epoch [39/300]  loss: 1.0853  accuracy: 67.42%
  Epoch [40/300]  loss: 1.0741  accuracy: 69.26%
  Epoch [41/300]  loss: 1.0611  accuracy: 68.75%
  Epoch [42/300]  loss: 1.0767  accuracy: 67.98%
  Epoch [43/300]  loss: 1.0667  accuracy: 67.25%
  Epoch [44/300]  loss: 1.0705  accuracy: 67.72%
  Epoch [45/300]  loss: 1.0582  accuracy: 67.38%
  Epoch [46/300]  loss: 1.0651  accuracy: 67.76%
  Epoch [47/300]  loss: 1.0347  accuracy: 69.52%
  Epoch [48/300]  loss: 1.0469  accuracy: 70.07%
  Epoch [49/300]  loss: 1.0398  accuracy: 69.99%
  Epoch [50/300]  loss: 1.0209  accuracy: 70.59%
  Epoch [51/300]  loss: 1.0454  accuracy: 69.60%
  Epoch [52/300]  loss: 1.0363  accuracy: 69.82%
  Epoch [53/300]  loss: 1.0301  accuracy: 70.54%
  Epoch [54/300]  loss: 1.0133  accuracy: 70.93%
  Epoch [55/300]  loss: 1.0256  accuracy: 71.27%
  Epoch [56/300]  loss: 1.0140  accuracy: 71.95%
  Epoch [57/300]  loss: 1.0141  accuracy: 71.57%
  Epoch [58/300]  loss: 0.9994  accuracy: 72.72%
  Epoch [59/300]  loss: 0.9910  accuracy: 72.04%
  Epoch [60/300]  loss: 0.9925  accuracy: 73.24%
  Epoch [61/300]  loss: 0.9853  accuracy: 72.77%
  Epoch [62/300]  loss: 0.9925  accuracy: 72.68%
  Epoch [63/300]  loss: 0.9854  accuracy: 72.30%
  Epoch [64/300]  loss: 0.9730  accuracy: 73.92%
  Epoch [65/300]  loss: 0.9665  accuracy: 73.83%
  Epoch [66/300]  loss: 0.9650  accuracy: 73.71%
  Epoch [67/300]  loss: 0.9747  accuracy: 73.15%
  Epoch [68/300]  loss: 0.9730  accuracy: 73.54%
  Epoch [69/300]  loss: 0.9785  accuracy: 73.62%
  Epoch [70/300]  loss: 0.9630  accuracy: 74.95%
  Epoch [71/300]  loss: 0.9665  accuracy: 74.43%
  Epoch [72/300]  loss: 0.9623  accuracy: 73.15%
  Epoch [73/300]  loss: 0.9779  accuracy: 73.66%
  Epoch [74/300]  loss: 0.9533  accuracy: 74.69%
  Epoch [75/300]  loss: 0.9499  accuracy: 74.48%
  Epoch [76/300]  loss: 0.9343  accuracy: 74.22%
  Epoch [77/300]  loss: 0.9483  accuracy: 74.82%
  Epoch [78/300]  loss: 0.9437  accuracy: 74.95%
  Epoch [79/300]  loss: 0.9345  accuracy: 75.97%
  Epoch [80/300]  loss: 0.9195  accuracy: 76.87%
  Epoch [81/300]  loss: 0.9566  accuracy: 74.05%
  Epoch [82/300]  loss: 0.9183  accuracy: 76.66%
  Epoch [83/300]  loss: 0.9265  accuracy: 75.42%
  Epoch [84/300]  loss: 0.9160  accuracy: 76.02%
  Epoch [85/300]  loss: 0.9113  accuracy: 77.38%
  Epoch [86/300]  loss: 0.9135  accuracy: 76.23%
  Epoch [87/300]  loss: 0.9155  accuracy: 76.74%
  Epoch [88/300]  loss: 0.8923  accuracy: 76.57%
  Epoch [89/300]  loss: 0.9239  accuracy: 76.78%
  Epoch [90/300]  loss: 0.8959  accuracy: 77.47%
  Epoch [91/300]  loss: 0.8932  accuracy: 77.98%
  Epoch [92/300]  loss: 0.9146  accuracy: 75.63%
  Epoch [93/300]  loss: 0.9037  accuracy: 77.04%
  Epoch [94/300]  loss: 0.8850  accuracy: 78.92%
  Epoch [95/300]  loss: 0.8810  accuracy: 78.24%
  Epoch [96/300]  loss: 0.8850  accuracy: 78.45%
  Epoch [97/300]  loss: 0.8800  accuracy: 79.14%
  Epoch [98/300]  loss: 0.8879  accuracy: 77.94%
  Epoch [99/300]  loss: 0.8906  accuracy: 78.02%
  Epoch [100/300]  loss: 0.8732  accuracy: 78.67%
  Epoch [101/300]  loss: 0.8685  accuracy: 78.84%
  Epoch [102/300]  loss: 0.8810  accuracy: 78.67%
  Epoch [103/300]  loss: 0.8614  accuracy: 79.09%
  Epoch [104/300]  loss: 0.8642  accuracy: 79.61%
  Epoch [105/300]  loss: 0.8582  accuracy: 79.31%
  Epoch [106/300]  loss: 0.8695  accuracy: 78.71%
  Epoch [107/300]  loss: 0.8659  accuracy: 79.35%
  Epoch [108/300]  loss: 0.8552  accuracy: 79.91%
  Epoch [109/300]  loss: 0.8510  accuracy: 79.56%
  Epoch [110/300]  loss: 0.8572  accuracy: 79.61%
  Epoch [111/300]  loss: 0.8408  accuracy: 80.72%
  Epoch [112/300]  loss: 0.8466  accuracy: 79.91%
  Epoch [113/300]  loss: 0.8702  accuracy: 79.26%
  Epoch [114/300]  loss: 0.8350  accuracy: 80.76%
  Epoch [115/300]  loss: 0.8426  accuracy: 80.97%
  Epoch [116/300]  loss: 0.8421  accuracy: 79.78%
  Epoch [117/300]  loss: 0.8387  accuracy: 81.23%
  Epoch [118/300]  loss: 0.8484  accuracy: 79.99%
  Epoch [119/300]  loss: 0.8354  accuracy: 80.80%
  Epoch [120/300]  loss: 0.8344  accuracy: 81.49%
  Epoch [121/300]  loss: 0.8337  accuracy: 80.50%
  Epoch [122/300]  loss: 0.8223  accuracy: 81.57%
  Epoch [123/300]  loss: 0.8314  accuracy: 79.26%
  Epoch [124/300]  loss: 0.8011  accuracy: 83.28%
  Epoch [125/300]  loss: 0.8180  accuracy: 81.70%
  Epoch [126/300]  loss: 0.8302  accuracy: 80.42%
  Epoch [127/300]  loss: 0.8095  accuracy: 82.60%
  Epoch [128/300]  loss: 0.8099  accuracy: 81.83%
  Epoch [129/300]  loss: 0.8048  accuracy: 82.00%
  Epoch [130/300]  loss: 0.8152  accuracy: 81.92%
  Epoch [131/300]  loss: 0.8250  accuracy: 81.70%
  Epoch [132/300]  loss: 0.7989  accuracy: 82.51%
  Epoch [133/300]  loss: 0.7986  accuracy: 81.79%
  Epoch [134/300]  loss: 0.7838  accuracy: 83.33%
  Epoch [135/300]  loss: 0.7924  accuracy: 82.47%
  Epoch [136/300]  loss: 0.7976  accuracy: 82.09%
  Epoch [137/300]  loss: 0.8181  accuracy: 81.27%
  Epoch [138/300]  loss: 0.7909  accuracy: 83.28%
  Epoch [139/300]  loss: 0.7911  accuracy: 82.94%
  Epoch [140/300]  loss: 0.7886  accuracy: 82.73%
  Epoch [141/300]  loss: 0.7839  accuracy: 83.58%
  Epoch [142/300]  loss: 0.7962  accuracy: 83.11%
  Epoch [143/300]  loss: 0.7886  accuracy: 83.80%
  Epoch [144/300]  loss: 0.7837  accuracy: 83.50%
  Epoch [145/300]  loss: 0.7763  accuracy: 83.63%
  Epoch [146/300]  loss: 0.7679  accuracy: 83.97%
  Epoch [147/300]  loss: 0.7820  accuracy: 82.68%
  Epoch [148/300]  loss: 0.7629  accuracy: 85.25%
  Epoch [149/300]  loss: 0.7678  accuracy: 84.14%
  Epoch [150/300]  loss: 0.7810  accuracy: 84.01%
  Epoch [151/300]  loss: 0.7652  accuracy: 84.82%
  Epoch [152/300]  loss: 0.7563  accuracy: 85.21%
  Epoch [153/300]  loss: 0.7572  accuracy: 84.82%
  Epoch [154/300]  loss: 0.7781  accuracy: 83.63%
  Epoch [155/300]  loss: 0.7452  accuracy: 85.04%
  Epoch [156/300]  loss: 0.7509  accuracy: 85.29%
  Epoch [157/300]  loss: 0.7572  accuracy: 85.59%
  Epoch [158/300]  loss: 0.7510  accuracy: 85.34%
  Epoch [159/300]  loss: 0.7622  accuracy: 84.10%
  Epoch [160/300]  loss: 0.7565  accuracy: 84.10%
  Epoch [161/300]  loss: 0.7432  accuracy: 85.81%
  Epoch [162/300]  loss: 0.7468  accuracy: 85.16%
  Epoch [163/300]  loss: 0.7388  accuracy: 85.63%
  Epoch [164/300]  loss: 0.7452  accuracy: 85.59%
  Epoch [165/300]  loss: 0.7540  accuracy: 85.21%
  Epoch [166/300]  loss: 0.7434  accuracy: 85.89%
  Epoch [167/300]  loss: 0.7361  accuracy: 85.55%
  Epoch [168/300]  loss: 0.7475  accuracy: 84.82%
  Epoch [169/300]  loss: 0.7383  accuracy: 85.16%
  Epoch [170/300]  loss: 0.7341  accuracy: 85.89%
  Epoch [171/300]  loss: 0.7284  accuracy: 86.36%
  Epoch [172/300]  loss: 0.7405  accuracy: 85.68%
  Epoch [173/300]  loss: 0.7357  accuracy: 86.23%
  Epoch [174/300]  loss: 0.7323  accuracy: 86.45%
  Epoch [175/300]  loss: 0.7278  accuracy: 86.23%
  Epoch [176/300]  loss: 0.7234  accuracy: 86.75%
  Epoch [177/300]  loss: 0.7306  accuracy: 86.58%
  Epoch [178/300]  loss: 0.7100  accuracy: 87.30%
  Epoch [179/300]  loss: 0.7228  accuracy: 87.00%
  Epoch [180/300]  loss: 0.7196  accuracy: 86.87%
  Epoch [181/300]  loss: 0.7113  accuracy: 87.47%
  Epoch [182/300]  loss: 0.7138  accuracy: 87.35%
  Epoch [183/300]  loss: 0.7420  accuracy: 85.12%
  Epoch [184/300]  loss: 0.7290  accuracy: 87.39%
  Epoch [185/300]  loss: 0.7194  accuracy: 86.49%
  Epoch [186/300]  loss: 0.7301  accuracy: 86.32%
  Epoch [187/300]  loss: 0.7093  accuracy: 87.56%
  Epoch [188/300]  loss: 0.7138  accuracy: 86.58%
  Epoch [189/300]  loss: 0.7061  accuracy: 87.26%
  Epoch [190/300]  loss: 0.7144  accuracy: 87.13%
  Epoch [191/300]  loss: 0.7085  accuracy: 87.26%
  Epoch [192/300]  loss: 0.7164  accuracy: 86.79%
  Epoch [193/300]  loss: 0.6818  accuracy: 89.06%
  Epoch [194/300]  loss: 0.6978  accuracy: 87.69%
  Epoch [195/300]  loss: 0.6960  accuracy: 87.30%
  Epoch [196/300]  loss: 0.7122  accuracy: 87.17%
  Epoch [197/300]  loss: 0.7059  accuracy: 87.13%
  Epoch [198/300]  loss: 0.7055  accuracy: 87.26%
  Epoch [199/300]  loss: 0.6962  accuracy: 88.11%
  Epoch [200/300]  loss: 0.6941  accuracy: 87.60%
  Epoch [201/300]  loss: 0.7052  accuracy: 87.35%
  Epoch [202/300]  loss: 0.6950  accuracy: 87.82%
  Epoch [203/300]  loss: 0.6789  accuracy: 88.84%
  Epoch [204/300]  loss: 0.6885  accuracy: 87.99%
  Epoch [205/300]  loss: 0.7010  accuracy: 87.94%
  Epoch [206/300]  loss: 0.7017  accuracy: 87.26%
  Epoch [207/300]  loss: 0.6869  accuracy: 88.16%
  Epoch [208/300]  loss: 0.6937  accuracy: 88.20%
  Epoch [209/300]  loss: 0.6977  accuracy: 88.41%
  Epoch [210/300]  loss: 0.6956  accuracy: 87.90%
  Epoch [211/300]  loss: 0.6942  accuracy: 87.69%
  Epoch [212/300]  loss: 0.6924  accuracy: 87.90%
  Epoch [213/300]  loss: 0.7087  accuracy: 87.43%
  Epoch [214/300]  loss: 0.6926  accuracy: 88.41%
  Epoch [215/300]  loss: 0.6653  accuracy: 89.01%
  Epoch [216/300]  loss: 0.6924  accuracy: 87.64%
  Epoch [217/300]  loss: 0.6726  accuracy: 89.35%
  Epoch [218/300]  loss: 0.6805  accuracy: 88.76%
  Epoch [219/300]  loss: 0.6883  accuracy: 88.46%
  Epoch [220/300]  loss: 0.6727  accuracy: 89.53%
  Epoch [221/300]  loss: 0.6994  accuracy: 87.64%
  Epoch [222/300]  loss: 0.6614  accuracy: 89.48%
  Epoch [223/300]  loss: 0.6930  accuracy: 87.82%
  Epoch [224/300]  loss: 0.6797  accuracy: 88.71%
  Epoch [225/300]  loss: 0.6822  accuracy: 88.93%
  Epoch [226/300]  loss: 0.6767  accuracy: 89.06%
  Epoch [227/300]  loss: 0.6688  accuracy: 89.18%
  Epoch [228/300]  loss: 0.6652  accuracy: 89.44%
  Epoch [229/300]  loss: 0.6792  accuracy: 88.46%
  Epoch [230/300]  loss: 0.6847  accuracy: 88.84%
  Epoch [231/300]  loss: 0.6857  accuracy: 88.29%
  Epoch [232/300]  loss: 0.6735  accuracy: 89.40%
  Epoch [233/300]  loss: 0.6627  accuracy: 89.48%
  Epoch [234/300]  loss: 0.6698  accuracy: 89.23%
  Epoch [235/300]  loss: 0.6690  accuracy: 89.70%
  Epoch [236/300]  loss: 0.6739  accuracy: 89.40%
  Epoch [237/300]  loss: 0.6621  accuracy: 88.80%
  Epoch [238/300]  loss: 0.6475  accuracy: 90.51%
  Epoch [239/300]  loss: 0.6819  accuracy: 88.11%
  Epoch [240/300]  loss: 0.6497  accuracy: 90.38%
  Epoch [241/300]  loss: 0.6584  accuracy: 90.17%
  Epoch [242/300]  loss: 0.6535  accuracy: 89.35%
  Epoch [243/300]  loss: 0.6534  accuracy: 89.53%
  Epoch [244/300]  loss: 0.6813  accuracy: 89.27%
  Epoch [245/300]  loss: 0.6713  accuracy: 89.23%
  Epoch [246/300]  loss: 0.6428  accuracy: 90.85%
  Epoch [247/300]  loss: 0.6626  accuracy: 89.01%
  Epoch [248/300]  loss: 0.6516  accuracy: 90.12%
  Epoch [249/300]  loss: 0.6479  accuracy: 90.98%
  Epoch [250/300]  loss: 0.6492  accuracy: 90.85%
  Epoch [251/300]  loss: 0.6435  accuracy: 90.77%
  Epoch [252/300]  loss: 0.6506  accuracy: 90.25%
  Epoch [253/300]  loss: 0.6377  accuracy: 90.29%
  Epoch [254/300]  loss: 0.6459  accuracy: 90.12%
  Epoch [255/300]  loss: 0.6440  accuracy: 90.59%
  Epoch [256/300]  loss: 0.6489  accuracy: 90.55%
  Epoch [257/300]  loss: 0.6476  accuracy: 90.25%
  Epoch [258/300]  loss: 0.6397  accuracy: 91.11%
  Epoch [259/300]  loss: 0.6370  accuracy: 91.19%
  Epoch [260/300]  loss: 0.6467  accuracy: 90.17%
  Epoch [261/300]  loss: 0.6384  accuracy: 91.06%
  Epoch [262/300]  loss: 0.6320  accuracy: 90.89%
  Epoch [263/300]  loss: 0.6414  accuracy: 90.38%
  Epoch [264/300]  loss: 0.6364  accuracy: 90.72%
  Epoch [265/300]  loss: 0.6332  accuracy: 91.28%
  Epoch [266/300]  loss: 0.6425  accuracy: 90.68%
  Epoch [267/300]  loss: 0.6481  accuracy: 90.34%
  Epoch [268/300]  loss: 0.6353  accuracy: 91.15%
  Epoch [269/300]  loss: 0.6357  accuracy: 90.94%
  Epoch [270/300]  loss: 0.6307  accuracy: 91.06%
  Epoch [271/300]  loss: 0.6425  accuracy: 90.00%
  Epoch [272/300]  loss: 0.6479  accuracy: 90.21%
  Epoch [273/300]  loss: 0.6385  accuracy: 90.77%
  Epoch [274/300]  loss: 0.6589  accuracy: 89.70%
  Epoch [275/300]  loss: 0.6284  accuracy: 91.58%
  Epoch [276/300]  loss: 0.6354  accuracy: 91.02%
  Epoch [277/300]  loss: 0.6353  accuracy: 91.36%
  Epoch [278/300]  loss: 0.6360  accuracy: 91.45%
  Epoch [279/300]  loss: 0.6314  accuracy: 91.11%
  Epoch [280/300]  loss: 0.6618  accuracy: 90.00%
  Epoch [281/300]  loss: 0.6319  accuracy: 91.32%
  Epoch [282/300]  loss: 0.6263  accuracy: 91.06%
  Epoch [283/300]  loss: 0.6076  accuracy: 92.13%
  Epoch [284/300]  loss: 0.6340  accuracy: 91.06%
  Epoch [285/300]  loss: 0.6219  accuracy: 91.53%
  Epoch [286/300]  loss: 0.6173  accuracy: 91.71%
  Epoch [287/300]  loss: 0.6459  accuracy: 90.47%
  Epoch [288/300]  loss: 0.6270  accuracy: 91.49%
  Epoch [289/300]  loss: 0.6228  accuracy: 91.79%
  Epoch [290/300]  loss: 0.6208  accuracy: 91.75%
  Epoch [291/300]  loss: 0.6257  accuracy: 91.58%
  Epoch [292/300]  loss: 0.6309  accuracy: 90.64%
  Epoch [293/300]  loss: 0.6274  accuracy: 91.02%
  Epoch [294/300]  loss: 0.6238  accuracy: 91.19%
  Epoch [295/300]  loss: 0.6073  accuracy: 92.39%
  Epoch [296/300]  loss: 0.6139  accuracy: 92.18%
  Epoch [297/300]  loss: 0.6246  accuracy: 91.06%
  Epoch [298/300]  loss: 0.6152  accuracy: 92.05%
  Epoch [299/300]  loss: 0.6425  accuracy: 90.77%
  Epoch [300/300]  loss: 0.6148  accuracy: 91.66%

======================================================================
Testing
======================================================================
  Test accuracy: 67.30%

  Class                      Samples  Precision   Recall       F1
  ---------------------------------------------------------------
  Cider                          88     0.5676   0.7159   0.6332
  IPA                            75     0.6316   0.6400   0.6358
  Lager                          58     0.4250   0.2931   0.3469
  Stout                         104     0.9167   0.8462   0.8800
  Wheat                          94     0.6875   0.7021   0.6947

  Checkpoint saved to results/v31/checkpoint.pth
  Results saved to results/v31/results.json
Parsing log: results/v31/slurm_364756.out
Mode: cross_validation  |  Folds: 5  |  Total epochs parsed: 399
Plot saved to: results/v31/training_curves.png
