Traceback (most recent call last):
  File "../../confusion matrix generator.py", line 31, in <module>
    import pandas as pd
  File "/home/eddiecohanim/miniconda3/envs/cs236781-hw/lib/python3.8/site-packages/pandas/__init__.py", line 48, in <module>
    from pandas.core.api import (
  File "/home/eddiecohanim/miniconda3/envs/cs236781-hw/lib/python3.8/site-packages/pandas/core/api.py", line 47, in <module>
    from pandas.core.groupby import (
  File "/home/eddiecohanim/miniconda3/envs/cs236781-hw/lib/python3.8/site-packages/pandas/core/groupby/__init__.py", line 1, in <module>
    from pandas.core.groupby.generic import (
  File "/home/eddiecohanim/miniconda3/envs/cs236781-hw/lib/python3.8/site-packages/pandas/core/groupby/generic.py", line 77, in <module>
    from pandas.core.frame import DataFrame
  File "/home/eddiecohanim/miniconda3/envs/cs236781-hw/lib/python3.8/site-packages/pandas/core/frame.py", line 182, in <module>
    from pandas.core.generic import NDFrame
  File "/home/eddiecohanim/miniconda3/envs/cs236781-hw/lib/python3.8/site-packages/pandas/core/generic.py", line 179, in <module>
    from pandas.core.window import (
  File "/home/eddiecohanim/miniconda3/envs/cs236781-hw/lib/python3.8/site-packages/pandas/core/window/__init__.py", line 1, in <module>
    from pandas.core.window.ewm import (
  File "/home/eddiecohanim/miniconda3/envs/cs236781-hw/lib/python3.8/site-packages/pandas/core/window/ewm.py", line 11, in <module>
    import pandas._libs.window.aggregations as window_aggregations
ImportError: /usr/lib/x86_64-linux-gnu/libstdc++.so.6: version `GLIBCXX_3.4.29' not found (required by /home/eddiecohanim/miniconda3/envs/cs236781-hw/lib/python3.8/site-packages/pandas/_libs/window/aggregations.cpython-38-x86_64-linux-gnu.so)
