
Dataset Validation
======================================================================

  Split: train    STATUS: OK
    orange wine                       147 images
    rose wine                         412 images
    Sauvignon blanc                   137 images
    Chardonnay                        144 images
    Cabernet Sauvignon                131 images
    Pinot Noir                        102 images
    Malbec                            108 images

  Split: val    STATUS: OK
    orange wine                       31 images
    rose wine                         88 images
    Sauvignon blanc                   29 images
    Chardonnay                        31 images
    Cabernet Sauvignon                28 images
    Pinot Noir                        22 images
    Malbec                            23 images

  Split: test    STATUS: OK
    orange wine                       33 images
    rose wine                         89 images
    Sauvignon blanc                   31 images
    Chardonnay                        32 images
    Cabernet Sauvignon                29 images
    Pinot Noir                        23 images
    Malbec                            24 images

======================================================================
VALIDATION RESULT: PASSED   (all splits and classes found)
======================================================================

  Class weights (inverse-frequency):
    orange wine                      147 samples  weight: 0.9491
    rose wine                        412 samples  weight: 0.3387
    Sauvignon blanc                  137 samples  weight: 1.0184
    Chardonnay                       144 samples  weight: 0.9689
    Cabernet Sauvignon               131 samples  weight: 1.0651
    Pinot Noir                       102 samples  weight: 1.3679
    Malbec                           108 samples  weight: 1.2919
======================================================================
Cross-Validation  (5 folds)
======================================================================

Fold [1 / 5]
----------------------------------------------------------------------
  Epoch [1/300]  loss: 1.9596  accuracy: 28.76%  val_loss: 1.5781
  Epoch [2/300]  loss: 1.4724  accuracy: 39.69%  val_loss: 1.3927
  Epoch [3/300]  loss: 1.3369  accuracy: 45.10%  val_loss: 1.2322
  Epoch [4/300]  loss: 1.2629  accuracy: 48.25%  val_loss: 1.1604
  Epoch [5/300]  loss: 1.1746  accuracy: 50.79%  val_loss: 1.0951
  Epoch [6/300]  loss: 1.1515  accuracy: 50.26%  val_loss: 1.0607
  Epoch [7/300]  loss: 1.0922  accuracy: 51.57%  val_loss: 1.1686
  Epoch [8/300]  loss: 1.1153  accuracy: 51.22%  val_loss: 1.0700
  Epoch [9/300]  loss: 1.0280  accuracy: 55.24%  val_loss: 1.0197
  Epoch [10/300]  loss: 1.0311  accuracy: 55.24%  val_loss: 1.0247
  Epoch [11/300]  loss: 0.9973  accuracy: 54.90%  val_loss: 0.9937
  Epoch [12/300]  loss: 0.9819  accuracy: 54.81%  val_loss: 0.9731
  Epoch [13/300]  loss: 0.9607  accuracy: 57.60%  val_loss: 0.9764
  Epoch [14/300]  loss: 0.9542  accuracy: 56.82%  val_loss: 0.9609
  Epoch [15/300]  loss: 0.9363  accuracy: 56.03%  val_loss: 0.9745
  Epoch [16/300]  loss: 0.9101  accuracy: 56.12%  val_loss: 1.0115
  Epoch [17/300]  loss: 0.8983  accuracy: 57.69%  val_loss: 0.9544
  Epoch [18/300]  loss: 0.8863  accuracy: 56.99%  val_loss: 0.9377
  Epoch [19/300]  loss: 0.8714  accuracy: 58.30%  val_loss: 1.0151
  Epoch [20/300]  loss: 0.9125  accuracy: 57.69%  val_loss: 0.9634
  Epoch [21/300]  loss: 0.8731  accuracy: 59.18%  val_loss: 0.9837
  Epoch [22/300]  loss: 0.8727  accuracy: 58.39%  val_loss: 0.9158
  Epoch [23/300]  loss: 0.8326  accuracy: 59.44%  val_loss: 0.9206
  Epoch [24/300]  loss: 0.8208  accuracy: 61.28%  val_loss: 0.9162
  Epoch [25/300]  loss: 0.8340  accuracy: 59.53%  val_loss: 0.9188
  Epoch [26/300]  loss: 0.7801  accuracy: 61.71%  val_loss: 0.9796
  Epoch [27/300]  loss: 0.8266  accuracy: 59.79%  val_loss: 0.9063
  Epoch [28/300]  loss: 0.7904  accuracy: 61.45%  val_loss: 0.9009
  Epoch [29/300]  loss: 0.8113  accuracy: 59.97%  val_loss: 0.9492
  Epoch [30/300]  loss: 0.8289  accuracy: 60.58%  val_loss: 0.8952
  Epoch [31/300]  loss: 0.7775  accuracy: 60.93%  val_loss: 0.9266
  Epoch [32/300]  loss: 0.7620  accuracy: 61.36%  val_loss: 0.9021
  Epoch [33/300]  loss: 0.7665  accuracy: 61.63%  val_loss: 0.8885
  Epoch [34/300]  loss: 0.7535  accuracy: 61.63%  val_loss: 0.8759
  Epoch [35/300]  loss: 0.7496  accuracy: 61.45%  val_loss: 0.8612
  Epoch [36/300]  loss: 0.7825  accuracy: 61.45%  val_loss: 0.9617
  Epoch [37/300]  loss: 0.7148  accuracy: 62.67%  val_loss: 0.9362
  Epoch [38/300]  loss: 0.7636  accuracy: 62.15%  val_loss: 0.9622
  Epoch [39/300]  loss: 0.7734  accuracy: 61.28%  val_loss: 0.8830
  Epoch [40/300]  loss: 0.7451  accuracy: 63.20%  val_loss: 0.9269
  Epoch [41/300]  loss: 0.7052  accuracy: 64.69%  val_loss: 0.9878
  Epoch [42/300]  loss: 0.7543  accuracy: 62.94%  val_loss: 0.8790
  Epoch [43/300]  loss: 0.7284  accuracy: 62.33%  val_loss: 0.9399
  Epoch [44/300]  loss: 0.7602  accuracy: 60.31%  val_loss: 0.9638
  Epoch [45/300]  loss: 0.7356  accuracy: 63.55%  val_loss: 0.9301
  Epoch [46/300]  loss: 0.7208  accuracy: 62.85%  val_loss: 0.8940
  Epoch [47/300]  loss: 0.6893  accuracy: 63.46%  val_loss: 0.9458
  Epoch [48/300]  loss: 0.7297  accuracy: 63.72%  val_loss: 0.9227
  Epoch [49/300]  loss: 0.7153  accuracy: 63.55%  val_loss: 0.8971
  Epoch [50/300]  loss: 0.7022  accuracy: 62.33%  val_loss: 0.8712
  Epoch [51/300]  loss: 0.6969  accuracy: 63.55%  val_loss: 0.8498
  Epoch [52/300]  loss: 0.7008  accuracy: 62.50%  val_loss: 0.8763
  Epoch [53/300]  loss: 0.7158  accuracy: 62.50%  val_loss: 0.8692
  Epoch [54/300]  loss: 0.6694  accuracy: 64.86%  val_loss: 0.8584
  Epoch [55/300]  loss: 0.6833  accuracy: 64.69%  val_loss: 0.9581
  Epoch [56/300]  loss: 0.6707  accuracy: 66.00%  val_loss: 0.9315
  Epoch [57/300]  loss: 0.6635  accuracy: 64.69%  val_loss: 0.9375
  Epoch [58/300]  loss: 0.6865  accuracy: 62.24%  val_loss: 0.8882
  Epoch [59/300]  loss: 0.6576  accuracy: 63.99%  val_loss: 0.9275
  Epoch [60/300]  loss: 0.6793  accuracy: 63.72%  val_loss: 0.8740
  Epoch [61/300]  loss: 0.6660  accuracy: 63.81%  val_loss: 0.9736
  Epoch [62/300]  loss: 0.6513  accuracy: 65.38%  val_loss: 0.9000
  Epoch [63/300]  loss: 0.6557  accuracy: 65.47%  val_loss: 0.8828
  Epoch [64/300]  loss: 0.6716  accuracy: 65.30%  val_loss: 0.9091
  Epoch [65/300]  loss: 0.6284  accuracy: 65.38%  val_loss: 0.9495
  Epoch [66/300]  loss: 0.6375  accuracy: 66.52%  val_loss: 0.8923
  Epoch [67/300]  loss: 0.6497  accuracy: 66.26%  val_loss: 0.8802
  Epoch [68/300]  loss: 0.6517  accuracy: 65.03%  val_loss: 0.8443
  Epoch [69/300]  loss: 0.6418  accuracy: 64.51%  val_loss: 0.8571
  Epoch [70/300]  loss: 0.6172  accuracy: 67.48%  val_loss: 0.8728
  Epoch [71/300]  loss: 0.6420  accuracy: 65.38%  val_loss: 0.8853
  Epoch [72/300]  loss: 0.6713  accuracy: 65.21%  val_loss: 0.8215
  Epoch [73/300]  loss: 0.6533  accuracy: 66.08%  val_loss: 0.8858
  Epoch [74/300]  loss: 0.6380  accuracy: 65.21%  val_loss: 0.8789
  Epoch [75/300]  loss: 0.6198  accuracy: 65.21%  val_loss: 0.8438
  Epoch [76/300]  loss: 0.6136  accuracy: 66.61%  val_loss: 0.8869
  Epoch [77/300]  loss: 0.6229  accuracy: 67.31%  val_loss: 0.9066
  Epoch [78/300]  loss: 0.6138  accuracy: 65.65%  val_loss: 0.8214
  Epoch [79/300]  loss: 0.6041  accuracy: 65.03%  val_loss: 0.8439
  Epoch [80/300]  loss: 0.5957  accuracy: 67.05%  val_loss: 0.8474
  Epoch [81/300]  loss: 0.5939  accuracy: 66.70%  val_loss: 0.8892
  Epoch [82/300]  loss: 0.5706  accuracy: 67.66%  val_loss: 1.0092
  Epoch [83/300]  loss: 0.5912  accuracy: 65.65%  val_loss: 0.9125
  Epoch [84/300]  loss: 0.6179  accuracy: 65.82%  val_loss: 0.9085
  Epoch [85/300]  loss: 0.5921  accuracy: 66.43%  val_loss: 0.9010
  Epoch [86/300]  loss: 0.5575  accuracy: 68.01%  val_loss: 0.8749
  Epoch [87/300]  loss: 0.5706  accuracy: 68.09%  val_loss: 0.8748
  Epoch [88/300]  loss: 0.6617  accuracy: 65.21%  val_loss: 0.9018
  Epoch [89/300]  loss: 0.6494  accuracy: 64.69%  val_loss: 0.9375
  Epoch [90/300]  loss: 0.5767  accuracy: 68.27%  val_loss: 0.9070
  Epoch [91/300]  loss: 0.5669  accuracy: 68.27%  val_loss: 0.9145
  Epoch [92/300]  loss: 0.5453  accuracy: 68.18%  val_loss: 0.9300
  Epoch [93/300]  loss: 0.5449  accuracy: 68.79%  val_loss: 0.9927
  Epoch [94/300]  loss: 0.5907  accuracy: 68.01%  val_loss: 0.9236
  Epoch [95/300]  loss: 0.5970  accuracy: 66.52%  val_loss: 0.9551
  Epoch [96/300]  loss: 0.5536  accuracy: 69.14%  val_loss: 0.8542
  Epoch [97/300]  loss: 0.5544  accuracy: 66.61%  val_loss: 0.9055
  Epoch [98/300]  loss: 0.6035  accuracy: 67.22%  val_loss: 0.9150
  Early stopping triggered after 98 epochs (no improvement for 20 epochs).

  Fold 1 result: val_loss: 0.8214  val_accuracy: 65.40%

Fold [2 / 5]
----------------------------------------------------------------------
  Epoch [1/300]  loss: 1.8720  accuracy: 29.41%  val_loss: 1.4947
  Epoch [2/300]  loss: 1.3882  accuracy: 41.19%  val_loss: 1.2812
  Epoch [3/300]  loss: 1.3079  accuracy: 45.29%  val_loss: 1.2160
  Epoch [4/300]  loss: 1.1932  accuracy: 49.74%  val_loss: 1.1558
  Epoch [5/300]  loss: 1.1971  accuracy: 49.74%  val_loss: 1.1412
  Epoch [6/300]  loss: 1.0971  accuracy: 53.14%  val_loss: 1.1013
  Epoch [7/300]  loss: 1.0719  accuracy: 54.01%  val_loss: 1.0332
  Epoch [8/300]  loss: 1.0623  accuracy: 52.53%  val_loss: 1.1422
  Epoch [9/300]  loss: 1.0641  accuracy: 54.01%  val_loss: 0.9356
  Epoch [10/300]  loss: 0.9919  accuracy: 56.20%  val_loss: 0.9703
  Epoch [11/300]  loss: 1.0286  accuracy: 56.20%  val_loss: 0.9460
  Epoch [12/300]  loss: 1.0366  accuracy: 53.93%  val_loss: 0.9915
  Epoch [13/300]  loss: 0.9478  accuracy: 55.93%  val_loss: 0.9310
  Epoch [14/300]  loss: 0.8936  accuracy: 58.81%  val_loss: 0.9569
  Epoch [15/300]  loss: 0.9666  accuracy: 56.63%  val_loss: 0.9551
  Epoch [16/300]  loss: 0.9359  accuracy: 56.54%  val_loss: 0.9328
  Epoch [17/300]  loss: 0.9375  accuracy: 55.32%  val_loss: 0.9624
  Epoch [18/300]  loss: 0.9057  accuracy: 56.63%  val_loss: 0.9228
  Epoch [19/300]  loss: 0.8601  accuracy: 57.77%  val_loss: 0.8913
  Epoch [20/300]  loss: 0.8847  accuracy: 59.86%  val_loss: 0.9364
  Epoch [21/300]  loss: 0.9169  accuracy: 57.42%  val_loss: 0.9321
  Epoch [22/300]  loss: 0.8493  accuracy: 59.34%  val_loss: 0.9055
  Epoch [23/300]  loss: 0.8209  accuracy: 59.16%  val_loss: 0.8879
  Epoch [24/300]  loss: 0.8361  accuracy: 60.82%  val_loss: 0.8805
  Epoch [25/300]  loss: 0.8909  accuracy: 58.90%  val_loss: 0.9228
  Epoch [26/300]  loss: 0.8420  accuracy: 59.86%  val_loss: 0.8978
  Epoch [27/300]  loss: 0.8080  accuracy: 60.91%  val_loss: 0.9458
  Epoch [28/300]  loss: 0.8083  accuracy: 60.91%  val_loss: 0.9086
  Epoch [29/300]  loss: 0.8015  accuracy: 61.95%  val_loss: 0.8863
  Epoch [30/300]  loss: 0.8294  accuracy: 58.64%  val_loss: 0.8903
  Epoch [31/300]  loss: 0.7834  accuracy: 60.99%  val_loss: 0.9098
  Epoch [32/300]  loss: 0.7545  accuracy: 62.13%  val_loss: 0.9266
  Epoch [33/300]  loss: 0.7347  accuracy: 62.30%  val_loss: 0.9180
  Epoch [34/300]  loss: 0.7497  accuracy: 62.74%  val_loss: 0.8708
  Epoch [35/300]  loss: 0.7865  accuracy: 60.99%  val_loss: 0.8646
  Epoch [36/300]  loss: 0.8047  accuracy: 61.26%  val_loss: 0.8572
  Epoch [37/300]  loss: 0.7739  accuracy: 62.13%  val_loss: 0.9082
  Epoch [38/300]  loss: 0.7505  accuracy: 62.91%  val_loss: 0.9356
  Epoch [39/300]  loss: 0.7875  accuracy: 61.95%  val_loss: 0.8226
  Epoch [40/300]  loss: 0.7470  accuracy: 61.34%  val_loss: 0.8678
  Epoch [41/300]  loss: 0.7070  accuracy: 65.18%  val_loss: 0.8711
  Epoch [42/300]  loss: 0.7374  accuracy: 62.39%  val_loss: 0.8691
  Epoch [43/300]  loss: 0.7161  accuracy: 63.00%  val_loss: 0.9011
  Epoch [44/300]  loss: 0.7544  accuracy: 63.79%  val_loss: 0.8454
  Epoch [45/300]  loss: 0.7014  accuracy: 63.79%  val_loss: 0.8716
  Epoch [46/300]  loss: 0.7311  accuracy: 61.43%  val_loss: 0.8854
  Epoch [47/300]  loss: 0.7147  accuracy: 63.53%  val_loss: 0.9108
  Epoch [48/300]  loss: 0.7291  accuracy: 62.30%  val_loss: 0.8927
  Epoch [49/300]  loss: 0.6774  accuracy: 64.49%  val_loss: 0.8891
  Epoch [50/300]  loss: 0.7333  accuracy: 61.52%  val_loss: 0.9163
  Epoch [51/300]  loss: 0.7016  accuracy: 64.05%  val_loss: 0.8582
  Epoch [52/300]  loss: 0.7136  accuracy: 63.09%  val_loss: 0.8586
  Epoch [53/300]  loss: 0.6743  accuracy: 65.88%  val_loss: 0.8798
  Epoch [54/300]  loss: 0.6703  accuracy: 64.31%  val_loss: 0.9290
  Epoch [55/300]  loss: 0.6833  accuracy: 63.44%  val_loss: 0.8858
  Epoch [56/300]  loss: 0.6541  accuracy: 65.71%  val_loss: 0.9024
  Epoch [57/300]  loss: 0.6668  accuracy: 64.22%  val_loss: 0.8495
  Epoch [58/300]  loss: 0.6944  accuracy: 65.45%  val_loss: 0.9343
  Epoch [59/300]  loss: 0.6560  accuracy: 65.45%  val_loss: 0.8426
  Early stopping triggered after 59 epochs (no improvement for 20 epochs).

  Fold 2 result: val_loss: 0.8226  val_accuracy: 66.55%

Fold [3 / 5]
----------------------------------------------------------------------
  Epoch [1/300]  loss: 1.8674  accuracy: 28.97%  val_loss: 1.5293
  Epoch [2/300]  loss: 1.4345  accuracy: 39.79%  val_loss: 1.3342
  Epoch [3/300]  loss: 1.3019  accuracy: 46.95%  val_loss: 1.2420
  Epoch [4/300]  loss: 1.2426  accuracy: 49.21%  val_loss: 1.1397
  Epoch [5/300]  loss: 1.1660  accuracy: 51.48%  val_loss: 1.1330
  Epoch [6/300]  loss: 1.1452  accuracy: 50.87%  val_loss: 1.1195
  Epoch [7/300]  loss: 1.0884  accuracy: 52.79%  val_loss: 1.0738
  Epoch [8/300]  loss: 1.0602  accuracy: 53.66%  val_loss: 1.0692
  Epoch [9/300]  loss: 1.0455  accuracy: 52.44%  val_loss: 1.0429
  Epoch [10/300]  loss: 1.0021  accuracy: 54.45%  val_loss: 0.9934
  Epoch [11/300]  loss: 0.9982  accuracy: 54.19%  val_loss: 1.0461
  Epoch [12/300]  loss: 0.9826  accuracy: 54.97%  val_loss: 0.9721
  Epoch [13/300]  loss: 0.9690  accuracy: 55.15%  val_loss: 0.9851
  Epoch [14/300]  loss: 0.9365  accuracy: 55.76%  val_loss: 0.9582
  Epoch [15/300]  loss: 0.9324  accuracy: 57.16%  val_loss: 0.9650
  Epoch [16/300]  loss: 0.9580  accuracy: 56.63%  val_loss: 0.9285
  Epoch [17/300]  loss: 0.9304  accuracy: 57.94%  val_loss: 0.9817
  Epoch [18/300]  loss: 0.9167  accuracy: 56.89%  val_loss: 0.9411
  Epoch [19/300]  loss: 0.8753  accuracy: 59.25%  val_loss: 0.9985
  Epoch [20/300]  loss: 0.8936  accuracy: 57.68%  val_loss: 1.0391
  Epoch [21/300]  loss: 0.8598  accuracy: 59.86%  val_loss: 1.0244
  Epoch [22/300]  loss: 0.8894  accuracy: 56.98%  val_loss: 1.0091
  Epoch [23/300]  loss: 0.8394  accuracy: 59.60%  val_loss: 0.9167
  Epoch [24/300]  loss: 0.8407  accuracy: 59.60%  val_loss: 0.9093
  Epoch [25/300]  loss: 0.8136  accuracy: 60.47%  val_loss: 1.0000
  Epoch [26/300]  loss: 0.8286  accuracy: 59.95%  val_loss: 0.9488
  Epoch [27/300]  loss: 0.8112  accuracy: 60.21%  val_loss: 1.0576
  Epoch [28/300]  loss: 0.8028  accuracy: 59.25%  val_loss: 0.9334
  Epoch [29/300]  loss: 0.8231  accuracy: 59.77%  val_loss: 0.8952
  Epoch [30/300]  loss: 0.8082  accuracy: 60.73%  val_loss: 0.9035
  Epoch [31/300]  loss: 0.8087  accuracy: 61.87%  val_loss: 0.9188
  Epoch [32/300]  loss: 0.8056  accuracy: 59.95%  val_loss: 0.9301
  Epoch [33/300]  loss: 0.7853  accuracy: 60.38%  val_loss: 1.0174
  Epoch [34/300]  loss: 0.7641  accuracy: 62.30%  val_loss: 0.8929
  Epoch [35/300]  loss: 0.8115  accuracy: 60.03%  val_loss: 0.8414
  Epoch [36/300]  loss: 0.7292  accuracy: 60.47%  val_loss: 0.9382
  Epoch [37/300]  loss: 0.7772  accuracy: 61.69%  val_loss: 0.9477
  Epoch [38/300]  loss: 0.7376  accuracy: 62.65%  val_loss: 0.9515
  Epoch [39/300]  loss: 0.7685  accuracy: 60.99%  val_loss: 0.9437
  Epoch [40/300]  loss: 0.7336  accuracy: 62.65%  val_loss: 0.9992
  Epoch [41/300]  loss: 0.7393  accuracy: 61.52%  val_loss: 1.0001
  Epoch [42/300]  loss: 0.6926  accuracy: 62.04%  val_loss: 0.9230
  Epoch [43/300]  loss: 0.6959  accuracy: 63.87%  val_loss: 0.8737
  Epoch [44/300]  loss: 0.7440  accuracy: 62.30%  val_loss: 1.0892
  Epoch [45/300]  loss: 0.7205  accuracy: 62.91%  val_loss: 0.9770
  Epoch [46/300]  loss: 0.6919  accuracy: 64.14%  val_loss: 1.0088
  Epoch [47/300]  loss: 0.7450  accuracy: 61.26%  val_loss: 1.0883
  Epoch [48/300]  loss: 0.7289  accuracy: 62.04%  val_loss: 0.9516
  Epoch [49/300]  loss: 0.7157  accuracy: 63.44%  val_loss: 1.0954
  Epoch [50/300]  loss: 0.7199  accuracy: 64.40%  val_loss: 1.0276
  Epoch [51/300]  loss: 0.7653  accuracy: 61.52%  val_loss: 1.0390
  Epoch [52/300]  loss: 0.6996  accuracy: 62.48%  val_loss: 0.9125
  Epoch [53/300]  loss: 0.6995  accuracy: 63.26%  val_loss: 0.9004
  Epoch [54/300]  loss: 0.7149  accuracy: 60.99%  val_loss: 0.9986
  Epoch [55/300]  loss: 0.6782  accuracy: 62.65%  val_loss: 0.8809
  Early stopping triggered after 55 epochs (no improvement for 20 epochs).

  Fold 3 result: val_loss: 0.8414  val_accuracy: 64.11%

Fold [4 / 5]
----------------------------------------------------------------------
  Epoch [1/300]  loss: 1.9291  accuracy: 29.38%  val_loss: 1.6137
  Epoch [2/300]  loss: 1.4929  accuracy: 38.10%  val_loss: 1.3718
  Epoch [3/300]  loss: 1.3148  accuracy: 44.29%  val_loss: 1.2743
  Epoch [4/300]  loss: 1.2430  accuracy: 45.07%  val_loss: 1.1917
  Epoch [5/300]  loss: 1.2104  accuracy: 49.87%  val_loss: 1.1639
  Epoch [6/300]  loss: 1.1674  accuracy: 48.39%  val_loss: 1.1357
  Epoch [7/300]  loss: 1.1018  accuracy: 52.66%  val_loss: 1.1039
  Epoch [8/300]  loss: 1.0793  accuracy: 53.79%  val_loss: 1.0500
  Epoch [9/300]  loss: 1.0429  accuracy: 52.92%  val_loss: 1.0627
  Epoch [10/300]  loss: 1.0353  accuracy: 54.14%  val_loss: 1.0351
  Epoch [11/300]  loss: 0.9831  accuracy: 56.50%  val_loss: 0.9685
  Epoch [12/300]  loss: 0.9470  accuracy: 55.19%  val_loss: 0.9803
  Epoch [13/300]  loss: 0.9563  accuracy: 56.76%  val_loss: 0.9844
  Epoch [14/300]  loss: 0.9630  accuracy: 55.19%  val_loss: 0.9600
  Epoch [15/300]  loss: 0.9607  accuracy: 55.45%  val_loss: 0.9440
  Epoch [16/300]  loss: 0.9141  accuracy: 56.93%  val_loss: 0.9165
  Epoch [17/300]  loss: 1.0300  accuracy: 54.66%  val_loss: 0.9569
  Epoch [18/300]  loss: 0.9160  accuracy: 56.84%  val_loss: 0.8736
  Epoch [19/300]  loss: 0.8843  accuracy: 58.24%  val_loss: 0.9993
  Epoch [20/300]  loss: 0.8770  accuracy: 58.67%  val_loss: 0.8957
  Epoch [21/300]  loss: 0.8754  accuracy: 59.46%  val_loss: 0.9196
  Epoch [22/300]  loss: 0.8738  accuracy: 58.50%  val_loss: 0.9243
  Epoch [23/300]  loss: 0.8220  accuracy: 59.37%  val_loss: 0.8880
  Epoch [24/300]  loss: 0.8147  accuracy: 61.29%  val_loss: 0.9498
  Epoch [25/300]  loss: 0.8580  accuracy: 58.41%  val_loss: 0.8777
  Epoch [26/300]  loss: 0.8552  accuracy: 58.85%  val_loss: 0.8997
  Epoch [27/300]  loss: 0.8218  accuracy: 60.07%  val_loss: 0.9422
  Epoch [28/300]  loss: 0.7955  accuracy: 59.11%  val_loss: 0.8774
  Epoch [29/300]  loss: 0.7866  accuracy: 61.38%  val_loss: 0.8493
  Epoch [30/300]  loss: 0.7224  accuracy: 63.91%  val_loss: 0.8747
  Epoch [31/300]  loss: 0.7569  accuracy: 60.94%  val_loss: 0.8933
  Epoch [32/300]  loss: 0.7899  accuracy: 60.85%  val_loss: 0.8959
  Epoch [33/300]  loss: 0.7820  accuracy: 63.91%  val_loss: 0.8973
  Epoch [34/300]  loss: 0.7594  accuracy: 61.90%  val_loss: 0.8566
  Epoch [35/300]  loss: 0.7166  accuracy: 63.12%  val_loss: 0.9212
  Epoch [36/300]  loss: 0.7620  accuracy: 61.55%  val_loss: 0.8596
  Epoch [37/300]  loss: 0.7605  accuracy: 60.77%  val_loss: 0.8375
  Epoch [38/300]  loss: 0.7651  accuracy: 61.03%  val_loss: 0.9053
  Epoch [39/300]  loss: 0.7282  accuracy: 62.86%  val_loss: 0.8870
  Epoch [40/300]  loss: 0.7683  accuracy: 61.55%  val_loss: 0.8565
  Epoch [41/300]  loss: 0.7360  accuracy: 63.47%  val_loss: 0.8676
  Epoch [42/300]  loss: 0.7382  accuracy: 63.03%  val_loss: 0.8615
  Epoch [43/300]  loss: 0.7337  accuracy: 62.25%  val_loss: 0.8119
  Epoch [44/300]  loss: 0.7200  accuracy: 62.95%  val_loss: 0.8995
  Epoch [45/300]  loss: 0.7121  accuracy: 64.25%  val_loss: 0.8795
  Epoch [46/300]  loss: 0.6930  accuracy: 62.16%  val_loss: 0.8612
  Epoch [47/300]  loss: 0.7016  accuracy: 63.64%  val_loss: 0.8457
  Epoch [48/300]  loss: 0.6803  accuracy: 64.25%  val_loss: 0.8563
  Epoch [49/300]  loss: 0.7113  accuracy: 66.00%  val_loss: 0.8641
  Epoch [50/300]  loss: 0.7291  accuracy: 65.21%  val_loss: 0.8356
  Epoch [51/300]  loss: 0.7129  accuracy: 64.60%  val_loss: 0.8209
  Epoch [52/300]  loss: 0.6902  accuracy: 64.78%  val_loss: 0.8899
  Epoch [53/300]  loss: 0.7016  accuracy: 63.56%  val_loss: 0.9130
  Epoch [54/300]  loss: 0.6482  accuracy: 64.69%  val_loss: 0.8585
  Epoch [55/300]  loss: 0.6544  accuracy: 66.09%  val_loss: 0.8088
  Epoch [56/300]  loss: 0.7073  accuracy: 64.25%  val_loss: 0.8624
  Epoch [57/300]  loss: 0.7086  accuracy: 64.60%  val_loss: 0.8172
  Epoch [58/300]  loss: 0.6716  accuracy: 64.78%  val_loss: 0.8535
  Epoch [59/300]  loss: 0.6774  accuracy: 63.12%  val_loss: 0.8963
  Epoch [60/300]  loss: 0.6711  accuracy: 66.00%  val_loss: 0.8356
  Epoch [61/300]  loss: 0.6577  accuracy: 63.47%  val_loss: 0.8346
  Epoch [62/300]  loss: 0.6186  accuracy: 66.26%  val_loss: 0.8944
  Epoch [63/300]  loss: 0.6419  accuracy: 65.48%  val_loss: 0.8996
  Epoch [64/300]  loss: 0.6388  accuracy: 66.52%  val_loss: 0.8290
  Epoch [65/300]  loss: 0.6716  accuracy: 64.69%  val_loss: 0.8242
  Epoch [66/300]  loss: 0.6195  accuracy: 68.27%  val_loss: 0.8495
  Epoch [67/300]  loss: 0.6286  accuracy: 64.95%  val_loss: 0.8860
  Epoch [68/300]  loss: 0.6736  accuracy: 66.87%  val_loss: 0.8301
  Epoch [69/300]  loss: 0.5998  accuracy: 67.48%  val_loss: 0.8134
  Epoch [70/300]  loss: 0.6162  accuracy: 65.13%  val_loss: 0.8789
  Epoch [71/300]  loss: 0.6579  accuracy: 65.48%  val_loss: 0.8595
  Epoch [72/300]  loss: 0.6180  accuracy: 65.48%  val_loss: 0.8843
  Epoch [73/300]  loss: 0.6051  accuracy: 67.31%  val_loss: 0.9633
  Epoch [74/300]  loss: 0.6192  accuracy: 67.74%  val_loss: 0.8637
  Epoch [75/300]  loss: 0.5950  accuracy: 65.30%  val_loss: 0.8950
  Early stopping triggered after 75 epochs (no improvement for 20 epochs).

  Fold 4 result: val_loss: 0.8088  val_accuracy: 62.24%

Fold [5 / 5]
----------------------------------------------------------------------
  Epoch [1/300]  loss: 1.8861  accuracy: 28.20%  val_loss: 1.4551
  Epoch [2/300]  loss: 1.4061  accuracy: 39.34%  val_loss: 1.2789
  Epoch [3/300]  loss: 1.2984  accuracy: 44.30%  val_loss: 1.2259
  Epoch [4/300]  loss: 1.2377  accuracy: 47.52%  val_loss: 1.1271
  Epoch [5/300]  loss: 1.1876  accuracy: 48.74%  val_loss: 1.0855
  Epoch [6/300]  loss: 1.1813  accuracy: 51.52%  val_loss: 1.0491
  Epoch [7/300]  loss: 1.1200  accuracy: 52.83%  val_loss: 0.9993
  Epoch [8/300]  loss: 1.0995  accuracy: 52.13%  val_loss: 1.0333
  Epoch [9/300]  loss: 1.0511  accuracy: 54.13%  val_loss: 0.9325
  Epoch [10/300]  loss: 1.0448  accuracy: 55.44%  val_loss: 0.9049
  Epoch [11/300]  loss: 1.0361  accuracy: 54.57%  val_loss: 0.9693
  Epoch [12/300]  loss: 0.9667  accuracy: 56.05%  val_loss: 0.9263
  Epoch [13/300]  loss: 0.9731  accuracy: 56.48%  val_loss: 0.9220
  Epoch [14/300]  loss: 0.9686  accuracy: 56.48%  val_loss: 0.9252
  Epoch [15/300]  loss: 0.9043  accuracy: 58.49%  val_loss: 0.9038
  Epoch [16/300]  loss: 0.9102  accuracy: 57.44%  val_loss: 0.9512
  Epoch [17/300]  loss: 0.9211  accuracy: 58.57%  val_loss: 0.9169
  Epoch [18/300]  loss: 0.8978  accuracy: 57.96%  val_loss: 0.8157
  Epoch [19/300]  loss: 0.8802  accuracy: 56.48%  val_loss: 0.8951
  Epoch [20/300]  loss: 0.8835  accuracy: 59.27%  val_loss: 0.8324
  Epoch [21/300]  loss: 0.8759  accuracy: 58.49%  val_loss: 0.8434
  Epoch [22/300]  loss: 0.9164  accuracy: 57.88%  val_loss: 0.8987
  Epoch [23/300]  loss: 0.8751  accuracy: 58.22%  val_loss: 0.8153
  Epoch [24/300]  loss: 0.8475  accuracy: 57.96%  val_loss: 0.8662
  Epoch [25/300]  loss: 0.8424  accuracy: 58.66%  val_loss: 0.8424
  Epoch [26/300]  loss: 0.8715  accuracy: 59.36%  val_loss: 0.8720
  Epoch [27/300]  loss: 0.8261  accuracy: 61.01%  val_loss: 0.7996
  Epoch [28/300]  loss: 0.8323  accuracy: 60.92%  val_loss: 0.8091
  Epoch [29/300]  loss: 0.7920  accuracy: 61.71%  val_loss: 0.7683
  Epoch [30/300]  loss: 0.8407  accuracy: 59.27%  val_loss: 0.8053
  Epoch [31/300]  loss: 0.8429  accuracy: 60.92%  val_loss: 0.8409
  Epoch [32/300]  loss: 0.8346  accuracy: 60.31%  val_loss: 0.7992
  Epoch [33/300]  loss: 0.8227  accuracy: 61.18%  val_loss: 0.8411
  Epoch [34/300]  loss: 0.8090  accuracy: 61.10%  val_loss: 0.7548
  Epoch [35/300]  loss: 0.7698  accuracy: 60.66%  val_loss: 0.7716
  Epoch [36/300]  loss: 0.7452  accuracy: 62.58%  val_loss: 0.7841
  Epoch [37/300]  loss: 0.8069  accuracy: 62.32%  val_loss: 0.7907
  Epoch [38/300]  loss: 0.8029  accuracy: 59.53%  val_loss: 0.7969
  Epoch [39/300]  loss: 0.7652  accuracy: 61.53%  val_loss: 0.7991
  Epoch [40/300]  loss: 0.7893  accuracy: 61.88%  val_loss: 0.8090
  Epoch [41/300]  loss: 0.7724  accuracy: 61.44%  val_loss: 0.7815
  Epoch [42/300]  loss: 0.7701  accuracy: 61.53%  val_loss: 0.7816
  Epoch [43/300]  loss: 0.7483  accuracy: 61.88%  val_loss: 0.7623
  Epoch [44/300]  loss: 0.7530  accuracy: 62.23%  val_loss: 0.7718
  Epoch [45/300]  loss: 0.7825  accuracy: 61.01%  val_loss: 0.8408
  Epoch [46/300]  loss: 0.7369  accuracy: 63.45%  val_loss: 0.7939
  Epoch [47/300]  loss: 0.7215  accuracy: 61.88%  val_loss: 0.7871
  Epoch [48/300]  loss: 0.7659  accuracy: 62.66%  val_loss: 0.8122
  Epoch [49/300]  loss: 0.7366  accuracy: 62.84%  val_loss: 0.8087
  Epoch [50/300]  loss: 0.7050  accuracy: 65.19%  val_loss: 0.9140
  Epoch [51/300]  loss: 0.6897  accuracy: 64.40%  val_loss: 0.7888
  Epoch [52/300]  loss: 0.7362  accuracy: 62.84%  val_loss: 0.7958
  Epoch [53/300]  loss: 0.7176  accuracy: 62.58%  val_loss: 0.7543
  Epoch [54/300]  loss: 0.7162  accuracy: 63.01%  val_loss: 0.8391
  Epoch [55/300]  loss: 0.7031  accuracy: 63.53%  val_loss: 0.7818
  Epoch [56/300]  loss: 0.6822  accuracy: 65.19%  val_loss: 0.8045
  Epoch [57/300]  loss: 0.7210  accuracy: 64.14%  val_loss: 0.7934
  Epoch [58/300]  loss: 0.7049  accuracy: 63.45%  val_loss: 0.7556
  Epoch [59/300]  loss: 0.6850  accuracy: 63.97%  val_loss: 0.8158
  Epoch [60/300]  loss: 0.7065  accuracy: 64.06%  val_loss: 0.8157
  Epoch [61/300]  loss: 0.7039  accuracy: 64.32%  val_loss: 0.8190
  Epoch [62/300]  loss: 0.6608  accuracy: 66.32%  val_loss: 0.7727
  Epoch [63/300]  loss: 0.6470  accuracy: 65.45%  val_loss: 0.7661
  Epoch [64/300]  loss: 0.6732  accuracy: 65.62%  val_loss: 0.7666
  Epoch [65/300]  loss: 0.6893  accuracy: 64.14%  val_loss: 0.8097
  Epoch [66/300]  loss: 0.6615  accuracy: 63.97%  val_loss: 0.7963
  Epoch [67/300]  loss: 0.6607  accuracy: 64.40%  val_loss: 0.7673
  Epoch [68/300]  loss: 0.6440  accuracy: 66.58%  val_loss: 0.7522
  Epoch [69/300]  loss: 0.6417  accuracy: 64.84%  val_loss: 0.7122
  Epoch [70/300]  loss: 0.6402  accuracy: 66.49%  val_loss: 0.7489
  Epoch [71/300]  loss: 0.6685  accuracy: 64.06%  val_loss: 0.7556
  Epoch [72/300]  loss: 0.6857  accuracy: 63.45%  val_loss: 0.7252
  Epoch [73/300]  loss: 0.6590  accuracy: 65.45%  val_loss: 0.7419
  Epoch [74/300]  loss: 0.6526  accuracy: 66.41%  val_loss: 0.7979
  Epoch [75/300]  loss: 0.6442  accuracy: 66.14%  val_loss: 0.8029
  Epoch [76/300]  loss: 0.6292  accuracy: 66.06%  val_loss: 0.7654
  Epoch [77/300]  loss: 0.6649  accuracy: 65.19%  val_loss: 0.7569
  Epoch [78/300]  loss: 0.6559  accuracy: 64.84%  val_loss: 0.7464
  Epoch [79/300]  loss: 0.6111  accuracy: 65.45%  val_loss: 0.7210
  Epoch [80/300]  loss: 0.6541  accuracy: 66.06%  val_loss: 0.7722
  Epoch [81/300]  loss: 0.6150  accuracy: 66.84%  val_loss: 0.7931
  Epoch [82/300]  loss: 0.5901  accuracy: 67.54%  val_loss: 0.8240
  Epoch [83/300]  loss: 0.6261  accuracy: 66.75%  val_loss: 0.7360
  Epoch [84/300]  loss: 0.6018  accuracy: 69.19%  val_loss: 0.7615
  Epoch [85/300]  loss: 0.5761  accuracy: 69.10%  val_loss: 0.7674
  Epoch [86/300]  loss: 0.5967  accuracy: 68.41%  val_loss: 0.7472
  Epoch [87/300]  loss: 0.6042  accuracy: 67.97%  val_loss: 0.8058
  Epoch [88/300]  loss: 0.6273  accuracy: 66.58%  val_loss: 0.7153
  Epoch [89/300]  loss: 0.6438  accuracy: 65.36%  val_loss: 0.8191
  Early stopping triggered after 89 epochs (no improvement for 20 epochs).

  Fold 5 result: val_loss: 0.7122  val_accuracy: 63.38%

======================================================================
Cross-Validation Summary
======================================================================
    Fold      Val Loss      Val Accuracy
  ----------------------------------------
       1        0.8214            65.40%
       2        0.8226            66.55%
       3        0.8414            64.11%
       4        0.8088            62.24%
       5        0.7122            63.38%
  ----------------------------------------
    Mean        0.8013 ± 0.0512        64.34% ± 1.69%
======================================================================

Training final model on the full train+val pool...
----------------------------------------------------------------------
  Epoch [1/300]  loss: 1.8453  accuracy: 29.45%
  Epoch [2/300]  loss: 1.4284  accuracy: 41.38%
  Epoch [3/300]  loss: 1.2520  accuracy: 47.24%
  Epoch [4/300]  loss: 1.1865  accuracy: 50.59%
  Epoch [5/300]  loss: 1.2057  accuracy: 50.52%
  Epoch [6/300]  loss: 1.0896  accuracy: 52.76%
  Epoch [7/300]  loss: 1.1009  accuracy: 52.48%
  Epoch [8/300]  loss: 1.0541  accuracy: 53.52%
  Epoch [9/300]  loss: 0.9951  accuracy: 55.48%
  Epoch [10/300]  loss: 0.9912  accuracy: 55.55%
  Epoch [11/300]  loss: 0.9884  accuracy: 55.97%
  Epoch [12/300]  loss: 0.9832  accuracy: 55.69%
  Epoch [13/300]  loss: 0.9332  accuracy: 56.59%
  Epoch [14/300]  loss: 0.9529  accuracy: 57.36%
  Epoch [15/300]  loss: 0.9016  accuracy: 57.22%
  Epoch [16/300]  loss: 0.9159  accuracy: 57.29%
  Epoch [17/300]  loss: 0.9058  accuracy: 59.04%
  Epoch [18/300]  loss: 0.8742  accuracy: 59.04%
  Epoch [19/300]  loss: 0.8865  accuracy: 58.83%
  Epoch [20/300]  loss: 0.8905  accuracy: 57.92%
  Epoch [21/300]  loss: 0.8377  accuracy: 60.01%
  Epoch [22/300]  loss: 0.8719  accuracy: 58.41%
  Epoch [23/300]  loss: 0.8509  accuracy: 58.34%
  Epoch [24/300]  loss: 0.8300  accuracy: 60.22%
  Epoch [25/300]  loss: 0.8372  accuracy: 59.39%
  Epoch [26/300]  loss: 0.8034  accuracy: 60.50%
  Epoch [27/300]  loss: 0.8224  accuracy: 59.60%
  Epoch [28/300]  loss: 0.8212  accuracy: 60.36%
  Epoch [29/300]  loss: 0.7778  accuracy: 61.06%
  Epoch [30/300]  loss: 0.8039  accuracy: 60.99%
  Epoch [31/300]  loss: 0.8274  accuracy: 60.36%
  Epoch [32/300]  loss: 0.7881  accuracy: 61.13%
  Epoch [33/300]  loss: 0.7748  accuracy: 61.48%
  Epoch [34/300]  loss: 0.7771  accuracy: 60.50%
  Epoch [35/300]  loss: 0.7883  accuracy: 62.53%
  Epoch [36/300]  loss: 0.7667  accuracy: 60.36%
  Epoch [37/300]  loss: 0.7501  accuracy: 62.11%
  Epoch [38/300]  loss: 0.7413  accuracy: 62.46%
  Epoch [39/300]  loss: 0.7264  accuracy: 63.78%
  Epoch [40/300]  loss: 0.7509  accuracy: 61.76%
  Epoch [41/300]  loss: 0.7365  accuracy: 61.97%
  Epoch [42/300]  loss: 0.7107  accuracy: 64.69%
  Epoch [43/300]  loss: 0.7413  accuracy: 61.76%
  Epoch [44/300]  loss: 0.7247  accuracy: 61.62%
  Epoch [45/300]  loss: 0.7354  accuracy: 62.18%
  Epoch [46/300]  loss: 0.7346  accuracy: 62.32%
  Epoch [47/300]  loss: 0.7088  accuracy: 64.34%
  Epoch [48/300]  loss: 0.7186  accuracy: 64.76%
  Epoch [49/300]  loss: 0.6842  accuracy: 63.08%
  Epoch [50/300]  loss: 0.7004  accuracy: 64.06%
  Epoch [51/300]  loss: 0.7186  accuracy: 64.34%
  Epoch [52/300]  loss: 0.6820  accuracy: 63.85%
  Epoch [53/300]  loss: 0.6543  accuracy: 65.67%
  Epoch [54/300]  loss: 0.7025  accuracy: 63.92%
  Epoch [55/300]  loss: 0.6593  accuracy: 66.78%
  Epoch [56/300]  loss: 0.6516  accuracy: 65.18%
  Epoch [57/300]  loss: 0.6939  accuracy: 63.78%
  Epoch [58/300]  loss: 0.6844  accuracy: 63.78%
  Epoch [59/300]  loss: 0.6332  accuracy: 64.76%
  Epoch [60/300]  loss: 0.6577  accuracy: 64.90%
  Epoch [61/300]  loss: 0.6743  accuracy: 64.13%
  Epoch [62/300]  loss: 0.6612  accuracy: 63.50%
  Epoch [63/300]  loss: 0.6579  accuracy: 65.04%
  Epoch [64/300]  loss: 0.6678  accuracy: 64.13%
  Epoch [65/300]  loss: 0.6213  accuracy: 66.92%
  Epoch [66/300]  loss: 0.6302  accuracy: 65.95%
  Epoch [67/300]  loss: 0.6771  accuracy: 65.81%
  Epoch [68/300]  loss: 0.6400  accuracy: 65.39%
  Epoch [69/300]  loss: 0.6529  accuracy: 66.64%
  Epoch [70/300]  loss: 0.6600  accuracy: 64.55%
  Epoch [71/300]  loss: 0.6375  accuracy: 65.39%
  Epoch [72/300]  loss: 0.6410  accuracy: 65.46%
  Epoch [73/300]  loss: 0.6107  accuracy: 67.90%
  Epoch [74/300]  loss: 0.6311  accuracy: 64.41%
  Epoch [75/300]  loss: 0.6376  accuracy: 65.53%
  Epoch [76/300]  loss: 0.6355  accuracy: 66.99%
  Epoch [77/300]  loss: 0.6235  accuracy: 65.95%
  Epoch [78/300]  loss: 0.6070  accuracy: 65.74%
  Epoch [79/300]  loss: 0.5768  accuracy: 66.36%
  Epoch [80/300]  loss: 0.6216  accuracy: 66.85%
  Epoch [81/300]  loss: 0.6101  accuracy: 67.62%
  Epoch [82/300]  loss: 0.6051  accuracy: 67.41%
  Epoch [83/300]  loss: 0.6096  accuracy: 66.71%
  Epoch [84/300]  loss: 0.6225  accuracy: 65.95%
  Epoch [85/300]  loss: 0.6026  accuracy: 65.60%
  Epoch [86/300]  loss: 0.6041  accuracy: 65.46%
  Epoch [87/300]  loss: 0.5722  accuracy: 66.71%
  Epoch [88/300]  loss: 0.5863  accuracy: 67.55%
  Epoch [89/300]  loss: 0.5580  accuracy: 67.69%
  Epoch [90/300]  loss: 0.5734  accuracy: 68.39%
  Epoch [91/300]  loss: 0.5833  accuracy: 66.85%
  Epoch [92/300]  loss: 0.5803  accuracy: 68.60%
  Epoch [93/300]  loss: 0.5413  accuracy: 68.53%
  Epoch [94/300]  loss: 0.5753  accuracy: 67.13%
  Epoch [95/300]  loss: 0.5895  accuracy: 66.29%
  Epoch [96/300]  loss: 0.5735  accuracy: 69.16%
  Epoch [97/300]  loss: 0.5644  accuracy: 67.83%
  Epoch [98/300]  loss: 0.5846  accuracy: 66.78%
  Epoch [99/300]  loss: 0.5848  accuracy: 68.32%
  Epoch [100/300]  loss: 0.5456  accuracy: 69.09%
  Epoch [101/300]  loss: 0.5569  accuracy: 67.90%
  Epoch [102/300]  loss: 0.5661  accuracy: 68.46%
  Epoch [103/300]  loss: 0.5660  accuracy: 66.85%
  Epoch [104/300]  loss: 0.5628  accuracy: 69.02%
  Epoch [105/300]  loss: 0.5530  accuracy: 70.13%
  Epoch [106/300]  loss: 0.5546  accuracy: 68.39%
  Epoch [107/300]  loss: 0.6022  accuracy: 67.41%
  Epoch [108/300]  loss: 0.5622  accuracy: 68.60%
  Epoch [109/300]  loss: 0.5396  accuracy: 69.43%
  Epoch [110/300]  loss: 0.5607  accuracy: 68.67%
  Epoch [111/300]  loss: 0.5558  accuracy: 67.62%
  Epoch [112/300]  loss: 0.5145  accuracy: 69.78%
  Epoch [113/300]  loss: 0.5567  accuracy: 69.09%
  Epoch [114/300]  loss: 0.5323  accuracy: 70.06%
  Epoch [115/300]  loss: 0.5359  accuracy: 69.92%
  Epoch [116/300]  loss: 0.5352  accuracy: 69.30%
  Epoch [117/300]  loss: 0.5619  accuracy: 68.81%
  Epoch [118/300]  loss: 0.5414  accuracy: 68.53%
  Epoch [119/300]  loss: 0.5480  accuracy: 67.69%
  Epoch [120/300]  loss: 0.5258  accuracy: 69.23%
  Epoch [121/300]  loss: 0.5676  accuracy: 67.83%
  Epoch [122/300]  loss: 0.4997  accuracy: 69.50%
  Epoch [123/300]  loss: 0.5296  accuracy: 69.02%
  Epoch [124/300]  loss: 0.5552  accuracy: 67.55%
  Epoch [125/300]  loss: 0.5511  accuracy: 67.76%
  Epoch [126/300]  loss: 0.5404  accuracy: 68.53%
  Epoch [127/300]  loss: 0.5100  accuracy: 70.41%
  Epoch [128/300]  loss: 0.5311  accuracy: 68.74%
  Epoch [129/300]  loss: 0.5241  accuracy: 69.64%
  Epoch [130/300]  loss: 0.5081  accuracy: 70.97%
  Epoch [131/300]  loss: 0.5060  accuracy: 70.55%
  Epoch [132/300]  loss: 0.5355  accuracy: 70.55%
  Epoch [133/300]  loss: 0.5084  accuracy: 69.99%
  Epoch [134/300]  loss: 0.5381  accuracy: 69.36%
  Epoch [135/300]  loss: 0.4915  accuracy: 70.41%
  Epoch [136/300]  loss: 0.4954  accuracy: 70.97%
  Epoch [137/300]  loss: 0.5006  accuracy: 70.20%
  Epoch [138/300]  loss: 0.4901  accuracy: 69.78%
  Epoch [139/300]  loss: 0.5252  accuracy: 70.34%
  Epoch [140/300]  loss: 0.4975  accuracy: 70.48%
  Epoch [141/300]  loss: 0.4905  accuracy: 70.48%
  Epoch [142/300]  loss: 0.5020  accuracy: 70.06%
  Epoch [143/300]  loss: 0.5009  accuracy: 69.16%
  Epoch [144/300]  loss: 0.4904  accuracy: 71.04%
  Epoch [145/300]  loss: 0.4951  accuracy: 71.18%
  Epoch [146/300]  loss: 0.5335  accuracy: 68.67%
  Epoch [147/300]  loss: 0.5351  accuracy: 70.27%
  Epoch [148/300]  loss: 0.4812  accuracy: 71.81%
  Epoch [149/300]  loss: 0.4876  accuracy: 71.88%
  Epoch [150/300]  loss: 0.5051  accuracy: 70.69%
  Epoch [151/300]  loss: 0.5148  accuracy: 69.85%
  Epoch [152/300]  loss: 0.5161  accuracy: 70.55%
  Epoch [153/300]  loss: 0.5006  accuracy: 70.83%
  Epoch [154/300]  loss: 0.4891  accuracy: 70.55%
  Epoch [155/300]  loss: 0.4845  accuracy: 71.18%
  Epoch [156/300]  loss: 0.4747  accuracy: 71.53%
  Epoch [157/300]  loss: 0.4567  accuracy: 72.23%
  Epoch [158/300]  loss: 0.4803  accuracy: 72.23%
  Epoch [159/300]  loss: 0.5001  accuracy: 71.53%
  Epoch [160/300]  loss: 0.4820  accuracy: 71.46%
  Epoch [161/300]  loss: 0.4908  accuracy: 71.81%
  Epoch [162/300]  loss: 0.4967  accuracy: 71.39%
  Epoch [163/300]  loss: 0.4649  accuracy: 71.60%
  Epoch [164/300]  loss: 0.4772  accuracy: 72.09%
  Epoch [165/300]  loss: 0.4573  accuracy: 72.09%
  Epoch [166/300]  loss: 0.4906  accuracy: 73.27%
  Epoch [167/300]  loss: 0.4622  accuracy: 71.74%
  Epoch [168/300]  loss: 0.4870  accuracy: 71.25%
  Epoch [169/300]  loss: 0.4958  accuracy: 71.11%
  Epoch [170/300]  loss: 0.4671  accuracy: 72.37%
  Epoch [171/300]  loss: 0.4865  accuracy: 72.09%
  Epoch [172/300]  loss: 0.4386  accuracy: 72.58%
  Epoch [173/300]  loss: 0.4489  accuracy: 72.85%
  Epoch [174/300]  loss: 0.4855  accuracy: 72.30%
  Epoch [175/300]  loss: 0.4549  accuracy: 73.55%
  Epoch [176/300]  loss: 0.4557  accuracy: 72.44%
  Epoch [177/300]  loss: 0.4778  accuracy: 71.39%
  Epoch [178/300]  loss: 0.4710  accuracy: 71.67%
  Epoch [179/300]  loss: 0.4733  accuracy: 71.18%
  Epoch [180/300]  loss: 0.4763  accuracy: 72.58%
  Epoch [181/300]  loss: 0.4655  accuracy: 72.85%
  Epoch [182/300]  loss: 0.4722  accuracy: 71.53%
  Epoch [183/300]  loss: 0.4553  accuracy: 72.44%
  Epoch [184/300]  loss: 0.4570  accuracy: 72.51%
  Epoch [185/300]  loss: 0.4490  accuracy: 73.34%
  Epoch [186/300]  loss: 0.4733  accuracy: 73.48%
  Epoch [187/300]  loss: 0.4574  accuracy: 74.25%
  Epoch [188/300]  loss: 0.4557  accuracy: 73.06%
  Epoch [189/300]  loss: 0.4620  accuracy: 73.34%
  Epoch [190/300]  loss: 0.4235  accuracy: 74.04%
  Epoch [191/300]  loss: 0.4722  accuracy: 72.23%
  Epoch [192/300]  loss: 0.4282  accuracy: 73.13%
  Epoch [193/300]  loss: 0.4495  accuracy: 72.92%
  Epoch [194/300]  loss: 0.4270  accuracy: 73.13%
  Epoch [195/300]  loss: 0.4716  accuracy: 73.06%
  Epoch [196/300]  loss: 0.4455  accuracy: 72.64%
  Epoch [197/300]  loss: 0.4452  accuracy: 73.90%
  Epoch [198/300]  loss: 0.4227  accuracy: 73.62%
  Epoch [199/300]  loss: 0.4364  accuracy: 73.20%
  Epoch [200/300]  loss: 0.4381  accuracy: 74.04%
  Epoch [201/300]  loss: 0.4515  accuracy: 73.62%
  Epoch [202/300]  loss: 0.4420  accuracy: 73.90%
  Epoch [203/300]  loss: 0.4257  accuracy: 74.18%
  Epoch [204/300]  loss: 0.4357  accuracy: 74.32%
  Epoch [205/300]  loss: 0.4894  accuracy: 71.88%
  Epoch [206/300]  loss: 0.4050  accuracy: 75.30%
  Epoch [207/300]  loss: 0.4318  accuracy: 74.25%
  Epoch [208/300]  loss: 0.4563  accuracy: 73.55%
  Epoch [209/300]  loss: 0.4437  accuracy: 72.99%
  Epoch [210/300]  loss: 0.4383  accuracy: 72.71%
  Epoch [211/300]  loss: 0.4302  accuracy: 73.97%
  Epoch [212/300]  loss: 0.4108  accuracy: 75.44%
  Epoch [213/300]  loss: 0.4388  accuracy: 73.69%
  Epoch [214/300]  loss: 0.4370  accuracy: 73.62%
  Epoch [215/300]  loss: 0.4396  accuracy: 74.32%
  Epoch [216/300]  loss: 0.3987  accuracy: 75.16%
  Epoch [217/300]  loss: 0.4019  accuracy: 74.46%
  Epoch [218/300]  loss: 0.4474  accuracy: 73.06%
  Epoch [219/300]  loss: 0.4185  accuracy: 73.90%
  Epoch [220/300]  loss: 0.4396  accuracy: 75.16%
  Epoch [221/300]  loss: 0.4006  accuracy: 75.51%
  Epoch [222/300]  loss: 0.3941  accuracy: 76.27%
  Epoch [223/300]  loss: 0.4210  accuracy: 75.37%
  Epoch [224/300]  loss: 0.4211  accuracy: 74.18%
  Epoch [225/300]  loss: 0.4293  accuracy: 73.13%
  Epoch [226/300]  loss: 0.4362  accuracy: 74.25%
  Epoch [227/300]  loss: 0.3983  accuracy: 75.72%
  Epoch [228/300]  loss: 0.4081  accuracy: 76.20%
  Epoch [229/300]  loss: 0.4014  accuracy: 75.37%
  Epoch [230/300]  loss: 0.4103  accuracy: 74.74%
  Epoch [231/300]  loss: 0.3981  accuracy: 76.06%
  Epoch [232/300]  loss: 0.4097  accuracy: 75.79%
  Epoch [233/300]  loss: 0.4211  accuracy: 75.99%
  Epoch [234/300]  loss: 0.4189  accuracy: 75.99%
  Epoch [235/300]  loss: 0.4202  accuracy: 75.09%
  Epoch [236/300]  loss: 0.4226  accuracy: 74.46%
  Epoch [237/300]  loss: 0.4094  accuracy: 75.02%
  Epoch [238/300]  loss: 0.4202  accuracy: 76.69%
  Epoch [239/300]  loss: 0.4033  accuracy: 74.67%
  Epoch [240/300]  loss: 0.4264  accuracy: 74.11%
  Epoch [241/300]  loss: 0.4426  accuracy: 73.76%
  Epoch [242/300]  loss: 0.3988  accuracy: 76.55%
  Epoch [243/300]  loss: 0.4117  accuracy: 75.16%
  Epoch [244/300]  loss: 0.4023  accuracy: 77.25%
  Epoch [245/300]  loss: 0.4389  accuracy: 73.69%
  Epoch [246/300]  loss: 0.3808  accuracy: 76.27%
  Epoch [247/300]  loss: 0.3841  accuracy: 76.48%
  Epoch [248/300]  loss: 0.3724  accuracy: 77.04%
  Epoch [249/300]  loss: 0.4039  accuracy: 75.37%
  Epoch [250/300]  loss: 0.4088  accuracy: 75.65%
  Epoch [251/300]  loss: 0.3904  accuracy: 77.46%
  Epoch [252/300]  loss: 0.4403  accuracy: 74.67%
  Epoch [253/300]  loss: 0.3981  accuracy: 76.83%
  Epoch [254/300]  loss: 0.3830  accuracy: 75.58%
  Epoch [255/300]  loss: 0.3577  accuracy: 78.51%
  Epoch [256/300]  loss: 0.3924  accuracy: 76.69%
  Epoch [257/300]  loss: 0.4015  accuracy: 76.20%
  Epoch [258/300]  loss: 0.3883  accuracy: 76.90%
  Epoch [259/300]  loss: 0.4302  accuracy: 74.95%
  Epoch [260/300]  loss: 0.3897  accuracy: 76.69%
  Epoch [261/300]  loss: 0.3969  accuracy: 75.92%
  Epoch [262/300]  loss: 0.3816  accuracy: 77.25%
  Epoch [263/300]  loss: 0.3880  accuracy: 76.27%
  Epoch [264/300]  loss: 0.3832  accuracy: 77.53%
  Epoch [265/300]  loss: 0.3845  accuracy: 76.97%
  Epoch [266/300]  loss: 0.3784  accuracy: 77.74%
  Epoch [267/300]  loss: 0.4002  accuracy: 75.37%
  Epoch [268/300]  loss: 0.3739  accuracy: 76.90%
  Epoch [269/300]  loss: 0.3779  accuracy: 76.55%
  Epoch [270/300]  loss: 0.3740  accuracy: 76.83%
  Epoch [271/300]  loss: 0.4036  accuracy: 76.97%
  Epoch [272/300]  loss: 0.3962  accuracy: 77.53%
  Epoch [273/300]  loss: 0.4200  accuracy: 75.85%
  Epoch [274/300]  loss: 0.3769  accuracy: 77.60%
  Epoch [275/300]  loss: 0.3907  accuracy: 77.32%
  Epoch [276/300]  loss: 0.3779  accuracy: 77.32%
  Epoch [277/300]  loss: 0.3950  accuracy: 75.30%
  Epoch [278/300]  loss: 0.4114  accuracy: 77.39%
  Epoch [279/300]  loss: 0.3824  accuracy: 77.39%
  Epoch [280/300]  loss: 0.3871  accuracy: 77.95%
  Epoch [281/300]  loss: 0.3998  accuracy: 76.69%
  Epoch [282/300]  loss: 0.3645  accuracy: 77.39%
  Epoch [283/300]  loss: 0.3640  accuracy: 78.37%
  Epoch [284/300]  loss: 0.3894  accuracy: 77.95%
  Epoch [285/300]  loss: 0.3579  accuracy: 77.67%
  Epoch [286/300]  loss: 0.4016  accuracy: 76.69%
  Epoch [287/300]  loss: 0.3916  accuracy: 77.25%
  Epoch [288/300]  loss: 0.3651  accuracy: 77.67%
  Epoch [289/300]  loss: 0.3458  accuracy: 77.53%
  Epoch [290/300]  loss: 0.3649  accuracy: 79.20%
  Epoch [291/300]  loss: 0.3684  accuracy: 77.32%
  Epoch [292/300]  loss: 0.3758  accuracy: 77.88%
  Epoch [293/300]  loss: 0.3633  accuracy: 77.04%
  Epoch [294/300]  loss: 0.3506  accuracy: 78.09%
  Epoch [295/300]  loss: 0.3894  accuracy: 77.67%
  Epoch [296/300]  loss: 0.3952  accuracy: 77.39%
  Epoch [297/300]  loss: 0.3665  accuracy: 76.62%
  Epoch [298/300]  loss: 0.3725  accuracy: 77.46%
  Epoch [299/300]  loss: 0.3738  accuracy: 78.51%
  Epoch [300/300]  loss: 0.3848  accuracy: 77.39%

======================================================================
Testing
======================================================================
  Test accuracy: 61.30%

  Class                      Samples  Precision   Recall       F1
  ---------------------------------------------------------------
  Cabernet Sauvignon             29     0.3684   0.2414   0.2917
  Chardonnay                     32     0.5000   0.1250   0.2000
  Malbec                         24     0.3824   0.5417   0.4483
  Pinot Noir                     23     0.5000   0.4348   0.4651
  Sauvignon blanc                31     0.3750   0.6774   0.4828
  orange wine                    33     0.7250   0.8788   0.7945
  rose wine                      89     0.9048   0.8539   0.8786

  Checkpoint saved to results/v9/checkpoint.pth
  Results saved to results/v9/results.json
